pretrained init: loaded 831 tensors (1.75M params, 102% of model, 5 attn-bias interpolated), skipped 19
  skipped by category: {'attn_bias': 5, 'head': 14}

=== [CViT-CPG] TASK 1/50: p00_crab_telephone ===
after task 1: p00_cr=84.0
cumulative: avg acc 84.00%  storage 7.13 MB  free weights 0.6002

=== [CViT-CPG] TASK 2/50: p01_baby_otter ===
after task 2: p00_cr=84.0  p01_ba=88.0
cumulative: avg acc 86.00%  storage 7.62 MB  free weights 0.3706

=== [CViT-CPG] TASK 3/50: p02_skunk_turtle ===
after task 3: p00_cr=84.0  p01_ba=88.0  p02_sk=56.5
cumulative: avg acc 76.17%  storage 7.89 MB  free weights 0.2411

=== [CViT-CPG] TASK 4/50: p03_can_shark ===
after task 4: p00_cr=84.0  p01_ba=88.0  p02_sk=56.5  p03_ca=91.5
cumulative: avg acc 80.00%  storage 8.38 MB  free weights 0.1777

=== [CViT-CPG] TASK 5/50: p04_orchid_whale ===
after task 5: p00_cr=84.0  p01_ba=88.0  p02_sk=56.5  p03_ca=91.5  p04_or=54.5
cumulative: avg acc 74.90%  storage 8.66 MB  free weights 0.1296

=== [CViT-CPG] TASK 6/50: p05_orange_tulip ===
after task 6: p00_cr=84.0  p01_ba=88.0  p02_sk=56.5  p03_ca=91.5  p04_or=54.5  p05_or=58.0
cumulative: avg acc 72.08%  storage 8.93 MB  free weights 0.0981

=== [CViT-CPG] TASK 7/50: p06_bus_snake ===
after task 7: p00_cr=84.0  p01_ba=88.0  p02_sk=56.5  p03_ca=91.5  p04_or=54.5  p05_or=58.0  p06_bu=87.5
cumulative: avg acc 74.29%  storage 9.21 MB  free weights 0.0832

=== [CViT-CPG] TASK 8/50: p07_beetle_dolphin ===
after task 8: p00_cr=84.0  p01_ba=88.0  p02_sk=56.5  p03_ca=91.5  p04_or=54.5  p05_or=58.0  p06_bu=87.5  p07_be=94.5
cumulative: avg acc 76.81%  storage 9.70 MB  free weights 0.0719

=== [CViT-CPG] TASK 9/50: p08_clock_cockroach ===
after task 9: p00_cr=84.0  p01_ba=88.0  p02_sk=56.5  p03_ca=91.5  p04_or=54.5  p05_or=58.0  p06_bu=87.5  p07_be=94.5  p08_cl=78.5
cumulative: avg acc 77.00%  storage 9.97 MB  free weights 0.0659

=== [CViT-CPG] TASK 10/50: p09_bicycle_forest ===
after task 10: p00_cr=84.0  p01_ba=88.0  p02_sk=56.5  p03_ca=91.5  p04_or=54.5  p05_or=58.0  p06_bu=87.5  p07_be=94.5  p08_cl=78.5  p09_bi=64.0
cumulative: avg acc 75.70%  storage 10.25 MB  free weights 0.0617

=== [CViT-CPG] TASK 11/50: p10_lion_poppy ===
after task 11: p00_cr=84.0  p01_ba=88.0  p02_sk=56.5  p03_ca=91.5  p04_or=54.5  p05_or=58.0  p06_bu=87.5  p07_be=94.5  p08_cl=78.5  p09_bi=64.0  p10_li=59.5
cumulative: avg acc 74.23%  storage 10.53 MB  free weights 0.0591

=== [CViT-CPG] TASK 12/50: p11_bear_sea ===
after task 12: p00_cr=84.0  p01_ba=88.0  p02_sk=56.5  p03_ca=91.5  p04_or=54.5  p05_or=58.0  p06_bu=87.5  p07_be=94.5  p08_cl=78.5  p09_bi=64.0  p10_li=59.5  p11_be=74.0
cumulative: avg acc 74.21%  storage 10.80 MB  free weights 0.0553

=== [CViT-CPG] TASK 13/50: p12_lobster_motorcycle ===
after task 13: p00_cr=84.0  p01_ba=88.0  p02_sk=56.5  p03_ca=91.5  p04_or=54.5  p05_or=58.0  p06_bu=87.5  p07_be=94.5  p08_cl=78.5  p09_bi=64.0  p10_li=59.5  p11_be=74.0  p12_lo=59.5
cumulative: avg acc 73.08%  storage 11.08 MB  free weights 0.0537

=== [CViT-CPG] TASK 14/50: p13_bee_worm ===
after task 14: p00_cr=84.0  p01_ba=88.0  p02_sk=56.5  p03_ca=91.5  p04_or=54.5  p05_or=58.0  p06_bu=87.5  p07_be=94.5  p08_cl=78.5  p09_bi=64.0  p10_li=59.5  p11_be=74.0  p12_lo=59.5  p13_be=83.0
cumulative: avg acc 73.79%  storage 11.35 MB  free weights 0.0522

=== [CViT-CPG] TASK 15/50: p14_skyscraper_sunflower ===
after task 15: p00_cr=84.0  p01_ba=88.0  p02_sk=56.5  p03_ca=91.5  p04_or=54.5  p05_or=58.0  p06_bu=87.5  p07_be=94.5  p08_cl=78.5  p09_bi=64.0  p10_li=59.5  p11_be=74.0  p12_lo=59.5  p13_be=83.0  p14_sk=92.0
cumulative: avg acc 75.00%  storage 11.63 MB  free weights 0.0509

=== [CViT-CPG] TASK 16/50: p15_plain_squirrel ===
after task 16: p00_cr=84.0  p01_ba=88.0  p02_sk=56.5  p03_ca=91.5  p04_or=54.5  p05_or=58.0  p06_bu=87.5  p07_be=94.5  p08_cl=78.5  p09_bi=64.0  p10_li=59.5  p11_be=74.0  p12_lo=59.5  p13_be=83.0  p14_sk=92.0  p15_pl=62.0
cumulative: avg acc 74.19%  storage 12.12 MB  free weights 0.0500

=== [CViT-CPG] TASK 17/50: p16_road_train ===
after task 17: p00_cr=84.0  p01_ba=88.0  p02_sk=56.5  p03_ca=91.5  p04_or=54.5  p05_or=58.0  p06_bu=87.5  p07_be=94.5  p08_cl=78.5  p09_bi=64.0  p10_li=59.5  p11_be=74.0  p12_lo=59.5  p13_be=83.0  p14_sk=92.0  p15_pl=62.0  p16_ro=68.0
cumulative: avg acc 73.82%  storage 12.39 MB  free weights 0.0497

=== [CViT-CPG] TASK 18/50: p17_crocodile_mushroom ===
after task 18: p00_cr=84.0  p01_ba=88.0  p02_sk=56.5  p03_ca=91.5  p04_or=54.5  p05_or=58.0  p06_bu=87.5  p07_be=94.5  p08_cl=78.5  p09_bi=64.0  p10_li=59.5  p11_be=74.0  p12_lo=59.5  p13_be=83.0  p14_sk=92.0  p15_pl=62.0  p16_ro=68.0  p17_cr=75.5
cumulative: avg acc 73.92%  storage 12.67 MB  free weights 0.0491

=== [CViT-CPG] TASK 19/50: p18_caterpillar_palm_tree ===
after task 19: p00_cr=84.0  p01_ba=88.0  p02_sk=56.5  p03_ca=91.5  p04_or=54.5  p05_or=58.0  p06_bu=87.5  p07_be=94.5  p08_cl=78.5  p09_bi=64.0  p10_li=59.5  p11_be=74.0  p12_lo=59.5  p13_be=83.0  p14_sk=92.0  p15_pl=62.0  p16_ro=68.0  p17_cr=75.5  p18_ca=57.5
cumulative: avg acc 73.05%  storage 12.95 MB  free weights 0.0488

=== [CViT-CPG] TASK 20/50: p19_porcupine_shrew ===
after task 20: p00_cr=84.0  p01_ba=88.0  p02_sk=56.5  p03_ca=91.5  p04_or=54.5  p05_or=58.0  p06_bu=87.5  p07_be=94.5  p08_cl=78.5  p09_bi=64.0  p10_li=59.5  p11_be=74.0  p12_lo=59.5  p13_be=83.0  p14_sk=92.0  p15_pl=62.0  p16_ro=68.0  p17_cr=75.5  p18_ca=57.5  p19_po=56.0
cumulative: avg acc 72.20%  storage 13.22 MB  free weights 0.0486

=== [CViT-CPG] TASK 21/50: p20_aquarium_fish_plate ===
after task 21: p00_cr=84.0  p01_ba=88.0  p02_sk=56.5  p03_ca=91.5  p04_or=54.5  p05_or=58.0  p06_bu=87.5  p07_be=94.5  p08_cl=78.5  p09_bi=64.0  p10_li=59.5  p11_be=74.0  p12_lo=59.5  p13_be=83.0  p14_sk=92.0  p15_pl=62.0  p16_ro=68.0  p17_cr=75.5  p18_ca=57.5  p19_po=56.0  p20_aq=83.5
cumulative: avg acc 72.74%  storage 13.50 MB  free weights 0.0482

=== [CViT-CPG] TASK 22/50: p21_lawn_mower_leopard ===
after task 22: p00_cr=84.0  p01_ba=88.0  p02_sk=56.5  p03_ca=91.5  p04_or=54.5  p05_or=58.0  p06_bu=87.5  p07_be=94.5  p08_cl=78.5  p09_bi=64.0  p10_li=59.5  p11_be=74.0  p12_lo=59.5  p13_be=83.0  p14_sk=92.0  p15_pl=62.0  p16_ro=68.0  p17_cr=75.5  p18_ca=57.5  p19_po=56.0  p20_aq=83.5  p21_la=68.0
cumulative: avg acc 72.52%  storage 13.78 MB  free weights 0.0479

=== [CViT-CPG] TASK 23/50: p22_beaver_camel ===
after task 23: p00_cr=84.0  p01_ba=88.0  p02_sk=56.5  p03_ca=91.5  p04_or=54.5  p05_or=58.0  p06_bu=87.5  p07_be=94.5  p08_cl=78.5  p09_bi=64.0  p10_li=59.5  p11_be=74.0  p12_lo=59.5  p13_be=83.0  p14_sk=92.0  p15_pl=62.0  p16_ro=68.0  p17_cr=75.5  p18_ca=57.5  p19_po=56.0  p20_aq=83.5  p21_la=68.0  p22_be=63.5
cumulative: avg acc 72.13%  storage 14.05 MB  free weights 0.0477

=== [CViT-CPG] TASK 24/50: p23_castle_lamp ===
after task 24: p00_cr=84.0  p01_ba=88.0  p02_sk=56.5  p03_ca=91.5  p04_or=54.5  p05_or=58.0  p06_bu=87.5  p07_be=94.5  p08_cl=78.5  p09_bi=64.0  p10_li=59.5  p11_be=74.0  p12_lo=59.5  p13_be=83.0  p14_sk=92.0  p15_pl=62.0  p16_ro=68.0  p17_cr=75.5  p18_ca=57.5  p19_po=56.0  p20_aq=83.5  p21_la=68.0  p22_be=63.5  p23_ca=94.5
cumulative: avg acc 73.06%  storage 14.33 MB  free weights 0.0475

=== [CViT-CPG] TASK 25/50: p24_bed_kangaroo ===
after task 25: p00_cr=84.0  p01_ba=88.0  p02_sk=56.5  p03_ca=91.5  p04_or=54.5  p05_or=58.0  p06_bu=87.5  p07_be=94.5  p08_cl=78.5  p09_bi=64.0  p10_li=59.5  p11_be=74.0  p12_lo=59.5  p13_be=83.0  p14_sk=92.0  p15_pl=62.0  p16_ro=68.0  p17_cr=75.5  p18_ca=57.5  p19_po=56.0  p20_aq=83.5  p21_la=68.0  p22_be=63.5  p23_ca=94.5  p24_be=56.5
cumulative: avg acc 72.40%  storage 14.61 MB  free weights 0.0474

=== [CViT-CPG] TASK 26/50: p25_pine_tree_trout ===
after task 26: p00_cr=84.0  p01_ba=88.0  p02_sk=56.5  p03_ca=91.5  p04_or=54.5  p05_or=58.0  p06_bu=87.5  p07_be=94.5  p08_cl=78.5  p09_bi=64.0  p10_li=59.5  p11_be=74.0  p12_lo=59.5  p13_be=83.0  p14_sk=92.0  p15_pl=62.0  p16_ro=68.0  p17_cr=75.5  p18_ca=57.5  p19_po=56.0  p20_aq=83.5  p21_la=68.0  p22_be=63.5  p23_ca=94.5  p24_be=56.5  p25_pi=68.5
cumulative: avg acc 72.25%  storage 14.88 MB  free weights 0.0473

=== [CViT-CPG] TASK 27/50: p26_apple_fox ===
after task 27: p00_cr=84.0  p01_ba=88.0  p02_sk=56.5  p03_ca=91.5  p04_or=54.5  p05_or=58.0  p06_bu=87.5  p07_be=94.5  p08_cl=78.5  p09_bi=64.0  p10_li=59.5  p11_be=74.0  p12_lo=59.5  p13_be=83.0  p14_sk=92.0  p15_pl=62.0  p16_ro=68.0  p17_cr=75.5  p18_ca=57.5  p19_po=56.0  p20_aq=83.5  p21_la=68.0  p22_be=63.5  p23_ca=94.5  p24_be=56.5  p25_pi=68.5  p26_ap=88.0
cumulative: avg acc 72.83%  storage 15.16 MB  free weights 0.0472

=== [CViT-CPG] TASK 28/50: p27_cup_mouse ===
after task 28: p00_cr=84.0  p01_ba=88.0  p02_sk=56.5  p03_ca=91.5  p04_or=54.5  p05_or=58.0  p06_bu=87.5  p07_be=94.5  p08_cl=78.5  p09_bi=64.0  p10_li=59.5  p11_be=74.0  p12_lo=59.5  p13_be=83.0  p14_sk=92.0  p15_pl=62.0  p16_ro=68.0  p17_cr=75.5  p18_ca=57.5  p19_po=56.0  p20_aq=83.5  p21_la=68.0  p22_be=63.5  p23_ca=94.5  p24_be=56.5  p25_pi=68.5  p26_ap=88.0  p27_cu=50.0
cumulative: avg acc 72.02%  storage 15.43 MB  free weights 0.0472

=== [CViT-CPG] TASK 29/50: p28_boy_girl ===
after task 29: p00_cr=84.0  p01_ba=88.0  p02_sk=56.5  p03_ca=91.5  p04_or=54.5  p05_or=58.0  p06_bu=87.5  p07_be=94.5  p08_cl=78.5  p09_bi=64.0  p10_li=59.5  p11_be=74.0  p12_lo=59.5  p13_be=83.0  p14_sk=92.0  p15_pl=62.0  p16_ro=68.0  p17_cr=75.5  p18_ca=57.5  p19_po=56.0  p20_aq=83.5  p21_la=68.0  p22_be=63.5  p23_ca=94.5  p24_be=56.5  p25_pi=68.5  p26_ap=88.0  p27_cu=50.0  p28_bo=50.5
cumulative: avg acc 71.28%  storage 15.71 MB  free weights 0.0472

=== [CViT-CPG] TASK 30/50: p29_cloud_oak_tree ===
after task 30: p00_cr=84.0  p01_ba=88.0  p02_sk=56.5  p03_ca=91.5  p04_or=54.5  p05_or=58.0  p06_bu=87.5  p07_be=94.5  p08_cl=78.5  p09_bi=64.0  p10_li=59.5  p11_be=74.0  p12_lo=59.5  p13_be=83.0  p14_sk=92.0  p15_pl=62.0  p16_ro=68.0  p17_cr=75.5  p18_ca=57.5  p19_po=56.0  p20_aq=83.5  p21_la=68.0  p22_be=63.5  p23_ca=94.5  p24_be=56.5  p25_pi=68.5  p26_ap=88.0  p27_cu=50.0  p28_bo=50.5  p29_cl=94.5
cumulative: avg acc 72.05%  storage 15.99 MB  free weights 0.0471

=== [CViT-CPG] TASK 31/50: p30_bowl_elephant ===
after task 31: p00_cr=84.0  p01_ba=88.0  p02_sk=56.5  p03_ca=91.5  p04_or=54.5  p05_or=58.0  p06_bu=87.5  p07_be=94.5  p08_cl=78.5  p09_bi=64.0  p10_li=59.5  p11_be=74.0  p12_lo=59.5  p13_be=83.0  p14_sk=92.0  p15_pl=62.0  p16_ro=68.0  p17_cr=75.5  p18_ca=57.5  p19_po=56.0  p20_aq=83.5  p21_la=68.0  p22_be=63.5  p23_ca=94.5  p24_be=56.5  p25_pi=68.5  p26_ap=88.0  p27_cu=50.0  p28_bo=50.5  p29_cl=94.5  p30_bo=65.0
cumulative: avg acc 71.82%  storage 16.26 MB  free weights 0.0471

=== [CViT-CPG] TASK 32/50: p31_pear_raccoon ===
after task 32: p00_cr=84.0  p01_ba=88.0  p02_sk=56.5  p03_ca=91.5  p04_or=54.5  p05_or=58.0  p06_bu=87.5  p07_be=94.5  p08_cl=78.5  p09_bi=64.0  p10_li=59.5  p11_be=74.0  p12_lo=59.5  p13_be=83.0  p14_sk=92.0  p15_pl=62.0  p16_ro=68.0  p17_cr=75.5  p18_ca=57.5  p19_po=56.0  p20_aq=83.5  p21_la=68.0  p22_be=63.5  p23_ca=94.5  p24_be=56.5  p25_pi=68.5  p26_ap=88.0  p27_cu=50.0  p28_bo=50.5  p29_cl=94.5  p30_bo=65.0  p31_pe=79.0
cumulative: avg acc 72.05%  storage 16.75 MB  free weights 0.0471

=== [CViT-CPG] TASK 33/50: p32_spider_tank ===
after task 33: p00_cr=84.0  p01_ba=88.0  p02_sk=56.5  p03_ca=91.5  p04_or=54.5  p05_or=58.0  p06_bu=87.5  p07_be=94.5  p08_cl=78.5  p09_bi=64.0  p10_li=59.5  p11_be=74.0  p12_lo=59.5  p13_be=83.0  p14_sk=92.0  p15_pl=62.0  p16_ro=68.0  p17_cr=75.5  p18_ca=57.5  p19_po=56.0  p20_aq=83.5  p21_la=68.0  p22_be=63.5  p23_ca=94.5  p24_be=56.5  p25_pi=68.5  p26_ap=88.0  p27_cu=50.0  p28_bo=50.5  p29_cl=94.5  p30_bo=65.0  p31_pe=79.0  p32_sp=81.5
cumulative: avg acc 72.33%  storage 17.03 MB  free weights 0.0469

=== [CViT-CPG] TASK 34/50: p33_flatfish_table ===
after task 34: p00_cr=84.0  p01_ba=88.0  p02_sk=56.5  p03_ca=91.5  p04_or=54.5  p05_or=58.0  p06_bu=87.5  p07_be=94.5  p08_cl=78.5  p09_bi=64.0  p10_li=59.5  p11_be=74.0  p12_lo=59.5  p13_be=83.0  p14_sk=92.0  p15_pl=62.0  p16_ro=68.0  p17_cr=75.5  p18_ca=57.5  p19_po=56.0  p20_aq=83.5  p21_la=68.0  p22_be=63.5  p23_ca=94.5  p24_be=56.5  p25_pi=68.5  p26_ap=88.0  p27_cu=50.0  p28_bo=50.5  p29_cl=94.5  p30_bo=65.0  p31_pe=79.0  p32_sp=81.5  p33_fl=47.0
cumulative: avg acc 71.59%  storage 17.30 MB  free weights 0.0469

=== [CViT-CPG] TASK 35/50: p34_butterfly_tractor ===
after task 35: p00_cr=84.0  p01_ba=88.0  p02_sk=56.5  p03_ca=91.5  p04_or=54.5  p05_or=58.0  p06_bu=87.5  p07_be=94.5  p08_cl=78.5  p09_bi=64.0  p10_li=59.5  p11_be=74.0  p12_lo=59.5  p13_be=83.0  p14_sk=92.0  p15_pl=62.0  p16_ro=68.0  p17_cr=75.5  p18_ca=57.5  p19_po=56.0  p20_aq=83.5  p21_la=68.0  p22_be=63.5  p23_ca=94.5  p24_be=56.5  p25_pi=68.5  p26_ap=88.0  p27_cu=50.0  p28_bo=50.5  p29_cl=94.5  p30_bo=65.0  p31_pe=79.0  p32_sp=81.5  p33_fl=47.0  p34_bu=69.0
cumulative: avg acc 71.51%  storage 17.58 MB  free weights 0.0468

=== [CViT-CPG] TASK 36/50: p35_cattle_dinosaur ===
after task 36: p00_cr=84.0  p01_ba=88.0  p02_sk=56.5  p03_ca=91.5  p04_or=54.5  p05_or=58.0  p06_bu=87.5  p07_be=94.5  p08_cl=78.5  p09_bi=64.0  p10_li=59.5  p11_be=74.0  p12_lo=59.5  p13_be=83.0  p14_sk=92.0  p15_pl=62.0  p16_ro=68.0  p17_cr=75.5  p18_ca=57.5  p19_po=56.0  p20_aq=83.5  p21_la=68.0  p22_be=63.5  p23_ca=94.5  p24_be=56.5  p25_pi=68.5  p26_ap=88.0  p27_cu=50.0  p28_bo=50.5  p29_cl=94.5  p30_bo=65.0  p31_pe=79.0  p32_sp=81.5  p33_fl=47.0  p34_bu=69.0  p35_ca=63.5
cumulative: avg acc 71.29%  storage 17.86 MB  free weights 0.0468

=== [CViT-CPG] TASK 37/50: p36_mountain_wolf ===
after task 37: p00_cr=84.0  p01_ba=88.0  p02_sk=56.5  p03_ca=91.5  p04_or=54.5  p05_or=58.0  p06_bu=87.5  p07_be=94.5  p08_cl=78.5  p09_bi=64.0  p10_li=59.5  p11_be=74.0  p12_lo=59.5  p13_be=83.0  p14_sk=92.0  p15_pl=62.0  p16_ro=68.0  p17_cr=75.5  p18_ca=57.5  p19_po=56.0  p20_aq=83.5  p21_la=68.0  p22_be=63.5  p23_ca=94.5  p24_be=56.5  p25_pi=68.5  p26_ap=88.0  p27_cu=50.0  p28_bo=50.5  p29_cl=94.5  p30_bo=65.0  p31_pe=79.0  p32_sp=81.5  p33_fl=47.0  p34_bu=69.0  p35_ca=63.5  p36_mo=92.5
cumulative: avg acc 71.86%  storage 18.13 MB  free weights 0.0467

=== [CViT-CPG] TASK 38/50: p37_rocket_woman ===
after task 38: p00_cr=84.0  p01_ba=88.0  p02_sk=56.5  p03_ca=91.5  p04_or=54.5  p05_or=58.0  p06_bu=87.5  p07_be=94.5  p08_cl=78.5  p09_bi=64.0  p10_li=59.5  p11_be=74.0  p12_lo=59.5  p13_be=83.0  p14_sk=92.0  p15_pl=62.0  p16_ro=68.0  p17_cr=75.5  p18_ca=57.5  p19_po=56.0  p20_aq=83.5  p21_la=68.0  p22_be=63.5  p23_ca=94.5  p24_be=56.5  p25_pi=68.5  p26_ap=88.0  p27_cu=50.0  p28_bo=50.5  p29_cl=94.5  p30_bo=65.0  p31_pe=79.0  p32_sp=81.5  p33_fl=47.0  p34_bu=69.0  p35_ca=63.5  p36_mo=92.5  p37_ro=76.5
cumulative: avg acc 71.99%  storage 18.41 MB  free weights 0.0467

=== [CViT-CPG] TASK 39/50: p38_chair_wardrobe ===
after task 39: p00_cr=84.0  p01_ba=88.0  p02_sk=56.5  p03_ca=91.5  p04_or=54.5  p05_or=58.0  p06_bu=87.5  p07_be=94.5  p08_cl=78.5  p09_bi=64.0  p10_li=59.5  p11_be=74.0  p12_lo=59.5  p13_be=83.0  p14_sk=92.0  p15_pl=62.0  p16_ro=68.0  p17_cr=75.5  p18_ca=57.5  p19_po=56.0  p20_aq=83.5  p21_la=68.0  p22_be=63.5  p23_ca=94.5  p24_be=56.5  p25_pi=68.5  p26_ap=88.0  p27_cu=50.0  p28_bo=50.5  p29_cl=94.5  p30_bo=65.0  p31_pe=79.0  p32_sp=81.5  p33_fl=47.0  p34_bu=69.0  p35_ca=63.5  p36_mo=92.5  p37_ro=76.5  p38_ch=72.5
cumulative: avg acc 72.00%  storage 18.68 MB  free weights 0.0467

=== [CViT-CPG] TASK 40/50: p39_seal_snail ===
after task 40: p00_cr=84.0  p01_ba=88.0  p02_sk=56.5  p03_ca=91.5  p04_or=54.5  p05_or=58.0  p06_bu=87.5  p07_be=94.5  p08_cl=78.5  p09_bi=64.0  p10_li=59.5  p11_be=74.0  p12_lo=59.5  p13_be=83.0  p14_sk=92.0  p15_pl=62.0  p16_ro=68.0  p17_cr=75.5  p18_ca=57.5  p19_po=56.0  p20_aq=83.5  p21_la=68.0  p22_be=63.5  p23_ca=94.5  p24_be=56.5  p25_pi=68.5  p26_ap=88.0  p27_cu=50.0  p28_bo=50.5  p29_cl=94.5  p30_bo=65.0  p31_pe=79.0  p32_sp=81.5  p33_fl=47.0  p34_bu=69.0  p35_ca=63.5  p36_mo=92.5  p37_ro=76.5  p38_ch=72.5  p39_se=57.0
cumulative: avg acc 71.62%  storage 18.96 MB  free weights 0.0466

=== [CViT-CPG] TASK 41/50: p40_couch_house ===
after task 41: p00_cr=84.0  p01_ba=88.0  p02_sk=56.5  p03_ca=91.5  p04_or=54.5  p05_or=58.0  p06_bu=87.5  p07_be=94.5  p08_cl=78.5  p09_bi=64.0  p10_li=59.5  p11_be=74.0  p12_lo=59.5  p13_be=83.0  p14_sk=92.0  p15_pl=62.0  p16_ro=68.0  p17_cr=75.5  p18_ca=57.5  p19_po=56.0  p20_aq=83.5  p21_la=68.0  p22_be=63.5  p23_ca=94.5  p24_be=56.5  p25_pi=68.5  p26_ap=88.0  p27_cu=50.0  p28_bo=50.5  p29_cl=94.5  p30_bo=65.0  p31_pe=79.0  p32_sp=81.5  p33_fl=47.0  p34_bu=69.0  p35_ca=63.5  p36_mo=92.5  p37_ro=76.5  p38_ch=72.5  p39_se=57.0  p40_co=54.5
cumulative: avg acc 71.21%  storage 19.24 MB  free weights 0.0466

=== [CViT-CPG] TASK 42/50: p41_man_streetcar ===
after task 42: p00_cr=84.0  p01_ba=88.0  p02_sk=56.5  p03_ca=91.5  p04_or=54.5  p05_or=58.0  p06_bu=87.5  p07_be=94.5  p08_cl=78.5  p09_bi=64.0  p10_li=59.5  p11_be=74.0  p12_lo=59.5  p13_be=83.0  p14_sk=92.0  p15_pl=62.0  p16_ro=68.0  p17_cr=75.5  p18_ca=57.5  p19_po=56.0  p20_aq=83.5  p21_la=68.0  p22_be=63.5  p23_ca=94.5  p24_be=56.5  p25_pi=68.5  p26_ap=88.0  p27_cu=50.0  p28_bo=50.5  p29_cl=94.5  p30_bo=65.0  p31_pe=79.0  p32_sp=81.5  p33_fl=47.0  p34_bu=69.0  p35_ca=63.5  p36_mo=92.5  p37_ro=76.5  p38_ch=72.5  p39_se=57.0  p40_co=54.5  p41_ma=68.5
cumulative: avg acc 71.14%  storage 19.51 MB  free weights 0.0466

=== [CViT-CPG] TASK 43/50: p42_keyboard_rabbit ===
after task 43: p00_cr=84.0  p01_ba=88.0  p02_sk=56.5  p03_ca=91.5  p04_or=54.5  p05_or=58.0  p06_bu=87.5  p07_be=94.5  p08_cl=78.5  p09_bi=64.0  p10_li=59.5  p11_be=74.0  p12_lo=59.5  p13_be=83.0  p14_sk=92.0  p15_pl=62.0  p16_ro=68.0  p17_cr=75.5  p18_ca=57.5  p19_po=56.0  p20_aq=83.5  p21_la=68.0  p22_be=63.5  p23_ca=94.5  p24_be=56.5  p25_pi=68.5  p26_ap=88.0  p27_cu=50.0  p28_bo=50.5  p29_cl=94.5  p30_bo=65.0  p31_pe=79.0  p32_sp=81.5  p33_fl=47.0  p34_bu=69.0  p35_ca=63.5  p36_mo=92.5  p37_ro=76.5  p38_ch=72.5  p39_se=57.0  p40_co=54.5  p41_ma=68.5  p42_ke=66.5
cumulative: avg acc 71.03%  storage 19.79 MB  free weights 0.0466

=== [CViT-CPG] TASK 44/50: p43_bridge_pickup_truck ===
after task 44: p00_cr=84.0  p01_ba=88.0  p02_sk=56.5  p03_ca=91.5  p04_or=54.5  p05_or=58.0  p06_bu=87.5  p07_be=94.5  p08_cl=78.5  p09_bi=64.0  p10_li=59.5  p11_be=74.0  p12_lo=59.5  p13_be=83.0  p14_sk=92.0  p15_pl=62.0  p16_ro=68.0  p17_cr=75.5  p18_ca=57.5  p19_po=56.0  p20_aq=83.5  p21_la=68.0  p22_be=63.5  p23_ca=94.5  p24_be=56.5  p25_pi=68.5  p26_ap=88.0  p27_cu=50.0  p28_bo=50.5  p29_cl=94.5  p30_bo=65.0  p31_pe=79.0  p32_sp=81.5  p33_fl=47.0  p34_bu=69.0  p35_ca=63.5  p36_mo=92.5  p37_ro=76.5  p38_ch=72.5  p39_se=57.0  p40_co=54.5  p41_ma=68.5  p42_ke=66.5  p43_br=68.5
cumulative: avg acc 70.98%  storage 20.07 MB  free weights 0.0465

=== [CViT-CPG] TASK 45/50: p44_rose_tiger ===
after task 45: p00_cr=84.0  p01_ba=88.0  p02_sk=56.5  p03_ca=91.5  p04_or=54.5  p05_or=58.0  p06_bu=87.5  p07_be=94.5  p08_cl=78.5  p09_bi=64.0  p10_li=59.5  p11_be=74.0  p12_lo=59.5  p13_be=83.0  p14_sk=92.0  p15_pl=62.0  p16_ro=68.0  p17_cr=75.5  p18_ca=57.5  p19_po=56.0  p20_aq=83.5  p21_la=68.0  p22_be=63.5  p23_ca=94.5  p24_be=56.5  p25_pi=68.5  p26_ap=88.0  p27_cu=50.0  p28_bo=50.5  p29_cl=94.5  p30_bo=65.0  p31_pe=79.0  p32_sp=81.5  p33_fl=47.0  p34_bu=69.0  p35_ca=63.5  p36_mo=92.5  p37_ro=76.5  p38_ch=72.5  p39_se=57.0  p40_co=54.5  p41_ma=68.5  p42_ke=66.5  p43_br=68.5  p44_ro=89.5
cumulative: avg acc 71.39%  storage 20.34 MB  free weights 0.0465

=== [CViT-CPG] TASK 46/50: p45_hamster_television ===
after task 46: p00_cr=84.0  p01_ba=88.0  p02_sk=56.5  p03_ca=91.5  p04_or=54.5  p05_or=58.0  p06_bu=87.5  p07_be=94.5  p08_cl=78.5  p09_bi=64.0  p10_li=59.5  p11_be=74.0  p12_lo=59.5  p13_be=83.0  p14_sk=92.0  p15_pl=62.0  p16_ro=68.0  p17_cr=75.5  p18_ca=57.5  p19_po=56.0  p20_aq=83.5  p21_la=68.0  p22_be=63.5  p23_ca=94.5  p24_be=56.5  p25_pi=68.5  p26_ap=88.0  p27_cu=50.0  p28_bo=50.5  p29_cl=94.5  p30_bo=65.0  p31_pe=79.0  p32_sp=81.5  p33_fl=47.0  p34_bu=69.0  p35_ca=63.5  p36_mo=92.5  p37_ro=76.5  p38_ch=72.5  p39_se=57.0  p40_co=54.5  p41_ma=68.5  p42_ke=66.5  p43_br=68.5  p44_ro=89.5  p45_ha=85.5
cumulative: avg acc 71.70%  storage 20.62 MB  free weights 0.0465

=== [CViT-CPG] TASK 47/50: p46_chimpanzee_sweet_pepper ===
after task 47: p00_cr=84.0  p01_ba=88.0  p02_sk=56.5  p03_ca=91.5  p04_or=54.5  p05_or=58.0  p06_bu=87.5  p07_be=94.5  p08_cl=78.5  p09_bi=64.0  p10_li=59.5  p11_be=74.0  p12_lo=59.5  p13_be=83.0  p14_sk=92.0  p15_pl=62.0  p16_ro=68.0  p17_cr=75.5  p18_ca=57.5  p19_po=56.0  p20_aq=83.5  p21_la=68.0  p22_be=63.5  p23_ca=94.5  p24_be=56.5  p25_pi=68.5  p26_ap=88.0  p27_cu=50.0  p28_bo=50.5  p29_cl=94.5  p30_bo=65.0  p31_pe=79.0  p32_sp=81.5  p33_fl=47.0  p34_bu=69.0  p35_ca=63.5  p36_mo=92.5  p37_ro=76.5  p38_ch=72.5  p39_se=57.0  p40_co=54.5  p41_ma=68.5  p42_ke=66.5  p43_br=68.5  p44_ro=89.5  p45_ha=85.5  p46_ch=56.5
cumulative: avg acc 71.37%  storage 20.89 MB  free weights 0.0465

=== [CViT-CPG] TASK 48/50: p47_bottle_willow_tree ===
after task 48: p00_cr=84.0  p01_ba=88.0  p02_sk=56.5  p03_ca=91.5  p04_or=54.5  p05_or=58.0  p06_bu=87.5  p07_be=94.5  p08_cl=78.5  p09_bi=64.0  p10_li=59.5  p11_be=74.0  p12_lo=59.5  p13_be=83.0  p14_sk=92.0  p15_pl=62.0  p16_ro=68.0  p17_cr=75.5  p18_ca=57.5  p19_po=56.0  p20_aq=83.5  p21_la=68.0  p22_be=63.5  p23_ca=94.5  p24_be=56.5  p25_pi=68.5  p26_ap=88.0  p27_cu=50.0  p28_bo=50.5  p29_cl=94.5  p30_bo=65.0  p31_pe=79.0  p32_sp=81.5  p33_fl=47.0  p34_bu=69.0  p35_ca=63.5  p36_mo=92.5  p37_ro=76.5  p38_ch=72.5  p39_se=57.0  p40_co=54.5  p41_ma=68.5  p42_ke=66.5  p43_br=68.5  p44_ro=89.5  p45_ha=85.5  p46_ch=56.5  p47_bo=76.5
cumulative: avg acc 71.48%  storage 21.17 MB  free weights 0.0465

=== [CViT-CPG] TASK 49/50: p48_possum_ray ===
after task 49: p00_cr=84.0  p01_ba=88.0  p02_sk=56.5  p03_ca=91.5  p04_or=54.5  p05_or=58.0  p06_bu=87.5  p07_be=94.5  p08_cl=78.5  p09_bi=64.0  p10_li=59.5  p11_be=74.0  p12_lo=59.5  p13_be=83.0  p14_sk=92.0  p15_pl=62.0  p16_ro=68.0  p17_cr=75.5  p18_ca=57.5  p19_po=56.0  p20_aq=83.5  p21_la=68.0  p22_be=63.5  p23_ca=94.5  p24_be=56.5  p25_pi=68.5  p26_ap=88.0  p27_cu=50.0  p28_bo=50.5  p29_cl=94.5  p30_bo=65.0  p31_pe=79.0  p32_sp=81.5  p33_fl=47.0  p34_bu=69.0  p35_ca=63.5  p36_mo=92.5  p37_ro=76.5  p38_ch=72.5  p39_se=57.0  p40_co=54.5  p41_ma=68.5  p42_ke=66.5  p43_br=68.5  p44_ro=89.5  p45_ha=85.5  p46_ch=56.5  p47_bo=76.5  p48_po=74.5
cumulative: avg acc 71.54%  storage 21.45 MB  free weights 0.0464

=== [CViT-CPG] TASK 50/50: p49_lizard_maple_tree ===
after task 50: p00_cr=84.0  p01_ba=88.0  p02_sk=56.5  p03_ca=91.5  p04_or=54.5  p05_or=58.0  p06_bu=87.5  p07_be=94.5  p08_cl=78.5  p09_bi=64.0  p10_li=59.5  p11_be=74.0  p12_lo=59.5  p13_be=83.0  p14_sk=92.0  p15_pl=62.0  p16_ro=68.0  p17_cr=75.5  p18_ca=57.5  p19_po=56.0  p20_aq=83.5  p21_la=68.0  p22_be=63.5  p23_ca=94.5  p24_be=56.5  p25_pi=68.5  p26_ap=88.0  p27_cu=50.0  p28_bo=50.5  p29_cl=94.5  p30_bo=65.0  p31_pe=79.0  p32_sp=81.5  p33_fl=47.0  p34_bu=69.0  p35_ca=63.5  p36_mo=92.5  p37_ro=76.5  p38_ch=72.5  p39_se=57.0  p40_co=54.5  p41_ma=68.5  p42_ke=66.5  p43_br=68.5  p44_ro=89.5  p45_ha=85.5  p46_ch=56.5  p47_bo=76.5  p48_po=74.5  p49_li=89.0
cumulative: avg acc 71.89%  storage 21.72 MB  free weights 0.0464

==========================================================================
CViT-CPG : per-task accuracy (row = task, col = measured after task N)
==========================================================================
task \ after      1      2      3      4      5      6      7      8      9     10     11     12     13     14     15     16     17     18     19     20     21     22     23     24     25     26     27     28     29     30     31     32     33     34     35     36     37     38     39     40     41     42     43     44     45     46     47     48     49     50
p00_crab_tel   84.0   84.0   84.0   84.0   84.0   84.0   84.0   84.0   84.0   84.0   84.0   84.0   84.0   84.0   84.0   84.0   84.0   84.0   84.0   84.0   84.0   84.0   84.0   84.0   84.0   84.0   84.0   84.0   84.0   84.0   84.0   84.0   84.0   84.0   84.0   84.0   84.0   84.0   84.0   84.0   84.0   84.0   84.0   84.0   84.0   84.0   84.0   84.0   84.0   84.0
p01_baby_ott    -     88.0   88.0   88.0   88.0   88.0   88.0   88.0   88.0   88.0   88.0   88.0   88.0   88.0   88.0   88.0   88.0   88.0   88.0   88.0   88.0   88.0   88.0   88.0   88.0   88.0   88.0   88.0   88.0   88.0   88.0   88.0   88.0   88.0   88.0   88.0   88.0   88.0   88.0   88.0   88.0   88.0   88.0   88.0   88.0   88.0   88.0   88.0   88.0   88.0
p02_skunk_tu    -      -     56.5   56.5   56.5   56.5   56.5   56.5   56.5   56.5   56.5   56.5   56.5   56.5   56.5   56.5   56.5   56.5   56.5   56.5   56.5   56.5   56.5   56.5   56.5   56.5   56.5   56.5   56.5   56.5   56.5   56.5   56.5   56.5   56.5   56.5   56.5   56.5   56.5   56.5   56.5   56.5   56.5   56.5   56.5   56.5   56.5   56.5   56.5   56.5
p03_can_shar    -      -      -     91.5   91.5   91.5   91.5   91.5   91.5   91.5   91.5   91.5   91.5   91.5   91.5   91.5   91.5   91.5   91.5   91.5   91.5   91.5   91.5   91.5   91.5   91.5   91.5   91.5   91.5   91.5   91.5   91.5   91.5   91.5   91.5   91.5   91.5   91.5   91.5   91.5   91.5   91.5   91.5   91.5   91.5   91.5   91.5   91.5   91.5   91.5
p04_orchid_w    -      -      -      -     54.5   54.5   54.5   54.5   54.5   54.5   54.5   54.5   54.5   54.5   54.5   54.5   54.5   54.5   54.5   54.5   54.5   54.5   54.5   54.5   54.5   54.5   54.5   54.5   54.5   54.5   54.5   54.5   54.5   54.5   54.5   54.5   54.5   54.5   54.5   54.5   54.5   54.5   54.5   54.5   54.5   54.5   54.5   54.5   54.5   54.5
p05_orange_t    -      -      -      -      -     58.0   58.0   58.0   58.0   58.0   58.0   58.0   58.0   58.0   58.0   58.0   58.0   58.0   58.0   58.0   58.0   58.0   58.0   58.0   58.0   58.0   58.0   58.0   58.0   58.0   58.0   58.0   58.0   58.0   58.0   58.0   58.0   58.0   58.0   58.0   58.0   58.0   58.0   58.0   58.0   58.0   58.0   58.0   58.0   58.0
p06_bus_snak    -      -      -      -      -      -     87.5   87.5   87.5   87.5   87.5   87.5   87.5   87.5   87.5   87.5   87.5   87.5   87.5   87.5   87.5   87.5   87.5   87.5   87.5   87.5   87.5   87.5   87.5   87.5   87.5   87.5   87.5   87.5   87.5   87.5   87.5   87.5   87.5   87.5   87.5   87.5   87.5   87.5   87.5   87.5   87.5   87.5   87.5   87.5
p07_beetle_d    -      -      -      -      -      -      -     94.5   94.5   94.5   94.5   94.5   94.5   94.5   94.5   94.5   94.5   94.5   94.5   94.5   94.5   94.5   94.5   94.5   94.5   94.5   94.5   94.5   94.5   94.5   94.5   94.5   94.5   94.5   94.5   94.5   94.5   94.5   94.5   94.5   94.5   94.5   94.5   94.5   94.5   94.5   94.5   94.5   94.5   94.5
p08_clock_co    -      -      -      -      -      -      -      -     78.5   78.5   78.5   78.5   78.5   78.5   78.5   78.5   78.5   78.5   78.5   78.5   78.5   78.5   78.5   78.5   78.5   78.5   78.5   78.5   78.5   78.5   78.5   78.5   78.5   78.5   78.5   78.5   78.5   78.5   78.5   78.5   78.5   78.5   78.5   78.5   78.5   78.5   78.5   78.5   78.5   78.5
p09_bicycle_    -      -      -      -      -      -      -      -      -     64.0   64.0   64.0   64.0   64.0   64.0   64.0   64.0   64.0   64.0   64.0   64.0   64.0   64.0   64.0   64.0   64.0   64.0   64.0   64.0   64.0   64.0   64.0   64.0   64.0   64.0   64.0   64.0   64.0   64.0   64.0   64.0   64.0   64.0   64.0   64.0   64.0   64.0   64.0   64.0   64.0
p10_lion_pop    -      -      -      -      -      -      -      -      -      -     59.5   59.5   59.5   59.5   59.5   59.5   59.5   59.5   59.5   59.5   59.5   59.5   59.5   59.5   59.5   59.5   59.5   59.5   59.5   59.5   59.5   59.5   59.5   59.5   59.5   59.5   59.5   59.5   59.5   59.5   59.5   59.5   59.5   59.5   59.5   59.5   59.5   59.5   59.5   59.5
p11_bear_sea    -      -      -      -      -      -      -      -      -      -      -     74.0   74.0   74.0   74.0   74.0   74.0   74.0   74.0   74.0   74.0   74.0   74.0   74.0   74.0   74.0   74.0   74.0   74.0   74.0   74.0   74.0   74.0   74.0   74.0   74.0   74.0   74.0   74.0   74.0   74.0   74.0   74.0   74.0   74.0   74.0   74.0   74.0   74.0   74.0
p12_lobster_    -      -      -      -      -      -      -      -      -      -      -      -     59.5   59.5   59.5   59.5   59.5   59.5   59.5   59.5   59.5   59.5   59.5   59.5   59.5   59.5   59.5   59.5   59.5   59.5   59.5   59.5   59.5   59.5   59.5   59.5   59.5   59.5   59.5   59.5   59.5   59.5   59.5   59.5   59.5   59.5   59.5   59.5   59.5   59.5
p13_bee_worm    -      -      -      -      -      -      -      -      -      -      -      -      -     83.0   83.0   83.0   83.0   83.0   83.0   83.0   83.0   83.0   83.0   83.0   83.0   83.0   83.0   83.0   83.0   83.0   83.0   83.0   83.0   83.0   83.0   83.0   83.0   83.0   83.0   83.0   83.0   83.0   83.0   83.0   83.0   83.0   83.0   83.0   83.0   83.0
p14_skyscrap    -      -      -      -      -      -      -      -      -      -      -      -      -      -     92.0   92.0   92.0   92.0   92.0   92.0   92.0   92.0   92.0   92.0   92.0   92.0   92.0   92.0   92.0   92.0   92.0   92.0   92.0   92.0   92.0   92.0   92.0   92.0   92.0   92.0   92.0   92.0   92.0   92.0   92.0   92.0   92.0   92.0   92.0   92.0
p15_plain_sq    -      -      -      -      -      -      -      -      -      -      -      -      -      -      -     62.0   62.0   62.0   62.0   62.0   62.0   62.0   62.0   62.0   62.0   62.0   62.0   62.0   62.0   62.0   62.0   62.0   62.0   62.0   62.0   62.0   62.0   62.0   62.0   62.0   62.0   62.0   62.0   62.0   62.0   62.0   62.0   62.0   62.0   62.0
p16_road_tra    -      -      -      -      -      -      -      -      -      -      -      -      -      -      -      -     68.0   68.0   68.0   68.0   68.0   68.0   68.0   68.0   68.0   68.0   68.0   68.0   68.0   68.0   68.0   68.0   68.0   68.0   68.0   68.0   68.0   68.0   68.0   68.0   68.0   68.0   68.0   68.0   68.0   68.0   68.0   68.0   68.0   68.0
p17_crocodil    -      -      -      -      -      -      -      -      -      -      -      -      -      -      -      -      -     75.5   75.5   75.5   75.5   75.5   75.5   75.5   75.5   75.5   75.5   75.5   75.5   75.5   75.5   75.5   75.5   75.5   75.5   75.5   75.5   75.5   75.5   75.5   75.5   75.5   75.5   75.5   75.5   75.5   75.5   75.5   75.5   75.5
p18_caterpil    -      -      -      -      -      -      -      -      -      -      -      -      -      -      -      -      -      -     57.5   57.5   57.5   57.5   57.5   57.5   57.5   57.5   57.5   57.5   57.5   57.5   57.5   57.5   57.5   57.5   57.5   57.5   57.5   57.5   57.5   57.5   57.5   57.5   57.5   57.5   57.5   57.5   57.5   57.5   57.5   57.5
p19_porcupin    -      -      -      -      -      -      -      -      -      -      -      -      -      -      -      -      -      -      -     56.0   56.0   56.0   56.0   56.0   56.0   56.0   56.0   56.0   56.0   56.0   56.0   56.0   56.0   56.0   56.0   56.0   56.0   56.0   56.0   56.0   56.0   56.0   56.0   56.0   56.0   56.0   56.0   56.0   56.0   56.0
p20_aquarium    -      -      -      -      -      -      -      -      -      -      -      -      -      -      -      -      -      -      -      -     83.5   83.5   83.5   83.5   83.5   83.5   83.5   83.5   83.5   83.5   83.5   83.5   83.5   83.5   83.5   83.5   83.5   83.5   83.5   83.5   83.5   83.5   83.5   83.5   83.5   83.5   83.5   83.5   83.5   83.5
p21_lawn_mow    -      -      -      -      -      -      -      -      -      -      -      -      -      -      -      -      -      -      -      -      -     68.0   68.0   68.0   68.0   68.0   68.0   68.0   68.0   68.0   68.0   68.0   68.0   68.0   68.0   68.0   68.0   68.0   68.0   68.0   68.0   68.0   68.0   68.0   68.0   68.0   68.0   68.0   68.0   68.0
p22_beaver_c    -      -      -      -      -      -      -      -      -      -      -      -      -      -      -      -      -      -      -      -      -      -     63.5   63.5   63.5   63.5   63.5   63.5   63.5   63.5   63.5   63.5   63.5   63.5   63.5   63.5   63.5   63.5   63.5   63.5   63.5   63.5   63.5   63.5   63.5   63.5   63.5   63.5   63.5   63.5
p23_castle_l    -      -      -      -      -      -      -      -      -      -      -      -      -      -      -      -      -      -      -      -      -      -      -     94.5   94.5   94.5   94.5   94.5   94.5   94.5   94.5   94.5   94.5   94.5   94.5   94.5   94.5   94.5   94.5   94.5   94.5   94.5   94.5   94.5   94.5   94.5   94.5   94.5   94.5   94.5
p24_bed_kang    -      -      -      -      -      -      -      -      -      -      -      -      -      -      -      -      -      -      -      -      -      -      -      -     56.5   56.5   56.5   56.5   56.5   56.5   56.5   56.5   56.5   56.5   56.5   56.5   56.5   56.5   56.5   56.5   56.5   56.5   56.5   56.5   56.5   56.5   56.5   56.5   56.5   56.5
p25_pine_tre    -      -      -      -      -      -      -      -      -      -      -      -      -      -      -      -      -      -      -      -      -      -      -      -      -     68.5   68.5   68.5   68.5   68.5   68.5   68.5   68.5   68.5   68.5   68.5   68.5   68.5   68.5   68.5   68.5   68.5   68.5   68.5   68.5   68.5   68.5   68.5   68.5   68.5
p26_apple_fo    -      -      -      -      -      -      -      -      -      -      -      -      -      -      -      -      -      -      -      -      -      -      -      -      -      -     88.0   88.0   88.0   88.0   88.0   88.0   88.0   88.0   88.0   88.0   88.0   88.0   88.0   88.0   88.0   88.0   88.0   88.0   88.0   88.0   88.0   88.0   88.0   88.0
p27_cup_mous    -      -      -      -      -      -      -      -      -      -      -      -      -      -      -      -      -      -      -      -      -      -      -      -      -      -      -     50.0   50.0   50.0   50.0   50.0   50.0   50.0   50.0   50.0   50.0   50.0   50.0   50.0   50.0   50.0   50.0   50.0   50.0   50.0   50.0   50.0   50.0   50.0
p28_boy_girl    -      -      -      -      -      -      -      -      -      -      -      -      -      -      -      -      -      -      -      -      -      -      -      -      -      -      -      -     50.5   50.5   50.5   50.5   50.5   50.5   50.5   50.5   50.5   50.5   50.5   50.5   50.5   50.5   50.5   50.5   50.5   50.5   50.5   50.5   50.5   50.5
p29_cloud_oa    -      -      -      -      -      -      -      -      -      -      -      -      -      -      -      -      -      -      -      -      -      -      -      -      -      -      -      -      -     94.5   94.5   94.5   94.5   94.5   94.5   94.5   94.5   94.5   94.5   94.5   94.5   94.5   94.5   94.5   94.5   94.5   94.5   94.5   94.5   94.5
p30_bowl_ele    -      -      -      -      -      -      -      -      -      -      -      -      -      -      -      -      -      -      -      -      -      -      -      -      -      -      -      -      -      -     65.0   65.0   65.0   65.0   65.0   65.0   65.0   65.0   65.0   65.0   65.0   65.0   65.0   65.0   65.0   65.0   65.0   65.0   65.0   65.0
p31_pear_rac    -      -      -      -      -      -      -      -      -      -      -      -      -      -      -      -      -      -      -      -      -      -      -      -      -      -      -      -      -      -      -     79.0   79.0   79.0   79.0   79.0   79.0   79.0   79.0   79.0   79.0   79.0   79.0   79.0   79.0   79.0   79.0   79.0   79.0   79.0
p32_spider_t    -      -      -      -      -      -      -      -      -      -      -      -      -      -      -      -      -      -      -      -      -      -      -      -      -      -      -      -      -      -      -      -     81.5   81.5   81.5   81.5   81.5   81.5   81.5   81.5   81.5   81.5   81.5   81.5   81.5   81.5   81.5   81.5   81.5   81.5
p33_flatfish    -      -      -      -      -      -      -      -      -      -      -      -      -      -      -      -      -      -      -      -      -      -      -      -      -      -      -      -      -      -      -      -      -     47.0   47.0   47.0   47.0   47.0   47.0   47.0   47.0   47.0   47.0   47.0   47.0   47.0   47.0   47.0   47.0   47.0
p34_butterfl    -      -      -      -      -      -      -      -      -      -      -      -      -      -      -      -      -      -      -      -      -      -      -      -      -      -      -      -      -      -      -      -      -      -     69.0   69.0   69.0   69.0   69.0   69.0   69.0   69.0   69.0   69.0   69.0   69.0   69.0   69.0   69.0   69.0
p35_cattle_d    -      -      -      -      -      -      -      -      -      -      -      -      -      -      -      -      -      -      -      -      -      -      -      -      -      -      -      -      -      -      -      -      -      -      -     63.5   63.5   63.5   63.5   63.5   63.5   63.5   63.5   63.5   63.5   63.5   63.5   63.5   63.5   63.5
p36_mountain    -      -      -      -      -      -      -      -      -      -      -      -      -      -      -      -      -      -      -      -      -      -      -      -      -      -      -      -      -      -      -      -      -      -      -      -     92.5   92.5   92.5   92.5   92.5   92.5   92.5   92.5   92.5   92.5   92.5   92.5   92.5   92.5
p37_rocket_w    -      -      -      -      -      -      -      -      -      -      -      -      -      -      -      -      -      -      -      -      -      -      -      -      -      -      -      -      -      -      -      -      -      -      -      -      -     76.5   76.5   76.5   76.5   76.5   76.5   76.5   76.5   76.5   76.5   76.5   76.5   76.5
p38_chair_wa    -      -      -      -      -      -      -      -      -      -      -      -      -      -      -      -      -      -      -      -      -      -      -      -      -      -      -      -      -      -      -      -      -      -      -      -      -      -     72.5   72.5   72.5   72.5   72.5   72.5   72.5   72.5   72.5   72.5   72.5   72.5
p39_seal_sna    -      -      -      -      -      -      -      -      -      -      -      -      -      -      -      -      -      -      -      -      -      -      -      -      -      -      -      -      -      -      -      -      -      -      -      -      -      -      -     57.0   57.0   57.0   57.0   57.0   57.0   57.0   57.0   57.0   57.0   57.0
p40_couch_ho    -      -      -      -      -      -      -      -      -      -      -      -      -      -      -      -      -      -      -      -      -      -      -      -      -      -      -      -      -      -      -      -      -      -      -      -      -      -      -      -     54.5   54.5   54.5   54.5   54.5   54.5   54.5   54.5   54.5   54.5
p41_man_stre    -      -      -      -      -      -      -      -      -      -      -      -      -      -      -      -      -      -      -      -      -      -      -      -      -      -      -      -      -      -      -      -      -      -      -      -      -      -      -      -      -     68.5   68.5   68.5   68.5   68.5   68.5   68.5   68.5   68.5
p42_keyboard    -      -      -      -      -      -      -      -      -      -      -      -      -      -      -      -      -      -      -      -      -      -      -      -      -      -      -      -      -      -      -      -      -      -      -      -      -      -      -      -      -      -     66.5   66.5   66.5   66.5   66.5   66.5   66.5   66.5
p43_bridge_p    -      -      -      -      -      -      -      -      -      -      -      -      -      -      -      -      -      -      -      -      -      -      -      -      -      -      -      -      -      -      -      -      -      -      -      -      -      -      -      -      -      -      -     68.5   68.5   68.5   68.5   68.5   68.5   68.5
p44_rose_tig    -      -      -      -      -      -      -      -      -      -      -      -      -      -      -      -      -      -      -      -      -      -      -      -      -      -      -      -      -      -      -      -      -      -      -      -      -      -      -      -      -      -      -      -     89.5   89.5   89.5   89.5   89.5   89.5
p45_hamster_    -      -      -      -      -      -      -      -      -      -      -      -      -      -      -      -      -      -      -      -      -      -      -      -      -      -      -      -      -      -      -      -      -      -      -      -      -      -      -      -      -      -      -      -      -     85.5   85.5   85.5   85.5   85.5
p46_chimpanz    -      -      -      -      -      -      -      -      -      -      -      -      -      -      -      -      -      -      -      -      -      -      -      -      -      -      -      -      -      -      -      -      -      -      -      -      -      -      -      -      -      -      -      -      -      -     56.5   56.5   56.5   56.5
p47_bottle_w    -      -      -      -      -      -      -      -      -      -      -      -      -      -      -      -      -      -      -      -      -      -      -      -      -      -      -      -      -      -      -      -      -      -      -      -      -      -      -      -      -      -      -      -      -      -      -     76.5   76.5   76.5
p48_possum_r    -      -      -      -      -      -      -      -      -      -      -      -      -      -      -      -      -      -      -      -      -      -      -      -      -      -      -      -      -      -      -      -      -      -      -      -      -      -      -      -      -      -      -      -      -      -      -      -     74.5   74.5
p49_lizard_m    -      -      -      -      -      -      -      -      -      -      -      -      -      -      -      -      -      -      -      -      -      -      -      -      -      -      -      -      -      -      -      -      -      -      -      -      -      -      -      -      -      -      -      -      -      -      -      -      -     89.0
--------------------------------------------------------------------------
avg RETAINED accuracy (after all tasks)  : 71.89%
max ACCURACY drift after a task learned  : 0.000%
Backward Transfer (BWT, ~0 = no forget)  : +0.000%
max FROZEN-WEIGHT drift (bit-exact)      : 0.00e+00
max LOGIT drift (function preserved)     : 0.00e+00

continual Accuracy-Per-FLOP (cAPF = retained_acc / inference GFLOPs):
  CViT-CPG (ours) : 71.89% / 0.0230 GFLOPs = 3129.8 %/GFLOP  (1.72M params)
  VGG16-CPG (ref) : 78.60% / 0.7467 GFLOPs = 105.3 %/GFLOP
  -> CViT-CPG cAPF is 29.7x higher

wrote cvit_cpg_pair50_S_128_floor_seed1.txt
