pretrained init: loaded 831 tensors (1.75M params, 102% of model, 5 attn-bias interpolated), skipped 19
  skipped by category: {'attn_bias': 5, 'head': 14}

=== [CViT-CPG] TASK 1/50: p00_crab_telephone ===
after task 1: p00_cr=84.0
cumulative: avg acc 84.00%  storage 7.07 MB  free weights 0.6002

=== [CViT-CPG] TASK 2/50: p01_baby_otter ===
after task 2: p00_cr=84.0  p01_ba=90.0
cumulative: avg acc 87.00%  storage 7.62 MB  free weights 0.3736

=== [CViT-CPG] TASK 3/50: p02_skunk_turtle ===
after task 3: p00_cr=84.0  p01_ba=90.0  p02_sk=94.5
cumulative: avg acc 89.50%  storage 7.95 MB  free weights 0.2440

=== [CViT-CPG] TASK 4/50: p03_can_shark ===
after task 4: p00_cr=84.0  p01_ba=90.0  p02_sk=94.5  p03_ca=98.5
cumulative: avg acc 91.75%  storage 8.50 MB  free weights 0.1638

=== [CViT-CPG] TASK 5/50: p04_orchid_whale ===
after task 5: p00_cr=84.0  p01_ba=90.0  p02_sk=94.5  p03_ca=98.5  p04_or=98.5
cumulative: avg acc 93.10%  storage 8.84 MB  free weights 0.1170

=== [CViT-CPG] TASK 6/50: p05_orange_tulip ===
after task 6: p00_cr=84.0  p01_ba=90.0  p02_sk=94.5  p03_ca=98.5  p04_or=98.5  p05_or=97.5
cumulative: avg acc 93.83%  storage 9.17 MB  free weights 0.0889

=== [CViT-CPG] TASK 7/50: p06_bus_snake ===
after task 7: p00_cr=84.0  p01_ba=90.0  p02_sk=94.5  p03_ca=98.5  p04_or=98.5  p05_or=97.5  p06_bu=98.0
cumulative: avg acc 94.43%  storage 9.51 MB  free weights 0.0721

=== [CViT-CPG] TASK 8/50: p07_beetle_dolphin ===
after task 8: p00_cr=84.0  p01_ba=90.0  p02_sk=94.5  p03_ca=98.5  p04_or=98.5  p05_or=97.5  p06_bu=98.0  p07_be=97.0
cumulative: avg acc 94.75%  storage 10.06 MB  free weights 0.0620

=== [CViT-CPG] TASK 9/50: p08_clock_cockroach ===
after task 9: p00_cr=84.0  p01_ba=90.0  p02_sk=94.5  p03_ca=98.5  p04_or=98.5  p05_or=97.5  p06_bu=98.0  p07_be=97.0  p08_cl=93.0
cumulative: avg acc 94.56%  storage 10.39 MB  free weights 0.0564

=== [CViT-CPG] TASK 10/50: p09_bicycle_forest ===
after task 10: p00_cr=84.0  p01_ba=90.0  p02_sk=94.5  p03_ca=98.5  p04_or=98.5  p05_or=97.5  p06_bu=98.0  p07_be=97.0  p08_cl=93.0  p09_bi=96.5
cumulative: avg acc 94.75%  storage 10.73 MB  free weights 0.0529

=== [CViT-CPG] TASK 11/50: p10_lion_poppy ===
after task 11: p00_cr=84.0  p01_ba=90.0  p02_sk=94.5  p03_ca=98.5  p04_or=98.5  p05_or=97.5  p06_bu=98.0  p07_be=97.0  p08_cl=93.0  p09_bi=96.5  p10_li=98.0
cumulative: avg acc 95.05%  storage 11.07 MB  free weights 0.0510

=== [CViT-CPG] TASK 12/50: p11_bear_sea ===
after task 12: p00_cr=84.0  p01_ba=90.0  p02_sk=94.5  p03_ca=98.5  p04_or=98.5  p05_or=97.5  p06_bu=98.0  p07_be=97.0  p08_cl=93.0  p09_bi=96.5  p10_li=98.0  p11_be=98.5
cumulative: avg acc 95.33%  storage 11.40 MB  free weights 0.0499

=== [CViT-CPG] TASK 13/50: p12_lobster_motorcycle ===
after task 13: p00_cr=84.0  p01_ba=90.0  p02_sk=94.5  p03_ca=98.5  p04_or=98.5  p05_or=97.5  p06_bu=98.0  p07_be=97.0  p08_cl=93.0  p09_bi=96.5  p10_li=98.0  p11_be=98.5  p12_lo=96.5
cumulative: avg acc 95.42%  storage 11.74 MB  free weights 0.0493

=== [CViT-CPG] TASK 14/50: p13_bee_worm ===
after task 14: p00_cr=84.0  p01_ba=90.0  p02_sk=94.5  p03_ca=98.5  p04_or=98.5  p05_or=97.5  p06_bu=98.0  p07_be=97.0  p08_cl=93.0  p09_bi=96.5  p10_li=98.0  p11_be=98.5  p12_lo=96.5  p13_be=98.5
cumulative: avg acc 95.64%  storage 12.08 MB  free weights 0.0489

=== [CViT-CPG] TASK 15/50: p14_skyscraper_sunflower ===
after task 15: p00_cr=84.0  p01_ba=90.0  p02_sk=94.5  p03_ca=98.5  p04_or=98.5  p05_or=97.5  p06_bu=98.0  p07_be=97.0  p08_cl=93.0  p09_bi=96.5  p10_li=98.0  p11_be=98.5  p12_lo=96.5  p13_be=98.5  p14_sk=99.0
cumulative: avg acc 95.87%  storage 12.41 MB  free weights 0.0486

=== [CViT-CPG] TASK 16/50: p15_plain_squirrel ===
after task 16: p00_cr=84.0  p01_ba=90.0  p02_sk=94.5  p03_ca=98.5  p04_or=98.5  p05_or=97.5  p06_bu=98.0  p07_be=97.0  p08_cl=93.0  p09_bi=96.5  p10_li=98.0  p11_be=98.5  p12_lo=96.5  p13_be=98.5  p14_sk=99.0  p15_pl=100.0
cumulative: avg acc 96.12%  storage 12.96 MB  free weights 0.0485

=== [CViT-CPG] TASK 17/50: p16_road_train ===
after task 17: p00_cr=84.0  p01_ba=90.0  p02_sk=94.5  p03_ca=98.5  p04_or=98.5  p05_or=97.5  p06_bu=98.0  p07_be=97.0  p08_cl=93.0  p09_bi=96.5  p10_li=98.0  p11_be=98.5  p12_lo=96.5  p13_be=98.5  p14_sk=99.0  p15_pl=100.0  p16_ro=93.5
cumulative: avg acc 95.97%  storage 13.30 MB  free weights 0.0484

=== [CViT-CPG] TASK 18/50: p17_crocodile_mushroom ===
after task 18: p00_cr=84.0  p01_ba=90.0  p02_sk=94.5  p03_ca=98.5  p04_or=98.5  p05_or=97.5  p06_bu=98.0  p07_be=97.0  p08_cl=93.0  p09_bi=96.5  p10_li=98.0  p11_be=98.5  p12_lo=96.5  p13_be=98.5  p14_sk=99.0  p15_pl=100.0  p16_ro=93.5  p17_cr=92.5
cumulative: avg acc 95.78%  storage 13.63 MB  free weights 0.0484

=== [CViT-CPG] TASK 19/50: p18_caterpillar_palm_tree ===
after task 19: p00_cr=84.0  p01_ba=90.0  p02_sk=94.5  p03_ca=98.5  p04_or=98.5  p05_or=97.5  p06_bu=98.0  p07_be=97.0  p08_cl=93.0  p09_bi=96.5  p10_li=98.0  p11_be=98.5  p12_lo=96.5  p13_be=98.5  p14_sk=99.0  p15_pl=100.0  p16_ro=93.5  p17_cr=92.5  p18_ca=97.0
cumulative: avg acc 95.84%  storage 13.97 MB  free weights 0.0483

=== [CViT-CPG] TASK 20/50: p19_porcupine_shrew ===
after task 20: p00_cr=84.0  p01_ba=90.0  p02_sk=94.5  p03_ca=98.5  p04_or=98.5  p05_or=97.5  p06_bu=98.0  p07_be=97.0  p08_cl=93.0  p09_bi=96.5  p10_li=98.0  p11_be=98.5  p12_lo=96.5  p13_be=98.5  p14_sk=99.0  p15_pl=100.0  p16_ro=93.5  p17_cr=92.5  p18_ca=97.0  p19_po=86.0
cumulative: avg acc 95.35%  storage 14.31 MB  free weights 0.0483

=== [CViT-CPG] TASK 21/50: p20_aquarium_fish_plate ===
after task 21: p00_cr=84.0  p01_ba=90.0  p02_sk=94.5  p03_ca=98.5  p04_or=98.5  p05_or=97.5  p06_bu=98.0  p07_be=97.0  p08_cl=93.0  p09_bi=96.5  p10_li=98.0  p11_be=98.5  p12_lo=96.5  p13_be=98.5  p14_sk=99.0  p15_pl=100.0  p16_ro=93.5  p17_cr=92.5  p18_ca=97.0  p19_po=86.0  p20_aq=98.0
cumulative: avg acc 95.48%  storage 14.64 MB  free weights 0.0483

=== [CViT-CPG] TASK 22/50: p21_lawn_mower_leopard ===
after task 22: p00_cr=84.0  p01_ba=90.0  p02_sk=94.5  p03_ca=98.5  p04_or=98.5  p05_or=97.5  p06_bu=98.0  p07_be=97.0  p08_cl=93.0  p09_bi=96.5  p10_li=98.0  p11_be=98.5  p12_lo=96.5  p13_be=98.5  p14_sk=99.0  p15_pl=100.0  p16_ro=93.5  p17_cr=92.5  p18_ca=97.0  p19_po=86.0  p20_aq=98.0  p21_la=96.5
cumulative: avg acc 95.52%  storage 14.98 MB  free weights 0.0483

=== [CViT-CPG] TASK 23/50: p22_beaver_camel ===
after task 23: p00_cr=84.0  p01_ba=90.0  p02_sk=94.5  p03_ca=98.5  p04_or=98.5  p05_or=97.5  p06_bu=98.0  p07_be=97.0  p08_cl=93.0  p09_bi=96.5  p10_li=98.0  p11_be=98.5  p12_lo=96.5  p13_be=98.5  p14_sk=99.0  p15_pl=100.0  p16_ro=93.5  p17_cr=92.5  p18_ca=97.0  p19_po=86.0  p20_aq=98.0  p21_la=96.5  p22_be=91.5
cumulative: avg acc 95.35%  storage 15.32 MB  free weights 0.0483

=== [CViT-CPG] TASK 24/50: p23_castle_lamp ===
after task 24: p00_cr=84.0  p01_ba=90.0  p02_sk=94.5  p03_ca=98.5  p04_or=98.5  p05_or=97.5  p06_bu=98.0  p07_be=97.0  p08_cl=93.0  p09_bi=96.5  p10_li=98.0  p11_be=98.5  p12_lo=96.5  p13_be=98.5  p14_sk=99.0  p15_pl=100.0  p16_ro=93.5  p17_cr=92.5  p18_ca=97.0  p19_po=86.0  p20_aq=98.0  p21_la=96.5  p22_be=91.5  p23_ca=99.0
cumulative: avg acc 95.50%  storage 15.65 MB  free weights 0.0483

=== [CViT-CPG] TASK 25/50: p24_bed_kangaroo ===
after task 25: p00_cr=84.0  p01_ba=90.0  p02_sk=94.5  p03_ca=98.5  p04_or=98.5  p05_or=97.5  p06_bu=98.0  p07_be=97.0  p08_cl=93.0  p09_bi=96.5  p10_li=98.0  p11_be=98.5  p12_lo=96.5  p13_be=98.5  p14_sk=99.0  p15_pl=100.0  p16_ro=93.5  p17_cr=92.5  p18_ca=97.0  p19_po=86.0  p20_aq=98.0  p21_la=96.5  p22_be=91.5  p23_ca=99.0  p24_be=97.0
cumulative: avg acc 95.56%  storage 15.99 MB  free weights 0.0483

=== [CViT-CPG] TASK 26/50: p25_pine_tree_trout ===
after task 26: p00_cr=84.0  p01_ba=90.0  p02_sk=94.5  p03_ca=98.5  p04_or=98.5  p05_or=97.5  p06_bu=98.0  p07_be=97.0  p08_cl=93.0  p09_bi=96.5  p10_li=98.0  p11_be=98.5  p12_lo=96.5  p13_be=98.5  p14_sk=99.0  p15_pl=100.0  p16_ro=93.5  p17_cr=92.5  p18_ca=97.0  p19_po=86.0  p20_aq=98.0  p21_la=96.5  p22_be=91.5  p23_ca=99.0  p24_be=97.0  p25_pi=96.0
cumulative: avg acc 95.58%  storage 16.32 MB  free weights 0.0483

=== [CViT-CPG] TASK 27/50: p26_apple_fox ===
after task 27: p00_cr=84.0  p01_ba=90.0  p02_sk=94.5  p03_ca=98.5  p04_or=98.5  p05_or=97.5  p06_bu=98.0  p07_be=97.0  p08_cl=93.0  p09_bi=96.5  p10_li=98.0  p11_be=98.5  p12_lo=96.5  p13_be=98.5  p14_sk=99.0  p15_pl=100.0  p16_ro=93.5  p17_cr=92.5  p18_ca=97.0  p19_po=86.0  p20_aq=98.0  p21_la=96.5  p22_be=91.5  p23_ca=99.0  p24_be=97.0  p25_pi=96.0  p26_ap=99.5
cumulative: avg acc 95.72%  storage 16.66 MB  free weights 0.0483

=== [CViT-CPG] TASK 28/50: p27_cup_mouse ===
after task 28: p00_cr=84.0  p01_ba=90.0  p02_sk=94.5  p03_ca=98.5  p04_or=98.5  p05_or=97.5  p06_bu=98.0  p07_be=97.0  p08_cl=93.0  p09_bi=96.5  p10_li=98.0  p11_be=98.5  p12_lo=96.5  p13_be=98.5  p14_sk=99.0  p15_pl=100.0  p16_ro=93.5  p17_cr=92.5  p18_ca=97.0  p19_po=86.0  p20_aq=98.0  p21_la=96.5  p22_be=91.5  p23_ca=99.0  p24_be=97.0  p25_pi=96.0  p26_ap=99.5  p27_cu=97.0
cumulative: avg acc 95.77%  storage 17.00 MB  free weights 0.0483

=== [CViT-CPG] TASK 29/50: p28_boy_girl ===
after task 29: p00_cr=84.0  p01_ba=90.0  p02_sk=94.5  p03_ca=98.5  p04_or=98.5  p05_or=97.5  p06_bu=98.0  p07_be=97.0  p08_cl=93.0  p09_bi=96.5  p10_li=98.0  p11_be=98.5  p12_lo=96.5  p13_be=98.5  p14_sk=99.0  p15_pl=100.0  p16_ro=93.5  p17_cr=92.5  p18_ca=97.0  p19_po=86.0  p20_aq=98.0  p21_la=96.5  p22_be=91.5  p23_ca=99.0  p24_be=97.0  p25_pi=96.0  p26_ap=99.5  p27_cu=97.0  p28_bo=66.5
cumulative: avg acc 94.76%  storage 17.33 MB  free weights 0.0482

=== [CViT-CPG] TASK 30/50: p29_cloud_oak_tree ===
after task 30: p00_cr=84.0  p01_ba=90.0  p02_sk=94.5  p03_ca=98.5  p04_or=98.5  p05_or=97.5  p06_bu=98.0  p07_be=97.0  p08_cl=93.0  p09_bi=96.5  p10_li=98.0  p11_be=98.5  p12_lo=96.5  p13_be=98.5  p14_sk=99.0  p15_pl=100.0  p16_ro=93.5  p17_cr=92.5  p18_ca=97.0  p19_po=86.0  p20_aq=98.0  p21_la=96.5  p22_be=91.5  p23_ca=99.0  p24_be=97.0  p25_pi=96.0  p26_ap=99.5  p27_cu=97.0  p28_bo=66.5  p29_cl=99.5
cumulative: avg acc 94.92%  storage 17.67 MB  free weights 0.0482

=== [CViT-CPG] TASK 31/50: p30_bowl_elephant ===
after task 31: p00_cr=84.0  p01_ba=90.0  p02_sk=94.5  p03_ca=98.5  p04_or=98.5  p05_or=97.5  p06_bu=98.0  p07_be=97.0  p08_cl=93.0  p09_bi=96.5  p10_li=98.0  p11_be=98.5  p12_lo=96.5  p13_be=98.5  p14_sk=99.0  p15_pl=100.0  p16_ro=93.5  p17_cr=92.5  p18_ca=97.0  p19_po=86.0  p20_aq=98.0  p21_la=96.5  p22_be=91.5  p23_ca=99.0  p24_be=97.0  p25_pi=96.0  p26_ap=99.5  p27_cu=97.0  p28_bo=66.5  p29_cl=99.5  p30_bo=96.0
cumulative: avg acc 94.95%  storage 18.01 MB  free weights 0.0482

=== [CViT-CPG] TASK 32/50: p31_pear_raccoon ===
after task 32: p00_cr=84.0  p01_ba=90.0  p02_sk=94.5  p03_ca=98.5  p04_or=98.5  p05_or=97.5  p06_bu=98.0  p07_be=97.0  p08_cl=93.0  p09_bi=96.5  p10_li=98.0  p11_be=98.5  p12_lo=96.5  p13_be=98.5  p14_sk=99.0  p15_pl=100.0  p16_ro=93.5  p17_cr=92.5  p18_ca=97.0  p19_po=86.0  p20_aq=98.0  p21_la=96.5  p22_be=91.5  p23_ca=99.0  p24_be=97.0  p25_pi=96.0  p26_ap=99.5  p27_cu=97.0  p28_bo=66.5  p29_cl=99.5  p30_bo=96.0  p31_pe=98.0
cumulative: avg acc 95.05%  storage 18.55 MB  free weights 0.0482

=== [CViT-CPG] TASK 33/50: p32_spider_tank ===
after task 33: p00_cr=84.0  p01_ba=90.0  p02_sk=94.5  p03_ca=98.5  p04_or=98.5  p05_or=97.5  p06_bu=98.0  p07_be=97.0  p08_cl=93.0  p09_bi=96.5  p10_li=98.0  p11_be=98.5  p12_lo=96.5  p13_be=98.5  p14_sk=99.0  p15_pl=100.0  p16_ro=93.5  p17_cr=92.5  p18_ca=97.0  p19_po=86.0  p20_aq=98.0  p21_la=96.5  p22_be=91.5  p23_ca=99.0  p24_be=97.0  p25_pi=96.0  p26_ap=99.5  p27_cu=97.0  p28_bo=66.5  p29_cl=99.5  p30_bo=96.0  p31_pe=98.0  p32_sp=96.5
cumulative: avg acc 95.09%  storage 18.89 MB  free weights 0.0482

=== [CViT-CPG] TASK 34/50: p33_flatfish_table ===
after task 34: p00_cr=84.0  p01_ba=90.0  p02_sk=94.5  p03_ca=98.5  p04_or=98.5  p05_or=97.5  p06_bu=98.0  p07_be=97.0  p08_cl=93.0  p09_bi=96.5  p10_li=98.0  p11_be=98.5  p12_lo=96.5  p13_be=98.5  p14_sk=99.0  p15_pl=100.0  p16_ro=93.5  p17_cr=92.5  p18_ca=97.0  p19_po=86.0  p20_aq=98.0  p21_la=96.5  p22_be=91.5  p23_ca=99.0  p24_be=97.0  p25_pi=96.0  p26_ap=99.5  p27_cu=97.0  p28_bo=66.5  p29_cl=99.5  p30_bo=96.0  p31_pe=98.0  p32_sp=96.5  p33_fl=90.0
cumulative: avg acc 94.94%  storage 19.23 MB  free weights 0.0482

=== [CViT-CPG] TASK 35/50: p34_butterfly_tractor ===
after task 35: p00_cr=84.0  p01_ba=90.0  p02_sk=94.5  p03_ca=98.5  p04_or=98.5  p05_or=97.5  p06_bu=98.0  p07_be=97.0  p08_cl=93.0  p09_bi=96.5  p10_li=98.0  p11_be=98.5  p12_lo=96.5  p13_be=98.5  p14_sk=99.0  p15_pl=100.0  p16_ro=93.5  p17_cr=92.5  p18_ca=97.0  p19_po=86.0  p20_aq=98.0  p21_la=96.5  p22_be=91.5  p23_ca=99.0  p24_be=97.0  p25_pi=96.0  p26_ap=99.5  p27_cu=97.0  p28_bo=66.5  p29_cl=99.5  p30_bo=96.0  p31_pe=98.0  p32_sp=96.5  p33_fl=90.0  p34_bu=95.0
cumulative: avg acc 94.94%  storage 19.56 MB  free weights 0.0482

=== [CViT-CPG] TASK 36/50: p35_cattle_dinosaur ===
after task 36: p00_cr=84.0  p01_ba=90.0  p02_sk=94.5  p03_ca=98.5  p04_or=98.5  p05_or=97.5  p06_bu=98.0  p07_be=97.0  p08_cl=93.0  p09_bi=96.5  p10_li=98.0  p11_be=98.5  p12_lo=96.5  p13_be=98.5  p14_sk=99.0  p15_pl=100.0  p16_ro=93.5  p17_cr=92.5  p18_ca=97.0  p19_po=86.0  p20_aq=98.0  p21_la=96.5  p22_be=91.5  p23_ca=99.0  p24_be=97.0  p25_pi=96.0  p26_ap=99.5  p27_cu=97.0  p28_bo=66.5  p29_cl=99.5  p30_bo=96.0  p31_pe=98.0  p32_sp=96.5  p33_fl=90.0  p34_bu=95.0  p35_ca=89.5
cumulative: avg acc 94.79%  storage 19.90 MB  free weights 0.0482

=== [CViT-CPG] TASK 37/50: p36_mountain_wolf ===
after task 37: p00_cr=84.0  p01_ba=90.0  p02_sk=94.5  p03_ca=98.5  p04_or=98.5  p05_or=97.5  p06_bu=98.0  p07_be=97.0  p08_cl=93.0  p09_bi=96.5  p10_li=98.0  p11_be=98.5  p12_lo=96.5  p13_be=98.5  p14_sk=99.0  p15_pl=100.0  p16_ro=93.5  p17_cr=92.5  p18_ca=97.0  p19_po=86.0  p20_aq=98.0  p21_la=96.5  p22_be=91.5  p23_ca=99.0  p24_be=97.0  p25_pi=96.0  p26_ap=99.5  p27_cu=97.0  p28_bo=66.5  p29_cl=99.5  p30_bo=96.0  p31_pe=98.0  p32_sp=96.5  p33_fl=90.0  p34_bu=95.0  p35_ca=89.5  p36_mo=97.0
cumulative: avg acc 94.85%  storage 20.24 MB  free weights 0.0482

=== [CViT-CPG] TASK 38/50: p37_rocket_woman ===
after task 38: p00_cr=84.0  p01_ba=90.0  p02_sk=94.5  p03_ca=98.5  p04_or=98.5  p05_or=97.5  p06_bu=98.0  p07_be=97.0  p08_cl=93.0  p09_bi=96.5  p10_li=98.0  p11_be=98.5  p12_lo=96.5  p13_be=98.5  p14_sk=99.0  p15_pl=100.0  p16_ro=93.5  p17_cr=92.5  p18_ca=97.0  p19_po=86.0  p20_aq=98.0  p21_la=96.5  p22_be=91.5  p23_ca=99.0  p24_be=97.0  p25_pi=96.0  p26_ap=99.5  p27_cu=97.0  p28_bo=66.5  p29_cl=99.5  p30_bo=96.0  p31_pe=98.0  p32_sp=96.5  p33_fl=90.0  p34_bu=95.0  p35_ca=89.5  p36_mo=97.0  p37_ro=97.0
cumulative: avg acc 94.91%  storage 20.57 MB  free weights 0.0482

=== [CViT-CPG] TASK 39/50: p38_chair_wardrobe ===
after task 39: p00_cr=84.0  p01_ba=90.0  p02_sk=94.5  p03_ca=98.5  p04_or=98.5  p05_or=97.5  p06_bu=98.0  p07_be=97.0  p08_cl=93.0  p09_bi=96.5  p10_li=98.0  p11_be=98.5  p12_lo=96.5  p13_be=98.5  p14_sk=99.0  p15_pl=100.0  p16_ro=93.5  p17_cr=92.5  p18_ca=97.0  p19_po=86.0  p20_aq=98.0  p21_la=96.5  p22_be=91.5  p23_ca=99.0  p24_be=97.0  p25_pi=96.0  p26_ap=99.5  p27_cu=97.0  p28_bo=66.5  p29_cl=99.5  p30_bo=96.0  p31_pe=98.0  p32_sp=96.5  p33_fl=90.0  p34_bu=95.0  p35_ca=89.5  p36_mo=97.0  p37_ro=97.0  p38_ch=97.0
cumulative: avg acc 94.96%  storage 20.91 MB  free weights 0.0482

=== [CViT-CPG] TASK 40/50: p39_seal_snail ===
after task 40: p00_cr=84.0  p01_ba=90.0  p02_sk=94.5  p03_ca=98.5  p04_or=98.5  p05_or=97.5  p06_bu=98.0  p07_be=97.0  p08_cl=93.0  p09_bi=96.5  p10_li=98.0  p11_be=98.5  p12_lo=96.5  p13_be=98.5  p14_sk=99.0  p15_pl=100.0  p16_ro=93.5  p17_cr=92.5  p18_ca=97.0  p19_po=86.0  p20_aq=98.0  p21_la=96.5  p22_be=91.5  p23_ca=99.0  p24_be=97.0  p25_pi=96.0  p26_ap=99.5  p27_cu=97.0  p28_bo=66.5  p29_cl=99.5  p30_bo=96.0  p31_pe=98.0  p32_sp=96.5  p33_fl=90.0  p34_bu=95.0  p35_ca=89.5  p36_mo=97.0  p37_ro=97.0  p38_ch=97.0  p39_se=89.5
cumulative: avg acc 94.83%  storage 21.25 MB  free weights 0.0482

=== [CViT-CPG] TASK 41/50: p40_couch_house ===
after task 41: p00_cr=84.0  p01_ba=90.0  p02_sk=94.5  p03_ca=98.5  p04_or=98.5  p05_or=97.5  p06_bu=98.0  p07_be=97.0  p08_cl=93.0  p09_bi=96.5  p10_li=98.0  p11_be=98.5  p12_lo=96.5  p13_be=98.5  p14_sk=99.0  p15_pl=100.0  p16_ro=93.5  p17_cr=92.5  p18_ca=97.0  p19_po=86.0  p20_aq=98.0  p21_la=96.5  p22_be=91.5  p23_ca=99.0  p24_be=97.0  p25_pi=96.0  p26_ap=99.5  p27_cu=97.0  p28_bo=66.5  p29_cl=99.5  p30_bo=96.0  p31_pe=98.0  p32_sp=96.5  p33_fl=90.0  p34_bu=95.0  p35_ca=89.5  p36_mo=97.0  p37_ro=97.0  p38_ch=97.0  p39_se=89.5  p40_co=94.0
cumulative: avg acc 94.80%  storage 21.58 MB  free weights 0.0481

=== [CViT-CPG] TASK 42/50: p41_man_streetcar ===
after task 42: p00_cr=84.0  p01_ba=90.0  p02_sk=94.5  p03_ca=98.5  p04_or=98.5  p05_or=97.5  p06_bu=98.0  p07_be=97.0  p08_cl=93.0  p09_bi=96.5  p10_li=98.0  p11_be=98.5  p12_lo=96.5  p13_be=98.5  p14_sk=99.0  p15_pl=100.0  p16_ro=93.5  p17_cr=92.5  p18_ca=97.0  p19_po=86.0  p20_aq=98.0  p21_la=96.5  p22_be=91.5  p23_ca=99.0  p24_be=97.0  p25_pi=96.0  p26_ap=99.5  p27_cu=97.0  p28_bo=66.5  p29_cl=99.5  p30_bo=96.0  p31_pe=98.0  p32_sp=96.5  p33_fl=90.0  p34_bu=95.0  p35_ca=89.5  p36_mo=97.0  p37_ro=97.0  p38_ch=97.0  p39_se=89.5  p40_co=94.0  p41_ma=97.0
cumulative: avg acc 94.86%  storage 21.92 MB  free weights 0.0481

=== [CViT-CPG] TASK 43/50: p42_keyboard_rabbit ===
after task 43: p00_cr=84.0  p01_ba=90.0  p02_sk=94.5  p03_ca=98.5  p04_or=98.5  p05_or=97.5  p06_bu=98.0  p07_be=97.0  p08_cl=93.0  p09_bi=96.5  p10_li=98.0  p11_be=98.5  p12_lo=96.5  p13_be=98.5  p14_sk=99.0  p15_pl=100.0  p16_ro=93.5  p17_cr=92.5  p18_ca=97.0  p19_po=86.0  p20_aq=98.0  p21_la=96.5  p22_be=91.5  p23_ca=99.0  p24_be=97.0  p25_pi=96.0  p26_ap=99.5  p27_cu=97.0  p28_bo=66.5  p29_cl=99.5  p30_bo=96.0  p31_pe=98.0  p32_sp=96.5  p33_fl=90.0  p34_bu=95.0  p35_ca=89.5  p36_mo=97.0  p37_ro=97.0  p38_ch=97.0  p39_se=89.5  p40_co=94.0  p41_ma=97.0  p42_ke=95.0
cumulative: avg acc 94.86%  storage 22.25 MB  free weights 0.0481

=== [CViT-CPG] TASK 44/50: p43_bridge_pickup_truck ===
after task 44: p00_cr=84.0  p01_ba=90.0  p02_sk=94.5  p03_ca=98.5  p04_or=98.5  p05_or=97.5  p06_bu=98.0  p07_be=97.0  p08_cl=93.0  p09_bi=96.5  p10_li=98.0  p11_be=98.5  p12_lo=96.5  p13_be=98.5  p14_sk=99.0  p15_pl=100.0  p16_ro=93.5  p17_cr=92.5  p18_ca=97.0  p19_po=86.0  p20_aq=98.0  p21_la=96.5  p22_be=91.5  p23_ca=99.0  p24_be=97.0  p25_pi=96.0  p26_ap=99.5  p27_cu=97.0  p28_bo=66.5  p29_cl=99.5  p30_bo=96.0  p31_pe=98.0  p32_sp=96.5  p33_fl=90.0  p34_bu=95.0  p35_ca=89.5  p36_mo=97.0  p37_ro=97.0  p38_ch=97.0  p39_se=89.5  p40_co=94.0  p41_ma=97.0  p42_ke=95.0  p43_br=95.0
cumulative: avg acc 94.86%  storage 22.59 MB  free weights 0.0481

=== [CViT-CPG] TASK 45/50: p44_rose_tiger ===
after task 45: p00_cr=84.0  p01_ba=90.0  p02_sk=94.5  p03_ca=98.5  p04_or=98.5  p05_or=97.5  p06_bu=98.0  p07_be=97.0  p08_cl=93.0  p09_bi=96.5  p10_li=98.0  p11_be=98.5  p12_lo=96.5  p13_be=98.5  p14_sk=99.0  p15_pl=100.0  p16_ro=93.5  p17_cr=92.5  p18_ca=97.0  p19_po=86.0  p20_aq=98.0  p21_la=96.5  p22_be=91.5  p23_ca=99.0  p24_be=97.0  p25_pi=96.0  p26_ap=99.5  p27_cu=97.0  p28_bo=66.5  p29_cl=99.5  p30_bo=96.0  p31_pe=98.0  p32_sp=96.5  p33_fl=90.0  p34_bu=95.0  p35_ca=89.5  p36_mo=97.0  p37_ro=97.0  p38_ch=97.0  p39_se=89.5  p40_co=94.0  p41_ma=97.0  p42_ke=95.0  p43_br=95.0  p44_ro=98.0
cumulative: avg acc 94.93%  storage 22.93 MB  free weights 0.0481

=== [CViT-CPG] TASK 46/50: p45_hamster_television ===
after task 46: p00_cr=84.0  p01_ba=90.0  p02_sk=94.5  p03_ca=98.5  p04_or=98.5  p05_or=97.5  p06_bu=98.0  p07_be=97.0  p08_cl=93.0  p09_bi=96.5  p10_li=98.0  p11_be=98.5  p12_lo=96.5  p13_be=98.5  p14_sk=99.0  p15_pl=100.0  p16_ro=93.5  p17_cr=92.5  p18_ca=97.0  p19_po=86.0  p20_aq=98.0  p21_la=96.5  p22_be=91.5  p23_ca=99.0  p24_be=97.0  p25_pi=96.0  p26_ap=99.5  p27_cu=97.0  p28_bo=66.5  p29_cl=99.5  p30_bo=96.0  p31_pe=98.0  p32_sp=96.5  p33_fl=90.0  p34_bu=95.0  p35_ca=89.5  p36_mo=97.0  p37_ro=97.0  p38_ch=97.0  p39_se=89.5  p40_co=94.0  p41_ma=97.0  p42_ke=95.0  p43_br=95.0  p44_ro=98.0  p45_ha=98.5
cumulative: avg acc 95.01%  storage 23.26 MB  free weights 0.0481

=== [CViT-CPG] TASK 47/50: p46_chimpanzee_sweet_pepper ===
after task 47: p00_cr=84.0  p01_ba=90.0  p02_sk=94.5  p03_ca=98.5  p04_or=98.5  p05_or=97.5  p06_bu=98.0  p07_be=97.0  p08_cl=93.0  p09_bi=96.5  p10_li=98.0  p11_be=98.5  p12_lo=96.5  p13_be=98.5  p14_sk=99.0  p15_pl=100.0  p16_ro=93.5  p17_cr=92.5  p18_ca=97.0  p19_po=86.0  p20_aq=98.0  p21_la=96.5  p22_be=91.5  p23_ca=99.0  p24_be=97.0  p25_pi=96.0  p26_ap=99.5  p27_cu=97.0  p28_bo=66.5  p29_cl=99.5  p30_bo=96.0  p31_pe=98.0  p32_sp=96.5  p33_fl=90.0  p34_bu=95.0  p35_ca=89.5  p36_mo=97.0  p37_ro=97.0  p38_ch=97.0  p39_se=89.5  p40_co=94.0  p41_ma=97.0  p42_ke=95.0  p43_br=95.0  p44_ro=98.0  p45_ha=98.5  p46_ch=98.5
cumulative: avg acc 95.09%  storage 23.60 MB  free weights 0.0481

=== [CViT-CPG] TASK 48/50: p47_bottle_willow_tree ===
after task 48: p00_cr=84.0  p01_ba=90.0  p02_sk=94.5  p03_ca=98.5  p04_or=98.5  p05_or=97.5  p06_bu=98.0  p07_be=97.0  p08_cl=93.0  p09_bi=96.5  p10_li=98.0  p11_be=98.5  p12_lo=96.5  p13_be=98.5  p14_sk=99.0  p15_pl=100.0  p16_ro=93.5  p17_cr=92.5  p18_ca=97.0  p19_po=86.0  p20_aq=98.0  p21_la=96.5  p22_be=91.5  p23_ca=99.0  p24_be=97.0  p25_pi=96.0  p26_ap=99.5  p27_cu=97.0  p28_bo=66.5  p29_cl=99.5  p30_bo=96.0  p31_pe=98.0  p32_sp=96.5  p33_fl=90.0  p34_bu=95.0  p35_ca=89.5  p36_mo=97.0  p37_ro=97.0  p38_ch=97.0  p39_se=89.5  p40_co=94.0  p41_ma=97.0  p42_ke=95.0  p43_br=95.0  p44_ro=98.0  p45_ha=98.5  p46_ch=98.5  p47_bo=95.5
cumulative: avg acc 95.09%  storage 23.94 MB  free weights 0.0481

=== [CViT-CPG] TASK 49/50: p48_possum_ray ===
after task 49: p00_cr=84.0  p01_ba=90.0  p02_sk=94.5  p03_ca=98.5  p04_or=98.5  p05_or=97.5  p06_bu=98.0  p07_be=97.0  p08_cl=93.0  p09_bi=96.5  p10_li=98.0  p11_be=98.5  p12_lo=96.5  p13_be=98.5  p14_sk=99.0  p15_pl=100.0  p16_ro=93.5  p17_cr=92.5  p18_ca=97.0  p19_po=86.0  p20_aq=98.0  p21_la=96.5  p22_be=91.5  p23_ca=99.0  p24_be=97.0  p25_pi=96.0  p26_ap=99.5  p27_cu=97.0  p28_bo=66.5  p29_cl=99.5  p30_bo=96.0  p31_pe=98.0  p32_sp=96.5  p33_fl=90.0  p34_bu=95.0  p35_ca=89.5  p36_mo=97.0  p37_ro=97.0  p38_ch=97.0  p39_se=89.5  p40_co=94.0  p41_ma=97.0  p42_ke=95.0  p43_br=95.0  p44_ro=98.0  p45_ha=98.5  p46_ch=98.5  p47_bo=95.5  p48_po=90.5
cumulative: avg acc 95.00%  storage 24.27 MB  free weights 0.0481

=== [CViT-CPG] TASK 50/50: p49_lizard_maple_tree ===
after task 50: p00_cr=84.0  p01_ba=90.0  p02_sk=94.5  p03_ca=98.5  p04_or=98.5  p05_or=97.5  p06_bu=98.0  p07_be=97.0  p08_cl=93.0  p09_bi=96.5  p10_li=98.0  p11_be=98.5  p12_lo=96.5  p13_be=98.5  p14_sk=99.0  p15_pl=100.0  p16_ro=93.5  p17_cr=92.5  p18_ca=97.0  p19_po=86.0  p20_aq=98.0  p21_la=96.5  p22_be=91.5  p23_ca=99.0  p24_be=97.0  p25_pi=96.0  p26_ap=99.5  p27_cu=97.0  p28_bo=66.5  p29_cl=99.5  p30_bo=96.0  p31_pe=98.0  p32_sp=96.5  p33_fl=90.0  p34_bu=95.0  p35_ca=89.5  p36_mo=97.0  p37_ro=97.0  p38_ch=97.0  p39_se=89.5  p40_co=94.0  p41_ma=97.0  p42_ke=95.0  p43_br=95.0  p44_ro=98.0  p45_ha=98.5  p46_ch=98.5  p47_bo=95.5  p48_po=90.5  p49_li=98.0
cumulative: avg acc 95.06%  storage 24.61 MB  free weights 0.0481

==========================================================================
CViT-CPG : per-task accuracy (row = task, col = measured after task N)
==========================================================================
task \ after      1      2      3      4      5      6      7      8      9     10     11     12     13     14     15     16     17     18     19     20     21     22     23     24     25     26     27     28     29     30     31     32     33     34     35     36     37     38     39     40     41     42     43     44     45     46     47     48     49     50
p00_crab_tel   84.0   84.0   84.0   84.0   84.0   84.0   84.0   84.0   84.0   84.0   84.0   84.0   84.0   84.0   84.0   84.0   84.0   84.0   84.0   84.0   84.0   84.0   84.0   84.0   84.0   84.0   84.0   84.0   84.0   84.0   84.0   84.0   84.0   84.0   84.0   84.0   84.0   84.0   84.0   84.0   84.0   84.0   84.0   84.0   84.0   84.0   84.0   84.0   84.0   84.0
p01_baby_ott    -     90.0   90.0   90.0   90.0   90.0   90.0   90.0   90.0   90.0   90.0   90.0   90.0   90.0   90.0   90.0   90.0   90.0   90.0   90.0   90.0   90.0   90.0   90.0   90.0   90.0   90.0   90.0   90.0   90.0   90.0   90.0   90.0   90.0   90.0   90.0   90.0   90.0   90.0   90.0   90.0   90.0   90.0   90.0   90.0   90.0   90.0   90.0   90.0   90.0
p02_skunk_tu    -      -     94.5   94.5   94.5   94.5   94.5   94.5   94.5   94.5   94.5   94.5   94.5   94.5   94.5   94.5   94.5   94.5   94.5   94.5   94.5   94.5   94.5   94.5   94.5   94.5   94.5   94.5   94.5   94.5   94.5   94.5   94.5   94.5   94.5   94.5   94.5   94.5   94.5   94.5   94.5   94.5   94.5   94.5   94.5   94.5   94.5   94.5   94.5   94.5
p03_can_shar    -      -      -     98.5   98.5   98.5   98.5   98.5   98.5   98.5   98.5   98.5   98.5   98.5   98.5   98.5   98.5   98.5   98.5   98.5   98.5   98.5   98.5   98.5   98.5   98.5   98.5   98.5   98.5   98.5   98.5   98.5   98.5   98.5   98.5   98.5   98.5   98.5   98.5   98.5   98.5   98.5   98.5   98.5   98.5   98.5   98.5   98.5   98.5   98.5
p04_orchid_w    -      -      -      -     98.5   98.5   98.5   98.5   98.5   98.5   98.5   98.5   98.5   98.5   98.5   98.5   98.5   98.5   98.5   98.5   98.5   98.5   98.5   98.5   98.5   98.5   98.5   98.5   98.5   98.5   98.5   98.5   98.5   98.5   98.5   98.5   98.5   98.5   98.5   98.5   98.5   98.5   98.5   98.5   98.5   98.5   98.5   98.5   98.5   98.5
p05_orange_t    -      -      -      -      -     97.5   97.5   97.5   97.5   97.5   97.5   97.5   97.5   97.5   97.5   97.5   97.5   97.5   97.5   97.5   97.5   97.5   97.5   97.5   97.5   97.5   97.5   97.5   97.5   97.5   97.5   97.5   97.5   97.5   97.5   97.5   97.5   97.5   97.5   97.5   97.5   97.5   97.5   97.5   97.5   97.5   97.5   97.5   97.5   97.5
p06_bus_snak    -      -      -      -      -      -     98.0   98.0   98.0   98.0   98.0   98.0   98.0   98.0   98.0   98.0   98.0   98.0   98.0   98.0   98.0   98.0   98.0   98.0   98.0   98.0   98.0   98.0   98.0   98.0   98.0   98.0   98.0   98.0   98.0   98.0   98.0   98.0   98.0   98.0   98.0   98.0   98.0   98.0   98.0   98.0   98.0   98.0   98.0   98.0
p07_beetle_d    -      -      -      -      -      -      -     97.0   97.0   97.0   97.0   97.0   97.0   97.0   97.0   97.0   97.0   97.0   97.0   97.0   97.0   97.0   97.0   97.0   97.0   97.0   97.0   97.0   97.0   97.0   97.0   97.0   97.0   97.0   97.0   97.0   97.0   97.0   97.0   97.0   97.0   97.0   97.0   97.0   97.0   97.0   97.0   97.0   97.0   97.0
p08_clock_co    -      -      -      -      -      -      -      -     93.0   93.0   93.0   93.0   93.0   93.0   93.0   93.0   93.0   93.0   93.0   93.0   93.0   93.0   93.0   93.0   93.0   93.0   93.0   93.0   93.0   93.0   93.0   93.0   93.0   93.0   93.0   93.0   93.0   93.0   93.0   93.0   93.0   93.0   93.0   93.0   93.0   93.0   93.0   93.0   93.0   93.0
p09_bicycle_    -      -      -      -      -      -      -      -      -     96.5   96.5   96.5   96.5   96.5   96.5   96.5   96.5   96.5   96.5   96.5   96.5   96.5   96.5   96.5   96.5   96.5   96.5   96.5   96.5   96.5   96.5   96.5   96.5   96.5   96.5   96.5   96.5   96.5   96.5   96.5   96.5   96.5   96.5   96.5   96.5   96.5   96.5   96.5   96.5   96.5
p10_lion_pop    -      -      -      -      -      -      -      -      -      -     98.0   98.0   98.0   98.0   98.0   98.0   98.0   98.0   98.0   98.0   98.0   98.0   98.0   98.0   98.0   98.0   98.0   98.0   98.0   98.0   98.0   98.0   98.0   98.0   98.0   98.0   98.0   98.0   98.0   98.0   98.0   98.0   98.0   98.0   98.0   98.0   98.0   98.0   98.0   98.0
p11_bear_sea    -      -      -      -      -      -      -      -      -      -      -     98.5   98.5   98.5   98.5   98.5   98.5   98.5   98.5   98.5   98.5   98.5   98.5   98.5   98.5   98.5   98.5   98.5   98.5   98.5   98.5   98.5   98.5   98.5   98.5   98.5   98.5   98.5   98.5   98.5   98.5   98.5   98.5   98.5   98.5   98.5   98.5   98.5   98.5   98.5
p12_lobster_    -      -      -      -      -      -      -      -      -      -      -      -     96.5   96.5   96.5   96.5   96.5   96.5   96.5   96.5   96.5   96.5   96.5   96.5   96.5   96.5   96.5   96.5   96.5   96.5   96.5   96.5   96.5   96.5   96.5   96.5   96.5   96.5   96.5   96.5   96.5   96.5   96.5   96.5   96.5   96.5   96.5   96.5   96.5   96.5
p13_bee_worm    -      -      -      -      -      -      -      -      -      -      -      -      -     98.5   98.5   98.5   98.5   98.5   98.5   98.5   98.5   98.5   98.5   98.5   98.5   98.5   98.5   98.5   98.5   98.5   98.5   98.5   98.5   98.5   98.5   98.5   98.5   98.5   98.5   98.5   98.5   98.5   98.5   98.5   98.5   98.5   98.5   98.5   98.5   98.5
p14_skyscrap    -      -      -      -      -      -      -      -      -      -      -      -      -      -     99.0   99.0   99.0   99.0   99.0   99.0   99.0   99.0   99.0   99.0   99.0   99.0   99.0   99.0   99.0   99.0   99.0   99.0   99.0   99.0   99.0   99.0   99.0   99.0   99.0   99.0   99.0   99.0   99.0   99.0   99.0   99.0   99.0   99.0   99.0   99.0
p15_plain_sq    -      -      -      -      -      -      -      -      -      -      -      -      -      -      -    100.0  100.0  100.0  100.0  100.0  100.0  100.0  100.0  100.0  100.0  100.0  100.0  100.0  100.0  100.0  100.0  100.0  100.0  100.0  100.0  100.0  100.0  100.0  100.0  100.0  100.0  100.0  100.0  100.0  100.0  100.0  100.0  100.0  100.0  100.0
p16_road_tra    -      -      -      -      -      -      -      -      -      -      -      -      -      -      -      -     93.5   93.5   93.5   93.5   93.5   93.5   93.5   93.5   93.5   93.5   93.5   93.5   93.5   93.5   93.5   93.5   93.5   93.5   93.5   93.5   93.5   93.5   93.5   93.5   93.5   93.5   93.5   93.5   93.5   93.5   93.5   93.5   93.5   93.5
p17_crocodil    -      -      -      -      -      -      -      -      -      -      -      -      -      -      -      -      -     92.5   92.5   92.5   92.5   92.5   92.5   92.5   92.5   92.5   92.5   92.5   92.5   92.5   92.5   92.5   92.5   92.5   92.5   92.5   92.5   92.5   92.5   92.5   92.5   92.5   92.5   92.5   92.5   92.5   92.5   92.5   92.5   92.5
p18_caterpil    -      -      -      -      -      -      -      -      -      -      -      -      -      -      -      -      -      -     97.0   97.0   97.0   97.0   97.0   97.0   97.0   97.0   97.0   97.0   97.0   97.0   97.0   97.0   97.0   97.0   97.0   97.0   97.0   97.0   97.0   97.0   97.0   97.0   97.0   97.0   97.0   97.0   97.0   97.0   97.0   97.0
p19_porcupin    -      -      -      -      -      -      -      -      -      -      -      -      -      -      -      -      -      -      -     86.0   86.0   86.0   86.0   86.0   86.0   86.0   86.0   86.0   86.0   86.0   86.0   86.0   86.0   86.0   86.0   86.0   86.0   86.0   86.0   86.0   86.0   86.0   86.0   86.0   86.0   86.0   86.0   86.0   86.0   86.0
p20_aquarium    -      -      -      -      -      -      -      -      -      -      -      -      -      -      -      -      -      -      -      -     98.0   98.0   98.0   98.0   98.0   98.0   98.0   98.0   98.0   98.0   98.0   98.0   98.0   98.0   98.0   98.0   98.0   98.0   98.0   98.0   98.0   98.0   98.0   98.0   98.0   98.0   98.0   98.0   98.0   98.0
p21_lawn_mow    -      -      -      -      -      -      -      -      -      -      -      -      -      -      -      -      -      -      -      -      -     96.5   96.5   96.5   96.5   96.5   96.5   96.5   96.5   96.5   96.5   96.5   96.5   96.5   96.5   96.5   96.5   96.5   96.5   96.5   96.5   96.5   96.5   96.5   96.5   96.5   96.5   96.5   96.5   96.5
p22_beaver_c    -      -      -      -      -      -      -      -      -      -      -      -      -      -      -      -      -      -      -      -      -      -     91.5   91.5   91.5   91.5   91.5   91.5   91.5   91.5   91.5   91.5   91.5   91.5   91.5   91.5   91.5   91.5   91.5   91.5   91.5   91.5   91.5   91.5   91.5   91.5   91.5   91.5   91.5   91.5
p23_castle_l    -      -      -      -      -      -      -      -      -      -      -      -      -      -      -      -      -      -      -      -      -      -      -     99.0   99.0   99.0   99.0   99.0   99.0   99.0   99.0   99.0   99.0   99.0   99.0   99.0   99.0   99.0   99.0   99.0   99.0   99.0   99.0   99.0   99.0   99.0   99.0   99.0   99.0   99.0
p24_bed_kang    -      -      -      -      -      -      -      -      -      -      -      -      -      -      -      -      -      -      -      -      -      -      -      -     97.0   97.0   97.0   97.0   97.0   97.0   97.0   97.0   97.0   97.0   97.0   97.0   97.0   97.0   97.0   97.0   97.0   97.0   97.0   97.0   97.0   97.0   97.0   97.0   97.0   97.0
p25_pine_tre    -      -      -      -      -      -      -      -      -      -      -      -      -      -      -      -      -      -      -      -      -      -      -      -      -     96.0   96.0   96.0   96.0   96.0   96.0   96.0   96.0   96.0   96.0   96.0   96.0   96.0   96.0   96.0   96.0   96.0   96.0   96.0   96.0   96.0   96.0   96.0   96.0   96.0
p26_apple_fo    -      -      -      -      -      -      -      -      -      -      -      -      -      -      -      -      -      -      -      -      -      -      -      -      -      -     99.5   99.5   99.5   99.5   99.5   99.5   99.5   99.5   99.5   99.5   99.5   99.5   99.5   99.5   99.5   99.5   99.5   99.5   99.5   99.5   99.5   99.5   99.5   99.5
p27_cup_mous    -      -      -      -      -      -      -      -      -      -      -      -      -      -      -      -      -      -      -      -      -      -      -      -      -      -      -     97.0   97.0   97.0   97.0   97.0   97.0   97.0   97.0   97.0   97.0   97.0   97.0   97.0   97.0   97.0   97.0   97.0   97.0   97.0   97.0   97.0   97.0   97.0
p28_boy_girl    -      -      -      -      -      -      -      -      -      -      -      -      -      -      -      -      -      -      -      -      -      -      -      -      -      -      -      -     66.5   66.5   66.5   66.5   66.5   66.5   66.5   66.5   66.5   66.5   66.5   66.5   66.5   66.5   66.5   66.5   66.5   66.5   66.5   66.5   66.5   66.5
p29_cloud_oa    -      -      -      -      -      -      -      -      -      -      -      -      -      -      -      -      -      -      -      -      -      -      -      -      -      -      -      -      -     99.5   99.5   99.5   99.5   99.5   99.5   99.5   99.5   99.5   99.5   99.5   99.5   99.5   99.5   99.5   99.5   99.5   99.5   99.5   99.5   99.5
p30_bowl_ele    -      -      -      -      -      -      -      -      -      -      -      -      -      -      -      -      -      -      -      -      -      -      -      -      -      -      -      -      -      -     96.0   96.0   96.0   96.0   96.0   96.0   96.0   96.0   96.0   96.0   96.0   96.0   96.0   96.0   96.0   96.0   96.0   96.0   96.0   96.0
p31_pear_rac    -      -      -      -      -      -      -      -      -      -      -      -      -      -      -      -      -      -      -      -      -      -      -      -      -      -      -      -      -      -      -     98.0   98.0   98.0   98.0   98.0   98.0   98.0   98.0   98.0   98.0   98.0   98.0   98.0   98.0   98.0   98.0   98.0   98.0   98.0
p32_spider_t    -      -      -      -      -      -      -      -      -      -      -      -      -      -      -      -      -      -      -      -      -      -      -      -      -      -      -      -      -      -      -      -     96.5   96.5   96.5   96.5   96.5   96.5   96.5   96.5   96.5   96.5   96.5   96.5   96.5   96.5   96.5   96.5   96.5   96.5
p33_flatfish    -      -      -      -      -      -      -      -      -      -      -      -      -      -      -      -      -      -      -      -      -      -      -      -      -      -      -      -      -      -      -      -      -     90.0   90.0   90.0   90.0   90.0   90.0   90.0   90.0   90.0   90.0   90.0   90.0   90.0   90.0   90.0   90.0   90.0
p34_butterfl    -      -      -      -      -      -      -      -      -      -      -      -      -      -      -      -      -      -      -      -      -      -      -      -      -      -      -      -      -      -      -      -      -      -     95.0   95.0   95.0   95.0   95.0   95.0   95.0   95.0   95.0   95.0   95.0   95.0   95.0   95.0   95.0   95.0
p35_cattle_d    -      -      -      -      -      -      -      -      -      -      -      -      -      -      -      -      -      -      -      -      -      -      -      -      -      -      -      -      -      -      -      -      -      -      -     89.5   89.5   89.5   89.5   89.5   89.5   89.5   89.5   89.5   89.5   89.5   89.5   89.5   89.5   89.5
p36_mountain    -      -      -      -      -      -      -      -      -      -      -      -      -      -      -      -      -      -      -      -      -      -      -      -      -      -      -      -      -      -      -      -      -      -      -      -     97.0   97.0   97.0   97.0   97.0   97.0   97.0   97.0   97.0   97.0   97.0   97.0   97.0   97.0
p37_rocket_w    -      -      -      -      -      -      -      -      -      -      -      -      -      -      -      -      -      -      -      -      -      -      -      -      -      -      -      -      -      -      -      -      -      -      -      -      -     97.0   97.0   97.0   97.0   97.0   97.0   97.0   97.0   97.0   97.0   97.0   97.0   97.0
p38_chair_wa    -      -      -      -      -      -      -      -      -      -      -      -      -      -      -      -      -      -      -      -      -      -      -      -      -      -      -      -      -      -      -      -      -      -      -      -      -      -     97.0   97.0   97.0   97.0   97.0   97.0   97.0   97.0   97.0   97.0   97.0   97.0
p39_seal_sna    -      -      -      -      -      -      -      -      -      -      -      -      -      -      -      -      -      -      -      -      -      -      -      -      -      -      -      -      -      -      -      -      -      -      -      -      -      -      -     89.5   89.5   89.5   89.5   89.5   89.5   89.5   89.5   89.5   89.5   89.5
p40_couch_ho    -      -      -      -      -      -      -      -      -      -      -      -      -      -      -      -      -      -      -      -      -      -      -      -      -      -      -      -      -      -      -      -      -      -      -      -      -      -      -      -     94.0   94.0   94.0   94.0   94.0   94.0   94.0   94.0   94.0   94.0
p41_man_stre    -      -      -      -      -      -      -      -      -      -      -      -      -      -      -      -      -      -      -      -      -      -      -      -      -      -      -      -      -      -      -      -      -      -      -      -      -      -      -      -      -     97.0   97.0   97.0   97.0   97.0   97.0   97.0   97.0   97.0
p42_keyboard    -      -      -      -      -      -      -      -      -      -      -      -      -      -      -      -      -      -      -      -      -      -      -      -      -      -      -      -      -      -      -      -      -      -      -      -      -      -      -      -      -      -     95.0   95.0   95.0   95.0   95.0   95.0   95.0   95.0
p43_bridge_p    -      -      -      -      -      -      -      -      -      -      -      -      -      -      -      -      -      -      -      -      -      -      -      -      -      -      -      -      -      -      -      -      -      -      -      -      -      -      -      -      -      -      -     95.0   95.0   95.0   95.0   95.0   95.0   95.0
p44_rose_tig    -      -      -      -      -      -      -      -      -      -      -      -      -      -      -      -      -      -      -      -      -      -      -      -      -      -      -      -      -      -      -      -      -      -      -      -      -      -      -      -      -      -      -      -     98.0   98.0   98.0   98.0   98.0   98.0
p45_hamster_    -      -      -      -      -      -      -      -      -      -      -      -      -      -      -      -      -      -      -      -      -      -      -      -      -      -      -      -      -      -      -      -      -      -      -      -      -      -      -      -      -      -      -      -      -     98.5   98.5   98.5   98.5   98.5
p46_chimpanz    -      -      -      -      -      -      -      -      -      -      -      -      -      -      -      -      -      -      -      -      -      -      -      -      -      -      -      -      -      -      -      -      -      -      -      -      -      -      -      -      -      -      -      -      -      -     98.5   98.5   98.5   98.5
p47_bottle_w    -      -      -      -      -      -      -      -      -      -      -      -      -      -      -      -      -      -      -      -      -      -      -      -      -      -      -      -      -      -      -      -      -      -      -      -      -      -      -      -      -      -      -      -      -      -      -     95.5   95.5   95.5
p48_possum_r    -      -      -      -      -      -      -      -      -      -      -      -      -      -      -      -      -      -      -      -      -      -      -      -      -      -      -      -      -      -      -      -      -      -      -      -      -      -      -      -      -      -      -      -      -      -      -      -     90.5   90.5
p49_lizard_m    -      -      -      -      -      -      -      -      -      -      -      -      -      -      -      -      -      -      -      -      -      -      -      -      -      -      -      -      -      -      -      -      -      -      -      -      -      -      -      -      -      -      -      -      -      -      -      -      -     98.0
--------------------------------------------------------------------------
avg RETAINED accuracy (after all tasks)  : 95.06%
max ACCURACY drift after a task learned  : 0.000%
Backward Transfer (BWT, ~0 = no forget)  : +0.000%
max FROZEN-WEIGHT drift (bit-exact)      : 0.00e+00
max LOGIT drift (function preserved)     : 0.00e+00

continual Accuracy-Per-FLOP (cAPF = retained_acc / inference GFLOPs):
  CViT-CPG (ours) : 95.06% / 0.0230 GFLOPs = 4138.6 %/GFLOP  (1.72M params)
  VGG16-CPG (ref) : 78.60% / 0.7467 GFLOPs = 105.3 %/GFLOP
  -> CViT-CPG cAPF is 39.3x higher

wrote cvit_cpg_pair50_S_128_fp16_seed1.txt
