
=== [CViT-CPG] TASK 1/20: aquatic_mammals ===
after task 1: aquati=57.2

=== [CViT-CPG] TASK 2/20: fish ===
after task 2: aquati=57.4  fish=73.0

=== [CViT-CPG] TASK 3/20: flowers ===
after task 3: aquati=56.8  fish=73.6  flower=72.2

=== [CViT-CPG] TASK 4/20: food_containers ===
after task 4: aquati=57.0  fish=73.4  flower=72.8  food_c=72.8

=== [CViT-CPG] TASK 5/20: fruit_and_vegetables ===
after task 5: aquati=57.0  fish=72.4  flower=72.6  food_c=72.6  fruit_=78.6

=== [CViT-CPG] TASK 6/20: household_electrical_devices ===
after task 6: aquati=57.0  fish=72.6  flower=71.8  food_c=72.2  fruit_=78.6  househ=70.0

=== [CViT-CPG] TASK 7/20: household_furniture ===
after task 7: aquati=56.8  fish=72.6  flower=71.8  food_c=72.0  fruit_=78.2  househ=70.0  househ=71.6

=== [CViT-CPG] TASK 8/20: insects ===
after task 8: aquati=56.8  fish=72.8  flower=71.6  food_c=72.6  fruit_=78.4  househ=69.6  househ=71.6  insect=73.4

=== [CViT-CPG] TASK 9/20: large_carnivores ===
after task 9: aquati=57.0  fish=72.6  flower=71.8  food_c=72.2  fruit_=78.4  househ=69.0  househ=71.4  insect=73.6  large_=71.2

=== [CViT-CPG] TASK 10/20: large_man-made_outdoor_things ===
after task 10: aquati=56.8  fish=72.8  flower=70.8  food_c=73.0  fruit_=78.4  househ=69.0  househ=71.4  insect=73.8  large_=71.2  large_=79.6

=== [CViT-CPG] TASK 11/20: large_natural_outdoor_scenes ===
after task 11: aquati=56.8  fish=72.8  flower=71.4  food_c=73.0  fruit_=78.4  househ=69.8  househ=71.0  insect=73.4  large_=71.4  large_=79.2  large_=84.0

=== [CViT-CPG] TASK 12/20: large_omnivores_and_herbivores ===
after task 12: aquati=57.0  fish=72.8  flower=70.8  food_c=72.8  fruit_=78.4  househ=70.0  househ=71.2  insect=73.6  large_=71.2  large_=79.2  large_=84.0  large_=70.4

=== [CViT-CPG] TASK 13/20: medium_mammals ===
after task 13: aquati=57.2  fish=72.6  flower=70.6  food_c=72.8  fruit_=78.4  househ=70.6  househ=71.0  insect=73.8  large_=71.8  large_=79.6  large_=83.8  large_=70.8  medium=76.2

=== [CViT-CPG] TASK 14/20: non-insect_invertebrates ===
after task 14: aquati=56.8  fish=72.0  flower=71.0  food_c=72.6  fruit_=78.6  househ=70.2  househ=70.8  insect=73.8  large_=71.8  large_=79.6  large_=84.0  large_=70.0  medium=76.6  non-in=71.6

=== [CViT-CPG] TASK 15/20: people ===
after task 15: aquati=56.6  fish=71.8  flower=70.8  food_c=72.6  fruit_=78.6  househ=70.0  househ=71.0  insect=73.8  large_=71.4  large_=80.0  large_=84.0  large_=70.0  medium=76.4  non-in=71.2  people=43.8

=== [CViT-CPG] TASK 16/20: reptiles ===
after task 16: aquati=57.0  fish=72.2  flower=70.2  food_c=73.0  fruit_=78.6  househ=70.0  househ=71.0  insect=73.4  large_=70.8  large_=80.0  large_=83.8  large_=70.0  medium=76.2  non-in=71.6  people=44.0  reptil=62.2

=== [CViT-CPG] TASK 17/20: small_mammals ===
after task 17: aquati=56.6  fish=71.8  flower=70.2  food_c=73.4  fruit_=78.6  househ=70.4  househ=71.2  insect=73.4  large_=71.4  large_=79.6  large_=83.8  large_=70.4  medium=76.0  non-in=71.2  people=44.0  reptil=62.6  small_=61.8

=== [CViT-CPG] TASK 18/20: trees ===
after task 18: aquati=57.0  fish=71.8  flower=69.8  food_c=73.4  fruit_=78.4  househ=70.8  househ=70.6  insect=73.4  large_=71.6  large_=79.8  large_=83.6  large_=70.2  medium=76.6  non-in=70.8  people=44.0  reptil=62.8  small_=61.8  trees=63.0

=== [CViT-CPG] TASK 19/20: vehicles_1 ===
after task 19: aquati=57.4  fish=72.0  flower=69.8  food_c=73.6  fruit_=78.4  househ=69.4  househ=70.2  insect=73.6  large_=71.0  large_=79.6  large_=83.8  large_=70.6  medium=76.4  non-in=70.8  people=44.2  reptil=63.0  small_=61.6  trees=63.0  vehicl=76.8

=== [CViT-CPG] TASK 20/20: vehicles_2 ===
after task 20: aquati=57.6  fish=72.0  flower=70.0  food_c=73.0  fruit_=78.4  househ=69.8  househ=70.6  insect=73.4  large_=71.0  large_=80.2  large_=84.4  large_=70.2  medium=76.8  non-in=70.6  people=44.0  reptil=63.0  small_=61.4  trees=62.8  vehicl=77.0  vehicl=84.4

==========================================================================
CViT-CPG : per-task accuracy (row = task, col = measured after task N)
==========================================================================
task \ after      1      2      3      4      5      6      7      8      9     10     11     12     13     14     15     16     17     18     19     20
aquatic_mamm   57.2   57.4   56.8   57.0   57.0   57.0   56.8   56.8   57.0   56.8   56.8   57.0   57.2   56.8   56.6   57.0   56.6   57.0   57.4   57.6
fish            -     73.0   73.6   73.4   72.4   72.6   72.6   72.8   72.6   72.8   72.8   72.8   72.6   72.0   71.8   72.2   71.8   71.8   72.0   72.0
flowers         -      -     72.2   72.8   72.6   71.8   71.8   71.6   71.8   70.8   71.4   70.8   70.6   71.0   70.8   70.2   70.2   69.8   69.8   70.0
food_contain    -      -      -     72.8   72.6   72.2   72.0   72.6   72.2   73.0   73.0   72.8   72.8   72.6   72.6   73.0   73.4   73.4   73.6   73.0
fruit_and_ve    -      -      -      -     78.6   78.6   78.2   78.4   78.4   78.4   78.4   78.4   78.4   78.6   78.6   78.6   78.6   78.4   78.4   78.4
household_el    -      -      -      -      -     70.0   70.0   69.6   69.0   69.0   69.8   70.0   70.6   70.2   70.0   70.0   70.4   70.8   69.4   69.8
household_fu    -      -      -      -      -      -     71.6   71.6   71.4   71.4   71.0   71.2   71.0   70.8   71.0   71.0   71.2   70.6   70.2   70.6
insects         -      -      -      -      -      -      -     73.4   73.6   73.8   73.4   73.6   73.8   73.8   73.8   73.4   73.4   73.4   73.6   73.4
large_carniv    -      -      -      -      -      -      -      -     71.2   71.2   71.4   71.2   71.8   71.8   71.4   70.8   71.4   71.6   71.0   71.0
large_man-ma    -      -      -      -      -      -      -      -      -     79.6   79.2   79.2   79.6   79.6   80.0   80.0   79.6   79.8   79.6   80.2
large_natura    -      -      -      -      -      -      -      -      -      -     84.0   84.0   83.8   84.0   84.0   83.8   83.8   83.6   83.8   84.4
large_omnivo    -      -      -      -      -      -      -      -      -      -      -     70.4   70.8   70.0   70.0   70.0   70.4   70.2   70.6   70.2
medium_mamma    -      -      -      -      -      -      -      -      -      -      -      -     76.2   76.6   76.4   76.2   76.0   76.6   76.4   76.8
non-insect_i    -      -      -      -      -      -      -      -      -      -      -      -      -     71.6   71.2   71.6   71.2   70.8   70.8   70.6
people          -      -      -      -      -      -      -      -      -      -      -      -      -      -     43.8   44.0   44.0   44.0   44.2   44.0
reptiles        -      -      -      -      -      -      -      -      -      -      -      -      -      -      -     62.2   62.6   62.8   63.0   63.0
small_mammal    -      -      -      -      -      -      -      -      -      -      -      -      -      -      -      -     61.8   61.8   61.6   61.4
trees           -      -      -      -      -      -      -      -      -      -      -      -      -      -      -      -      -     63.0   63.0   62.8
vehicles_1      -      -      -      -      -      -      -      -      -      -      -      -      -      -      -      -      -      -     76.8   77.0
vehicles_2      -      -      -      -      -      -      -      -      -      -      -      -      -      -      -      -      -      -      -     84.4
--------------------------------------------------------------------------
avg RETAINED accuracy (after all tasks)  : 70.53%
max ACCURACY drift after a task learned  : 2.400%
Backward Transfer (BWT, ~0 = no forget)  : -0.160%
max FROZEN-WEIGHT drift (bit-exact)      : 0.00e+00
max LOGIT drift (function preserved)     : 8.39e-01

continual Accuracy-Per-FLOP (cAPF = retained_acc / inference GFLOPs):
  CViT-CPG (ours) : 70.53% / 0.0198 GFLOPs = 3553.5 %/GFLOP  (1.71M params)
  VGG16-CPG (ref) : 78.60% / 0.7467 GFLOPs = 105.3 %/GFLOP
  -> CViT-CPG cAPF is 33.8x higher

wrote cvit_cpg_20task_results.txt
