pretrained init: loaded 831 tensors (1.75M params, 102% of model, 5 attn-bias interpolated), skipped 19
  skipped by category: {'attn_bias': 5, 'head': 14}

=== [CViT-CPG] TASK 1/50: p00_crab_telephone ===
after task 1: p00_cr=84.0
cumulative: avg acc 84.00%  storage 7.07 MB  free weights 0.6002

=== [CViT-CPG] TASK 2/50: p01_baby_otter ===
after task 2: p00_cr=84.0  p01_ba=89.5
cumulative: avg acc 86.75%  storage 7.56 MB  free weights 0.3736

=== [CViT-CPG] TASK 3/50: p02_skunk_turtle ===
after task 3: p00_cr=84.0  p01_ba=89.5  p02_sk=95.0
cumulative: avg acc 89.50%  storage 7.84 MB  free weights 0.2417

=== [CViT-CPG] TASK 4/50: p03_can_shark ===
after task 4: p00_cr=84.0  p01_ba=89.5  p02_sk=95.0  p03_ca=97.5
cumulative: avg acc 91.50%  storage 8.33 MB  free weights 0.1624

=== [CViT-CPG] TASK 5/50: p04_orchid_whale ===
after task 5: p00_cr=84.0  p01_ba=89.5  p02_sk=95.0  p03_ca=97.5  p04_or=99.0
cumulative: avg acc 93.00%  storage 8.60 MB  free weights 0.1158

=== [CViT-CPG] TASK 6/50: p05_orange_tulip ===
after task 6: p00_cr=84.0  p01_ba=89.5  p02_sk=95.0  p03_ca=97.5  p04_or=99.0  p05_or=99.0
cumulative: avg acc 94.00%  storage 8.88 MB  free weights 0.0875

=== [CViT-CPG] TASK 7/50: p06_bus_snake ===
after task 7: p00_cr=84.0  p01_ba=89.5  p02_sk=95.0  p03_ca=97.5  p04_or=99.0  p05_or=99.0  p06_bu=97.0
cumulative: avg acc 94.43%  storage 9.16 MB  free weights 0.0687

=== [CViT-CPG] TASK 8/50: p07_beetle_dolphin ===
after task 8: p00_cr=84.0  p01_ba=89.5  p02_sk=95.0  p03_ca=97.5  p04_or=99.0  p05_or=99.0  p06_bu=97.0  p07_be=97.0
cumulative: avg acc 94.75%  storage 9.65 MB  free weights 0.0558

=== [CViT-CPG] TASK 9/50: p08_clock_cockroach ===
after task 9: p00_cr=84.0  p01_ba=89.5  p02_sk=95.0  p03_ca=97.5  p04_or=99.0  p05_or=99.0  p06_bu=97.0  p07_be=97.0  p08_cl=95.5
cumulative: avg acc 94.83%  storage 9.93 MB  free weights 0.0487

=== [CViT-CPG] TASK 10/50: p09_bicycle_forest ===
after task 10: p00_cr=84.0  p01_ba=89.5  p02_sk=95.0  p03_ca=97.5  p04_or=99.0  p05_or=99.0  p06_bu=97.0  p07_be=97.0  p08_cl=95.5  p09_bi=98.5
cumulative: avg acc 95.20%  storage 10.21 MB  free weights 0.0439

=== [CViT-CPG] TASK 11/50: p10_lion_poppy ===
after task 11: p00_cr=84.0  p01_ba=89.5  p02_sk=95.0  p03_ca=97.5  p04_or=99.0  p05_or=99.0  p06_bu=97.0  p07_be=97.0  p08_cl=95.5  p09_bi=98.5  p10_li=96.5
cumulative: avg acc 95.32%  storage 10.48 MB  free weights 0.0381

=== [CViT-CPG] TASK 12/50: p11_bear_sea ===
after task 12: p00_cr=84.0  p01_ba=89.5  p02_sk=95.0  p03_ca=97.5  p04_or=99.0  p05_or=99.0  p06_bu=97.0  p07_be=97.0  p08_cl=95.5  p09_bi=98.5  p10_li=96.5  p11_be=98.5
cumulative: avg acc 95.58%  storage 10.76 MB  free weights 0.0303

=== [CViT-CPG] TASK 13/50: p12_lobster_motorcycle ===
after task 13: p00_cr=84.0  p01_ba=89.5  p02_sk=95.0  p03_ca=97.5  p04_or=99.0  p05_or=99.0  p06_bu=97.0  p07_be=97.0  p08_cl=95.5  p09_bi=98.5  p10_li=96.5  p11_be=98.5  p12_lo=95.5
cumulative: avg acc 95.58%  storage 11.04 MB  free weights 0.0260

=== [CViT-CPG] TASK 14/50: p13_bee_worm ===
after task 14: p00_cr=84.0  p01_ba=89.5  p02_sk=95.0  p03_ca=97.5  p04_or=99.0  p05_or=99.0  p06_bu=97.0  p07_be=97.0  p08_cl=95.5  p09_bi=98.5  p10_li=96.5  p11_be=98.5  p12_lo=95.5  p13_be=96.5
cumulative: avg acc 95.64%  storage 11.32 MB  free weights 0.0245

=== [CViT-CPG] TASK 15/50: p14_skyscraper_sunflower ===
after task 15: p00_cr=84.0  p01_ba=89.5  p02_sk=95.0  p03_ca=97.5  p04_or=99.0  p05_or=99.0  p06_bu=97.0  p07_be=97.0  p08_cl=95.5  p09_bi=98.5  p10_li=96.5  p11_be=98.5  p12_lo=95.5  p13_be=96.5  p14_sk=99.0
cumulative: avg acc 95.87%  storage 11.60 MB  free weights 0.0224

=== [CViT-CPG] TASK 16/50: p15_plain_squirrel ===
after task 16: p00_cr=84.0  p01_ba=89.5  p02_sk=95.0  p03_ca=97.5  p04_or=99.0  p05_or=99.0  p06_bu=97.0  p07_be=97.0  p08_cl=95.5  p09_bi=98.5  p10_li=96.5  p11_be=98.5  p12_lo=95.5  p13_be=96.5  p14_sk=99.0  p15_pl=99.0
cumulative: avg acc 96.06%  storage 12.09 MB  free weights 0.0214

=== [CViT-CPG] TASK 17/50: p16_road_train ===
after task 17: p00_cr=84.0  p01_ba=89.5  p02_sk=95.0  p03_ca=97.5  p04_or=99.0  p05_or=99.0  p06_bu=97.0  p07_be=97.0  p08_cl=95.5  p09_bi=98.5  p10_li=96.5  p11_be=98.5  p12_lo=95.5  p13_be=96.5  p14_sk=99.0  p15_pl=99.0  p16_ro=93.5
cumulative: avg acc 95.91%  storage 12.36 MB  free weights 0.0208

=== [CViT-CPG] TASK 18/50: p17_crocodile_mushroom ===
after task 18: p00_cr=84.0  p01_ba=89.5  p02_sk=95.0  p03_ca=97.5  p04_or=99.0  p05_or=99.0  p06_bu=97.0  p07_be=97.0  p08_cl=95.5  p09_bi=98.5  p10_li=96.5  p11_be=98.5  p12_lo=95.5  p13_be=96.5  p14_sk=99.0  p15_pl=99.0  p16_ro=93.5  p17_cr=92.0
cumulative: avg acc 95.69%  storage 12.64 MB  free weights 0.0195

=== [CViT-CPG] TASK 19/50: p18_caterpillar_palm_tree ===
after task 19: p00_cr=84.0  p01_ba=89.5  p02_sk=95.0  p03_ca=97.5  p04_or=99.0  p05_or=99.0  p06_bu=97.0  p07_be=97.0  p08_cl=95.5  p09_bi=98.5  p10_li=96.5  p11_be=98.5  p12_lo=95.5  p13_be=96.5  p14_sk=99.0  p15_pl=99.0  p16_ro=93.5  p17_cr=92.0  p18_ca=95.5
cumulative: avg acc 95.68%  storage 12.92 MB  free weights 0.0195

=== [CViT-CPG] TASK 20/50: p19_porcupine_shrew ===
after task 20: p00_cr=84.0  p01_ba=89.5  p02_sk=95.0  p03_ca=97.5  p04_or=99.0  p05_or=99.0  p06_bu=97.0  p07_be=97.0  p08_cl=95.5  p09_bi=98.5  p10_li=96.5  p11_be=98.5  p12_lo=95.5  p13_be=96.5  p14_sk=99.0  p15_pl=99.0  p16_ro=93.5  p17_cr=92.0  p18_ca=95.5  p19_po=84.5
cumulative: avg acc 95.12%  storage 13.20 MB  free weights 0.0177

=== [CViT-CPG] TASK 21/50: p20_aquarium_fish_plate ===
after task 21: p00_cr=84.0  p01_ba=89.5  p02_sk=95.0  p03_ca=97.5  p04_or=99.0  p05_or=99.0  p06_bu=97.0  p07_be=97.0  p08_cl=95.5  p09_bi=98.5  p10_li=96.5  p11_be=98.5  p12_lo=95.5  p13_be=96.5  p14_sk=99.0  p15_pl=99.0  p16_ro=93.5  p17_cr=92.0  p18_ca=95.5  p19_po=84.5  p20_aq=97.0
cumulative: avg acc 95.21%  storage 13.48 MB  free weights 0.0173

=== [CViT-CPG] TASK 22/50: p21_lawn_mower_leopard ===
after task 22: p00_cr=84.0  p01_ba=89.5  p02_sk=95.0  p03_ca=97.5  p04_or=99.0  p05_or=99.0  p06_bu=97.0  p07_be=97.0  p08_cl=95.5  p09_bi=98.5  p10_li=96.5  p11_be=98.5  p12_lo=95.5  p13_be=96.5  p14_sk=99.0  p15_pl=99.0  p16_ro=93.5  p17_cr=92.0  p18_ca=95.5  p19_po=84.5  p20_aq=97.0  p21_la=97.0
cumulative: avg acc 95.30%  storage 13.75 MB  free weights 0.0166

=== [CViT-CPG] TASK 23/50: p22_beaver_camel ===
after task 23: p00_cr=84.0  p01_ba=89.5  p02_sk=95.0  p03_ca=97.5  p04_or=99.0  p05_or=99.0  p06_bu=97.0  p07_be=97.0  p08_cl=95.5  p09_bi=98.5  p10_li=96.5  p11_be=98.5  p12_lo=95.5  p13_be=96.5  p14_sk=99.0  p15_pl=99.0  p16_ro=93.5  p17_cr=92.0  p18_ca=95.5  p19_po=84.5  p20_aq=97.0  p21_la=97.0  p22_be=93.5
cumulative: avg acc 95.22%  storage 14.03 MB  free weights 0.0160

=== [CViT-CPG] TASK 24/50: p23_castle_lamp ===
after task 24: p00_cr=84.0  p01_ba=89.5  p02_sk=95.0  p03_ca=97.5  p04_or=99.0  p05_or=99.0  p06_bu=97.0  p07_be=97.0  p08_cl=95.5  p09_bi=98.5  p10_li=96.5  p11_be=98.5  p12_lo=95.5  p13_be=96.5  p14_sk=99.0  p15_pl=99.0  p16_ro=93.5  p17_cr=92.0  p18_ca=95.5  p19_po=84.5  p20_aq=97.0  p21_la=97.0  p22_be=93.5  p23_ca=96.5
cumulative: avg acc 95.27%  storage 14.31 MB  free weights 0.0154

=== [CViT-CPG] TASK 25/50: p24_bed_kangaroo ===
after task 25: p00_cr=84.0  p01_ba=89.5  p02_sk=95.0  p03_ca=97.5  p04_or=99.0  p05_or=99.0  p06_bu=97.0  p07_be=97.0  p08_cl=95.5  p09_bi=98.5  p10_li=96.5  p11_be=98.5  p12_lo=95.5  p13_be=96.5  p14_sk=99.0  p15_pl=99.0  p16_ro=93.5  p17_cr=92.0  p18_ca=95.5  p19_po=84.5  p20_aq=97.0  p21_la=97.0  p22_be=93.5  p23_ca=96.5  p24_be=98.5
cumulative: avg acc 95.40%  storage 14.59 MB  free weights 0.0139

=== [CViT-CPG] TASK 26/50: p25_pine_tree_trout ===
after task 26: p00_cr=84.0  p01_ba=89.5  p02_sk=95.0  p03_ca=97.5  p04_or=99.0  p05_or=99.0  p06_bu=97.0  p07_be=97.0  p08_cl=95.5  p09_bi=98.5  p10_li=96.5  p11_be=98.5  p12_lo=95.5  p13_be=96.5  p14_sk=99.0  p15_pl=99.0  p16_ro=93.5  p17_cr=92.0  p18_ca=95.5  p19_po=84.5  p20_aq=97.0  p21_la=97.0  p22_be=93.5  p23_ca=96.5  p24_be=98.5  p25_pi=97.5
cumulative: avg acc 95.48%  storage 14.87 MB  free weights 0.0136

=== [CViT-CPG] TASK 27/50: p26_apple_fox ===
after task 27: p00_cr=84.0  p01_ba=89.5  p02_sk=95.0  p03_ca=97.5  p04_or=99.0  p05_or=99.0  p06_bu=97.0  p07_be=97.0  p08_cl=95.5  p09_bi=98.5  p10_li=96.5  p11_be=98.5  p12_lo=95.5  p13_be=96.5  p14_sk=99.0  p15_pl=99.0  p16_ro=93.5  p17_cr=92.0  p18_ca=95.5  p19_po=84.5  p20_aq=97.0  p21_la=97.0  p22_be=93.5  p23_ca=96.5  p24_be=98.5  p25_pi=97.5  p26_ap=100.0
cumulative: avg acc 95.65%  storage 15.15 MB  free weights 0.0132

=== [CViT-CPG] TASK 28/50: p27_cup_mouse ===
after task 28: p00_cr=84.0  p01_ba=89.5  p02_sk=95.0  p03_ca=97.5  p04_or=99.0  p05_or=99.0  p06_bu=97.0  p07_be=97.0  p08_cl=95.5  p09_bi=98.5  p10_li=96.5  p11_be=98.5  p12_lo=95.5  p13_be=96.5  p14_sk=99.0  p15_pl=99.0  p16_ro=93.5  p17_cr=92.0  p18_ca=95.5  p19_po=84.5  p20_aq=97.0  p21_la=97.0  p22_be=93.5  p23_ca=96.5  p24_be=98.5  p25_pi=97.5  p26_ap=100.0  p27_cu=93.5
cumulative: avg acc 95.57%  storage 15.42 MB  free weights 0.0128

=== [CViT-CPG] TASK 29/50: p28_boy_girl ===
after task 29: p00_cr=84.0  p01_ba=89.5  p02_sk=95.0  p03_ca=97.5  p04_or=99.0  p05_or=99.0  p06_bu=97.0  p07_be=97.0  p08_cl=95.5  p09_bi=98.5  p10_li=96.5  p11_be=98.5  p12_lo=95.5  p13_be=96.5  p14_sk=99.0  p15_pl=99.0  p16_ro=93.5  p17_cr=92.0  p18_ca=95.5  p19_po=84.5  p20_aq=97.0  p21_la=97.0  p22_be=93.5  p23_ca=96.5  p24_be=98.5  p25_pi=97.5  p26_ap=100.0  p27_cu=93.5  p28_bo=69.5
cumulative: avg acc 94.67%  storage 15.70 MB  free weights 0.0126

=== [CViT-CPG] TASK 30/50: p29_cloud_oak_tree ===
after task 30: p00_cr=84.0  p01_ba=89.5  p02_sk=95.0  p03_ca=97.5  p04_or=99.0  p05_or=99.0  p06_bu=97.0  p07_be=97.0  p08_cl=95.5  p09_bi=98.5  p10_li=96.5  p11_be=98.5  p12_lo=95.5  p13_be=96.5  p14_sk=99.0  p15_pl=99.0  p16_ro=93.5  p17_cr=92.0  p18_ca=95.5  p19_po=84.5  p20_aq=97.0  p21_la=97.0  p22_be=93.5  p23_ca=96.5  p24_be=98.5  p25_pi=97.5  p26_ap=100.0  p27_cu=93.5  p28_bo=69.5  p29_cl=99.5
cumulative: avg acc 94.83%  storage 15.98 MB  free weights 0.0111

=== [CViT-CPG] TASK 31/50: p30_bowl_elephant ===
after task 31: p00_cr=84.0  p01_ba=89.5  p02_sk=95.0  p03_ca=97.5  p04_or=99.0  p05_or=99.0  p06_bu=97.0  p07_be=97.0  p08_cl=95.5  p09_bi=98.5  p10_li=96.5  p11_be=98.5  p12_lo=95.5  p13_be=96.5  p14_sk=99.0  p15_pl=99.0  p16_ro=93.5  p17_cr=92.0  p18_ca=95.5  p19_po=84.5  p20_aq=97.0  p21_la=97.0  p22_be=93.5  p23_ca=96.5  p24_be=98.5  p25_pi=97.5  p26_ap=100.0  p27_cu=93.5  p28_bo=69.5  p29_cl=99.5  p30_bo=96.5
cumulative: avg acc 94.89%  storage 16.26 MB  free weights 0.0108

=== [CViT-CPG] TASK 32/50: p31_pear_raccoon ===
after task 32: p00_cr=84.0  p01_ba=89.5  p02_sk=95.0  p03_ca=97.5  p04_or=99.0  p05_or=99.0  p06_bu=97.0  p07_be=97.0  p08_cl=95.5  p09_bi=98.5  p10_li=96.5  p11_be=98.5  p12_lo=95.5  p13_be=96.5  p14_sk=99.0  p15_pl=99.0  p16_ro=93.5  p17_cr=92.0  p18_ca=95.5  p19_po=84.5  p20_aq=97.0  p21_la=97.0  p22_be=93.5  p23_ca=96.5  p24_be=98.5  p25_pi=97.5  p26_ap=100.0  p27_cu=93.5  p28_bo=69.5  p29_cl=99.5  p30_bo=96.5  p31_pe=97.0
cumulative: avg acc 94.95%  storage 16.75 MB  free weights 0.0105

=== [CViT-CPG] TASK 33/50: p32_spider_tank ===
after task 33: p00_cr=84.0  p01_ba=89.5  p02_sk=95.0  p03_ca=97.5  p04_or=99.0  p05_or=99.0  p06_bu=97.0  p07_be=97.0  p08_cl=95.5  p09_bi=98.5  p10_li=96.5  p11_be=98.5  p12_lo=95.5  p13_be=96.5  p14_sk=99.0  p15_pl=99.0  p16_ro=93.5  p17_cr=92.0  p18_ca=95.5  p19_po=84.5  p20_aq=97.0  p21_la=97.0  p22_be=93.5  p23_ca=96.5  p24_be=98.5  p25_pi=97.5  p26_ap=100.0  p27_cu=93.5  p28_bo=69.5  p29_cl=99.5  p30_bo=96.5  p31_pe=97.0  p32_sp=97.0
cumulative: avg acc 95.02%  storage 17.02 MB  free weights 0.0103

=== [CViT-CPG] TASK 34/50: p33_flatfish_table ===
after task 34: p00_cr=84.0  p01_ba=89.5  p02_sk=95.0  p03_ca=97.5  p04_or=99.0  p05_or=99.0  p06_bu=97.0  p07_be=97.0  p08_cl=95.5  p09_bi=98.5  p10_li=96.5  p11_be=98.5  p12_lo=95.5  p13_be=96.5  p14_sk=99.0  p15_pl=99.0  p16_ro=93.5  p17_cr=92.0  p18_ca=95.5  p19_po=84.5  p20_aq=97.0  p21_la=97.0  p22_be=93.5  p23_ca=96.5  p24_be=98.5  p25_pi=97.5  p26_ap=100.0  p27_cu=93.5  p28_bo=69.5  p29_cl=99.5  p30_bo=96.5  p31_pe=97.0  p32_sp=97.0  p33_fl=92.0
cumulative: avg acc 94.93%  storage 17.30 MB  free weights 0.0094

=== [CViT-CPG] TASK 35/50: p34_butterfly_tractor ===
after task 35: p00_cr=84.0  p01_ba=89.5  p02_sk=95.0  p03_ca=97.5  p04_or=99.0  p05_or=99.0  p06_bu=97.0  p07_be=97.0  p08_cl=95.5  p09_bi=98.5  p10_li=96.5  p11_be=98.5  p12_lo=95.5  p13_be=96.5  p14_sk=99.0  p15_pl=99.0  p16_ro=93.5  p17_cr=92.0  p18_ca=95.5  p19_po=84.5  p20_aq=97.0  p21_la=97.0  p22_be=93.5  p23_ca=96.5  p24_be=98.5  p25_pi=97.5  p26_ap=100.0  p27_cu=93.5  p28_bo=69.5  p29_cl=99.5  p30_bo=96.5  p31_pe=97.0  p32_sp=97.0  p33_fl=92.0  p34_bu=96.0
cumulative: avg acc 94.96%  storage 17.58 MB  free weights 0.0093

=== [CViT-CPG] TASK 36/50: p35_cattle_dinosaur ===
after task 36: p00_cr=84.0  p01_ba=89.5  p02_sk=95.0  p03_ca=97.5  p04_or=99.0  p05_or=99.0  p06_bu=97.0  p07_be=97.0  p08_cl=95.5  p09_bi=98.5  p10_li=96.5  p11_be=98.5  p12_lo=95.5  p13_be=96.5  p14_sk=99.0  p15_pl=99.0  p16_ro=93.5  p17_cr=92.0  p18_ca=95.5  p19_po=84.5  p20_aq=97.0  p21_la=97.0  p22_be=93.5  p23_ca=96.5  p24_be=98.5  p25_pi=97.5  p26_ap=100.0  p27_cu=93.5  p28_bo=69.5  p29_cl=99.5  p30_bo=96.5  p31_pe=97.0  p32_sp=97.0  p33_fl=92.0  p34_bu=96.0  p35_ca=87.0
cumulative: avg acc 94.74%  storage 17.86 MB  free weights 0.0093

=== [CViT-CPG] TASK 37/50: p36_mountain_wolf ===
after task 37: p00_cr=84.0  p01_ba=89.5  p02_sk=95.0  p03_ca=97.5  p04_or=99.0  p05_or=99.0  p06_bu=97.0  p07_be=97.0  p08_cl=95.5  p09_bi=98.5  p10_li=96.5  p11_be=98.5  p12_lo=95.5  p13_be=96.5  p14_sk=99.0  p15_pl=99.0  p16_ro=93.5  p17_cr=92.0  p18_ca=95.5  p19_po=84.5  p20_aq=97.0  p21_la=97.0  p22_be=93.5  p23_ca=96.5  p24_be=98.5  p25_pi=97.5  p26_ap=100.0  p27_cu=93.5  p28_bo=69.5  p29_cl=99.5  p30_bo=96.5  p31_pe=97.0  p32_sp=97.0  p33_fl=92.0  p34_bu=96.0  p35_ca=87.0  p36_mo=98.0
cumulative: avg acc 94.82%  storage 18.14 MB  free weights 0.0093

=== [CViT-CPG] TASK 38/50: p37_rocket_woman ===
after task 38: p00_cr=84.0  p01_ba=89.5  p02_sk=95.0  p03_ca=97.5  p04_or=99.0  p05_or=99.0  p06_bu=97.0  p07_be=97.0  p08_cl=95.5  p09_bi=98.5  p10_li=96.5  p11_be=98.5  p12_lo=95.5  p13_be=96.5  p14_sk=99.0  p15_pl=99.0  p16_ro=93.5  p17_cr=92.0  p18_ca=95.5  p19_po=84.5  p20_aq=97.0  p21_la=97.0  p22_be=93.5  p23_ca=96.5  p24_be=98.5  p25_pi=97.5  p26_ap=100.0  p27_cu=93.5  p28_bo=69.5  p29_cl=99.5  p30_bo=96.5  p31_pe=97.0  p32_sp=97.0  p33_fl=92.0  p34_bu=96.0  p35_ca=87.0  p36_mo=98.0  p37_ro=94.5
cumulative: avg acc 94.82%  storage 18.42 MB  free weights 0.0086

=== [CViT-CPG] TASK 39/50: p38_chair_wardrobe ===
after task 39: p00_cr=84.0  p01_ba=89.5  p02_sk=95.0  p03_ca=97.5  p04_or=99.0  p05_or=99.0  p06_bu=97.0  p07_be=97.0  p08_cl=95.5  p09_bi=98.5  p10_li=96.5  p11_be=98.5  p12_lo=95.5  p13_be=96.5  p14_sk=99.0  p15_pl=99.0  p16_ro=93.5  p17_cr=92.0  p18_ca=95.5  p19_po=84.5  p20_aq=97.0  p21_la=97.0  p22_be=93.5  p23_ca=96.5  p24_be=98.5  p25_pi=97.5  p26_ap=100.0  p27_cu=93.5  p28_bo=69.5  p29_cl=99.5  p30_bo=96.5  p31_pe=97.0  p32_sp=97.0  p33_fl=92.0  p34_bu=96.0  p35_ca=87.0  p36_mo=98.0  p37_ro=94.5  p38_ch=96.0
cumulative: avg acc 94.85%  storage 18.69 MB  free weights 0.0077

=== [CViT-CPG] TASK 40/50: p39_seal_snail ===
after task 40: p00_cr=84.0  p01_ba=89.5  p02_sk=95.0  p03_ca=97.5  p04_or=99.0  p05_or=99.0  p06_bu=97.0  p07_be=97.0  p08_cl=95.5  p09_bi=98.5  p10_li=96.5  p11_be=98.5  p12_lo=95.5  p13_be=96.5  p14_sk=99.0  p15_pl=99.0  p16_ro=93.5  p17_cr=92.0  p18_ca=95.5  p19_po=84.5  p20_aq=97.0  p21_la=97.0  p22_be=93.5  p23_ca=96.5  p24_be=98.5  p25_pi=97.5  p26_ap=100.0  p27_cu=93.5  p28_bo=69.5  p29_cl=99.5  p30_bo=96.5  p31_pe=97.0  p32_sp=97.0  p33_fl=92.0  p34_bu=96.0  p35_ca=87.0  p36_mo=98.0  p37_ro=94.5  p38_ch=96.0  p39_se=90.0
cumulative: avg acc 94.72%  storage 18.97 MB  free weights 0.0065

=== [CViT-CPG] TASK 41/50: p40_couch_house ===
after task 41: p00_cr=84.0  p01_ba=89.5  p02_sk=95.0  p03_ca=97.5  p04_or=99.0  p05_or=99.0  p06_bu=97.0  p07_be=97.0  p08_cl=95.5  p09_bi=98.5  p10_li=96.5  p11_be=98.5  p12_lo=95.5  p13_be=96.5  p14_sk=99.0  p15_pl=99.0  p16_ro=93.5  p17_cr=92.0  p18_ca=95.5  p19_po=84.5  p20_aq=97.0  p21_la=97.0  p22_be=93.5  p23_ca=96.5  p24_be=98.5  p25_pi=97.5  p26_ap=100.0  p27_cu=93.5  p28_bo=69.5  p29_cl=99.5  p30_bo=96.5  p31_pe=97.0  p32_sp=97.0  p33_fl=92.0  p34_bu=96.0  p35_ca=87.0  p36_mo=98.0  p37_ro=94.5  p38_ch=96.0  p39_se=90.0  p40_co=93.0
cumulative: avg acc 94.68%  storage 19.25 MB  free weights 0.0059

=== [CViT-CPG] TASK 42/50: p41_man_streetcar ===
after task 42: p00_cr=84.0  p01_ba=89.5  p02_sk=95.0  p03_ca=97.5  p04_or=99.0  p05_or=99.0  p06_bu=97.0  p07_be=97.0  p08_cl=95.5  p09_bi=98.5  p10_li=96.5  p11_be=98.5  p12_lo=95.5  p13_be=96.5  p14_sk=99.0  p15_pl=99.0  p16_ro=93.5  p17_cr=92.0  p18_ca=95.5  p19_po=84.5  p20_aq=97.0  p21_la=97.0  p22_be=93.5  p23_ca=96.5  p24_be=98.5  p25_pi=97.5  p26_ap=100.0  p27_cu=93.5  p28_bo=69.5  p29_cl=99.5  p30_bo=96.5  p31_pe=97.0  p32_sp=97.0  p33_fl=92.0  p34_bu=96.0  p35_ca=87.0  p36_mo=98.0  p37_ro=94.5  p38_ch=96.0  p39_se=90.0  p40_co=93.0  p41_ma=96.0
cumulative: avg acc 94.71%  storage 19.53 MB  free weights 0.0059

=== [CViT-CPG] TASK 43/50: p42_keyboard_rabbit ===
after task 43: p00_cr=84.0  p01_ba=89.5  p02_sk=95.0  p03_ca=97.5  p04_or=99.0  p05_or=99.0  p06_bu=97.0  p07_be=97.0  p08_cl=95.5  p09_bi=98.5  p10_li=96.5  p11_be=98.5  p12_lo=95.5  p13_be=96.5  p14_sk=99.0  p15_pl=99.0  p16_ro=93.5  p17_cr=92.0  p18_ca=95.5  p19_po=84.5  p20_aq=97.0  p21_la=97.0  p22_be=93.5  p23_ca=96.5  p24_be=98.5  p25_pi=97.5  p26_ap=100.0  p27_cu=93.5  p28_bo=69.5  p29_cl=99.5  p30_bo=96.5  p31_pe=97.0  p32_sp=97.0  p33_fl=92.0  p34_bu=96.0  p35_ca=87.0  p36_mo=98.0  p37_ro=94.5  p38_ch=96.0  p39_se=90.0  p40_co=93.0  p41_ma=96.0  p42_ke=95.5
cumulative: avg acc 94.73%  storage 19.81 MB  free weights 0.0057

=== [CViT-CPG] TASK 44/50: p43_bridge_pickup_truck ===
after task 44: p00_cr=84.0  p01_ba=89.5  p02_sk=95.0  p03_ca=97.5  p04_or=99.0  p05_or=99.0  p06_bu=97.0  p07_be=97.0  p08_cl=95.5  p09_bi=98.5  p10_li=96.5  p11_be=98.5  p12_lo=95.5  p13_be=96.5  p14_sk=99.0  p15_pl=99.0  p16_ro=93.5  p17_cr=92.0  p18_ca=95.5  p19_po=84.5  p20_aq=97.0  p21_la=97.0  p22_be=93.5  p23_ca=96.5  p24_be=98.5  p25_pi=97.5  p26_ap=100.0  p27_cu=93.5  p28_bo=69.5  p29_cl=99.5  p30_bo=96.5  p31_pe=97.0  p32_sp=97.0  p33_fl=92.0  p34_bu=96.0  p35_ca=87.0  p36_mo=98.0  p37_ro=94.5  p38_ch=96.0  p39_se=90.0  p40_co=93.0  p41_ma=96.0  p42_ke=95.5  p43_br=95.5
cumulative: avg acc 94.75%  storage 20.08 MB  free weights 0.0055

=== [CViT-CPG] TASK 45/50: p44_rose_tiger ===
after task 45: p00_cr=84.0  p01_ba=89.5  p02_sk=95.0  p03_ca=97.5  p04_or=99.0  p05_or=99.0  p06_bu=97.0  p07_be=97.0  p08_cl=95.5  p09_bi=98.5  p10_li=96.5  p11_be=98.5  p12_lo=95.5  p13_be=96.5  p14_sk=99.0  p15_pl=99.0  p16_ro=93.5  p17_cr=92.0  p18_ca=95.5  p19_po=84.5  p20_aq=97.0  p21_la=97.0  p22_be=93.5  p23_ca=96.5  p24_be=98.5  p25_pi=97.5  p26_ap=100.0  p27_cu=93.5  p28_bo=69.5  p29_cl=99.5  p30_bo=96.5  p31_pe=97.0  p32_sp=97.0  p33_fl=92.0  p34_bu=96.0  p35_ca=87.0  p36_mo=98.0  p37_ro=94.5  p38_ch=96.0  p39_se=90.0  p40_co=93.0  p41_ma=96.0  p42_ke=95.5  p43_br=95.5  p44_ro=99.5
cumulative: avg acc 94.86%  storage 20.36 MB  free weights 0.0054

=== [CViT-CPG] TASK 46/50: p45_hamster_television ===
after task 46: p00_cr=84.0  p01_ba=89.5  p02_sk=95.0  p03_ca=97.5  p04_or=99.0  p05_or=99.0  p06_bu=97.0  p07_be=97.0  p08_cl=95.5  p09_bi=98.5  p10_li=96.5  p11_be=98.5  p12_lo=95.5  p13_be=96.5  p14_sk=99.0  p15_pl=99.0  p16_ro=93.5  p17_cr=92.0  p18_ca=95.5  p19_po=84.5  p20_aq=97.0  p21_la=97.0  p22_be=93.5  p23_ca=96.5  p24_be=98.5  p25_pi=97.5  p26_ap=100.0  p27_cu=93.5  p28_bo=69.5  p29_cl=99.5  p30_bo=96.5  p31_pe=97.0  p32_sp=97.0  p33_fl=92.0  p34_bu=96.0  p35_ca=87.0  p36_mo=98.0  p37_ro=94.5  p38_ch=96.0  p39_se=90.0  p40_co=93.0  p41_ma=96.0  p42_ke=95.5  p43_br=95.5  p44_ro=99.5  p45_ha=97.5
cumulative: avg acc 94.91%  storage 20.64 MB  free weights 0.0050

=== [CViT-CPG] TASK 47/50: p46_chimpanzee_sweet_pepper ===
after task 47: p00_cr=84.0  p01_ba=89.5  p02_sk=95.0  p03_ca=97.5  p04_or=99.0  p05_or=99.0  p06_bu=97.0  p07_be=97.0  p08_cl=95.5  p09_bi=98.5  p10_li=96.5  p11_be=98.5  p12_lo=95.5  p13_be=96.5  p14_sk=99.0  p15_pl=99.0  p16_ro=93.5  p17_cr=92.0  p18_ca=95.5  p19_po=84.5  p20_aq=97.0  p21_la=97.0  p22_be=93.5  p23_ca=96.5  p24_be=98.5  p25_pi=97.5  p26_ap=100.0  p27_cu=93.5  p28_bo=69.5  p29_cl=99.5  p30_bo=96.5  p31_pe=97.0  p32_sp=97.0  p33_fl=92.0  p34_bu=96.0  p35_ca=87.0  p36_mo=98.0  p37_ro=94.5  p38_ch=96.0  p39_se=90.0  p40_co=93.0  p41_ma=96.0  p42_ke=95.5  p43_br=95.5  p44_ro=99.5  p45_ha=97.5  p46_ch=99.5
cumulative: avg acc 95.01%  storage 20.92 MB  free weights 0.0050

=== [CViT-CPG] TASK 48/50: p47_bottle_willow_tree ===
after task 48: p00_cr=84.0  p01_ba=89.5  p02_sk=95.0  p03_ca=97.5  p04_or=99.0  p05_or=99.0  p06_bu=97.0  p07_be=97.0  p08_cl=95.5  p09_bi=98.5  p10_li=96.5  p11_be=98.5  p12_lo=95.5  p13_be=96.5  p14_sk=99.0  p15_pl=99.0  p16_ro=93.5  p17_cr=92.0  p18_ca=95.5  p19_po=84.5  p20_aq=97.0  p21_la=97.0  p22_be=93.5  p23_ca=96.5  p24_be=98.5  p25_pi=97.5  p26_ap=100.0  p27_cu=93.5  p28_bo=69.5  p29_cl=99.5  p30_bo=96.5  p31_pe=97.0  p32_sp=97.0  p33_fl=92.0  p34_bu=96.0  p35_ca=87.0  p36_mo=98.0  p37_ro=94.5  p38_ch=96.0  p39_se=90.0  p40_co=93.0  p41_ma=96.0  p42_ke=95.5  p43_br=95.5  p44_ro=99.5  p45_ha=97.5  p46_ch=99.5  p47_bo=95.5
cumulative: avg acc 95.02%  storage 21.20 MB  free weights 0.0049

=== [CViT-CPG] TASK 49/50: p48_possum_ray ===
after task 49: p00_cr=84.0  p01_ba=89.5  p02_sk=95.0  p03_ca=97.5  p04_or=99.0  p05_or=99.0  p06_bu=97.0  p07_be=97.0  p08_cl=95.5  p09_bi=98.5  p10_li=96.5  p11_be=98.5  p12_lo=95.5  p13_be=96.5  p14_sk=99.0  p15_pl=99.0  p16_ro=93.5  p17_cr=92.0  p18_ca=95.5  p19_po=84.5  p20_aq=97.0  p21_la=97.0  p22_be=93.5  p23_ca=96.5  p24_be=98.5  p25_pi=97.5  p26_ap=100.0  p27_cu=93.5  p28_bo=69.5  p29_cl=99.5  p30_bo=96.5  p31_pe=97.0  p32_sp=97.0  p33_fl=92.0  p34_bu=96.0  p35_ca=87.0  p36_mo=98.0  p37_ro=94.5  p38_ch=96.0  p39_se=90.0  p40_co=93.0  p41_ma=96.0  p42_ke=95.5  p43_br=95.5  p44_ro=99.5  p45_ha=97.5  p46_ch=99.5  p47_bo=95.5  p48_po=91.0
cumulative: avg acc 94.94%  storage 21.47 MB  free weights 0.0046

=== [CViT-CPG] TASK 50/50: p49_lizard_maple_tree ===
after task 50: p00_cr=84.0  p01_ba=89.5  p02_sk=95.0  p03_ca=97.5  p04_or=99.0  p05_or=99.0  p06_bu=97.0  p07_be=97.0  p08_cl=95.5  p09_bi=98.5  p10_li=96.5  p11_be=98.5  p12_lo=95.5  p13_be=96.5  p14_sk=99.0  p15_pl=99.0  p16_ro=93.5  p17_cr=92.0  p18_ca=95.5  p19_po=84.5  p20_aq=97.0  p21_la=97.0  p22_be=93.5  p23_ca=96.5  p24_be=98.5  p25_pi=97.5  p26_ap=100.0  p27_cu=93.5  p28_bo=69.5  p29_cl=99.5  p30_bo=96.5  p31_pe=97.0  p32_sp=97.0  p33_fl=92.0  p34_bu=96.0  p35_ca=87.0  p36_mo=98.0  p37_ro=94.5  p38_ch=96.0  p39_se=90.0  p40_co=93.0  p41_ma=96.0  p42_ke=95.5  p43_br=95.5  p44_ro=99.5  p45_ha=97.5  p46_ch=99.5  p47_bo=95.5  p48_po=91.0  p49_li=97.5
cumulative: avg acc 94.99%  storage 21.75 MB  free weights 0.0045

==========================================================================
CViT-CPG : per-task accuracy (row = task, col = measured after task N)
==========================================================================
task \ after      1      2      3      4      5      6      7      8      9     10     11     12     13     14     15     16     17     18     19     20     21     22     23     24     25     26     27     28     29     30     31     32     33     34     35     36     37     38     39     40     41     42     43     44     45     46     47     48     49     50
p00_crab_tel   84.0   84.0   84.0   84.0   84.0   84.0   84.0   84.0   84.0   84.0   84.0   84.0   84.0   84.0   84.0   84.0   84.0   84.0   84.0   84.0   84.0   84.0   84.0   84.0   84.0   84.0   84.0   84.0   84.0   84.0   84.0   84.0   84.0   84.0   84.0   84.0   84.0   84.0   84.0   84.0   84.0   84.0   84.0   84.0   84.0   84.0   84.0   84.0   84.0   84.0
p01_baby_ott    -     89.5   89.5   89.5   89.5   89.5   89.5   89.5   89.5   89.5   89.5   89.5   89.5   89.5   89.5   89.5   89.5   89.5   89.5   89.5   89.5   89.5   89.5   89.5   89.5   89.5   89.5   89.5   89.5   89.5   89.5   89.5   89.5   89.5   89.5   89.5   89.5   89.5   89.5   89.5   89.5   89.5   89.5   89.5   89.5   89.5   89.5   89.5   89.5   89.5
p02_skunk_tu    -      -     95.0   95.0   95.0   95.0   95.0   95.0   95.0   95.0   95.0   95.0   95.0   95.0   95.0   95.0   95.0   95.0   95.0   95.0   95.0   95.0   95.0   95.0   95.0   95.0   95.0   95.0   95.0   95.0   95.0   95.0   95.0   95.0   95.0   95.0   95.0   95.0   95.0   95.0   95.0   95.0   95.0   95.0   95.0   95.0   95.0   95.0   95.0   95.0
p03_can_shar    -      -      -     97.5   97.5   97.5   97.5   97.5   97.5   97.5   97.5   97.5   97.5   97.5   97.5   97.5   97.5   97.5   97.5   97.5   97.5   97.5   97.5   97.5   97.5   97.5   97.5   97.5   97.5   97.5   97.5   97.5   97.5   97.5   97.5   97.5   97.5   97.5   97.5   97.5   97.5   97.5   97.5   97.5   97.5   97.5   97.5   97.5   97.5   97.5
p04_orchid_w    -      -      -      -     99.0   99.0   99.0   99.0   99.0   99.0   99.0   99.0   99.0   99.0   99.0   99.0   99.0   99.0   99.0   99.0   99.0   99.0   99.0   99.0   99.0   99.0   99.0   99.0   99.0   99.0   99.0   99.0   99.0   99.0   99.0   99.0   99.0   99.0   99.0   99.0   99.0   99.0   99.0   99.0   99.0   99.0   99.0   99.0   99.0   99.0
p05_orange_t    -      -      -      -      -     99.0   99.0   99.0   99.0   99.0   99.0   99.0   99.0   99.0   99.0   99.0   99.0   99.0   99.0   99.0   99.0   99.0   99.0   99.0   99.0   99.0   99.0   99.0   99.0   99.0   99.0   99.0   99.0   99.0   99.0   99.0   99.0   99.0   99.0   99.0   99.0   99.0   99.0   99.0   99.0   99.0   99.0   99.0   99.0   99.0
p06_bus_snak    -      -      -      -      -      -     97.0   97.0   97.0   97.0   97.0   97.0   97.0   97.0   97.0   97.0   97.0   97.0   97.0   97.0   97.0   97.0   97.0   97.0   97.0   97.0   97.0   97.0   97.0   97.0   97.0   97.0   97.0   97.0   97.0   97.0   97.0   97.0   97.0   97.0   97.0   97.0   97.0   97.0   97.0   97.0   97.0   97.0   97.0   97.0
p07_beetle_d    -      -      -      -      -      -      -     97.0   97.0   97.0   97.0   97.0   97.0   97.0   97.0   97.0   97.0   97.0   97.0   97.0   97.0   97.0   97.0   97.0   97.0   97.0   97.0   97.0   97.0   97.0   97.0   97.0   97.0   97.0   97.0   97.0   97.0   97.0   97.0   97.0   97.0   97.0   97.0   97.0   97.0   97.0   97.0   97.0   97.0   97.0
p08_clock_co    -      -      -      -      -      -      -      -     95.5   95.5   95.5   95.5   95.5   95.5   95.5   95.5   95.5   95.5   95.5   95.5   95.5   95.5   95.5   95.5   95.5   95.5   95.5   95.5   95.5   95.5   95.5   95.5   95.5   95.5   95.5   95.5   95.5   95.5   95.5   95.5   95.5   95.5   95.5   95.5   95.5   95.5   95.5   95.5   95.5   95.5
p09_bicycle_    -      -      -      -      -      -      -      -      -     98.5   98.5   98.5   98.5   98.5   98.5   98.5   98.5   98.5   98.5   98.5   98.5   98.5   98.5   98.5   98.5   98.5   98.5   98.5   98.5   98.5   98.5   98.5   98.5   98.5   98.5   98.5   98.5   98.5   98.5   98.5   98.5   98.5   98.5   98.5   98.5   98.5   98.5   98.5   98.5   98.5
p10_lion_pop    -      -      -      -      -      -      -      -      -      -     96.5   96.5   96.5   96.5   96.5   96.5   96.5   96.5   96.5   96.5   96.5   96.5   96.5   96.5   96.5   96.5   96.5   96.5   96.5   96.5   96.5   96.5   96.5   96.5   96.5   96.5   96.5   96.5   96.5   96.5   96.5   96.5   96.5   96.5   96.5   96.5   96.5   96.5   96.5   96.5
p11_bear_sea    -      -      -      -      -      -      -      -      -      -      -     98.5   98.5   98.5   98.5   98.5   98.5   98.5   98.5   98.5   98.5   98.5   98.5   98.5   98.5   98.5   98.5   98.5   98.5   98.5   98.5   98.5   98.5   98.5   98.5   98.5   98.5   98.5   98.5   98.5   98.5   98.5   98.5   98.5   98.5   98.5   98.5   98.5   98.5   98.5
p12_lobster_    -      -      -      -      -      -      -      -      -      -      -      -     95.5   95.5   95.5   95.5   95.5   95.5   95.5   95.5   95.5   95.5   95.5   95.5   95.5   95.5   95.5   95.5   95.5   95.5   95.5   95.5   95.5   95.5   95.5   95.5   95.5   95.5   95.5   95.5   95.5   95.5   95.5   95.5   95.5   95.5   95.5   95.5   95.5   95.5
p13_bee_worm    -      -      -      -      -      -      -      -      -      -      -      -      -     96.5   96.5   96.5   96.5   96.5   96.5   96.5   96.5   96.5   96.5   96.5   96.5   96.5   96.5   96.5   96.5   96.5   96.5   96.5   96.5   96.5   96.5   96.5   96.5   96.5   96.5   96.5   96.5   96.5   96.5   96.5   96.5   96.5   96.5   96.5   96.5   96.5
p14_skyscrap    -      -      -      -      -      -      -      -      -      -      -      -      -      -     99.0   99.0   99.0   99.0   99.0   99.0   99.0   99.0   99.0   99.0   99.0   99.0   99.0   99.0   99.0   99.0   99.0   99.0   99.0   99.0   99.0   99.0   99.0   99.0   99.0   99.0   99.0   99.0   99.0   99.0   99.0   99.0   99.0   99.0   99.0   99.0
p15_plain_sq    -      -      -      -      -      -      -      -      -      -      -      -      -      -      -     99.0   99.0   99.0   99.0   99.0   99.0   99.0   99.0   99.0   99.0   99.0   99.0   99.0   99.0   99.0   99.0   99.0   99.0   99.0   99.0   99.0   99.0   99.0   99.0   99.0   99.0   99.0   99.0   99.0   99.0   99.0   99.0   99.0   99.0   99.0
p16_road_tra    -      -      -      -      -      -      -      -      -      -      -      -      -      -      -      -     93.5   93.5   93.5   93.5   93.5   93.5   93.5   93.5   93.5   93.5   93.5   93.5   93.5   93.5   93.5   93.5   93.5   93.5   93.5   93.5   93.5   93.5   93.5   93.5   93.5   93.5   93.5   93.5   93.5   93.5   93.5   93.5   93.5   93.5
p17_crocodil    -      -      -      -      -      -      -      -      -      -      -      -      -      -      -      -      -     92.0   92.0   92.0   92.0   92.0   92.0   92.0   92.0   92.0   92.0   92.0   92.0   92.0   92.0   92.0   92.0   92.0   92.0   92.0   92.0   92.0   92.0   92.0   92.0   92.0   92.0   92.0   92.0   92.0   92.0   92.0   92.0   92.0
p18_caterpil    -      -      -      -      -      -      -      -      -      -      -      -      -      -      -      -      -      -     95.5   95.5   95.5   95.5   95.5   95.5   95.5   95.5   95.5   95.5   95.5   95.5   95.5   95.5   95.5   95.5   95.5   95.5   95.5   95.5   95.5   95.5   95.5   95.5   95.5   95.5   95.5   95.5   95.5   95.5   95.5   95.5
p19_porcupin    -      -      -      -      -      -      -      -      -      -      -      -      -      -      -      -      -      -      -     84.5   84.5   84.5   84.5   84.5   84.5   84.5   84.5   84.5   84.5   84.5   84.5   84.5   84.5   84.5   84.5   84.5   84.5   84.5   84.5   84.5   84.5   84.5   84.5   84.5   84.5   84.5   84.5   84.5   84.5   84.5
p20_aquarium    -      -      -      -      -      -      -      -      -      -      -      -      -      -      -      -      -      -      -      -     97.0   97.0   97.0   97.0   97.0   97.0   97.0   97.0   97.0   97.0   97.0   97.0   97.0   97.0   97.0   97.0   97.0   97.0   97.0   97.0   97.0   97.0   97.0   97.0   97.0   97.0   97.0   97.0   97.0   97.0
p21_lawn_mow    -      -      -      -      -      -      -      -      -      -      -      -      -      -      -      -      -      -      -      -      -     97.0   97.0   97.0   97.0   97.0   97.0   97.0   97.0   97.0   97.0   97.0   97.0   97.0   97.0   97.0   97.0   97.0   97.0   97.0   97.0   97.0   97.0   97.0   97.0   97.0   97.0   97.0   97.0   97.0
p22_beaver_c    -      -      -      -      -      -      -      -      -      -      -      -      -      -      -      -      -      -      -      -      -      -     93.5   93.5   93.5   93.5   93.5   93.5   93.5   93.5   93.5   93.5   93.5   93.5   93.5   93.5   93.5   93.5   93.5   93.5   93.5   93.5   93.5   93.5   93.5   93.5   93.5   93.5   93.5   93.5
p23_castle_l    -      -      -      -      -      -      -      -      -      -      -      -      -      -      -      -      -      -      -      -      -      -      -     96.5   96.5   96.5   96.5   96.5   96.5   96.5   96.5   96.5   96.5   96.5   96.5   96.5   96.5   96.5   96.5   96.5   96.5   96.5   96.5   96.5   96.5   96.5   96.5   96.5   96.5   96.5
p24_bed_kang    -      -      -      -      -      -      -      -      -      -      -      -      -      -      -      -      -      -      -      -      -      -      -      -     98.5   98.5   98.5   98.5   98.5   98.5   98.5   98.5   98.5   98.5   98.5   98.5   98.5   98.5   98.5   98.5   98.5   98.5   98.5   98.5   98.5   98.5   98.5   98.5   98.5   98.5
p25_pine_tre    -      -      -      -      -      -      -      -      -      -      -      -      -      -      -      -      -      -      -      -      -      -      -      -      -     97.5   97.5   97.5   97.5   97.5   97.5   97.5   97.5   97.5   97.5   97.5   97.5   97.5   97.5   97.5   97.5   97.5   97.5   97.5   97.5   97.5   97.5   97.5   97.5   97.5
p26_apple_fo    -      -      -      -      -      -      -      -      -      -      -      -      -      -      -      -      -      -      -      -      -      -      -      -      -      -    100.0  100.0  100.0  100.0  100.0  100.0  100.0  100.0  100.0  100.0  100.0  100.0  100.0  100.0  100.0  100.0  100.0  100.0  100.0  100.0  100.0  100.0  100.0  100.0
p27_cup_mous    -      -      -      -      -      -      -      -      -      -      -      -      -      -      -      -      -      -      -      -      -      -      -      -      -      -      -     93.5   93.5   93.5   93.5   93.5   93.5   93.5   93.5   93.5   93.5   93.5   93.5   93.5   93.5   93.5   93.5   93.5   93.5   93.5   93.5   93.5   93.5   93.5
p28_boy_girl    -      -      -      -      -      -      -      -      -      -      -      -      -      -      -      -      -      -      -      -      -      -      -      -      -      -      -      -     69.5   69.5   69.5   69.5   69.5   69.5   69.5   69.5   69.5   69.5   69.5   69.5   69.5   69.5   69.5   69.5   69.5   69.5   69.5   69.5   69.5   69.5
p29_cloud_oa    -      -      -      -      -      -      -      -      -      -      -      -      -      -      -      -      -      -      -      -      -      -      -      -      -      -      -      -      -     99.5   99.5   99.5   99.5   99.5   99.5   99.5   99.5   99.5   99.5   99.5   99.5   99.5   99.5   99.5   99.5   99.5   99.5   99.5   99.5   99.5
p30_bowl_ele    -      -      -      -      -      -      -      -      -      -      -      -      -      -      -      -      -      -      -      -      -      -      -      -      -      -      -      -      -      -     96.5   96.5   96.5   96.5   96.5   96.5   96.5   96.5   96.5   96.5   96.5   96.5   96.5   96.5   96.5   96.5   96.5   96.5   96.5   96.5
p31_pear_rac    -      -      -      -      -      -      -      -      -      -      -      -      -      -      -      -      -      -      -      -      -      -      -      -      -      -      -      -      -      -      -     97.0   97.0   97.0   97.0   97.0   97.0   97.0   97.0   97.0   97.0   97.0   97.0   97.0   97.0   97.0   97.0   97.0   97.0   97.0
p32_spider_t    -      -      -      -      -      -      -      -      -      -      -      -      -      -      -      -      -      -      -      -      -      -      -      -      -      -      -      -      -      -      -      -     97.0   97.0   97.0   97.0   97.0   97.0   97.0   97.0   97.0   97.0   97.0   97.0   97.0   97.0   97.0   97.0   97.0   97.0
p33_flatfish    -      -      -      -      -      -      -      -      -      -      -      -      -      -      -      -      -      -      -      -      -      -      -      -      -      -      -      -      -      -      -      -      -     92.0   92.0   92.0   92.0   92.0   92.0   92.0   92.0   92.0   92.0   92.0   92.0   92.0   92.0   92.0   92.0   92.0
p34_butterfl    -      -      -      -      -      -      -      -      -      -      -      -      -      -      -      -      -      -      -      -      -      -      -      -      -      -      -      -      -      -      -      -      -      -     96.0   96.0   96.0   96.0   96.0   96.0   96.0   96.0   96.0   96.0   96.0   96.0   96.0   96.0   96.0   96.0
p35_cattle_d    -      -      -      -      -      -      -      -      -      -      -      -      -      -      -      -      -      -      -      -      -      -      -      -      -      -      -      -      -      -      -      -      -      -      -     87.0   87.0   87.0   87.0   87.0   87.0   87.0   87.0   87.0   87.0   87.0   87.0   87.0   87.0   87.0
p36_mountain    -      -      -      -      -      -      -      -      -      -      -      -      -      -      -      -      -      -      -      -      -      -      -      -      -      -      -      -      -      -      -      -      -      -      -      -     98.0   98.0   98.0   98.0   98.0   98.0   98.0   98.0   98.0   98.0   98.0   98.0   98.0   98.0
p37_rocket_w    -      -      -      -      -      -      -      -      -      -      -      -      -      -      -      -      -      -      -      -      -      -      -      -      -      -      -      -      -      -      -      -      -      -      -      -      -     94.5   94.5   94.5   94.5   94.5   94.5   94.5   94.5   94.5   94.5   94.5   94.5   94.5
p38_chair_wa    -      -      -      -      -      -      -      -      -      -      -      -      -      -      -      -      -      -      -      -      -      -      -      -      -      -      -      -      -      -      -      -      -      -      -      -      -      -     96.0   96.0   96.0   96.0   96.0   96.0   96.0   96.0   96.0   96.0   96.0   96.0
p39_seal_sna    -      -      -      -      -      -      -      -      -      -      -      -      -      -      -      -      -      -      -      -      -      -      -      -      -      -      -      -      -      -      -      -      -      -      -      -      -      -      -     90.0   90.0   90.0   90.0   90.0   90.0   90.0   90.0   90.0   90.0   90.0
p40_couch_ho    -      -      -      -      -      -      -      -      -      -      -      -      -      -      -      -      -      -      -      -      -      -      -      -      -      -      -      -      -      -      -      -      -      -      -      -      -      -      -      -     93.0   93.0   93.0   93.0   93.0   93.0   93.0   93.0   93.0   93.0
p41_man_stre    -      -      -      -      -      -      -      -      -      -      -      -      -      -      -      -      -      -      -      -      -      -      -      -      -      -      -      -      -      -      -      -      -      -      -      -      -      -      -      -      -     96.0   96.0   96.0   96.0   96.0   96.0   96.0   96.0   96.0
p42_keyboard    -      -      -      -      -      -      -      -      -      -      -      -      -      -      -      -      -      -      -      -      -      -      -      -      -      -      -      -      -      -      -      -      -      -      -      -      -      -      -      -      -      -     95.5   95.5   95.5   95.5   95.5   95.5   95.5   95.5
p43_bridge_p    -      -      -      -      -      -      -      -      -      -      -      -      -      -      -      -      -      -      -      -      -      -      -      -      -      -      -      -      -      -      -      -      -      -      -      -      -      -      -      -      -      -      -     95.5   95.5   95.5   95.5   95.5   95.5   95.5
p44_rose_tig    -      -      -      -      -      -      -      -      -      -      -      -      -      -      -      -      -      -      -      -      -      -      -      -      -      -      -      -      -      -      -      -      -      -      -      -      -      -      -      -      -      -      -      -     99.5   99.5   99.5   99.5   99.5   99.5
p45_hamster_    -      -      -      -      -      -      -      -      -      -      -      -      -      -      -      -      -      -      -      -      -      -      -      -      -      -      -      -      -      -      -      -      -      -      -      -      -      -      -      -      -      -      -      -      -     97.5   97.5   97.5   97.5   97.5
p46_chimpanz    -      -      -      -      -      -      -      -      -      -      -      -      -      -      -      -      -      -      -      -      -      -      -      -      -      -      -      -      -      -      -      -      -      -      -      -      -      -      -      -      -      -      -      -      -      -     99.5   99.5   99.5   99.5
p47_bottle_w    -      -      -      -      -      -      -      -      -      -      -      -      -      -      -      -      -      -      -      -      -      -      -      -      -      -      -      -      -      -      -      -      -      -      -      -      -      -      -      -      -      -      -      -      -      -      -     95.5   95.5   95.5
p48_possum_r    -      -      -      -      -      -      -      -      -      -      -      -      -      -      -      -      -      -      -      -      -      -      -      -      -      -      -      -      -      -      -      -      -      -      -      -      -      -      -      -      -      -      -      -      -      -      -      -     91.0   91.0
p49_lizard_m    -      -      -      -      -      -      -      -      -      -      -      -      -      -      -      -      -      -      -      -      -      -      -      -      -      -      -      -      -      -      -      -      -      -      -      -      -      -      -      -      -      -      -      -      -      -      -      -      -     97.5
--------------------------------------------------------------------------
avg RETAINED accuracy (after all tasks)  : 94.99%
max ACCURACY drift after a task learned  : 0.000%
Backward Transfer (BWT, ~0 = no forget)  : +0.000%
max FROZEN-WEIGHT drift (bit-exact)      : 0.00e+00
max LOGIT drift (function preserved)     : 0.00e+00

continual Accuracy-Per-FLOP (cAPF = retained_acc / inference GFLOPs):
  CViT-CPG (ours) : 94.99% / 0.0230 GFLOPs = 4135.5 %/GFLOP  (1.72M params)
  VGG16-CPG (ref) : 78.60% / 0.7467 GFLOPs = 105.3 %/GFLOP
  -> CViT-CPG cAPF is 39.3x higher

wrote cvit_cpg_pair50_S_128_1bit_seed1.txt
