pretrained init: loaded 1013 tensors (9.55M params, 101% of model, 7 attn-bias interpolated), skipped 14
  skipped by category: {'attn_bias': 7, 'head': 7}

=== [CViT-CPG] TASK 1/20: aquatic_mammals ===
after task 1: aquati=65.8

=== [CViT-CPG] TASK 2/20: fish ===
after task 2: aquati=65.8  fish=79.2

=== [CViT-CPG] TASK 3/20: flowers ===
after task 3: aquati=65.8  fish=79.2  flower=79.8

=== [CViT-CPG] TASK 4/20: food_containers ===
after task 4: aquati=65.8  fish=79.2  flower=79.8  food_c=83.0

=== [CViT-CPG] TASK 5/20: fruit_and_vegetables ===
after task 5: aquati=65.8  fish=79.2  flower=79.8  food_c=83.0  fruit_=89.6

=== [CViT-CPG] TASK 6/20: household_electrical_devices ===
after task 6: aquati=65.8  fish=79.2  flower=79.8  food_c=83.0  fruit_=89.6  househ=88.4

=== [CViT-CPG] TASK 7/20: household_furniture ===
after task 7: aquati=65.8  fish=79.2  flower=79.8  food_c=83.0  fruit_=89.6  househ=88.4  househ=84.0

=== [CViT-CPG] TASK 8/20: insects ===
after task 8: aquati=65.8  fish=79.2  flower=79.8  food_c=83.0  fruit_=89.6  househ=88.4  househ=84.0  insect=85.0

=== [CViT-CPG] TASK 9/20: large_carnivores ===
after task 9: aquati=65.8  fish=79.2  flower=79.8  food_c=83.0  fruit_=89.6  househ=88.4  househ=84.0  insect=85.0  large_=87.2

=== [CViT-CPG] TASK 10/20: large_man-made_outdoor_things ===
after task 10: aquati=65.8  fish=79.2  flower=79.8  food_c=83.0  fruit_=89.6  househ=88.4  househ=84.0  insect=85.0  large_=87.2  large_=90.8

=== [CViT-CPG] TASK 11/20: large_natural_outdoor_scenes ===
after task 11: aquati=65.8  fish=79.2  flower=79.8  food_c=83.0  fruit_=89.6  househ=88.4  househ=84.0  insect=85.0  large_=87.2  large_=90.8  large_=88.8

=== [CViT-CPG] TASK 12/20: large_omnivores_and_herbivores ===
after task 12: aquati=65.8  fish=79.2  flower=79.8  food_c=83.0  fruit_=89.6  househ=88.4  househ=84.0  insect=85.0  large_=87.2  large_=90.8  large_=88.8  large_=85.0

=== [CViT-CPG] TASK 13/20: medium_mammals ===
after task 13: aquati=65.8  fish=79.2  flower=79.8  food_c=83.0  fruit_=89.6  househ=88.4  househ=84.0  insect=85.0  large_=87.2  large_=90.8  large_=88.8  large_=85.0  medium=86.2

=== [CViT-CPG] TASK 14/20: non-insect_invertebrates ===
after task 14: aquati=65.8  fish=79.2  flower=79.8  food_c=83.0  fruit_=89.6  househ=88.4  househ=84.0  insect=85.0  large_=87.2  large_=90.8  large_=88.8  large_=85.0  medium=86.2  non-in=85.4

=== [CViT-CPG] TASK 15/20: people ===
after task 15: aquati=65.8  fish=79.2  flower=79.8  food_c=83.0  fruit_=89.6  househ=88.4  househ=84.0  insect=85.0  large_=87.2  large_=90.8  large_=88.8  large_=85.0  medium=86.2  non-in=85.4  people=53.4

=== [CViT-CPG] TASK 16/20: reptiles ===
after task 16: aquati=65.8  fish=79.2  flower=79.8  food_c=83.0  fruit_=89.6  househ=88.4  househ=84.0  insect=85.0  large_=87.2  large_=90.8  large_=88.8  large_=85.0  medium=86.2  non-in=85.4  people=53.4  reptil=79.0

=== [CViT-CPG] TASK 17/20: small_mammals ===
after task 17: aquati=65.8  fish=79.2  flower=79.8  food_c=83.0  fruit_=89.6  househ=88.4  househ=84.0  insect=85.0  large_=87.2  large_=90.8  large_=88.8  large_=85.0  medium=86.2  non-in=85.4  people=53.4  reptil=79.0  small_=74.8

=== [CViT-CPG] TASK 18/20: trees ===
after task 18: aquati=65.8  fish=79.2  flower=79.8  food_c=83.0  fruit_=89.6  househ=88.4  househ=84.0  insect=85.0  large_=87.2  large_=90.8  large_=88.8  large_=85.0  medium=86.2  non-in=85.4  people=53.4  reptil=79.0  small_=74.8  trees=72.0

=== [CViT-CPG] TASK 19/20: vehicles_1 ===
after task 19: aquati=65.8  fish=79.2  flower=79.8  food_c=83.0  fruit_=89.6  househ=88.4  househ=84.0  insect=85.0  large_=87.2  large_=90.8  large_=88.8  large_=85.0  medium=86.2  non-in=85.4  people=53.4  reptil=79.0  small_=74.8  trees=72.0  vehicl=89.6

=== [CViT-CPG] TASK 20/20: vehicles_2 ===
after task 20: aquati=65.8  fish=79.2  flower=79.8  food_c=83.0  fruit_=89.6  househ=88.4  househ=84.0  insect=85.0  large_=87.2  large_=90.8  large_=88.8  large_=85.0  medium=86.2  non-in=85.4  people=53.4  reptil=79.0  small_=74.8  trees=72.0  vehicl=89.6  vehicl=93.0

==========================================================================
CViT-CPG : per-task accuracy (row = task, col = measured after task N)
==========================================================================
task \ after      1      2      3      4      5      6      7      8      9     10     11     12     13     14     15     16     17     18     19     20
aquatic_mamm   65.8   65.8   65.8   65.8   65.8   65.8   65.8   65.8   65.8   65.8   65.8   65.8   65.8   65.8   65.8   65.8   65.8   65.8   65.8   65.8
fish            -     79.2   79.2   79.2   79.2   79.2   79.2   79.2   79.2   79.2   79.2   79.2   79.2   79.2   79.2   79.2   79.2   79.2   79.2   79.2
flowers         -      -     79.8   79.8   79.8   79.8   79.8   79.8   79.8   79.8   79.8   79.8   79.8   79.8   79.8   79.8   79.8   79.8   79.8   79.8
food_contain    -      -      -     83.0   83.0   83.0   83.0   83.0   83.0   83.0   83.0   83.0   83.0   83.0   83.0   83.0   83.0   83.0   83.0   83.0
fruit_and_ve    -      -      -      -     89.6   89.6   89.6   89.6   89.6   89.6   89.6   89.6   89.6   89.6   89.6   89.6   89.6   89.6   89.6   89.6
household_el    -      -      -      -      -     88.4   88.4   88.4   88.4   88.4   88.4   88.4   88.4   88.4   88.4   88.4   88.4   88.4   88.4   88.4
household_fu    -      -      -      -      -      -     84.0   84.0   84.0   84.0   84.0   84.0   84.0   84.0   84.0   84.0   84.0   84.0   84.0   84.0
insects         -      -      -      -      -      -      -     85.0   85.0   85.0   85.0   85.0   85.0   85.0   85.0   85.0   85.0   85.0   85.0   85.0
large_carniv    -      -      -      -      -      -      -      -     87.2   87.2   87.2   87.2   87.2   87.2   87.2   87.2   87.2   87.2   87.2   87.2
large_man-ma    -      -      -      -      -      -      -      -      -     90.8   90.8   90.8   90.8   90.8   90.8   90.8   90.8   90.8   90.8   90.8
large_natura    -      -      -      -      -      -      -      -      -      -     88.8   88.8   88.8   88.8   88.8   88.8   88.8   88.8   88.8   88.8
large_omnivo    -      -      -      -      -      -      -      -      -      -      -     85.0   85.0   85.0   85.0   85.0   85.0   85.0   85.0   85.0
medium_mamma    -      -      -      -      -      -      -      -      -      -      -      -     86.2   86.2   86.2   86.2   86.2   86.2   86.2   86.2
non-insect_i    -      -      -      -      -      -      -      -      -      -      -      -      -     85.4   85.4   85.4   85.4   85.4   85.4   85.4
people          -      -      -      -      -      -      -      -      -      -      -      -      -      -     53.4   53.4   53.4   53.4   53.4   53.4
reptiles        -      -      -      -      -      -      -      -      -      -      -      -      -      -      -     79.0   79.0   79.0   79.0   79.0
small_mammal    -      -      -      -      -      -      -      -      -      -      -      -      -      -      -      -     74.8   74.8   74.8   74.8
trees           -      -      -      -      -      -      -      -      -      -      -      -      -      -      -      -      -     72.0   72.0   72.0
vehicles_1      -      -      -      -      -      -      -      -      -      -      -      -      -      -      -      -      -      -     89.6   89.6
vehicles_2      -      -      -      -      -      -      -      -      -      -      -      -      -      -      -      -      -      -      -     93.0
--------------------------------------------------------------------------
avg RETAINED accuracy (after all tasks)  : 82.00%
max ACCURACY drift after a task learned  : 0.000%
Backward Transfer (BWT, ~0 = no forget)  : +0.000%
max FROZEN-WEIGHT drift (bit-exact)      : 0.00e+00
max LOGIT drift (function preserved)     : 0.00e+00

continual Accuracy-Per-FLOP (cAPF = retained_acc / inference GFLOPs):
  CViT-CPG (ours) : 82.00% / 0.1467 GFLOPs = 559.1 %/GFLOP  (9.47M params)
  VGG16-CPG (ref) : 78.60% / 0.7467 GFLOPs = 105.3 %/GFLOP
  -> CViT-CPG cAPF is 5.3x higher

wrote cvit_cpg_20task_XL_128_abfix_seed2.txt
