pretrained init: loaded 831 tensors (1.75M params, 102% of model, 5 attn-bias interpolated), skipped 19
  skipped by category: {'attn_bias': 5, 'head': 14}

=== [CViT-CPG] TASK 1/50: p00_crab_telephone ===
after task 1: p00_cr=84.0
cumulative: avg acc 84.00%  storage 7.19 MB  free weights 0.6002

=== [CViT-CPG] TASK 2/50: p01_baby_otter ===
after task 2: p00_cr=84.0  p01_ba=95.5
cumulative: avg acc 89.75%  storage 7.86 MB  free weights 0.3734

=== [CViT-CPG] TASK 3/50: p02_skunk_turtle ===
after task 3: p00_cr=84.0  p01_ba=95.5  p02_sk=96.5
cumulative: avg acc 92.00%  storage 8.32 MB  free weights 0.2438

=== [CViT-CPG] TASK 4/50: p03_can_shark ===
after task 4: p00_cr=84.0  p01_ba=95.5  p02_sk=96.5  p03_ca=98.0
cumulative: avg acc 93.50%  storage 8.99 MB  free weights 0.1659

=== [CViT-CPG] TASK 5/50: p04_orchid_whale ===
after task 5: p00_cr=84.0  p01_ba=95.5  p02_sk=96.5  p03_ca=98.0  p04_or=98.0
cumulative: avg acc 94.40%  storage 9.45 MB  free weights 0.1174

=== [CViT-CPG] TASK 6/50: p05_orange_tulip ===
after task 6: p00_cr=84.0  p01_ba=95.5  p02_sk=96.5  p03_ca=98.0  p04_or=98.0  p05_or=98.0
cumulative: avg acc 95.00%  storage 9.91 MB  free weights 0.0892

=== [CViT-CPG] TASK 7/50: p06_bus_snake ===
after task 7: p00_cr=84.0  p01_ba=95.5  p02_sk=96.5  p03_ca=98.0  p04_or=98.0  p05_or=98.0  p06_bu=97.5
cumulative: avg acc 95.36%  storage 10.37 MB  free weights 0.0724

=== [CViT-CPG] TASK 8/50: p07_beetle_dolphin ===
after task 8: p00_cr=84.0  p01_ba=95.5  p02_sk=96.5  p03_ca=98.0  p04_or=98.0  p05_or=98.0  p06_bu=97.5  p07_be=99.0
cumulative: avg acc 95.81%  storage 11.04 MB  free weights 0.0617

=== [CViT-CPG] TASK 9/50: p08_clock_cockroach ===
after task 9: p00_cr=84.0  p01_ba=95.5  p02_sk=96.5  p03_ca=98.0  p04_or=98.0  p05_or=98.0  p06_bu=97.5  p07_be=99.0  p08_cl=97.0
cumulative: avg acc 95.94%  storage 11.50 MB  free weights 0.0561

=== [CViT-CPG] TASK 10/50: p09_bicycle_forest ===
after task 10: p00_cr=84.0  p01_ba=95.5  p02_sk=96.5  p03_ca=98.0  p04_or=98.0  p05_or=98.0  p06_bu=97.5  p07_be=99.0  p08_cl=97.0  p09_bi=97.0
cumulative: avg acc 96.05%  storage 11.96 MB  free weights 0.0530

=== [CViT-CPG] TASK 11/50: p10_lion_poppy ===
after task 11: p00_cr=84.0  p01_ba=95.5  p02_sk=96.5  p03_ca=98.0  p04_or=98.0  p05_or=98.0  p06_bu=97.5  p07_be=99.0  p08_cl=97.0  p09_bi=97.0  p10_li=97.5
cumulative: avg acc 96.18%  storage 12.42 MB  free weights 0.0510

=== [CViT-CPG] TASK 12/50: p11_bear_sea ===
after task 12: p00_cr=84.0  p01_ba=95.5  p02_sk=96.5  p03_ca=98.0  p04_or=98.0  p05_or=98.0  p06_bu=97.5  p07_be=99.0  p08_cl=97.0  p09_bi=97.0  p10_li=97.5  p11_be=98.0
cumulative: avg acc 96.33%  storage 12.88 MB  free weights 0.0499

=== [CViT-CPG] TASK 13/50: p12_lobster_motorcycle ===
after task 13: p00_cr=84.0  p01_ba=95.5  p02_sk=96.5  p03_ca=98.0  p04_or=98.0  p05_or=98.0  p06_bu=97.5  p07_be=99.0  p08_cl=97.0  p09_bi=97.0  p10_li=97.5  p11_be=98.0  p12_lo=96.5
cumulative: avg acc 96.35%  storage 13.34 MB  free weights 0.0489

=== [CViT-CPG] TASK 14/50: p13_bee_worm ===
after task 14: p00_cr=84.0  p01_ba=95.5  p02_sk=96.5  p03_ca=98.0  p04_or=98.0  p05_or=98.0  p06_bu=97.5  p07_be=99.0  p08_cl=97.0  p09_bi=97.0  p10_li=97.5  p11_be=98.0  p12_lo=96.5  p13_be=99.0
cumulative: avg acc 96.54%  storage 13.80 MB  free weights 0.0485

=== [CViT-CPG] TASK 15/50: p14_skyscraper_sunflower ===
after task 15: p00_cr=84.0  p01_ba=95.5  p02_sk=96.5  p03_ca=98.0  p04_or=98.0  p05_or=98.0  p06_bu=97.5  p07_be=99.0  p08_cl=97.0  p09_bi=97.0  p10_li=97.5  p11_be=98.0  p12_lo=96.5  p13_be=99.0  p14_sk=99.0
cumulative: avg acc 96.70%  storage 14.26 MB  free weights 0.0483

=== [CViT-CPG] TASK 16/50: p15_plain_squirrel ===
after task 16: p00_cr=84.0  p01_ba=95.5  p02_sk=96.5  p03_ca=98.0  p04_or=98.0  p05_or=98.0  p06_bu=97.5  p07_be=99.0  p08_cl=97.0  p09_bi=97.0  p10_li=97.5  p11_be=98.0  p12_lo=96.5  p13_be=99.0  p14_sk=99.0  p15_pl=99.5
cumulative: avg acc 96.88%  storage 14.93 MB  free weights 0.0482

=== [CViT-CPG] TASK 17/50: p16_road_train ===
after task 17: p00_cr=84.0  p01_ba=95.5  p02_sk=96.5  p03_ca=98.0  p04_or=98.0  p05_or=98.0  p06_bu=97.5  p07_be=99.0  p08_cl=97.0  p09_bi=97.0  p10_li=97.5  p11_be=98.0  p12_lo=96.5  p13_be=99.0  p14_sk=99.0  p15_pl=99.5  p16_ro=95.5
cumulative: avg acc 96.79%  storage 15.39 MB  free weights 0.0481

=== [CViT-CPG] TASK 18/50: p17_crocodile_mushroom ===
after task 18: p00_cr=84.0  p01_ba=95.5  p02_sk=96.5  p03_ca=98.0  p04_or=98.0  p05_or=98.0  p06_bu=97.5  p07_be=99.0  p08_cl=97.0  p09_bi=97.0  p10_li=97.5  p11_be=98.0  p12_lo=96.5  p13_be=99.0  p14_sk=99.0  p15_pl=99.5  p16_ro=95.5  p17_cr=93.0
cumulative: avg acc 96.58%  storage 15.85 MB  free weights 0.0480

=== [CViT-CPG] TASK 19/50: p18_caterpillar_palm_tree ===
after task 19: p00_cr=84.0  p01_ba=95.5  p02_sk=96.5  p03_ca=98.0  p04_or=98.0  p05_or=98.0  p06_bu=97.5  p07_be=99.0  p08_cl=97.0  p09_bi=97.0  p10_li=97.5  p11_be=98.0  p12_lo=96.5  p13_be=99.0  p14_sk=99.0  p15_pl=99.5  p16_ro=95.5  p17_cr=93.0  p18_ca=98.0
cumulative: avg acc 96.66%  storage 16.30 MB  free weights 0.0480

=== [CViT-CPG] TASK 20/50: p19_porcupine_shrew ===
after task 20: p00_cr=84.0  p01_ba=95.5  p02_sk=96.5  p03_ca=98.0  p04_or=98.0  p05_or=98.0  p06_bu=97.5  p07_be=99.0  p08_cl=97.0  p09_bi=97.0  p10_li=97.5  p11_be=98.0  p12_lo=96.5  p13_be=99.0  p14_sk=99.0  p15_pl=99.5  p16_ro=95.5  p17_cr=93.0  p18_ca=98.0  p19_po=80.5
cumulative: avg acc 95.85%  storage 16.76 MB  free weights 0.0480

=== [CViT-CPG] TASK 21/50: p20_aquarium_fish_plate ===
after task 21: p00_cr=84.0  p01_ba=95.5  p02_sk=96.5  p03_ca=98.0  p04_or=98.0  p05_or=98.0  p06_bu=97.5  p07_be=99.0  p08_cl=97.0  p09_bi=97.0  p10_li=97.5  p11_be=98.0  p12_lo=96.5  p13_be=99.0  p14_sk=99.0  p15_pl=99.5  p16_ro=95.5  p17_cr=93.0  p18_ca=98.0  p19_po=80.5  p20_aq=98.5
cumulative: avg acc 95.98%  storage 17.22 MB  free weights 0.0480

=== [CViT-CPG] TASK 22/50: p21_lawn_mower_leopard ===
after task 22: p00_cr=84.0  p01_ba=95.5  p02_sk=96.5  p03_ca=98.0  p04_or=98.0  p05_or=98.0  p06_bu=97.5  p07_be=99.0  p08_cl=97.0  p09_bi=97.0  p10_li=97.5  p11_be=98.0  p12_lo=96.5  p13_be=99.0  p14_sk=99.0  p15_pl=99.5  p16_ro=95.5  p17_cr=93.0  p18_ca=98.0  p19_po=80.5  p20_aq=98.5  p21_la=95.5
cumulative: avg acc 95.95%  storage 17.68 MB  free weights 0.0480

=== [CViT-CPG] TASK 23/50: p22_beaver_camel ===
after task 23: p00_cr=84.0  p01_ba=95.5  p02_sk=96.5  p03_ca=98.0  p04_or=98.0  p05_or=98.0  p06_bu=97.5  p07_be=99.0  p08_cl=97.0  p09_bi=97.0  p10_li=97.5  p11_be=98.0  p12_lo=96.5  p13_be=99.0  p14_sk=99.0  p15_pl=99.5  p16_ro=95.5  p17_cr=93.0  p18_ca=98.0  p19_po=80.5  p20_aq=98.5  p21_la=95.5  p22_be=89.5
cumulative: avg acc 95.67%  storage 18.14 MB  free weights 0.0480

=== [CViT-CPG] TASK 24/50: p23_castle_lamp ===
after task 24: p00_cr=84.0  p01_ba=95.5  p02_sk=96.5  p03_ca=98.0  p04_or=98.0  p05_or=98.0  p06_bu=97.5  p07_be=99.0  p08_cl=97.0  p09_bi=97.0  p10_li=97.5  p11_be=98.0  p12_lo=96.5  p13_be=99.0  p14_sk=99.0  p15_pl=99.5  p16_ro=95.5  p17_cr=93.0  p18_ca=98.0  p19_po=80.5  p20_aq=98.5  p21_la=95.5  p22_be=89.5  p23_ca=99.5
cumulative: avg acc 95.83%  storage 18.60 MB  free weights 0.0480

=== [CViT-CPG] TASK 25/50: p24_bed_kangaroo ===
after task 25: p00_cr=84.0  p01_ba=95.5  p02_sk=96.5  p03_ca=98.0  p04_or=98.0  p05_or=98.0  p06_bu=97.5  p07_be=99.0  p08_cl=97.0  p09_bi=97.0  p10_li=97.5  p11_be=98.0  p12_lo=96.5  p13_be=99.0  p14_sk=99.0  p15_pl=99.5  p16_ro=95.5  p17_cr=93.0  p18_ca=98.0  p19_po=80.5  p20_aq=98.5  p21_la=95.5  p22_be=89.5  p23_ca=99.5  p24_be=98.0
cumulative: avg acc 95.92%  storage 19.06 MB  free weights 0.0480

=== [CViT-CPG] TASK 26/50: p25_pine_tree_trout ===
after task 26: p00_cr=84.0  p01_ba=95.5  p02_sk=96.5  p03_ca=98.0  p04_or=98.0  p05_or=98.0  p06_bu=97.5  p07_be=99.0  p08_cl=97.0  p09_bi=97.0  p10_li=97.5  p11_be=98.0  p12_lo=96.5  p13_be=99.0  p14_sk=99.0  p15_pl=99.5  p16_ro=95.5  p17_cr=93.0  p18_ca=98.0  p19_po=80.5  p20_aq=98.5  p21_la=95.5  p22_be=89.5  p23_ca=99.5  p24_be=98.0  p25_pi=95.0
cumulative: avg acc 95.88%  storage 19.52 MB  free weights 0.0480

=== [CViT-CPG] TASK 27/50: p26_apple_fox ===
after task 27: p00_cr=84.0  p01_ba=95.5  p02_sk=96.5  p03_ca=98.0  p04_or=98.0  p05_or=98.0  p06_bu=97.5  p07_be=99.0  p08_cl=97.0  p09_bi=97.0  p10_li=97.5  p11_be=98.0  p12_lo=96.5  p13_be=99.0  p14_sk=99.0  p15_pl=99.5  p16_ro=95.5  p17_cr=93.0  p18_ca=98.0  p19_po=80.5  p20_aq=98.5  p21_la=95.5  p22_be=89.5  p23_ca=99.5  p24_be=98.0  p25_pi=95.0  p26_ap=99.5
cumulative: avg acc 96.02%  storage 19.98 MB  free weights 0.0480

=== [CViT-CPG] TASK 28/50: p27_cup_mouse ===
after task 28: p00_cr=84.0  p01_ba=95.5  p02_sk=96.5  p03_ca=98.0  p04_or=98.0  p05_or=98.0  p06_bu=97.5  p07_be=99.0  p08_cl=97.0  p09_bi=97.0  p10_li=97.5  p11_be=98.0  p12_lo=96.5  p13_be=99.0  p14_sk=99.0  p15_pl=99.5  p16_ro=95.5  p17_cr=93.0  p18_ca=98.0  p19_po=80.5  p20_aq=98.5  p21_la=95.5  p22_be=89.5  p23_ca=99.5  p24_be=98.0  p25_pi=95.0  p26_ap=99.5  p27_cu=96.5
cumulative: avg acc 96.04%  storage 20.44 MB  free weights 0.0480

=== [CViT-CPG] TASK 29/50: p28_boy_girl ===
after task 29: p00_cr=84.0  p01_ba=95.5  p02_sk=96.5  p03_ca=98.0  p04_or=98.0  p05_or=98.0  p06_bu=97.5  p07_be=99.0  p08_cl=97.0  p09_bi=97.0  p10_li=97.5  p11_be=98.0  p12_lo=96.5  p13_be=99.0  p14_sk=99.0  p15_pl=99.5  p16_ro=95.5  p17_cr=93.0  p18_ca=98.0  p19_po=80.5  p20_aq=98.5  p21_la=95.5  p22_be=89.5  p23_ca=99.5  p24_be=98.0  p25_pi=95.0  p26_ap=99.5  p27_cu=96.5  p28_bo=67.5
cumulative: avg acc 95.05%  storage 20.90 MB  free weights 0.0480

=== [CViT-CPG] TASK 30/50: p29_cloud_oak_tree ===
after task 30: p00_cr=84.0  p01_ba=95.5  p02_sk=96.5  p03_ca=98.0  p04_or=98.0  p05_or=98.0  p06_bu=97.5  p07_be=99.0  p08_cl=97.0  p09_bi=97.0  p10_li=97.5  p11_be=98.0  p12_lo=96.5  p13_be=99.0  p14_sk=99.0  p15_pl=99.5  p16_ro=95.5  p17_cr=93.0  p18_ca=98.0  p19_po=80.5  p20_aq=98.5  p21_la=95.5  p22_be=89.5  p23_ca=99.5  p24_be=98.0  p25_pi=95.0  p26_ap=99.5  p27_cu=96.5  p28_bo=67.5  p29_cl=98.5
cumulative: avg acc 95.17%  storage 21.36 MB  free weights 0.0480

=== [CViT-CPG] TASK 31/50: p30_bowl_elephant ===
after task 31: p00_cr=84.0  p01_ba=95.5  p02_sk=96.5  p03_ca=98.0  p04_or=98.0  p05_or=98.0  p06_bu=97.5  p07_be=99.0  p08_cl=97.0  p09_bi=97.0  p10_li=97.5  p11_be=98.0  p12_lo=96.5  p13_be=99.0  p14_sk=99.0  p15_pl=99.5  p16_ro=95.5  p17_cr=93.0  p18_ca=98.0  p19_po=80.5  p20_aq=98.5  p21_la=95.5  p22_be=89.5  p23_ca=99.5  p24_be=98.0  p25_pi=95.0  p26_ap=99.5  p27_cu=96.5  p28_bo=67.5  p29_cl=98.5  p30_bo=97.5
cumulative: avg acc 95.24%  storage 21.82 MB  free weights 0.0480

=== [CViT-CPG] TASK 32/50: p31_pear_raccoon ===
after task 32: p00_cr=84.0  p01_ba=95.5  p02_sk=96.5  p03_ca=98.0  p04_or=98.0  p05_or=98.0  p06_bu=97.5  p07_be=99.0  p08_cl=97.0  p09_bi=97.0  p10_li=97.5  p11_be=98.0  p12_lo=96.5  p13_be=99.0  p14_sk=99.0  p15_pl=99.5  p16_ro=95.5  p17_cr=93.0  p18_ca=98.0  p19_po=80.5  p20_aq=98.5  p21_la=95.5  p22_be=89.5  p23_ca=99.5  p24_be=98.0  p25_pi=95.0  p26_ap=99.5  p27_cu=96.5  p28_bo=67.5  p29_cl=98.5  p30_bo=97.5  p31_pe=98.5
cumulative: avg acc 95.34%  storage 22.49 MB  free weights 0.0480

=== [CViT-CPG] TASK 33/50: p32_spider_tank ===
after task 33: p00_cr=84.0  p01_ba=95.5  p02_sk=96.5  p03_ca=98.0  p04_or=98.0  p05_or=98.0  p06_bu=97.5  p07_be=99.0  p08_cl=97.0  p09_bi=97.0  p10_li=97.5  p11_be=98.0  p12_lo=96.5  p13_be=99.0  p14_sk=99.0  p15_pl=99.5  p16_ro=95.5  p17_cr=93.0  p18_ca=98.0  p19_po=80.5  p20_aq=98.5  p21_la=95.5  p22_be=89.5  p23_ca=99.5  p24_be=98.0  p25_pi=95.0  p26_ap=99.5  p27_cu=96.5  p28_bo=67.5  p29_cl=98.5  p30_bo=97.5  p31_pe=98.5  p32_sp=98.5
cumulative: avg acc 95.44%  storage 22.95 MB  free weights 0.0480

=== [CViT-CPG] TASK 34/50: p33_flatfish_table ===
after task 34: p00_cr=84.0  p01_ba=95.5  p02_sk=96.5  p03_ca=98.0  p04_or=98.0  p05_or=98.0  p06_bu=97.5  p07_be=99.0  p08_cl=97.0  p09_bi=97.0  p10_li=97.5  p11_be=98.0  p12_lo=96.5  p13_be=99.0  p14_sk=99.0  p15_pl=99.5  p16_ro=95.5  p17_cr=93.0  p18_ca=98.0  p19_po=80.5  p20_aq=98.5  p21_la=95.5  p22_be=89.5  p23_ca=99.5  p24_be=98.0  p25_pi=95.0  p26_ap=99.5  p27_cu=96.5  p28_bo=67.5  p29_cl=98.5  p30_bo=97.5  p31_pe=98.5  p32_sp=98.5  p33_fl=92.5
cumulative: avg acc 95.35%  storage 23.41 MB  free weights 0.0480

=== [CViT-CPG] TASK 35/50: p34_butterfly_tractor ===
after task 35: p00_cr=84.0  p01_ba=95.5  p02_sk=96.5  p03_ca=98.0  p04_or=98.0  p05_or=98.0  p06_bu=97.5  p07_be=99.0  p08_cl=97.0  p09_bi=97.0  p10_li=97.5  p11_be=98.0  p12_lo=96.5  p13_be=99.0  p14_sk=99.0  p15_pl=99.5  p16_ro=95.5  p17_cr=93.0  p18_ca=98.0  p19_po=80.5  p20_aq=98.5  p21_la=95.5  p22_be=89.5  p23_ca=99.5  p24_be=98.0  p25_pi=95.0  p26_ap=99.5  p27_cu=96.5  p28_bo=67.5  p29_cl=98.5  p30_bo=97.5  p31_pe=98.5  p32_sp=98.5  p33_fl=92.5  p34_bu=95.0
cumulative: avg acc 95.34%  storage 23.87 MB  free weights 0.0480

=== [CViT-CPG] TASK 36/50: p35_cattle_dinosaur ===
after task 36: p00_cr=84.0  p01_ba=95.5  p02_sk=96.5  p03_ca=98.0  p04_or=98.0  p05_or=98.0  p06_bu=97.5  p07_be=99.0  p08_cl=97.0  p09_bi=97.0  p10_li=97.5  p11_be=98.0  p12_lo=96.5  p13_be=99.0  p14_sk=99.0  p15_pl=99.5  p16_ro=95.5  p17_cr=93.0  p18_ca=98.0  p19_po=80.5  p20_aq=98.5  p21_la=95.5  p22_be=89.5  p23_ca=99.5  p24_be=98.0  p25_pi=95.0  p26_ap=99.5  p27_cu=96.5  p28_bo=67.5  p29_cl=98.5  p30_bo=97.5  p31_pe=98.5  p32_sp=98.5  p33_fl=92.5  p34_bu=95.0  p35_ca=90.5
cumulative: avg acc 95.21%  storage 24.32 MB  free weights 0.0480

=== [CViT-CPG] TASK 37/50: p36_mountain_wolf ===
after task 37: p00_cr=84.0  p01_ba=95.5  p02_sk=96.5  p03_ca=98.0  p04_or=98.0  p05_or=98.0  p06_bu=97.5  p07_be=99.0  p08_cl=97.0  p09_bi=97.0  p10_li=97.5  p11_be=98.0  p12_lo=96.5  p13_be=99.0  p14_sk=99.0  p15_pl=99.5  p16_ro=95.5  p17_cr=93.0  p18_ca=98.0  p19_po=80.5  p20_aq=98.5  p21_la=95.5  p22_be=89.5  p23_ca=99.5  p24_be=98.0  p25_pi=95.0  p26_ap=99.5  p27_cu=96.5  p28_bo=67.5  p29_cl=98.5  p30_bo=97.5  p31_pe=98.5  p32_sp=98.5  p33_fl=92.5  p34_bu=95.0  p35_ca=90.5  p36_mo=98.0
cumulative: avg acc 95.28%  storage 24.78 MB  free weights 0.0480

=== [CViT-CPG] TASK 38/50: p37_rocket_woman ===
after task 38: p00_cr=84.0  p01_ba=95.5  p02_sk=96.5  p03_ca=98.0  p04_or=98.0  p05_or=98.0  p06_bu=97.5  p07_be=99.0  p08_cl=97.0  p09_bi=97.0  p10_li=97.5  p11_be=98.0  p12_lo=96.5  p13_be=99.0  p14_sk=99.0  p15_pl=99.5  p16_ro=95.5  p17_cr=93.0  p18_ca=98.0  p19_po=80.5  p20_aq=98.5  p21_la=95.5  p22_be=89.5  p23_ca=99.5  p24_be=98.0  p25_pi=95.0  p26_ap=99.5  p27_cu=96.5  p28_bo=67.5  p29_cl=98.5  p30_bo=97.5  p31_pe=98.5  p32_sp=98.5  p33_fl=92.5  p34_bu=95.0  p35_ca=90.5  p36_mo=98.0  p37_ro=98.0
cumulative: avg acc 95.36%  storage 25.24 MB  free weights 0.0480

=== [CViT-CPG] TASK 39/50: p38_chair_wardrobe ===
after task 39: p00_cr=84.0  p01_ba=95.5  p02_sk=96.5  p03_ca=98.0  p04_or=98.0  p05_or=98.0  p06_bu=97.5  p07_be=99.0  p08_cl=97.0  p09_bi=97.0  p10_li=97.5  p11_be=98.0  p12_lo=96.5  p13_be=99.0  p14_sk=99.0  p15_pl=99.5  p16_ro=95.5  p17_cr=93.0  p18_ca=98.0  p19_po=80.5  p20_aq=98.5  p21_la=95.5  p22_be=89.5  p23_ca=99.5  p24_be=98.0  p25_pi=95.0  p26_ap=99.5  p27_cu=96.5  p28_bo=67.5  p29_cl=98.5  p30_bo=97.5  p31_pe=98.5  p32_sp=98.5  p33_fl=92.5  p34_bu=95.0  p35_ca=90.5  p36_mo=98.0  p37_ro=98.0  p38_ch=98.0
cumulative: avg acc 95.42%  storage 25.70 MB  free weights 0.0480

=== [CViT-CPG] TASK 40/50: p39_seal_snail ===
after task 40: p00_cr=84.0  p01_ba=95.5  p02_sk=96.5  p03_ca=98.0  p04_or=98.0  p05_or=98.0  p06_bu=97.5  p07_be=99.0  p08_cl=97.0  p09_bi=97.0  p10_li=97.5  p11_be=98.0  p12_lo=96.5  p13_be=99.0  p14_sk=99.0  p15_pl=99.5  p16_ro=95.5  p17_cr=93.0  p18_ca=98.0  p19_po=80.5  p20_aq=98.5  p21_la=95.5  p22_be=89.5  p23_ca=99.5  p24_be=98.0  p25_pi=95.0  p26_ap=99.5  p27_cu=96.5  p28_bo=67.5  p29_cl=98.5  p30_bo=97.5  p31_pe=98.5  p32_sp=98.5  p33_fl=92.5  p34_bu=95.0  p35_ca=90.5  p36_mo=98.0  p37_ro=98.0  p38_ch=98.0  p39_se=91.5
cumulative: avg acc 95.33%  storage 26.16 MB  free weights 0.0480

=== [CViT-CPG] TASK 41/50: p40_couch_house ===
after task 41: p00_cr=84.0  p01_ba=95.5  p02_sk=96.5  p03_ca=98.0  p04_or=98.0  p05_or=98.0  p06_bu=97.5  p07_be=99.0  p08_cl=97.0  p09_bi=97.0  p10_li=97.5  p11_be=98.0  p12_lo=96.5  p13_be=99.0  p14_sk=99.0  p15_pl=99.5  p16_ro=95.5  p17_cr=93.0  p18_ca=98.0  p19_po=80.5  p20_aq=98.5  p21_la=95.5  p22_be=89.5  p23_ca=99.5  p24_be=98.0  p25_pi=95.0  p26_ap=99.5  p27_cu=96.5  p28_bo=67.5  p29_cl=98.5  p30_bo=97.5  p31_pe=98.5  p32_sp=98.5  p33_fl=92.5  p34_bu=95.0  p35_ca=90.5  p36_mo=98.0  p37_ro=98.0  p38_ch=98.0  p39_se=91.5  p40_co=92.5
cumulative: avg acc 95.26%  storage 26.62 MB  free weights 0.0480

=== [CViT-CPG] TASK 42/50: p41_man_streetcar ===
after task 42: p00_cr=84.0  p01_ba=95.5  p02_sk=96.5  p03_ca=98.0  p04_or=98.0  p05_or=98.0  p06_bu=97.5  p07_be=99.0  p08_cl=97.0  p09_bi=97.0  p10_li=97.5  p11_be=98.0  p12_lo=96.5  p13_be=99.0  p14_sk=99.0  p15_pl=99.5  p16_ro=95.5  p17_cr=93.0  p18_ca=98.0  p19_po=80.5  p20_aq=98.5  p21_la=95.5  p22_be=89.5  p23_ca=99.5  p24_be=98.0  p25_pi=95.0  p26_ap=99.5  p27_cu=96.5  p28_bo=67.5  p29_cl=98.5  p30_bo=97.5  p31_pe=98.5  p32_sp=98.5  p33_fl=92.5  p34_bu=95.0  p35_ca=90.5  p36_mo=98.0  p37_ro=98.0  p38_ch=98.0  p39_se=91.5  p40_co=92.5  p41_ma=98.0
cumulative: avg acc 95.32%  storage 27.08 MB  free weights 0.0480

=== [CViT-CPG] TASK 43/50: p42_keyboard_rabbit ===
after task 43: p00_cr=84.0  p01_ba=95.5  p02_sk=96.5  p03_ca=98.0  p04_or=98.0  p05_or=98.0  p06_bu=97.5  p07_be=99.0  p08_cl=97.0  p09_bi=97.0  p10_li=97.5  p11_be=98.0  p12_lo=96.5  p13_be=99.0  p14_sk=99.0  p15_pl=99.5  p16_ro=95.5  p17_cr=93.0  p18_ca=98.0  p19_po=80.5  p20_aq=98.5  p21_la=95.5  p22_be=89.5  p23_ca=99.5  p24_be=98.0  p25_pi=95.0  p26_ap=99.5  p27_cu=96.5  p28_bo=67.5  p29_cl=98.5  p30_bo=97.5  p31_pe=98.5  p32_sp=98.5  p33_fl=92.5  p34_bu=95.0  p35_ca=90.5  p36_mo=98.0  p37_ro=98.0  p38_ch=98.0  p39_se=91.5  p40_co=92.5  p41_ma=98.0  p42_ke=95.0
cumulative: avg acc 95.31%  storage 27.54 MB  free weights 0.0480

=== [CViT-CPG] TASK 44/50: p43_bridge_pickup_truck ===
after task 44: p00_cr=84.0  p01_ba=95.5  p02_sk=96.5  p03_ca=98.0  p04_or=98.0  p05_or=98.0  p06_bu=97.5  p07_be=99.0  p08_cl=97.0  p09_bi=97.0  p10_li=97.5  p11_be=98.0  p12_lo=96.5  p13_be=99.0  p14_sk=99.0  p15_pl=99.5  p16_ro=95.5  p17_cr=93.0  p18_ca=98.0  p19_po=80.5  p20_aq=98.5  p21_la=95.5  p22_be=89.5  p23_ca=99.5  p24_be=98.0  p25_pi=95.0  p26_ap=99.5  p27_cu=96.5  p28_bo=67.5  p29_cl=98.5  p30_bo=97.5  p31_pe=98.5  p32_sp=98.5  p33_fl=92.5  p34_bu=95.0  p35_ca=90.5  p36_mo=98.0  p37_ro=98.0  p38_ch=98.0  p39_se=91.5  p40_co=92.5  p41_ma=98.0  p42_ke=95.0  p43_br=95.0
cumulative: avg acc 95.31%  storage 28.00 MB  free weights 0.0480

=== [CViT-CPG] TASK 45/50: p44_rose_tiger ===
after task 45: p00_cr=84.0  p01_ba=95.5  p02_sk=96.5  p03_ca=98.0  p04_or=98.0  p05_or=98.0  p06_bu=97.5  p07_be=99.0  p08_cl=97.0  p09_bi=97.0  p10_li=97.5  p11_be=98.0  p12_lo=96.5  p13_be=99.0  p14_sk=99.0  p15_pl=99.5  p16_ro=95.5  p17_cr=93.0  p18_ca=98.0  p19_po=80.5  p20_aq=98.5  p21_la=95.5  p22_be=89.5  p23_ca=99.5  p24_be=98.0  p25_pi=95.0  p26_ap=99.5  p27_cu=96.5  p28_bo=67.5  p29_cl=98.5  p30_bo=97.5  p31_pe=98.5  p32_sp=98.5  p33_fl=92.5  p34_bu=95.0  p35_ca=90.5  p36_mo=98.0  p37_ro=98.0  p38_ch=98.0  p39_se=91.5  p40_co=92.5  p41_ma=98.0  p42_ke=95.0  p43_br=95.0  p44_ro=99.5
cumulative: avg acc 95.40%  storage 28.46 MB  free weights 0.0480

=== [CViT-CPG] TASK 46/50: p45_hamster_television ===
after task 46: p00_cr=84.0  p01_ba=95.5  p02_sk=96.5  p03_ca=98.0  p04_or=98.0  p05_or=98.0  p06_bu=97.5  p07_be=99.0  p08_cl=97.0  p09_bi=97.0  p10_li=97.5  p11_be=98.0  p12_lo=96.5  p13_be=99.0  p14_sk=99.0  p15_pl=99.5  p16_ro=95.5  p17_cr=93.0  p18_ca=98.0  p19_po=80.5  p20_aq=98.5  p21_la=95.5  p22_be=89.5  p23_ca=99.5  p24_be=98.0  p25_pi=95.0  p26_ap=99.5  p27_cu=96.5  p28_bo=67.5  p29_cl=98.5  p30_bo=97.5  p31_pe=98.5  p32_sp=98.5  p33_fl=92.5  p34_bu=95.0  p35_ca=90.5  p36_mo=98.0  p37_ro=98.0  p38_ch=98.0  p39_se=91.5  p40_co=92.5  p41_ma=98.0  p42_ke=95.0  p43_br=95.0  p44_ro=99.5  p45_ha=98.5
cumulative: avg acc 95.47%  storage 28.92 MB  free weights 0.0480

=== [CViT-CPG] TASK 47/50: p46_chimpanzee_sweet_pepper ===
after task 47: p00_cr=84.0  p01_ba=95.5  p02_sk=96.5  p03_ca=98.0  p04_or=98.0  p05_or=98.0  p06_bu=97.5  p07_be=99.0  p08_cl=97.0  p09_bi=97.0  p10_li=97.5  p11_be=98.0  p12_lo=96.5  p13_be=99.0  p14_sk=99.0  p15_pl=99.5  p16_ro=95.5  p17_cr=93.0  p18_ca=98.0  p19_po=80.5  p20_aq=98.5  p21_la=95.5  p22_be=89.5  p23_ca=99.5  p24_be=98.0  p25_pi=95.0  p26_ap=99.5  p27_cu=96.5  p28_bo=67.5  p29_cl=98.5  p30_bo=97.5  p31_pe=98.5  p32_sp=98.5  p33_fl=92.5  p34_bu=95.0  p35_ca=90.5  p36_mo=98.0  p37_ro=98.0  p38_ch=98.0  p39_se=91.5  p40_co=92.5  p41_ma=98.0  p42_ke=95.0  p43_br=95.0  p44_ro=99.5  p45_ha=98.5  p46_ch=98.5
cumulative: avg acc 95.53%  storage 29.38 MB  free weights 0.0480

=== [CViT-CPG] TASK 48/50: p47_bottle_willow_tree ===
after task 48: p00_cr=84.0  p01_ba=95.5  p02_sk=96.5  p03_ca=98.0  p04_or=98.0  p05_or=98.0  p06_bu=97.5  p07_be=99.0  p08_cl=97.0  p09_bi=97.0  p10_li=97.5  p11_be=98.0  p12_lo=96.5  p13_be=99.0  p14_sk=99.0  p15_pl=99.5  p16_ro=95.5  p17_cr=93.0  p18_ca=98.0  p19_po=80.5  p20_aq=98.5  p21_la=95.5  p22_be=89.5  p23_ca=99.5  p24_be=98.0  p25_pi=95.0  p26_ap=99.5  p27_cu=96.5  p28_bo=67.5  p29_cl=98.5  p30_bo=97.5  p31_pe=98.5  p32_sp=98.5  p33_fl=92.5  p34_bu=95.0  p35_ca=90.5  p36_mo=98.0  p37_ro=98.0  p38_ch=98.0  p39_se=91.5  p40_co=92.5  p41_ma=98.0  p42_ke=95.0  p43_br=95.0  p44_ro=99.5  p45_ha=98.5  p46_ch=98.5  p47_bo=96.0
cumulative: avg acc 95.54%  storage 29.84 MB  free weights 0.0480

=== [CViT-CPG] TASK 49/50: p48_possum_ray ===
after task 49: p00_cr=84.0  p01_ba=95.5  p02_sk=96.5  p03_ca=98.0  p04_or=98.0  p05_or=98.0  p06_bu=97.5  p07_be=99.0  p08_cl=97.0  p09_bi=97.0  p10_li=97.5  p11_be=98.0  p12_lo=96.5  p13_be=99.0  p14_sk=99.0  p15_pl=99.5  p16_ro=95.5  p17_cr=93.0  p18_ca=98.0  p19_po=80.5  p20_aq=98.5  p21_la=95.5  p22_be=89.5  p23_ca=99.5  p24_be=98.0  p25_pi=95.0  p26_ap=99.5  p27_cu=96.5  p28_bo=67.5  p29_cl=98.5  p30_bo=97.5  p31_pe=98.5  p32_sp=98.5  p33_fl=92.5  p34_bu=95.0  p35_ca=90.5  p36_mo=98.0  p37_ro=98.0  p38_ch=98.0  p39_se=91.5  p40_co=92.5  p41_ma=98.0  p42_ke=95.0  p43_br=95.0  p44_ro=99.5  p45_ha=98.5  p46_ch=98.5  p47_bo=96.0  p48_po=91.0
cumulative: avg acc 95.45%  storage 30.30 MB  free weights 0.0480

=== [CViT-CPG] TASK 50/50: p49_lizard_maple_tree ===
after task 50: p00_cr=84.0  p01_ba=95.5  p02_sk=96.5  p03_ca=98.0  p04_or=98.0  p05_or=98.0  p06_bu=97.5  p07_be=99.0  p08_cl=97.0  p09_bi=97.0  p10_li=97.5  p11_be=98.0  p12_lo=96.5  p13_be=99.0  p14_sk=99.0  p15_pl=99.5  p16_ro=95.5  p17_cr=93.0  p18_ca=98.0  p19_po=80.5  p20_aq=98.5  p21_la=95.5  p22_be=89.5  p23_ca=99.5  p24_be=98.0  p25_pi=95.0  p26_ap=99.5  p27_cu=96.5  p28_bo=67.5  p29_cl=98.5  p30_bo=97.5  p31_pe=98.5  p32_sp=98.5  p33_fl=92.5  p34_bu=95.0  p35_ca=90.5  p36_mo=98.0  p37_ro=98.0  p38_ch=98.0  p39_se=91.5  p40_co=92.5  p41_ma=98.0  p42_ke=95.0  p43_br=95.0  p44_ro=99.5  p45_ha=98.5  p46_ch=98.5  p47_bo=96.0  p48_po=91.0  p49_li=96.0
cumulative: avg acc 95.46%  storage 30.76 MB  free weights 0.0480

==========================================================================
CViT-CPG : per-task accuracy (row = task, col = measured after task N)
==========================================================================
task \ after      1      2      3      4      5      6      7      8      9     10     11     12     13     14     15     16     17     18     19     20     21     22     23     24     25     26     27     28     29     30     31     32     33     34     35     36     37     38     39     40     41     42     43     44     45     46     47     48     49     50
p00_crab_tel   84.0   84.0   84.0   84.0   84.0   84.0   84.0   84.0   84.0   84.0   84.0   84.0   84.0   84.0   84.0   84.0   84.0   84.0   84.0   84.0   84.0   84.0   84.0   84.0   84.0   84.0   84.0   84.0   84.0   84.0   84.0   84.0   84.0   84.0   84.0   84.0   84.0   84.0   84.0   84.0   84.0   84.0   84.0   84.0   84.0   84.0   84.0   84.0   84.0   84.0
p01_baby_ott    -     95.5   95.5   95.5   95.5   95.5   95.5   95.5   95.5   95.5   95.5   95.5   95.5   95.5   95.5   95.5   95.5   95.5   95.5   95.5   95.5   95.5   95.5   95.5   95.5   95.5   95.5   95.5   95.5   95.5   95.5   95.5   95.5   95.5   95.5   95.5   95.5   95.5   95.5   95.5   95.5   95.5   95.5   95.5   95.5   95.5   95.5   95.5   95.5   95.5
p02_skunk_tu    -      -     96.5   96.5   96.5   96.5   96.5   96.5   96.5   96.5   96.5   96.5   96.5   96.5   96.5   96.5   96.5   96.5   96.5   96.5   96.5   96.5   96.5   96.5   96.5   96.5   96.5   96.5   96.5   96.5   96.5   96.5   96.5   96.5   96.5   96.5   96.5   96.5   96.5   96.5   96.5   96.5   96.5   96.5   96.5   96.5   96.5   96.5   96.5   96.5
p03_can_shar    -      -      -     98.0   98.0   98.0   98.0   98.0   98.0   98.0   98.0   98.0   98.0   98.0   98.0   98.0   98.0   98.0   98.0   98.0   98.0   98.0   98.0   98.0   98.0   98.0   98.0   98.0   98.0   98.0   98.0   98.0   98.0   98.0   98.0   98.0   98.0   98.0   98.0   98.0   98.0   98.0   98.0   98.0   98.0   98.0   98.0   98.0   98.0   98.0
p04_orchid_w    -      -      -      -     98.0   98.0   98.0   98.0   98.0   98.0   98.0   98.0   98.0   98.0   98.0   98.0   98.0   98.0   98.0   98.0   98.0   98.0   98.0   98.0   98.0   98.0   98.0   98.0   98.0   98.0   98.0   98.0   98.0   98.0   98.0   98.0   98.0   98.0   98.0   98.0   98.0   98.0   98.0   98.0   98.0   98.0   98.0   98.0   98.0   98.0
p05_orange_t    -      -      -      -      -     98.0   98.0   98.0   98.0   98.0   98.0   98.0   98.0   98.0   98.0   98.0   98.0   98.0   98.0   98.0   98.0   98.0   98.0   98.0   98.0   98.0   98.0   98.0   98.0   98.0   98.0   98.0   98.0   98.0   98.0   98.0   98.0   98.0   98.0   98.0   98.0   98.0   98.0   98.0   98.0   98.0   98.0   98.0   98.0   98.0
p06_bus_snak    -      -      -      -      -      -     97.5   97.5   97.5   97.5   97.5   97.5   97.5   97.5   97.5   97.5   97.5   97.5   97.5   97.5   97.5   97.5   97.5   97.5   97.5   97.5   97.5   97.5   97.5   97.5   97.5   97.5   97.5   97.5   97.5   97.5   97.5   97.5   97.5   97.5   97.5   97.5   97.5   97.5   97.5   97.5   97.5   97.5   97.5   97.5
p07_beetle_d    -      -      -      -      -      -      -     99.0   99.0   99.0   99.0   99.0   99.0   99.0   99.0   99.0   99.0   99.0   99.0   99.0   99.0   99.0   99.0   99.0   99.0   99.0   99.0   99.0   99.0   99.0   99.0   99.0   99.0   99.0   99.0   99.0   99.0   99.0   99.0   99.0   99.0   99.0   99.0   99.0   99.0   99.0   99.0   99.0   99.0   99.0
p08_clock_co    -      -      -      -      -      -      -      -     97.0   97.0   97.0   97.0   97.0   97.0   97.0   97.0   97.0   97.0   97.0   97.0   97.0   97.0   97.0   97.0   97.0   97.0   97.0   97.0   97.0   97.0   97.0   97.0   97.0   97.0   97.0   97.0   97.0   97.0   97.0   97.0   97.0   97.0   97.0   97.0   97.0   97.0   97.0   97.0   97.0   97.0
p09_bicycle_    -      -      -      -      -      -      -      -      -     97.0   97.0   97.0   97.0   97.0   97.0   97.0   97.0   97.0   97.0   97.0   97.0   97.0   97.0   97.0   97.0   97.0   97.0   97.0   97.0   97.0   97.0   97.0   97.0   97.0   97.0   97.0   97.0   97.0   97.0   97.0   97.0   97.0   97.0   97.0   97.0   97.0   97.0   97.0   97.0   97.0
p10_lion_pop    -      -      -      -      -      -      -      -      -      -     97.5   97.5   97.5   97.5   97.5   97.5   97.5   97.5   97.5   97.5   97.5   97.5   97.5   97.5   97.5   97.5   97.5   97.5   97.5   97.5   97.5   97.5   97.5   97.5   97.5   97.5   97.5   97.5   97.5   97.5   97.5   97.5   97.5   97.5   97.5   97.5   97.5   97.5   97.5   97.5
p11_bear_sea    -      -      -      -      -      -      -      -      -      -      -     98.0   98.0   98.0   98.0   98.0   98.0   98.0   98.0   98.0   98.0   98.0   98.0   98.0   98.0   98.0   98.0   98.0   98.0   98.0   98.0   98.0   98.0   98.0   98.0   98.0   98.0   98.0   98.0   98.0   98.0   98.0   98.0   98.0   98.0   98.0   98.0   98.0   98.0   98.0
p12_lobster_    -      -      -      -      -      -      -      -      -      -      -      -     96.5   96.5   96.5   96.5   96.5   96.5   96.5   96.5   96.5   96.5   96.5   96.5   96.5   96.5   96.5   96.5   96.5   96.5   96.5   96.5   96.5   96.5   96.5   96.5   96.5   96.5   96.5   96.5   96.5   96.5   96.5   96.5   96.5   96.5   96.5   96.5   96.5   96.5
p13_bee_worm    -      -      -      -      -      -      -      -      -      -      -      -      -     99.0   99.0   99.0   99.0   99.0   99.0   99.0   99.0   99.0   99.0   99.0   99.0   99.0   99.0   99.0   99.0   99.0   99.0   99.0   99.0   99.0   99.0   99.0   99.0   99.0   99.0   99.0   99.0   99.0   99.0   99.0   99.0   99.0   99.0   99.0   99.0   99.0
p14_skyscrap    -      -      -      -      -      -      -      -      -      -      -      -      -      -     99.0   99.0   99.0   99.0   99.0   99.0   99.0   99.0   99.0   99.0   99.0   99.0   99.0   99.0   99.0   99.0   99.0   99.0   99.0   99.0   99.0   99.0   99.0   99.0   99.0   99.0   99.0   99.0   99.0   99.0   99.0   99.0   99.0   99.0   99.0   99.0
p15_plain_sq    -      -      -      -      -      -      -      -      -      -      -      -      -      -      -     99.5   99.5   99.5   99.5   99.5   99.5   99.5   99.5   99.5   99.5   99.5   99.5   99.5   99.5   99.5   99.5   99.5   99.5   99.5   99.5   99.5   99.5   99.5   99.5   99.5   99.5   99.5   99.5   99.5   99.5   99.5   99.5   99.5   99.5   99.5
p16_road_tra    -      -      -      -      -      -      -      -      -      -      -      -      -      -      -      -     95.5   95.5   95.5   95.5   95.5   95.5   95.5   95.5   95.5   95.5   95.5   95.5   95.5   95.5   95.5   95.5   95.5   95.5   95.5   95.5   95.5   95.5   95.5   95.5   95.5   95.5   95.5   95.5   95.5   95.5   95.5   95.5   95.5   95.5
p17_crocodil    -      -      -      -      -      -      -      -      -      -      -      -      -      -      -      -      -     93.0   93.0   93.0   93.0   93.0   93.0   93.0   93.0   93.0   93.0   93.0   93.0   93.0   93.0   93.0   93.0   93.0   93.0   93.0   93.0   93.0   93.0   93.0   93.0   93.0   93.0   93.0   93.0   93.0   93.0   93.0   93.0   93.0
p18_caterpil    -      -      -      -      -      -      -      -      -      -      -      -      -      -      -      -      -      -     98.0   98.0   98.0   98.0   98.0   98.0   98.0   98.0   98.0   98.0   98.0   98.0   98.0   98.0   98.0   98.0   98.0   98.0   98.0   98.0   98.0   98.0   98.0   98.0   98.0   98.0   98.0   98.0   98.0   98.0   98.0   98.0
p19_porcupin    -      -      -      -      -      -      -      -      -      -      -      -      -      -      -      -      -      -      -     80.5   80.5   80.5   80.5   80.5   80.5   80.5   80.5   80.5   80.5   80.5   80.5   80.5   80.5   80.5   80.5   80.5   80.5   80.5   80.5   80.5   80.5   80.5   80.5   80.5   80.5   80.5   80.5   80.5   80.5   80.5
p20_aquarium    -      -      -      -      -      -      -      -      -      -      -      -      -      -      -      -      -      -      -      -     98.5   98.5   98.5   98.5   98.5   98.5   98.5   98.5   98.5   98.5   98.5   98.5   98.5   98.5   98.5   98.5   98.5   98.5   98.5   98.5   98.5   98.5   98.5   98.5   98.5   98.5   98.5   98.5   98.5   98.5
p21_lawn_mow    -      -      -      -      -      -      -      -      -      -      -      -      -      -      -      -      -      -      -      -      -     95.5   95.5   95.5   95.5   95.5   95.5   95.5   95.5   95.5   95.5   95.5   95.5   95.5   95.5   95.5   95.5   95.5   95.5   95.5   95.5   95.5   95.5   95.5   95.5   95.5   95.5   95.5   95.5   95.5
p22_beaver_c    -      -      -      -      -      -      -      -      -      -      -      -      -      -      -      -      -      -      -      -      -      -     89.5   89.5   89.5   89.5   89.5   89.5   89.5   89.5   89.5   89.5   89.5   89.5   89.5   89.5   89.5   89.5   89.5   89.5   89.5   89.5   89.5   89.5   89.5   89.5   89.5   89.5   89.5   89.5
p23_castle_l    -      -      -      -      -      -      -      -      -      -      -      -      -      -      -      -      -      -      -      -      -      -      -     99.5   99.5   99.5   99.5   99.5   99.5   99.5   99.5   99.5   99.5   99.5   99.5   99.5   99.5   99.5   99.5   99.5   99.5   99.5   99.5   99.5   99.5   99.5   99.5   99.5   99.5   99.5
p24_bed_kang    -      -      -      -      -      -      -      -      -      -      -      -      -      -      -      -      -      -      -      -      -      -      -      -     98.0   98.0   98.0   98.0   98.0   98.0   98.0   98.0   98.0   98.0   98.0   98.0   98.0   98.0   98.0   98.0   98.0   98.0   98.0   98.0   98.0   98.0   98.0   98.0   98.0   98.0
p25_pine_tre    -      -      -      -      -      -      -      -      -      -      -      -      -      -      -      -      -      -      -      -      -      -      -      -      -     95.0   95.0   95.0   95.0   95.0   95.0   95.0   95.0   95.0   95.0   95.0   95.0   95.0   95.0   95.0   95.0   95.0   95.0   95.0   95.0   95.0   95.0   95.0   95.0   95.0
p26_apple_fo    -      -      -      -      -      -      -      -      -      -      -      -      -      -      -      -      -      -      -      -      -      -      -      -      -      -     99.5   99.5   99.5   99.5   99.5   99.5   99.5   99.5   99.5   99.5   99.5   99.5   99.5   99.5   99.5   99.5   99.5   99.5   99.5   99.5   99.5   99.5   99.5   99.5
p27_cup_mous    -      -      -      -      -      -      -      -      -      -      -      -      -      -      -      -      -      -      -      -      -      -      -      -      -      -      -     96.5   96.5   96.5   96.5   96.5   96.5   96.5   96.5   96.5   96.5   96.5   96.5   96.5   96.5   96.5   96.5   96.5   96.5   96.5   96.5   96.5   96.5   96.5
p28_boy_girl    -      -      -      -      -      -      -      -      -      -      -      -      -      -      -      -      -      -      -      -      -      -      -      -      -      -      -      -     67.5   67.5   67.5   67.5   67.5   67.5   67.5   67.5   67.5   67.5   67.5   67.5   67.5   67.5   67.5   67.5   67.5   67.5   67.5   67.5   67.5   67.5
p29_cloud_oa    -      -      -      -      -      -      -      -      -      -      -      -      -      -      -      -      -      -      -      -      -      -      -      -      -      -      -      -      -     98.5   98.5   98.5   98.5   98.5   98.5   98.5   98.5   98.5   98.5   98.5   98.5   98.5   98.5   98.5   98.5   98.5   98.5   98.5   98.5   98.5
p30_bowl_ele    -      -      -      -      -      -      -      -      -      -      -      -      -      -      -      -      -      -      -      -      -      -      -      -      -      -      -      -      -      -     97.5   97.5   97.5   97.5   97.5   97.5   97.5   97.5   97.5   97.5   97.5   97.5   97.5   97.5   97.5   97.5   97.5   97.5   97.5   97.5
p31_pear_rac    -      -      -      -      -      -      -      -      -      -      -      -      -      -      -      -      -      -      -      -      -      -      -      -      -      -      -      -      -      -      -     98.5   98.5   98.5   98.5   98.5   98.5   98.5   98.5   98.5   98.5   98.5   98.5   98.5   98.5   98.5   98.5   98.5   98.5   98.5
p32_spider_t    -      -      -      -      -      -      -      -      -      -      -      -      -      -      -      -      -      -      -      -      -      -      -      -      -      -      -      -      -      -      -      -     98.5   98.5   98.5   98.5   98.5   98.5   98.5   98.5   98.5   98.5   98.5   98.5   98.5   98.5   98.5   98.5   98.5   98.5
p33_flatfish    -      -      -      -      -      -      -      -      -      -      -      -      -      -      -      -      -      -      -      -      -      -      -      -      -      -      -      -      -      -      -      -      -     92.5   92.5   92.5   92.5   92.5   92.5   92.5   92.5   92.5   92.5   92.5   92.5   92.5   92.5   92.5   92.5   92.5
p34_butterfl    -      -      -      -      -      -      -      -      -      -      -      -      -      -      -      -      -      -      -      -      -      -      -      -      -      -      -      -      -      -      -      -      -      -     95.0   95.0   95.0   95.0   95.0   95.0   95.0   95.0   95.0   95.0   95.0   95.0   95.0   95.0   95.0   95.0
p35_cattle_d    -      -      -      -      -      -      -      -      -      -      -      -      -      -      -      -      -      -      -      -      -      -      -      -      -      -      -      -      -      -      -      -      -      -      -     90.5   90.5   90.5   90.5   90.5   90.5   90.5   90.5   90.5   90.5   90.5   90.5   90.5   90.5   90.5
p36_mountain    -      -      -      -      -      -      -      -      -      -      -      -      -      -      -      -      -      -      -      -      -      -      -      -      -      -      -      -      -      -      -      -      -      -      -      -     98.0   98.0   98.0   98.0   98.0   98.0   98.0   98.0   98.0   98.0   98.0   98.0   98.0   98.0
p37_rocket_w    -      -      -      -      -      -      -      -      -      -      -      -      -      -      -      -      -      -      -      -      -      -      -      -      -      -      -      -      -      -      -      -      -      -      -      -      -     98.0   98.0   98.0   98.0   98.0   98.0   98.0   98.0   98.0   98.0   98.0   98.0   98.0
p38_chair_wa    -      -      -      -      -      -      -      -      -      -      -      -      -      -      -      -      -      -      -      -      -      -      -      -      -      -      -      -      -      -      -      -      -      -      -      -      -      -     98.0   98.0   98.0   98.0   98.0   98.0   98.0   98.0   98.0   98.0   98.0   98.0
p39_seal_sna    -      -      -      -      -      -      -      -      -      -      -      -      -      -      -      -      -      -      -      -      -      -      -      -      -      -      -      -      -      -      -      -      -      -      -      -      -      -      -     91.5   91.5   91.5   91.5   91.5   91.5   91.5   91.5   91.5   91.5   91.5
p40_couch_ho    -      -      -      -      -      -      -      -      -      -      -      -      -      -      -      -      -      -      -      -      -      -      -      -      -      -      -      -      -      -      -      -      -      -      -      -      -      -      -      -     92.5   92.5   92.5   92.5   92.5   92.5   92.5   92.5   92.5   92.5
p41_man_stre    -      -      -      -      -      -      -      -      -      -      -      -      -      -      -      -      -      -      -      -      -      -      -      -      -      -      -      -      -      -      -      -      -      -      -      -      -      -      -      -      -     98.0   98.0   98.0   98.0   98.0   98.0   98.0   98.0   98.0
p42_keyboard    -      -      -      -      -      -      -      -      -      -      -      -      -      -      -      -      -      -      -      -      -      -      -      -      -      -      -      -      -      -      -      -      -      -      -      -      -      -      -      -      -      -     95.0   95.0   95.0   95.0   95.0   95.0   95.0   95.0
p43_bridge_p    -      -      -      -      -      -      -      -      -      -      -      -      -      -      -      -      -      -      -      -      -      -      -      -      -      -      -      -      -      -      -      -      -      -      -      -      -      -      -      -      -      -      -     95.0   95.0   95.0   95.0   95.0   95.0   95.0
p44_rose_tig    -      -      -      -      -      -      -      -      -      -      -      -      -      -      -      -      -      -      -      -      -      -      -      -      -      -      -      -      -      -      -      -      -      -      -      -      -      -      -      -      -      -      -      -     99.5   99.5   99.5   99.5   99.5   99.5
p45_hamster_    -      -      -      -      -      -      -      -      -      -      -      -      -      -      -      -      -      -      -      -      -      -      -      -      -      -      -      -      -      -      -      -      -      -      -      -      -      -      -      -      -      -      -      -      -     98.5   98.5   98.5   98.5   98.5
p46_chimpanz    -      -      -      -      -      -      -      -      -      -      -      -      -      -      -      -      -      -      -      -      -      -      -      -      -      -      -      -      -      -      -      -      -      -      -      -      -      -      -      -      -      -      -      -      -      -     98.5   98.5   98.5   98.5
p47_bottle_w    -      -      -      -      -      -      -      -      -      -      -      -      -      -      -      -      -      -      -      -      -      -      -      -      -      -      -      -      -      -      -      -      -      -      -      -      -      -      -      -      -      -      -      -      -      -      -     96.0   96.0   96.0
p48_possum_r    -      -      -      -      -      -      -      -      -      -      -      -      -      -      -      -      -      -      -      -      -      -      -      -      -      -      -      -      -      -      -      -      -      -      -      -      -      -      -      -      -      -      -      -      -      -      -      -     91.0   91.0
p49_lizard_m    -      -      -      -      -      -      -      -      -      -      -      -      -      -      -      -      -      -      -      -      -      -      -      -      -      -      -      -      -      -      -      -      -      -      -      -      -      -      -      -      -      -      -      -      -      -      -      -      -     96.0
--------------------------------------------------------------------------
avg RETAINED accuracy (after all tasks)  : 95.46%
max ACCURACY drift after a task learned  : 0.000%
Backward Transfer (BWT, ~0 = no forget)  : +0.000%
max FROZEN-WEIGHT drift (bit-exact)      : 0.00e+00
max LOGIT drift (function preserved)     : 0.00e+00

continual Accuracy-Per-FLOP (cAPF = retained_acc / inference GFLOPs):
  CViT-CPG (ours) : 95.46% / 0.0230 GFLOPs = 4156.0 %/GFLOP  (1.72M params)
  VGG16-CPG (ref) : 78.60% / 0.7467 GFLOPs = 105.3 %/GFLOP
  -> CViT-CPG cAPF is 39.5x higher

wrote cvit_cpg_pair50_S_128_seed1.txt
