pretrained init: loaded 1013 tensors (9.55M params, 101% of model, 7 attn-bias interpolated), skipped 14
  skipped by category: {'attn_bias': 7, 'head': 7}

=== [CViT-CPG] TASK 1/20: aquatic_mammals ===
after task 1: aquati=67.4

=== [CViT-CPG] TASK 2/20: fish ===
after task 2: aquati=67.4  fish=82.6

=== [CViT-CPG] TASK 3/20: flowers ===
after task 3: aquati=67.4  fish=82.6  flower=82.2

=== [CViT-CPG] TASK 4/20: food_containers ===
after task 4: aquati=67.4  fish=82.6  flower=82.2  food_c=80.8

=== [CViT-CPG] TASK 5/20: fruit_and_vegetables ===
after task 5: aquati=67.4  fish=82.6  flower=82.2  food_c=80.8  fruit_=87.8

=== [CViT-CPG] TASK 6/20: household_electrical_devices ===
after task 6: aquati=67.4  fish=82.6  flower=82.2  food_c=80.8  fruit_=87.8  househ=87.0

=== [CViT-CPG] TASK 7/20: household_furniture ===
after task 7: aquati=67.4  fish=82.6  flower=82.2  food_c=80.8  fruit_=87.8  househ=87.0  househ=82.4

=== [CViT-CPG] TASK 8/20: insects ===
after task 8: aquati=67.4  fish=82.6  flower=82.2  food_c=80.8  fruit_=87.8  househ=87.0  househ=82.4  insect=86.0

=== [CViT-CPG] TASK 9/20: large_carnivores ===
after task 9: aquati=67.4  fish=82.6  flower=82.2  food_c=80.8  fruit_=87.8  househ=87.0  househ=82.4  insect=86.0  large_=85.8

=== [CViT-CPG] TASK 10/20: large_man-made_outdoor_things ===
after task 10: aquati=67.4  fish=82.6  flower=82.2  food_c=80.8  fruit_=87.8  househ=87.0  househ=82.4  insect=86.0  large_=85.8  large_=89.4

=== [CViT-CPG] TASK 11/20: large_natural_outdoor_scenes ===
after task 11: aquati=67.4  fish=82.6  flower=82.2  food_c=80.8  fruit_=87.8  househ=87.0  househ=82.4  insect=86.0  large_=85.8  large_=89.4  large_=88.4

=== [CViT-CPG] TASK 12/20: large_omnivores_and_herbivores ===
after task 12: aquati=67.4  fish=82.6  flower=82.2  food_c=80.8  fruit_=87.8  househ=87.0  househ=82.4  insect=86.0  large_=85.8  large_=89.4  large_=88.4  large_=84.8

=== [CViT-CPG] TASK 13/20: medium_mammals ===
after task 13: aquati=67.4  fish=82.6  flower=82.2  food_c=80.8  fruit_=87.8  househ=87.0  househ=82.4  insect=86.0  large_=85.8  large_=89.4  large_=88.4  large_=84.8  medium=88.2

=== [CViT-CPG] TASK 14/20: non-insect_invertebrates ===
after task 14: aquati=67.4  fish=82.6  flower=82.2  food_c=80.8  fruit_=87.8  househ=87.0  househ=82.4  insect=86.0  large_=85.8  large_=89.4  large_=88.4  large_=84.8  medium=88.2  non-in=85.0

=== [CViT-CPG] TASK 15/20: people ===
after task 15: aquati=67.4  fish=82.6  flower=82.2  food_c=80.8  fruit_=87.8  househ=87.0  househ=82.4  insect=86.0  large_=85.8  large_=89.4  large_=88.4  large_=84.8  medium=88.2  non-in=85.0  people=55.4

=== [CViT-CPG] TASK 16/20: reptiles ===
after task 16: aquati=67.4  fish=82.6  flower=82.2  food_c=80.8  fruit_=87.8  househ=87.0  househ=82.4  insect=86.0  large_=85.8  large_=89.4  large_=88.4  large_=84.8  medium=88.2  non-in=85.0  people=55.4  reptil=78.6

=== [CViT-CPG] TASK 17/20: small_mammals ===
after task 17: aquati=67.4  fish=82.6  flower=82.2  food_c=80.8  fruit_=87.8  househ=87.0  househ=82.4  insect=86.0  large_=85.8  large_=89.4  large_=88.4  large_=84.8  medium=88.2  non-in=85.0  people=55.4  reptil=78.6  small_=76.4

=== [CViT-CPG] TASK 18/20: trees ===
after task 18: aquati=67.4  fish=82.6  flower=82.2  food_c=80.8  fruit_=87.8  househ=87.0  househ=82.4  insect=86.0  large_=85.8  large_=89.4  large_=88.4  large_=84.8  medium=88.2  non-in=85.0  people=55.4  reptil=78.6  small_=76.4  trees=74.2

=== [CViT-CPG] TASK 19/20: vehicles_1 ===
after task 19: aquati=67.4  fish=82.6  flower=82.2  food_c=80.8  fruit_=87.8  househ=87.0  househ=82.4  insect=86.0  large_=85.8  large_=89.4  large_=88.4  large_=84.8  medium=88.2  non-in=85.0  people=55.4  reptil=78.6  small_=76.4  trees=74.2  vehicl=90.2

=== [CViT-CPG] TASK 20/20: vehicles_2 ===
after task 20: aquati=67.4  fish=82.6  flower=82.2  food_c=80.8  fruit_=87.8  househ=87.0  househ=82.4  insect=86.0  large_=85.8  large_=89.4  large_=88.4  large_=84.8  medium=88.2  non-in=85.0  people=55.4  reptil=78.6  small_=76.4  trees=74.2  vehicl=90.2  vehicl=92.0

==========================================================================
CViT-CPG : per-task accuracy (row = task, col = measured after task N)
==========================================================================
task \ after      1      2      3      4      5      6      7      8      9     10     11     12     13     14     15     16     17     18     19     20
aquatic_mamm   67.4   67.4   67.4   67.4   67.4   67.4   67.4   67.4   67.4   67.4   67.4   67.4   67.4   67.4   67.4   67.4   67.4   67.4   67.4   67.4
fish            -     82.6   82.6   82.6   82.6   82.6   82.6   82.6   82.6   82.6   82.6   82.6   82.6   82.6   82.6   82.6   82.6   82.6   82.6   82.6
flowers         -      -     82.2   82.2   82.2   82.2   82.2   82.2   82.2   82.2   82.2   82.2   82.2   82.2   82.2   82.2   82.2   82.2   82.2   82.2
food_contain    -      -      -     80.8   80.8   80.8   80.8   80.8   80.8   80.8   80.8   80.8   80.8   80.8   80.8   80.8   80.8   80.8   80.8   80.8
fruit_and_ve    -      -      -      -     87.8   87.8   87.8   87.8   87.8   87.8   87.8   87.8   87.8   87.8   87.8   87.8   87.8   87.8   87.8   87.8
household_el    -      -      -      -      -     87.0   87.0   87.0   87.0   87.0   87.0   87.0   87.0   87.0   87.0   87.0   87.0   87.0   87.0   87.0
household_fu    -      -      -      -      -      -     82.4   82.4   82.4   82.4   82.4   82.4   82.4   82.4   82.4   82.4   82.4   82.4   82.4   82.4
insects         -      -      -      -      -      -      -     86.0   86.0   86.0   86.0   86.0   86.0   86.0   86.0   86.0   86.0   86.0   86.0   86.0
large_carniv    -      -      -      -      -      -      -      -     85.8   85.8   85.8   85.8   85.8   85.8   85.8   85.8   85.8   85.8   85.8   85.8
large_man-ma    -      -      -      -      -      -      -      -      -     89.4   89.4   89.4   89.4   89.4   89.4   89.4   89.4   89.4   89.4   89.4
large_natura    -      -      -      -      -      -      -      -      -      -     88.4   88.4   88.4   88.4   88.4   88.4   88.4   88.4   88.4   88.4
large_omnivo    -      -      -      -      -      -      -      -      -      -      -     84.8   84.8   84.8   84.8   84.8   84.8   84.8   84.8   84.8
medium_mamma    -      -      -      -      -      -      -      -      -      -      -      -     88.2   88.2   88.2   88.2   88.2   88.2   88.2   88.2
non-insect_i    -      -      -      -      -      -      -      -      -      -      -      -      -     85.0   85.0   85.0   85.0   85.0   85.0   85.0
people          -      -      -      -      -      -      -      -      -      -      -      -      -      -     55.4   55.4   55.4   55.4   55.4   55.4
reptiles        -      -      -      -      -      -      -      -      -      -      -      -      -      -      -     78.6   78.6   78.6   78.6   78.6
small_mammal    -      -      -      -      -      -      -      -      -      -      -      -      -      -      -      -     76.4   76.4   76.4   76.4
trees           -      -      -      -      -      -      -      -      -      -      -      -      -      -      -      -      -     74.2   74.2   74.2
vehicles_1      -      -      -      -      -      -      -      -      -      -      -      -      -      -      -      -      -      -     90.2   90.2
vehicles_2      -      -      -      -      -      -      -      -      -      -      -      -      -      -      -      -      -      -      -     92.0
--------------------------------------------------------------------------
avg RETAINED accuracy (after all tasks)  : 82.23%
max ACCURACY drift after a task learned  : 0.000%
Backward Transfer (BWT, ~0 = no forget)  : +0.000%
max FROZEN-WEIGHT drift (bit-exact)      : 0.00e+00
max LOGIT drift (function preserved)     : 0.00e+00

continual Accuracy-Per-FLOP (cAPF = retained_acc / inference GFLOPs):
  CViT-CPG (ours) : 82.23% / 0.1467 GFLOPs = 560.6 %/GFLOP  (9.47M params)
  VGG16-CPG (ref) : 78.60% / 0.7467 GFLOPs = 105.3 %/GFLOP
  -> CViT-CPG cAPF is 5.3x higher

wrote cvit_cpg_20task_XL_128_abfix_seed3.txt
