pretrained init: loaded 831 tensors (1.75M params, 102% of model, 5 attn-bias interpolated), skipped 19
  skipped by category: {'attn_bias': 5, 'head': 14}

=== [LoRA-r2] TASK 1/50: p00_crab_telephone ===
after task 1: p00_cr=73.5
cumulative: avg acc 73.50%  storage 6.93 MB

=== [LoRA-r2] TASK 2/50: p01_baby_otter ===
after task 2: p00_cr=73.5  p01_ba=84.0
cumulative: avg acc 78.75%  storage 7.01 MB

=== [LoRA-r2] TASK 3/50: p02_skunk_turtle ===
after task 3: p00_cr=73.5  p01_ba=84.0  p02_sk=75.5
cumulative: avg acc 77.67%  storage 7.09 MB

=== [LoRA-r2] TASK 4/50: p03_can_shark ===
after task 4: p00_cr=73.5  p01_ba=84.0  p02_sk=75.5  p03_ca=61.5
cumulative: avg acc 73.62%  storage 7.16 MB

=== [LoRA-r2] TASK 5/50: p04_orchid_whale ===
after task 5: p00_cr=73.5  p01_ba=84.0  p02_sk=75.5  p03_ca=61.5  p04_or=72.5
cumulative: avg acc 73.40%  storage 7.24 MB

=== [LoRA-r2] TASK 6/50: p05_orange_tulip ===
after task 6: p00_cr=73.5  p01_ba=84.0  p02_sk=75.5  p03_ca=61.5  p04_or=72.5  p05_or=67.5
cumulative: avg acc 72.42%  storage 7.31 MB

=== [LoRA-r2] TASK 7/50: p06_bus_snake ===
after task 7: p00_cr=73.5  p01_ba=84.0  p02_sk=75.5  p03_ca=61.5  p04_or=72.5  p05_or=67.5  p06_bu=98.5
cumulative: avg acc 76.14%  storage 7.39 MB

=== [LoRA-r2] TASK 8/50: p07_beetle_dolphin ===
after task 8: p00_cr=73.5  p01_ba=84.0  p02_sk=75.5  p03_ca=61.5  p04_or=72.5  p05_or=67.5  p06_bu=98.5  p07_be=69.0
cumulative: avg acc 75.25%  storage 7.47 MB

=== [LoRA-r2] TASK 9/50: p08_clock_cockroach ===
after task 9: p00_cr=73.5  p01_ba=84.0  p02_sk=75.5  p03_ca=61.5  p04_or=72.5  p05_or=67.5  p06_bu=98.5  p07_be=69.0  p08_cl=94.0
cumulative: avg acc 77.33%  storage 7.54 MB

=== [LoRA-r2] TASK 10/50: p09_bicycle_forest ===
after task 10: p00_cr=73.5  p01_ba=84.0  p02_sk=75.5  p03_ca=61.5  p04_or=72.5  p05_or=67.5  p06_bu=98.5  p07_be=69.0  p08_cl=94.0  p09_bi=66.0
cumulative: avg acc 76.20%  storage 7.62 MB

=== [LoRA-r2] TASK 11/50: p10_lion_poppy ===
after task 11: p00_cr=73.5  p01_ba=84.0  p02_sk=75.5  p03_ca=61.5  p04_or=72.5  p05_or=67.5  p06_bu=98.5  p07_be=69.0  p08_cl=94.0  p09_bi=66.0  p10_li=94.0
cumulative: avg acc 77.82%  storage 7.69 MB

=== [LoRA-r2] TASK 12/50: p11_bear_sea ===
after task 12: p00_cr=73.5  p01_ba=84.0  p02_sk=75.5  p03_ca=61.5  p04_or=72.5  p05_or=67.5  p06_bu=98.5  p07_be=69.0  p08_cl=94.0  p09_bi=66.0  p10_li=94.0  p11_be=89.0
cumulative: avg acc 78.75%  storage 7.77 MB

=== [LoRA-r2] TASK 13/50: p12_lobster_motorcycle ===
after task 13: p00_cr=73.5  p01_ba=84.0  p02_sk=75.5  p03_ca=61.5  p04_or=72.5  p05_or=67.5  p06_bu=98.5  p07_be=69.0  p08_cl=94.0  p09_bi=66.0  p10_li=94.0  p11_be=89.0  p12_lo=90.0
cumulative: avg acc 79.62%  storage 7.85 MB

=== [LoRA-r2] TASK 14/50: p13_bee_worm ===
after task 14: p00_cr=73.5  p01_ba=84.0  p02_sk=75.5  p03_ca=61.5  p04_or=72.5  p05_or=67.5  p06_bu=98.5  p07_be=69.0  p08_cl=94.0  p09_bi=66.0  p10_li=94.0  p11_be=89.0  p12_lo=90.0  p13_be=91.0
cumulative: avg acc 80.43%  storage 7.92 MB

=== [LoRA-r2] TASK 15/50: p14_skyscraper_sunflower ===
after task 15: p00_cr=73.5  p01_ba=84.0  p02_sk=75.5  p03_ca=61.5  p04_or=72.5  p05_or=67.5  p06_bu=98.5  p07_be=69.0  p08_cl=94.0  p09_bi=66.0  p10_li=94.0  p11_be=89.0  p12_lo=90.0  p13_be=91.0  p14_sk=96.0
cumulative: avg acc 81.47%  storage 8.00 MB

=== [LoRA-r2] TASK 16/50: p15_plain_squirrel ===
after task 16: p00_cr=73.5  p01_ba=84.0  p02_sk=75.5  p03_ca=61.5  p04_or=72.5  p05_or=67.5  p06_bu=98.5  p07_be=69.0  p08_cl=94.0  p09_bi=66.0  p10_li=94.0  p11_be=89.0  p12_lo=90.0  p13_be=91.0  p14_sk=96.0  p15_pl=75.5
cumulative: avg acc 81.09%  storage 8.07 MB

=== [LoRA-r2] TASK 17/50: p16_road_train ===
after task 17: p00_cr=73.5  p01_ba=84.0  p02_sk=75.5  p03_ca=61.5  p04_or=72.5  p05_or=67.5  p06_bu=98.5  p07_be=69.0  p08_cl=94.0  p09_bi=66.0  p10_li=94.0  p11_be=89.0  p12_lo=90.0  p13_be=91.0  p14_sk=96.0  p15_pl=75.5  p16_ro=59.5
cumulative: avg acc 79.82%  storage 8.15 MB

=== [LoRA-r2] TASK 18/50: p17_crocodile_mushroom ===
after task 18: p00_cr=73.5  p01_ba=84.0  p02_sk=75.5  p03_ca=61.5  p04_or=72.5  p05_or=67.5  p06_bu=98.5  p07_be=69.0  p08_cl=94.0  p09_bi=66.0  p10_li=94.0  p11_be=89.0  p12_lo=90.0  p13_be=91.0  p14_sk=96.0  p15_pl=75.5  p16_ro=59.5  p17_cr=80.5
cumulative: avg acc 79.86%  storage 8.23 MB

=== [LoRA-r2] TASK 19/50: p18_caterpillar_palm_tree ===
after task 19: p00_cr=73.5  p01_ba=84.0  p02_sk=75.5  p03_ca=61.5  p04_or=72.5  p05_or=67.5  p06_bu=98.5  p07_be=69.0  p08_cl=94.0  p09_bi=66.0  p10_li=94.0  p11_be=89.0  p12_lo=90.0  p13_be=91.0  p14_sk=96.0  p15_pl=75.5  p16_ro=59.5  p17_cr=80.5  p18_ca=81.5
cumulative: avg acc 79.95%  storage 8.30 MB

=== [LoRA-r2] TASK 20/50: p19_porcupine_shrew ===
after task 20: p00_cr=73.5  p01_ba=84.0  p02_sk=75.5  p03_ca=61.5  p04_or=72.5  p05_or=67.5  p06_bu=98.5  p07_be=69.0  p08_cl=94.0  p09_bi=66.0  p10_li=94.0  p11_be=89.0  p12_lo=90.0  p13_be=91.0  p14_sk=96.0  p15_pl=75.5  p16_ro=59.5  p17_cr=80.5  p18_ca=81.5  p19_po=50.0
cumulative: avg acc 78.45%  storage 8.38 MB

=== [LoRA-r2] TASK 21/50: p20_aquarium_fish_plate ===
after task 21: p00_cr=73.5  p01_ba=84.0  p02_sk=75.5  p03_ca=61.5  p04_or=72.5  p05_or=67.5  p06_bu=98.5  p07_be=69.0  p08_cl=94.0  p09_bi=66.0  p10_li=94.0  p11_be=89.0  p12_lo=90.0  p13_be=91.0  p14_sk=96.0  p15_pl=75.5  p16_ro=59.5  p17_cr=80.5  p18_ca=81.5  p19_po=50.0  p20_aq=99.0
cumulative: avg acc 79.43%  storage 8.45 MB

=== [LoRA-r2] TASK 22/50: p21_lawn_mower_leopard ===
after task 22: p00_cr=73.5  p01_ba=84.0  p02_sk=75.5  p03_ca=61.5  p04_or=72.5  p05_or=67.5  p06_bu=98.5  p07_be=69.0  p08_cl=94.0  p09_bi=66.0  p10_li=94.0  p11_be=89.0  p12_lo=90.0  p13_be=91.0  p14_sk=96.0  p15_pl=75.5  p16_ro=59.5  p17_cr=80.5  p18_ca=81.5  p19_po=50.0  p20_aq=99.0  p21_la=94.5
cumulative: avg acc 80.11%  storage 8.53 MB

=== [LoRA-r2] TASK 23/50: p22_beaver_camel ===
after task 23: p00_cr=73.5  p01_ba=84.0  p02_sk=75.5  p03_ca=61.5  p04_or=72.5  p05_or=67.5  p06_bu=98.5  p07_be=69.0  p08_cl=94.0  p09_bi=66.0  p10_li=94.0  p11_be=89.0  p12_lo=90.0  p13_be=91.0  p14_sk=96.0  p15_pl=75.5  p16_ro=59.5  p17_cr=80.5  p18_ca=81.5  p19_po=50.0  p20_aq=99.0  p21_la=94.5  p22_be=56.5
cumulative: avg acc 79.09%  storage 8.61 MB

=== [LoRA-r2] TASK 24/50: p23_castle_lamp ===
after task 24: p00_cr=73.5  p01_ba=84.0  p02_sk=75.5  p03_ca=61.5  p04_or=72.5  p05_or=67.5  p06_bu=98.5  p07_be=69.0  p08_cl=94.0  p09_bi=66.0  p10_li=94.0  p11_be=89.0  p12_lo=90.0  p13_be=91.0  p14_sk=96.0  p15_pl=75.5  p16_ro=59.5  p17_cr=80.5  p18_ca=81.5  p19_po=50.0  p20_aq=99.0  p21_la=94.5  p22_be=56.5  p23_ca=82.5
cumulative: avg acc 79.23%  storage 8.68 MB

=== [LoRA-r2] TASK 25/50: p24_bed_kangaroo ===
after task 25: p00_cr=73.5  p01_ba=84.0  p02_sk=75.5  p03_ca=61.5  p04_or=72.5  p05_or=67.5  p06_bu=98.5  p07_be=69.0  p08_cl=94.0  p09_bi=66.0  p10_li=94.0  p11_be=89.0  p12_lo=90.0  p13_be=91.0  p14_sk=96.0  p15_pl=75.5  p16_ro=59.5  p17_cr=80.5  p18_ca=81.5  p19_po=50.0  p20_aq=99.0  p21_la=94.5  p22_be=56.5  p23_ca=82.5  p24_be=80.0
cumulative: avg acc 79.26%  storage 8.76 MB

=== [LoRA-r2] TASK 26/50: p25_pine_tree_trout ===
after task 26: p00_cr=73.5  p01_ba=84.0  p02_sk=75.5  p03_ca=61.5  p04_or=72.5  p05_or=67.5  p06_bu=98.5  p07_be=69.0  p08_cl=94.0  p09_bi=66.0  p10_li=94.0  p11_be=89.0  p12_lo=90.0  p13_be=91.0  p14_sk=96.0  p15_pl=75.5  p16_ro=59.5  p17_cr=80.5  p18_ca=81.5  p19_po=50.0  p20_aq=99.0  p21_la=94.5  p22_be=56.5  p23_ca=82.5  p24_be=80.0  p25_pi=78.0
cumulative: avg acc 79.21%  storage 8.83 MB

=== [LoRA-r2] TASK 27/50: p26_apple_fox ===
after task 27: p00_cr=73.5  p01_ba=84.0  p02_sk=75.5  p03_ca=61.5  p04_or=72.5  p05_or=67.5  p06_bu=98.5  p07_be=69.0  p08_cl=94.0  p09_bi=66.0  p10_li=94.0  p11_be=89.0  p12_lo=90.0  p13_be=91.0  p14_sk=96.0  p15_pl=75.5  p16_ro=59.5  p17_cr=80.5  p18_ca=81.5  p19_po=50.0  p20_aq=99.0  p21_la=94.5  p22_be=56.5  p23_ca=82.5  p24_be=80.0  p25_pi=78.0  p26_ap=68.5
cumulative: avg acc 78.81%  storage 8.91 MB

=== [LoRA-r2] TASK 28/50: p27_cup_mouse ===
after task 28: p00_cr=73.5  p01_ba=84.0  p02_sk=75.5  p03_ca=61.5  p04_or=72.5  p05_or=67.5  p06_bu=98.5  p07_be=69.0  p08_cl=94.0  p09_bi=66.0  p10_li=94.0  p11_be=89.0  p12_lo=90.0  p13_be=91.0  p14_sk=96.0  p15_pl=75.5  p16_ro=59.5  p17_cr=80.5  p18_ca=81.5  p19_po=50.0  p20_aq=99.0  p21_la=94.5  p22_be=56.5  p23_ca=82.5  p24_be=80.0  p25_pi=78.0  p26_ap=68.5  p27_cu=91.5
cumulative: avg acc 79.27%  storage 8.99 MB

=== [LoRA-r2] TASK 29/50: p28_boy_girl ===
after task 29: p00_cr=73.5  p01_ba=84.0  p02_sk=75.5  p03_ca=61.5  p04_or=72.5  p05_or=67.5  p06_bu=98.5  p07_be=69.0  p08_cl=94.0  p09_bi=66.0  p10_li=94.0  p11_be=89.0  p12_lo=90.0  p13_be=91.0  p14_sk=96.0  p15_pl=75.5  p16_ro=59.5  p17_cr=80.5  p18_ca=81.5  p19_po=50.0  p20_aq=99.0  p21_la=94.5  p22_be=56.5  p23_ca=82.5  p24_be=80.0  p25_pi=78.0  p26_ap=68.5  p27_cu=91.5  p28_bo=59.5
cumulative: avg acc 78.59%  storage 9.06 MB

=== [LoRA-r2] TASK 30/50: p29_cloud_oak_tree ===
after task 30: p00_cr=73.5  p01_ba=84.0  p02_sk=75.5  p03_ca=61.5  p04_or=72.5  p05_or=67.5  p06_bu=98.5  p07_be=69.0  p08_cl=94.0  p09_bi=66.0  p10_li=94.0  p11_be=89.0  p12_lo=90.0  p13_be=91.0  p14_sk=96.0  p15_pl=75.5  p16_ro=59.5  p17_cr=80.5  p18_ca=81.5  p19_po=50.0  p20_aq=99.0  p21_la=94.5  p22_be=56.5  p23_ca=82.5  p24_be=80.0  p25_pi=78.0  p26_ap=68.5  p27_cu=91.5  p28_bo=59.5  p29_cl=70.5
cumulative: avg acc 78.32%  storage 9.14 MB

=== [LoRA-r2] TASK 31/50: p30_bowl_elephant ===
after task 31: p00_cr=73.5  p01_ba=84.0  p02_sk=75.5  p03_ca=61.5  p04_or=72.5  p05_or=67.5  p06_bu=98.5  p07_be=69.0  p08_cl=94.0  p09_bi=66.0  p10_li=94.0  p11_be=89.0  p12_lo=90.0  p13_be=91.0  p14_sk=96.0  p15_pl=75.5  p16_ro=59.5  p17_cr=80.5  p18_ca=81.5  p19_po=50.0  p20_aq=99.0  p21_la=94.5  p22_be=56.5  p23_ca=82.5  p24_be=80.0  p25_pi=78.0  p26_ap=68.5  p27_cu=91.5  p28_bo=59.5  p29_cl=70.5  p30_bo=83.0
cumulative: avg acc 78.47%  storage 9.21 MB

=== [LoRA-r2] TASK 32/50: p31_pear_raccoon ===
after task 32: p00_cr=73.5  p01_ba=84.0  p02_sk=75.5  p03_ca=61.5  p04_or=72.5  p05_or=67.5  p06_bu=98.5  p07_be=69.0  p08_cl=94.0  p09_bi=66.0  p10_li=94.0  p11_be=89.0  p12_lo=90.0  p13_be=91.0  p14_sk=96.0  p15_pl=75.5  p16_ro=59.5  p17_cr=80.5  p18_ca=81.5  p19_po=50.0  p20_aq=99.0  p21_la=94.5  p22_be=56.5  p23_ca=82.5  p24_be=80.0  p25_pi=78.0  p26_ap=68.5  p27_cu=91.5  p28_bo=59.5  p29_cl=70.5  p30_bo=83.0  p31_pe=94.0
cumulative: avg acc 78.95%  storage 9.29 MB

=== [LoRA-r2] TASK 33/50: p32_spider_tank ===
after task 33: p00_cr=73.5  p01_ba=84.0  p02_sk=75.5  p03_ca=61.5  p04_or=72.5  p05_or=67.5  p06_bu=98.5  p07_be=69.0  p08_cl=94.0  p09_bi=66.0  p10_li=94.0  p11_be=89.0  p12_lo=90.0  p13_be=91.0  p14_sk=96.0  p15_pl=75.5  p16_ro=59.5  p17_cr=80.5  p18_ca=81.5  p19_po=50.0  p20_aq=99.0  p21_la=94.5  p22_be=56.5  p23_ca=82.5  p24_be=80.0  p25_pi=78.0  p26_ap=68.5  p27_cu=91.5  p28_bo=59.5  p29_cl=70.5  p30_bo=83.0  p31_pe=94.0  p32_sp=60.5
cumulative: avg acc 78.39%  storage 9.37 MB

=== [LoRA-r2] TASK 34/50: p33_flatfish_table ===
after task 34: p00_cr=73.5  p01_ba=84.0  p02_sk=75.5  p03_ca=61.5  p04_or=72.5  p05_or=67.5  p06_bu=98.5  p07_be=69.0  p08_cl=94.0  p09_bi=66.0  p10_li=94.0  p11_be=89.0  p12_lo=90.0  p13_be=91.0  p14_sk=96.0  p15_pl=75.5  p16_ro=59.5  p17_cr=80.5  p18_ca=81.5  p19_po=50.0  p20_aq=99.0  p21_la=94.5  p22_be=56.5  p23_ca=82.5  p24_be=80.0  p25_pi=78.0  p26_ap=68.5  p27_cu=91.5  p28_bo=59.5  p29_cl=70.5  p30_bo=83.0  p31_pe=94.0  p32_sp=60.5  p33_fl=72.5
cumulative: avg acc 78.22%  storage 9.44 MB

=== [LoRA-r2] TASK 35/50: p34_butterfly_tractor ===
after task 35: p00_cr=73.5  p01_ba=84.0  p02_sk=75.5  p03_ca=61.5  p04_or=72.5  p05_or=67.5  p06_bu=98.5  p07_be=69.0  p08_cl=94.0  p09_bi=66.0  p10_li=94.0  p11_be=89.0  p12_lo=90.0  p13_be=91.0  p14_sk=96.0  p15_pl=75.5  p16_ro=59.5  p17_cr=80.5  p18_ca=81.5  p19_po=50.0  p20_aq=99.0  p21_la=94.5  p22_be=56.5  p23_ca=82.5  p24_be=80.0  p25_pi=78.0  p26_ap=68.5  p27_cu=91.5  p28_bo=59.5  p29_cl=70.5  p30_bo=83.0  p31_pe=94.0  p32_sp=60.5  p33_fl=72.5  p34_bu=66.0
cumulative: avg acc 77.87%  storage 9.52 MB

=== [LoRA-r2] TASK 36/50: p35_cattle_dinosaur ===
after task 36: p00_cr=73.5  p01_ba=84.0  p02_sk=75.5  p03_ca=61.5  p04_or=72.5  p05_or=67.5  p06_bu=98.5  p07_be=69.0  p08_cl=94.0  p09_bi=66.0  p10_li=94.0  p11_be=89.0  p12_lo=90.0  p13_be=91.0  p14_sk=96.0  p15_pl=75.5  p16_ro=59.5  p17_cr=80.5  p18_ca=81.5  p19_po=50.0  p20_aq=99.0  p21_la=94.5  p22_be=56.5  p23_ca=82.5  p24_be=80.0  p25_pi=78.0  p26_ap=68.5  p27_cu=91.5  p28_bo=59.5  p29_cl=70.5  p30_bo=83.0  p31_pe=94.0  p32_sp=60.5  p33_fl=72.5  p34_bu=66.0  p35_ca=80.5
cumulative: avg acc 77.94%  storage 9.59 MB

=== [LoRA-r2] TASK 37/50: p36_mountain_wolf ===
after task 37: p00_cr=73.5  p01_ba=84.0  p02_sk=75.5  p03_ca=61.5  p04_or=72.5  p05_or=67.5  p06_bu=98.5  p07_be=69.0  p08_cl=94.0  p09_bi=66.0  p10_li=94.0  p11_be=89.0  p12_lo=90.0  p13_be=91.0  p14_sk=96.0  p15_pl=75.5  p16_ro=59.5  p17_cr=80.5  p18_ca=81.5  p19_po=50.0  p20_aq=99.0  p21_la=94.5  p22_be=56.5  p23_ca=82.5  p24_be=80.0  p25_pi=78.0  p26_ap=68.5  p27_cu=91.5  p28_bo=59.5  p29_cl=70.5  p30_bo=83.0  p31_pe=94.0  p32_sp=60.5  p33_fl=72.5  p34_bu=66.0  p35_ca=80.5  p36_mo=94.5
cumulative: avg acc 78.39%  storage 9.67 MB

=== [LoRA-r2] TASK 38/50: p37_rocket_woman ===
after task 38: p00_cr=73.5  p01_ba=84.0  p02_sk=75.5  p03_ca=61.5  p04_or=72.5  p05_or=67.5  p06_bu=98.5  p07_be=69.0  p08_cl=94.0  p09_bi=66.0  p10_li=94.0  p11_be=89.0  p12_lo=90.0  p13_be=91.0  p14_sk=96.0  p15_pl=75.5  p16_ro=59.5  p17_cr=80.5  p18_ca=81.5  p19_po=50.0  p20_aq=99.0  p21_la=94.5  p22_be=56.5  p23_ca=82.5  p24_be=80.0  p25_pi=78.0  p26_ap=68.5  p27_cu=91.5  p28_bo=59.5  p29_cl=70.5  p30_bo=83.0  p31_pe=94.0  p32_sp=60.5  p33_fl=72.5  p34_bu=66.0  p35_ca=80.5  p36_mo=94.5  p37_ro=83.0
cumulative: avg acc 78.51%  storage 9.75 MB

=== [LoRA-r2] TASK 39/50: p38_chair_wardrobe ===
after task 39: p00_cr=73.5  p01_ba=84.0  p02_sk=75.5  p03_ca=61.5  p04_or=72.5  p05_or=67.5  p06_bu=98.5  p07_be=69.0  p08_cl=94.0  p09_bi=66.0  p10_li=94.0  p11_be=89.0  p12_lo=90.0  p13_be=91.0  p14_sk=96.0  p15_pl=75.5  p16_ro=59.5  p17_cr=80.5  p18_ca=81.5  p19_po=50.0  p20_aq=99.0  p21_la=94.5  p22_be=56.5  p23_ca=82.5  p24_be=80.0  p25_pi=78.0  p26_ap=68.5  p27_cu=91.5  p28_bo=59.5  p29_cl=70.5  p30_bo=83.0  p31_pe=94.0  p32_sp=60.5  p33_fl=72.5  p34_bu=66.0  p35_ca=80.5  p36_mo=94.5  p37_ro=83.0  p38_ch=50.0
cumulative: avg acc 77.78%  storage 9.82 MB

=== [LoRA-r2] TASK 40/50: p39_seal_snail ===
after task 40: p00_cr=73.5  p01_ba=84.0  p02_sk=75.5  p03_ca=61.5  p04_or=72.5  p05_or=67.5  p06_bu=98.5  p07_be=69.0  p08_cl=94.0  p09_bi=66.0  p10_li=94.0  p11_be=89.0  p12_lo=90.0  p13_be=91.0  p14_sk=96.0  p15_pl=75.5  p16_ro=59.5  p17_cr=80.5  p18_ca=81.5  p19_po=50.0  p20_aq=99.0  p21_la=94.5  p22_be=56.5  p23_ca=82.5  p24_be=80.0  p25_pi=78.0  p26_ap=68.5  p27_cu=91.5  p28_bo=59.5  p29_cl=70.5  p30_bo=83.0  p31_pe=94.0  p32_sp=60.5  p33_fl=72.5  p34_bu=66.0  p35_ca=80.5  p36_mo=94.5  p37_ro=83.0  p38_ch=50.0  p39_se=78.5
cumulative: avg acc 77.80%  storage 9.90 MB

=== [LoRA-r2] TASK 41/50: p40_couch_house ===
after task 41: p00_cr=73.5  p01_ba=84.0  p02_sk=75.5  p03_ca=61.5  p04_or=72.5  p05_or=67.5  p06_bu=98.5  p07_be=69.0  p08_cl=94.0  p09_bi=66.0  p10_li=94.0  p11_be=89.0  p12_lo=90.0  p13_be=91.0  p14_sk=96.0  p15_pl=75.5  p16_ro=59.5  p17_cr=80.5  p18_ca=81.5  p19_po=50.0  p20_aq=99.0  p21_la=94.5  p22_be=56.5  p23_ca=82.5  p24_be=80.0  p25_pi=78.0  p26_ap=68.5  p27_cu=91.5  p28_bo=59.5  p29_cl=70.5  p30_bo=83.0  p31_pe=94.0  p32_sp=60.5  p33_fl=72.5  p34_bu=66.0  p35_ca=80.5  p36_mo=94.5  p37_ro=83.0  p38_ch=50.0  p39_se=78.5  p40_co=50.5
cumulative: avg acc 77.13%  storage 9.97 MB

=== [LoRA-r2] TASK 42/50: p41_man_streetcar ===
after task 42: p00_cr=73.5  p01_ba=84.0  p02_sk=75.5  p03_ca=61.5  p04_or=72.5  p05_or=67.5  p06_bu=98.5  p07_be=69.0  p08_cl=94.0  p09_bi=66.0  p10_li=94.0  p11_be=89.0  p12_lo=90.0  p13_be=91.0  p14_sk=96.0  p15_pl=75.5  p16_ro=59.5  p17_cr=80.5  p18_ca=81.5  p19_po=50.0  p20_aq=99.0  p21_la=94.5  p22_be=56.5  p23_ca=82.5  p24_be=80.0  p25_pi=78.0  p26_ap=68.5  p27_cu=91.5  p28_bo=59.5  p29_cl=70.5  p30_bo=83.0  p31_pe=94.0  p32_sp=60.5  p33_fl=72.5  p34_bu=66.0  p35_ca=80.5  p36_mo=94.5  p37_ro=83.0  p38_ch=50.0  p39_se=78.5  p40_co=50.5  p41_ma=89.0
cumulative: avg acc 77.42%  storage 10.05 MB

=== [LoRA-r2] TASK 43/50: p42_keyboard_rabbit ===
after task 43: p00_cr=73.5  p01_ba=84.0  p02_sk=75.5  p03_ca=61.5  p04_or=72.5  p05_or=67.5  p06_bu=98.5  p07_be=69.0  p08_cl=94.0  p09_bi=66.0  p10_li=94.0  p11_be=89.0  p12_lo=90.0  p13_be=91.0  p14_sk=96.0  p15_pl=75.5  p16_ro=59.5  p17_cr=80.5  p18_ca=81.5  p19_po=50.0  p20_aq=99.0  p21_la=94.5  p22_be=56.5  p23_ca=82.5  p24_be=80.0  p25_pi=78.0  p26_ap=68.5  p27_cu=91.5  p28_bo=59.5  p29_cl=70.5  p30_bo=83.0  p31_pe=94.0  p32_sp=60.5  p33_fl=72.5  p34_bu=66.0  p35_ca=80.5  p36_mo=94.5  p37_ro=83.0  p38_ch=50.0  p39_se=78.5  p40_co=50.5  p41_ma=89.0  p42_ke=99.5
cumulative: avg acc 77.93%  storage 10.13 MB

=== [LoRA-r2] TASK 44/50: p43_bridge_pickup_truck ===
after task 44: p00_cr=73.5  p01_ba=84.0  p02_sk=75.5  p03_ca=61.5  p04_or=72.5  p05_or=67.5  p06_bu=98.5  p07_be=69.0  p08_cl=94.0  p09_bi=66.0  p10_li=94.0  p11_be=89.0  p12_lo=90.0  p13_be=91.0  p14_sk=96.0  p15_pl=75.5  p16_ro=59.5  p17_cr=80.5  p18_ca=81.5  p19_po=50.0  p20_aq=99.0  p21_la=94.5  p22_be=56.5  p23_ca=82.5  p24_be=80.0  p25_pi=78.0  p26_ap=68.5  p27_cu=91.5  p28_bo=59.5  p29_cl=70.5  p30_bo=83.0  p31_pe=94.0  p32_sp=60.5  p33_fl=72.5  p34_bu=66.0  p35_ca=80.5  p36_mo=94.5  p37_ro=83.0  p38_ch=50.0  p39_se=78.5  p40_co=50.5  p41_ma=89.0  p42_ke=99.5  p43_br=58.5
cumulative: avg acc 77.49%  storage 10.20 MB

=== [LoRA-r2] TASK 45/50: p44_rose_tiger ===
after task 45: p00_cr=73.5  p01_ba=84.0  p02_sk=75.5  p03_ca=61.5  p04_or=72.5  p05_or=67.5  p06_bu=98.5  p07_be=69.0  p08_cl=94.0  p09_bi=66.0  p10_li=94.0  p11_be=89.0  p12_lo=90.0  p13_be=91.0  p14_sk=96.0  p15_pl=75.5  p16_ro=59.5  p17_cr=80.5  p18_ca=81.5  p19_po=50.0  p20_aq=99.0  p21_la=94.5  p22_be=56.5  p23_ca=82.5  p24_be=80.0  p25_pi=78.0  p26_ap=68.5  p27_cu=91.5  p28_bo=59.5  p29_cl=70.5  p30_bo=83.0  p31_pe=94.0  p32_sp=60.5  p33_fl=72.5  p34_bu=66.0  p35_ca=80.5  p36_mo=94.5  p37_ro=83.0  p38_ch=50.0  p39_se=78.5  p40_co=50.5  p41_ma=89.0  p42_ke=99.5  p43_br=58.5  p44_ro=84.0
cumulative: avg acc 77.63%  storage 10.28 MB

=== [LoRA-r2] TASK 46/50: p45_hamster_television ===
after task 46: p00_cr=73.5  p01_ba=84.0  p02_sk=75.5  p03_ca=61.5  p04_or=72.5  p05_or=67.5  p06_bu=98.5  p07_be=69.0  p08_cl=94.0  p09_bi=66.0  p10_li=94.0  p11_be=89.0  p12_lo=90.0  p13_be=91.0  p14_sk=96.0  p15_pl=75.5  p16_ro=59.5  p17_cr=80.5  p18_ca=81.5  p19_po=50.0  p20_aq=99.0  p21_la=94.5  p22_be=56.5  p23_ca=82.5  p24_be=80.0  p25_pi=78.0  p26_ap=68.5  p27_cu=91.5  p28_bo=59.5  p29_cl=70.5  p30_bo=83.0  p31_pe=94.0  p32_sp=60.5  p33_fl=72.5  p34_bu=66.0  p35_ca=80.5  p36_mo=94.5  p37_ro=83.0  p38_ch=50.0  p39_se=78.5  p40_co=50.5  p41_ma=89.0  p42_ke=99.5  p43_br=58.5  p44_ro=84.0  p45_ha=50.0
cumulative: avg acc 77.03%  storage 10.35 MB

=== [LoRA-r2] TASK 47/50: p46_chimpanzee_sweet_pepper ===
after task 47: p00_cr=73.5  p01_ba=84.0  p02_sk=75.5  p03_ca=61.5  p04_or=72.5  p05_or=67.5  p06_bu=98.5  p07_be=69.0  p08_cl=94.0  p09_bi=66.0  p10_li=94.0  p11_be=89.0  p12_lo=90.0  p13_be=91.0  p14_sk=96.0  p15_pl=75.5  p16_ro=59.5  p17_cr=80.5  p18_ca=81.5  p19_po=50.0  p20_aq=99.0  p21_la=94.5  p22_be=56.5  p23_ca=82.5  p24_be=80.0  p25_pi=78.0  p26_ap=68.5  p27_cu=91.5  p28_bo=59.5  p29_cl=70.5  p30_bo=83.0  p31_pe=94.0  p32_sp=60.5  p33_fl=72.5  p34_bu=66.0  p35_ca=80.5  p36_mo=94.5  p37_ro=83.0  p38_ch=50.0  p39_se=78.5  p40_co=50.5  p41_ma=89.0  p42_ke=99.5  p43_br=58.5  p44_ro=84.0  p45_ha=50.0  p46_ch=64.5
cumulative: avg acc 76.77%  storage 10.43 MB

=== [LoRA-r2] TASK 48/50: p47_bottle_willow_tree ===
after task 48: p00_cr=73.5  p01_ba=84.0  p02_sk=75.5  p03_ca=61.5  p04_or=72.5  p05_or=67.5  p06_bu=98.5  p07_be=69.0  p08_cl=94.0  p09_bi=66.0  p10_li=94.0  p11_be=89.0  p12_lo=90.0  p13_be=91.0  p14_sk=96.0  p15_pl=75.5  p16_ro=59.5  p17_cr=80.5  p18_ca=81.5  p19_po=50.0  p20_aq=99.0  p21_la=94.5  p22_be=56.5  p23_ca=82.5  p24_be=80.0  p25_pi=78.0  p26_ap=68.5  p27_cu=91.5  p28_bo=59.5  p29_cl=70.5  p30_bo=83.0  p31_pe=94.0  p32_sp=60.5  p33_fl=72.5  p34_bu=66.0  p35_ca=80.5  p36_mo=94.5  p37_ro=83.0  p38_ch=50.0  p39_se=78.5  p40_co=50.5  p41_ma=89.0  p42_ke=99.5  p43_br=58.5  p44_ro=84.0  p45_ha=50.0  p46_ch=64.5  p47_bo=53.5
cumulative: avg acc 76.28%  storage 10.51 MB

=== [LoRA-r2] TASK 49/50: p48_possum_ray ===
after task 49: p00_cr=73.5  p01_ba=84.0  p02_sk=75.5  p03_ca=61.5  p04_or=72.5  p05_or=67.5  p06_bu=98.5  p07_be=69.0  p08_cl=94.0  p09_bi=66.0  p10_li=94.0  p11_be=89.0  p12_lo=90.0  p13_be=91.0  p14_sk=96.0  p15_pl=75.5  p16_ro=59.5  p17_cr=80.5  p18_ca=81.5  p19_po=50.0  p20_aq=99.0  p21_la=94.5  p22_be=56.5  p23_ca=82.5  p24_be=80.0  p25_pi=78.0  p26_ap=68.5  p27_cu=91.5  p28_bo=59.5  p29_cl=70.5  p30_bo=83.0  p31_pe=94.0  p32_sp=60.5  p33_fl=72.5  p34_bu=66.0  p35_ca=80.5  p36_mo=94.5  p37_ro=83.0  p38_ch=50.0  p39_se=78.5  p40_co=50.5  p41_ma=89.0  p42_ke=99.5  p43_br=58.5  p44_ro=84.0  p45_ha=50.0  p46_ch=64.5  p47_bo=53.5  p48_po=78.0
cumulative: avg acc 76.32%  storage 10.58 MB

=== [LoRA-r2] TASK 50/50: p49_lizard_maple_tree ===
after task 50: p00_cr=73.5  p01_ba=84.0  p02_sk=75.5  p03_ca=61.5  p04_or=72.5  p05_or=67.5  p06_bu=98.5  p07_be=69.0  p08_cl=94.0  p09_bi=66.0  p10_li=94.0  p11_be=89.0  p12_lo=90.0  p13_be=91.0  p14_sk=96.0  p15_pl=75.5  p16_ro=59.5  p17_cr=80.5  p18_ca=81.5  p19_po=50.0  p20_aq=99.0  p21_la=94.5  p22_be=56.5  p23_ca=82.5  p24_be=80.0  p25_pi=78.0  p26_ap=68.5  p27_cu=91.5  p28_bo=59.5  p29_cl=70.5  p30_bo=83.0  p31_pe=94.0  p32_sp=60.5  p33_fl=72.5  p34_bu=66.0  p35_ca=80.5  p36_mo=94.5  p37_ro=83.0  p38_ch=50.0  p39_se=78.5  p40_co=50.5  p41_ma=89.0  p42_ke=99.5  p43_br=58.5  p44_ro=84.0  p45_ha=50.0  p46_ch=64.5  p47_bo=53.5  p48_po=78.0  p49_li=77.5
cumulative: avg acc 76.34%  storage 10.66 MB

==========================================================================
Per-task LoRA (rank 2) : per-task accuracy (col = after task N)
==========================================================================
task \ after      1      2      3      4      5      6      7      8      9     10     11     12     13     14     15     16     17     18     19     20     21     22     23     24     25     26     27     28     29     30     31     32     33     34     35     36     37     38     39     40     41     42     43     44     45     46     47     48     49     50
p00_crab_tel   73.5   73.5   73.5   73.5   73.5   73.5   73.5   73.5   73.5   73.5   73.5   73.5   73.5   73.5   73.5   73.5   73.5   73.5   73.5   73.5   73.5   73.5   73.5   73.5   73.5   73.5   73.5   73.5   73.5   73.5   73.5   73.5   73.5   73.5   73.5   73.5   73.5   73.5   73.5   73.5   73.5   73.5   73.5   73.5   73.5   73.5   73.5   73.5   73.5   73.5
p01_baby_ott    -     84.0   84.0   84.0   84.0   84.0   84.0   84.0   84.0   84.0   84.0   84.0   84.0   84.0   84.0   84.0   84.0   84.0   84.0   84.0   84.0   84.0   84.0   84.0   84.0   84.0   84.0   84.0   84.0   84.0   84.0   84.0   84.0   84.0   84.0   84.0   84.0   84.0   84.0   84.0   84.0   84.0   84.0   84.0   84.0   84.0   84.0   84.0   84.0   84.0
p02_skunk_tu    -      -     75.5   75.5   75.5   75.5   75.5   75.5   75.5   75.5   75.5   75.5   75.5   75.5   75.5   75.5   75.5   75.5   75.5   75.5   75.5   75.5   75.5   75.5   75.5   75.5   75.5   75.5   75.5   75.5   75.5   75.5   75.5   75.5   75.5   75.5   75.5   75.5   75.5   75.5   75.5   75.5   75.5   75.5   75.5   75.5   75.5   75.5   75.5   75.5
p03_can_shar    -      -      -     61.5   61.5   61.5   61.5   61.5   61.5   61.5   61.5   61.5   61.5   61.5   61.5   61.5   61.5   61.5   61.5   61.5   61.5   61.5   61.5   61.5   61.5   61.5   61.5   61.5   61.5   61.5   61.5   61.5   61.5   61.5   61.5   61.5   61.5   61.5   61.5   61.5   61.5   61.5   61.5   61.5   61.5   61.5   61.5   61.5   61.5   61.5
p04_orchid_w    -      -      -      -     72.5   72.5   72.5   72.5   72.5   72.5   72.5   72.5   72.5   72.5   72.5   72.5   72.5   72.5   72.5   72.5   72.5   72.5   72.5   72.5   72.5   72.5   72.5   72.5   72.5   72.5   72.5   72.5   72.5   72.5   72.5   72.5   72.5   72.5   72.5   72.5   72.5   72.5   72.5   72.5   72.5   72.5   72.5   72.5   72.5   72.5
p05_orange_t    -      -      -      -      -     67.5   67.5   67.5   67.5   67.5   67.5   67.5   67.5   67.5   67.5   67.5   67.5   67.5   67.5   67.5   67.5   67.5   67.5   67.5   67.5   67.5   67.5   67.5   67.5   67.5   67.5   67.5   67.5   67.5   67.5   67.5   67.5   67.5   67.5   67.5   67.5   67.5   67.5   67.5   67.5   67.5   67.5   67.5   67.5   67.5
p06_bus_snak    -      -      -      -      -      -     98.5   98.5   98.5   98.5   98.5   98.5   98.5   98.5   98.5   98.5   98.5   98.5   98.5   98.5   98.5   98.5   98.5   98.5   98.5   98.5   98.5   98.5   98.5   98.5   98.5   98.5   98.5   98.5   98.5   98.5   98.5   98.5   98.5   98.5   98.5   98.5   98.5   98.5   98.5   98.5   98.5   98.5   98.5   98.5
p07_beetle_d    -      -      -      -      -      -      -     69.0   69.0   69.0   69.0   69.0   69.0   69.0   69.0   69.0   69.0   69.0   69.0   69.0   69.0   69.0   69.0   69.0   69.0   69.0   69.0   69.0   69.0   69.0   69.0   69.0   69.0   69.0   69.0   69.0   69.0   69.0   69.0   69.0   69.0   69.0   69.0   69.0   69.0   69.0   69.0   69.0   69.0   69.0
p08_clock_co    -      -      -      -      -      -      -      -     94.0   94.0   94.0   94.0   94.0   94.0   94.0   94.0   94.0   94.0   94.0   94.0   94.0   94.0   94.0   94.0   94.0   94.0   94.0   94.0   94.0   94.0   94.0   94.0   94.0   94.0   94.0   94.0   94.0   94.0   94.0   94.0   94.0   94.0   94.0   94.0   94.0   94.0   94.0   94.0   94.0   94.0
p09_bicycle_    -      -      -      -      -      -      -      -      -     66.0   66.0   66.0   66.0   66.0   66.0   66.0   66.0   66.0   66.0   66.0   66.0   66.0   66.0   66.0   66.0   66.0   66.0   66.0   66.0   66.0   66.0   66.0   66.0   66.0   66.0   66.0   66.0   66.0   66.0   66.0   66.0   66.0   66.0   66.0   66.0   66.0   66.0   66.0   66.0   66.0
p10_lion_pop    -      -      -      -      -      -      -      -      -      -     94.0   94.0   94.0   94.0   94.0   94.0   94.0   94.0   94.0   94.0   94.0   94.0   94.0   94.0   94.0   94.0   94.0   94.0   94.0   94.0   94.0   94.0   94.0   94.0   94.0   94.0   94.0   94.0   94.0   94.0   94.0   94.0   94.0   94.0   94.0   94.0   94.0   94.0   94.0   94.0
p11_bear_sea    -      -      -      -      -      -      -      -      -      -      -     89.0   89.0   89.0   89.0   89.0   89.0   89.0   89.0   89.0   89.0   89.0   89.0   89.0   89.0   89.0   89.0   89.0   89.0   89.0   89.0   89.0   89.0   89.0   89.0   89.0   89.0   89.0   89.0   89.0   89.0   89.0   89.0   89.0   89.0   89.0   89.0   89.0   89.0   89.0
p12_lobster_    -      -      -      -      -      -      -      -      -      -      -      -     90.0   90.0   90.0   90.0   90.0   90.0   90.0   90.0   90.0   90.0   90.0   90.0   90.0   90.0   90.0   90.0   90.0   90.0   90.0   90.0   90.0   90.0   90.0   90.0   90.0   90.0   90.0   90.0   90.0   90.0   90.0   90.0   90.0   90.0   90.0   90.0   90.0   90.0
p13_bee_worm    -      -      -      -      -      -      -      -      -      -      -      -      -     91.0   91.0   91.0   91.0   91.0   91.0   91.0   91.0   91.0   91.0   91.0   91.0   91.0   91.0   91.0   91.0   91.0   91.0   91.0   91.0   91.0   91.0   91.0   91.0   91.0   91.0   91.0   91.0   91.0   91.0   91.0   91.0   91.0   91.0   91.0   91.0   91.0
p14_skyscrap    -      -      -      -      -      -      -      -      -      -      -      -      -      -     96.0   96.0   96.0   96.0   96.0   96.0   96.0   96.0   96.0   96.0   96.0   96.0   96.0   96.0   96.0   96.0   96.0   96.0   96.0   96.0   96.0   96.0   96.0   96.0   96.0   96.0   96.0   96.0   96.0   96.0   96.0   96.0   96.0   96.0   96.0   96.0
p15_plain_sq    -      -      -      -      -      -      -      -      -      -      -      -      -      -      -     75.5   75.5   75.5   75.5   75.5   75.5   75.5   75.5   75.5   75.5   75.5   75.5   75.5   75.5   75.5   75.5   75.5   75.5   75.5   75.5   75.5   75.5   75.5   75.5   75.5   75.5   75.5   75.5   75.5   75.5   75.5   75.5   75.5   75.5   75.5
p16_road_tra    -      -      -      -      -      -      -      -      -      -      -      -      -      -      -      -     59.5   59.5   59.5   59.5   59.5   59.5   59.5   59.5   59.5   59.5   59.5   59.5   59.5   59.5   59.5   59.5   59.5   59.5   59.5   59.5   59.5   59.5   59.5   59.5   59.5   59.5   59.5   59.5   59.5   59.5   59.5   59.5   59.5   59.5
p17_crocodil    -      -      -      -      -      -      -      -      -      -      -      -      -      -      -      -      -     80.5   80.5   80.5   80.5   80.5   80.5   80.5   80.5   80.5   80.5   80.5   80.5   80.5   80.5   80.5   80.5   80.5   80.5   80.5   80.5   80.5   80.5   80.5   80.5   80.5   80.5   80.5   80.5   80.5   80.5   80.5   80.5   80.5
p18_caterpil    -      -      -      -      -      -      -      -      -      -      -      -      -      -      -      -      -      -     81.5   81.5   81.5   81.5   81.5   81.5   81.5   81.5   81.5   81.5   81.5   81.5   81.5   81.5   81.5   81.5   81.5   81.5   81.5   81.5   81.5   81.5   81.5   81.5   81.5   81.5   81.5   81.5   81.5   81.5   81.5   81.5
p19_porcupin    -      -      -      -      -      -      -      -      -      -      -      -      -      -      -      -      -      -      -     50.0   50.0   50.0   50.0   50.0   50.0   50.0   50.0   50.0   50.0   50.0   50.0   50.0   50.0   50.0   50.0   50.0   50.0   50.0   50.0   50.0   50.0   50.0   50.0   50.0   50.0   50.0   50.0   50.0   50.0   50.0
p20_aquarium    -      -      -      -      -      -      -      -      -      -      -      -      -      -      -      -      -      -      -      -     99.0   99.0   99.0   99.0   99.0   99.0   99.0   99.0   99.0   99.0   99.0   99.0   99.0   99.0   99.0   99.0   99.0   99.0   99.0   99.0   99.0   99.0   99.0   99.0   99.0   99.0   99.0   99.0   99.0   99.0
p21_lawn_mow    -      -      -      -      -      -      -      -      -      -      -      -      -      -      -      -      -      -      -      -      -     94.5   94.5   94.5   94.5   94.5   94.5   94.5   94.5   94.5   94.5   94.5   94.5   94.5   94.5   94.5   94.5   94.5   94.5   94.5   94.5   94.5   94.5   94.5   94.5   94.5   94.5   94.5   94.5   94.5
p22_beaver_c    -      -      -      -      -      -      -      -      -      -      -      -      -      -      -      -      -      -      -      -      -      -     56.5   56.5   56.5   56.5   56.5   56.5   56.5   56.5   56.5   56.5   56.5   56.5   56.5   56.5   56.5   56.5   56.5   56.5   56.5   56.5   56.5   56.5   56.5   56.5   56.5   56.5   56.5   56.5
p23_castle_l    -      -      -      -      -      -      -      -      -      -      -      -      -      -      -      -      -      -      -      -      -      -      -     82.5   82.5   82.5   82.5   82.5   82.5   82.5   82.5   82.5   82.5   82.5   82.5   82.5   82.5   82.5   82.5   82.5   82.5   82.5   82.5   82.5   82.5   82.5   82.5   82.5   82.5   82.5
p24_bed_kang    -      -      -      -      -      -      -      -      -      -      -      -      -      -      -      -      -      -      -      -      -      -      -      -     80.0   80.0   80.0   80.0   80.0   80.0   80.0   80.0   80.0   80.0   80.0   80.0   80.0   80.0   80.0   80.0   80.0   80.0   80.0   80.0   80.0   80.0   80.0   80.0   80.0   80.0
p25_pine_tre    -      -      -      -      -      -      -      -      -      -      -      -      -      -      -      -      -      -      -      -      -      -      -      -      -     78.0   78.0   78.0   78.0   78.0   78.0   78.0   78.0   78.0   78.0   78.0   78.0   78.0   78.0   78.0   78.0   78.0   78.0   78.0   78.0   78.0   78.0   78.0   78.0   78.0
p26_apple_fo    -      -      -      -      -      -      -      -      -      -      -      -      -      -      -      -      -      -      -      -      -      -      -      -      -      -     68.5   68.5   68.5   68.5   68.5   68.5   68.5   68.5   68.5   68.5   68.5   68.5   68.5   68.5   68.5   68.5   68.5   68.5   68.5   68.5   68.5   68.5   68.5   68.5
p27_cup_mous    -      -      -      -      -      -      -      -      -      -      -      -      -      -      -      -      -      -      -      -      -      -      -      -      -      -      -     91.5   91.5   91.5   91.5   91.5   91.5   91.5   91.5   91.5   91.5   91.5   91.5   91.5   91.5   91.5   91.5   91.5   91.5   91.5   91.5   91.5   91.5   91.5
p28_boy_girl    -      -      -      -      -      -      -      -      -      -      -      -      -      -      -      -      -      -      -      -      -      -      -      -      -      -      -      -     59.5   59.5   59.5   59.5   59.5   59.5   59.5   59.5   59.5   59.5   59.5   59.5   59.5   59.5   59.5   59.5   59.5   59.5   59.5   59.5   59.5   59.5
p29_cloud_oa    -      -      -      -      -      -      -      -      -      -      -      -      -      -      -      -      -      -      -      -      -      -      -      -      -      -      -      -      -     70.5   70.5   70.5   70.5   70.5   70.5   70.5   70.5   70.5   70.5   70.5   70.5   70.5   70.5   70.5   70.5   70.5   70.5   70.5   70.5   70.5
p30_bowl_ele    -      -      -      -      -      -      -      -      -      -      -      -      -      -      -      -      -      -      -      -      -      -      -      -      -      -      -      -      -      -     83.0   83.0   83.0   83.0   83.0   83.0   83.0   83.0   83.0   83.0   83.0   83.0   83.0   83.0   83.0   83.0   83.0   83.0   83.0   83.0
p31_pear_rac    -      -      -      -      -      -      -      -      -      -      -      -      -      -      -      -      -      -      -      -      -      -      -      -      -      -      -      -      -      -      -     94.0   94.0   94.0   94.0   94.0   94.0   94.0   94.0   94.0   94.0   94.0   94.0   94.0   94.0   94.0   94.0   94.0   94.0   94.0
p32_spider_t    -      -      -      -      -      -      -      -      -      -      -      -      -      -      -      -      -      -      -      -      -      -      -      -      -      -      -      -      -      -      -      -     60.5   60.5   60.5   60.5   60.5   60.5   60.5   60.5   60.5   60.5   60.5   60.5   60.5   60.5   60.5   60.5   60.5   60.5
p33_flatfish    -      -      -      -      -      -      -      -      -      -      -      -      -      -      -      -      -      -      -      -      -      -      -      -      -      -      -      -      -      -      -      -      -     72.5   72.5   72.5   72.5   72.5   72.5   72.5   72.5   72.5   72.5   72.5   72.5   72.5   72.5   72.5   72.5   72.5
p34_butterfl    -      -      -      -      -      -      -      -      -      -      -      -      -      -      -      -      -      -      -      -      -      -      -      -      -      -      -      -      -      -      -      -      -      -     66.0   66.0   66.0   66.0   66.0   66.0   66.0   66.0   66.0   66.0   66.0   66.0   66.0   66.0   66.0   66.0
p35_cattle_d    -      -      -      -      -      -      -      -      -      -      -      -      -      -      -      -      -      -      -      -      -      -      -      -      -      -      -      -      -      -      -      -      -      -      -     80.5   80.5   80.5   80.5   80.5   80.5   80.5   80.5   80.5   80.5   80.5   80.5   80.5   80.5   80.5
p36_mountain    -      -      -      -      -      -      -      -      -      -      -      -      -      -      -      -      -      -      -      -      -      -      -      -      -      -      -      -      -      -      -      -      -      -      -      -     94.5   94.5   94.5   94.5   94.5   94.5   94.5   94.5   94.5   94.5   94.5   94.5   94.5   94.5
p37_rocket_w    -      -      -      -      -      -      -      -      -      -      -      -      -      -      -      -      -      -      -      -      -      -      -      -      -      -      -      -      -      -      -      -      -      -      -      -      -     83.0   83.0   83.0   83.0   83.0   83.0   83.0   83.0   83.0   83.0   83.0   83.0   83.0
p38_chair_wa    -      -      -      -      -      -      -      -      -      -      -      -      -      -      -      -      -      -      -      -      -      -      -      -      -      -      -      -      -      -      -      -      -      -      -      -      -      -     50.0   50.0   50.0   50.0   50.0   50.0   50.0   50.0   50.0   50.0   50.0   50.0
p39_seal_sna    -      -      -      -      -      -      -      -      -      -      -      -      -      -      -      -      -      -      -      -      -      -      -      -      -      -      -      -      -      -      -      -      -      -      -      -      -      -      -     78.5   78.5   78.5   78.5   78.5   78.5   78.5   78.5   78.5   78.5   78.5
p40_couch_ho    -      -      -      -      -      -      -      -      -      -      -      -      -      -      -      -      -      -      -      -      -      -      -      -      -      -      -      -      -      -      -      -      -      -      -      -      -      -      -      -     50.5   50.5   50.5   50.5   50.5   50.5   50.5   50.5   50.5   50.5
p41_man_stre    -      -      -      -      -      -      -      -      -      -      -      -      -      -      -      -      -      -      -      -      -      -      -      -      -      -      -      -      -      -      -      -      -      -      -      -      -      -      -      -      -     89.0   89.0   89.0   89.0   89.0   89.0   89.0   89.0   89.0
p42_keyboard    -      -      -      -      -      -      -      -      -      -      -      -      -      -      -      -      -      -      -      -      -      -      -      -      -      -      -      -      -      -      -      -      -      -      -      -      -      -      -      -      -      -     99.5   99.5   99.5   99.5   99.5   99.5   99.5   99.5
p43_bridge_p    -      -      -      -      -      -      -      -      -      -      -      -      -      -      -      -      -      -      -      -      -      -      -      -      -      -      -      -      -      -      -      -      -      -      -      -      -      -      -      -      -      -      -     58.5   58.5   58.5   58.5   58.5   58.5   58.5
p44_rose_tig    -      -      -      -      -      -      -      -      -      -      -      -      -      -      -      -      -      -      -      -      -      -      -      -      -      -      -      -      -      -      -      -      -      -      -      -      -      -      -      -      -      -      -      -     84.0   84.0   84.0   84.0   84.0   84.0
p45_hamster_    -      -      -      -      -      -      -      -      -      -      -      -      -      -      -      -      -      -      -      -      -      -      -      -      -      -      -      -      -      -      -      -      -      -      -      -      -      -      -      -      -      -      -      -      -     50.0   50.0   50.0   50.0   50.0
p46_chimpanz    -      -      -      -      -      -      -      -      -      -      -      -      -      -      -      -      -      -      -      -      -      -      -      -      -      -      -      -      -      -      -      -      -      -      -      -      -      -      -      -      -      -      -      -      -      -     64.5   64.5   64.5   64.5
p47_bottle_w    -      -      -      -      -      -      -      -      -      -      -      -      -      -      -      -      -      -      -      -      -      -      -      -      -      -      -      -      -      -      -      -      -      -      -      -      -      -      -      -      -      -      -      -      -      -      -     53.5   53.5   53.5
p48_possum_r    -      -      -      -      -      -      -      -      -      -      -      -      -      -      -      -      -      -      -      -      -      -      -      -      -      -      -      -      -      -      -      -      -      -      -      -      -      -      -      -      -      -      -      -      -      -      -      -     78.0   78.0
p49_lizard_m    -      -      -      -      -      -      -      -      -      -      -      -      -      -      -      -      -      -      -      -      -      -      -      -      -      -      -      -      -      -      -      -      -      -      -      -      -      -      -      -      -      -      -      -      -      -      -      -      -     77.5
--------------------------------------------------------------------------
avg RETAINED accuracy (after all tasks)  : 76.34%
max ACCURACY drift after a task learned  : 0.000%
Backward Transfer (BWT, ~0 = no forget)  : +0.000%
max FROZEN-WEIGHT drift (bit-exact)      : 0.00e+00
max LOGIT drift (function preserved)     : 0.00e+00

inference (LoRA merged): 0.0230 GFLOPs, 1.72M backbone params
per-task adapter cost   : 0.120M params/task (0.08 MB 1bit-factors-store measured), grows linearly with tasks
cAPF = 3323.6 %/GFLOP

wrote cvit_lora_pair50_S_128_r2_1bitfactors_seed1.txt
