pretrained init: loaded 831 tensors (1.75M params, 102% of model, 5 attn-bias interpolated), skipped 19
  skipped by category: {'attn_bias': 5, 'head': 14}

=== [LoRA-r2] TASK 1/50: p00_crab_telephone ===
after task 1: p00_cr=98.0
cumulative: avg acc 98.00%  storage 7.04 MB

=== [LoRA-r2] TASK 2/50: p01_baby_otter ===
after task 2: p00_cr=98.0  p01_ba=95.5
cumulative: avg acc 96.75%  storage 7.22 MB

=== [LoRA-r2] TASK 3/50: p02_skunk_turtle ===
after task 3: p00_cr=98.0  p01_ba=95.5  p02_sk=97.5
cumulative: avg acc 97.00%  storage 7.41 MB

=== [LoRA-r2] TASK 4/50: p03_can_shark ===
after task 4: p00_cr=98.0  p01_ba=95.5  p02_sk=97.5  p03_ca=98.5
cumulative: avg acc 97.38%  storage 7.59 MB

=== [LoRA-r2] TASK 5/50: p04_orchid_whale ===
after task 5: p00_cr=98.0  p01_ba=95.5  p02_sk=97.5  p03_ca=98.5  p04_or=99.0
cumulative: avg acc 97.70%  storage 7.77 MB

=== [LoRA-r2] TASK 6/50: p05_orange_tulip ===
after task 6: p00_cr=98.0  p01_ba=95.5  p02_sk=97.5  p03_ca=98.5  p04_or=99.0  p05_or=98.5
cumulative: avg acc 97.83%  storage 7.96 MB

=== [LoRA-r2] TASK 7/50: p06_bus_snake ===
after task 7: p00_cr=98.0  p01_ba=95.5  p02_sk=97.5  p03_ca=98.5  p04_or=99.0  p05_or=98.5  p06_bu=97.5
cumulative: avg acc 97.79%  storage 8.14 MB

=== [LoRA-r2] TASK 8/50: p07_beetle_dolphin ===
after task 8: p00_cr=98.0  p01_ba=95.5  p02_sk=97.5  p03_ca=98.5  p04_or=99.0  p05_or=98.5  p06_bu=97.5  p07_be=97.5
cumulative: avg acc 97.75%  storage 8.32 MB

=== [LoRA-r2] TASK 9/50: p08_clock_cockroach ===
after task 9: p00_cr=98.0  p01_ba=95.5  p02_sk=97.5  p03_ca=98.5  p04_or=99.0  p05_or=98.5  p06_bu=97.5  p07_be=97.5  p08_cl=98.0
cumulative: avg acc 97.78%  storage 8.50 MB

=== [LoRA-r2] TASK 10/50: p09_bicycle_forest ===
after task 10: p00_cr=98.0  p01_ba=95.5  p02_sk=97.5  p03_ca=98.5  p04_or=99.0  p05_or=98.5  p06_bu=97.5  p07_be=97.5  p08_cl=98.0  p09_bi=96.0
cumulative: avg acc 97.60%  storage 8.69 MB

=== [LoRA-r2] TASK 11/50: p10_lion_poppy ===
after task 11: p00_cr=98.0  p01_ba=95.5  p02_sk=97.5  p03_ca=98.5  p04_or=99.0  p05_or=98.5  p06_bu=97.5  p07_be=97.5  p08_cl=98.0  p09_bi=96.0  p10_li=99.5
cumulative: avg acc 97.77%  storage 8.87 MB

=== [LoRA-r2] TASK 12/50: p11_bear_sea ===
after task 12: p00_cr=98.0  p01_ba=95.5  p02_sk=97.5  p03_ca=98.5  p04_or=99.0  p05_or=98.5  p06_bu=97.5  p07_be=97.5  p08_cl=98.0  p09_bi=96.0  p10_li=99.5  p11_be=98.5
cumulative: avg acc 97.83%  storage 9.05 MB

=== [LoRA-r2] TASK 13/50: p12_lobster_motorcycle ===
after task 13: p00_cr=98.0  p01_ba=95.5  p02_sk=97.5  p03_ca=98.5  p04_or=99.0  p05_or=98.5  p06_bu=97.5  p07_be=97.5  p08_cl=98.0  p09_bi=96.0  p10_li=99.5  p11_be=98.5  p12_lo=98.0
cumulative: avg acc 97.85%  storage 9.24 MB

=== [LoRA-r2] TASK 14/50: p13_bee_worm ===
after task 14: p00_cr=98.0  p01_ba=95.5  p02_sk=97.5  p03_ca=98.5  p04_or=99.0  p05_or=98.5  p06_bu=97.5  p07_be=97.5  p08_cl=98.0  p09_bi=96.0  p10_li=99.5  p11_be=98.5  p12_lo=98.0  p13_be=97.5
cumulative: avg acc 97.82%  storage 9.42 MB

=== [LoRA-r2] TASK 15/50: p14_skyscraper_sunflower ===
after task 15: p00_cr=98.0  p01_ba=95.5  p02_sk=97.5  p03_ca=98.5  p04_or=99.0  p05_or=98.5  p06_bu=97.5  p07_be=97.5  p08_cl=98.0  p09_bi=96.0  p10_li=99.5  p11_be=98.5  p12_lo=98.0  p13_be=97.5  p14_sk=99.5
cumulative: avg acc 97.93%  storage 9.60 MB

=== [LoRA-r2] TASK 16/50: p15_plain_squirrel ===
after task 16: p00_cr=98.0  p01_ba=95.5  p02_sk=97.5  p03_ca=98.5  p04_or=99.0  p05_or=98.5  p06_bu=97.5  p07_be=97.5  p08_cl=98.0  p09_bi=96.0  p10_li=99.5  p11_be=98.5  p12_lo=98.0  p13_be=97.5  p14_sk=99.5  p15_pl=100.0
cumulative: avg acc 98.06%  storage 9.78 MB

=== [LoRA-r2] TASK 17/50: p16_road_train ===
after task 17: p00_cr=98.0  p01_ba=95.5  p02_sk=97.5  p03_ca=98.5  p04_or=99.0  p05_or=98.5  p06_bu=97.5  p07_be=97.5  p08_cl=98.0  p09_bi=96.0  p10_li=99.5  p11_be=98.5  p12_lo=98.0  p13_be=97.5  p14_sk=99.5  p15_pl=100.0  p16_ro=98.0
cumulative: avg acc 98.06%  storage 9.97 MB

=== [LoRA-r2] TASK 18/50: p17_crocodile_mushroom ===
after task 18: p00_cr=98.0  p01_ba=95.5  p02_sk=97.5  p03_ca=98.5  p04_or=99.0  p05_or=98.5  p06_bu=97.5  p07_be=97.5  p08_cl=98.0  p09_bi=96.0  p10_li=99.5  p11_be=98.5  p12_lo=98.0  p13_be=97.5  p14_sk=99.5  p15_pl=100.0  p16_ro=98.0  p17_cr=93.5
cumulative: avg acc 97.81%  storage 10.15 MB

=== [LoRA-r2] TASK 19/50: p18_caterpillar_palm_tree ===
after task 19: p00_cr=98.0  p01_ba=95.5  p02_sk=97.5  p03_ca=98.5  p04_or=99.0  p05_or=98.5  p06_bu=97.5  p07_be=97.5  p08_cl=98.0  p09_bi=96.0  p10_li=99.5  p11_be=98.5  p12_lo=98.0  p13_be=97.5  p14_sk=99.5  p15_pl=100.0  p16_ro=98.0  p17_cr=93.5  p18_ca=99.0
cumulative: avg acc 97.87%  storage 10.33 MB

=== [LoRA-r2] TASK 20/50: p19_porcupine_shrew ===
after task 20: p00_cr=98.0  p01_ba=95.5  p02_sk=97.5  p03_ca=98.5  p04_or=99.0  p05_or=98.5  p06_bu=97.5  p07_be=97.5  p08_cl=98.0  p09_bi=96.0  p10_li=99.5  p11_be=98.5  p12_lo=98.0  p13_be=97.5  p14_sk=99.5  p15_pl=100.0  p16_ro=98.0  p17_cr=93.5  p18_ca=99.0  p19_po=86.5
cumulative: avg acc 97.30%  storage 10.52 MB

=== [LoRA-r2] TASK 21/50: p20_aquarium_fish_plate ===
after task 21: p00_cr=98.0  p01_ba=95.5  p02_sk=97.5  p03_ca=98.5  p04_or=99.0  p05_or=98.5  p06_bu=97.5  p07_be=97.5  p08_cl=98.0  p09_bi=96.0  p10_li=99.5  p11_be=98.5  p12_lo=98.0  p13_be=97.5  p14_sk=99.5  p15_pl=100.0  p16_ro=98.0  p17_cr=93.5  p18_ca=99.0  p19_po=86.5  p20_aq=98.5
cumulative: avg acc 97.36%  storage 10.70 MB

=== [LoRA-r2] TASK 22/50: p21_lawn_mower_leopard ===
after task 22: p00_cr=98.0  p01_ba=95.5  p02_sk=97.5  p03_ca=98.5  p04_or=99.0  p05_or=98.5  p06_bu=97.5  p07_be=97.5  p08_cl=98.0  p09_bi=96.0  p10_li=99.5  p11_be=98.5  p12_lo=98.0  p13_be=97.5  p14_sk=99.5  p15_pl=100.0  p16_ro=98.0  p17_cr=93.5  p18_ca=99.0  p19_po=86.5  p20_aq=98.5  p21_la=98.0
cumulative: avg acc 97.39%  storage 10.88 MB

=== [LoRA-r2] TASK 23/50: p22_beaver_camel ===
after task 23: p00_cr=98.0  p01_ba=95.5  p02_sk=97.5  p03_ca=98.5  p04_or=99.0  p05_or=98.5  p06_bu=97.5  p07_be=97.5  p08_cl=98.0  p09_bi=96.0  p10_li=99.5  p11_be=98.5  p12_lo=98.0  p13_be=97.5  p14_sk=99.5  p15_pl=100.0  p16_ro=98.0  p17_cr=93.5  p18_ca=99.0  p19_po=86.5  p20_aq=98.5  p21_la=98.0  p22_be=89.0
cumulative: avg acc 97.02%  storage 11.06 MB

=== [LoRA-r2] TASK 24/50: p23_castle_lamp ===
after task 24: p00_cr=98.0  p01_ba=95.5  p02_sk=97.5  p03_ca=98.5  p04_or=99.0  p05_or=98.5  p06_bu=97.5  p07_be=97.5  p08_cl=98.0  p09_bi=96.0  p10_li=99.5  p11_be=98.5  p12_lo=98.0  p13_be=97.5  p14_sk=99.5  p15_pl=100.0  p16_ro=98.0  p17_cr=93.5  p18_ca=99.0  p19_po=86.5  p20_aq=98.5  p21_la=98.0  p22_be=89.0  p23_ca=99.5
cumulative: avg acc 97.12%  storage 11.25 MB

=== [LoRA-r2] TASK 25/50: p24_bed_kangaroo ===
after task 25: p00_cr=98.0  p01_ba=95.5  p02_sk=97.5  p03_ca=98.5  p04_or=99.0  p05_or=98.5  p06_bu=97.5  p07_be=97.5  p08_cl=98.0  p09_bi=96.0  p10_li=99.5  p11_be=98.5  p12_lo=98.0  p13_be=97.5  p14_sk=99.5  p15_pl=100.0  p16_ro=98.0  p17_cr=93.5  p18_ca=99.0  p19_po=86.5  p20_aq=98.5  p21_la=98.0  p22_be=89.0  p23_ca=99.5  p24_be=98.0
cumulative: avg acc 97.16%  storage 11.43 MB

=== [LoRA-r2] TASK 26/50: p25_pine_tree_trout ===
after task 26: p00_cr=98.0  p01_ba=95.5  p02_sk=97.5  p03_ca=98.5  p04_or=99.0  p05_or=98.5  p06_bu=97.5  p07_be=97.5  p08_cl=98.0  p09_bi=96.0  p10_li=99.5  p11_be=98.5  p12_lo=98.0  p13_be=97.5  p14_sk=99.5  p15_pl=100.0  p16_ro=98.0  p17_cr=93.5  p18_ca=99.0  p19_po=86.5  p20_aq=98.5  p21_la=98.0  p22_be=89.0  p23_ca=99.5  p24_be=98.0  p25_pi=99.5
cumulative: avg acc 97.25%  storage 11.61 MB

=== [LoRA-r2] TASK 27/50: p26_apple_fox ===
after task 27: p00_cr=98.0  p01_ba=95.5  p02_sk=97.5  p03_ca=98.5  p04_or=99.0  p05_or=98.5  p06_bu=97.5  p07_be=97.5  p08_cl=98.0  p09_bi=96.0  p10_li=99.5  p11_be=98.5  p12_lo=98.0  p13_be=97.5  p14_sk=99.5  p15_pl=100.0  p16_ro=98.0  p17_cr=93.5  p18_ca=99.0  p19_po=86.5  p20_aq=98.5  p21_la=98.0  p22_be=89.0  p23_ca=99.5  p24_be=98.0  p25_pi=99.5  p26_ap=98.5
cumulative: avg acc 97.30%  storage 11.80 MB

=== [LoRA-r2] TASK 28/50: p27_cup_mouse ===
after task 28: p00_cr=98.0  p01_ba=95.5  p02_sk=97.5  p03_ca=98.5  p04_or=99.0  p05_or=98.5  p06_bu=97.5  p07_be=97.5  p08_cl=98.0  p09_bi=96.0  p10_li=99.5  p11_be=98.5  p12_lo=98.0  p13_be=97.5  p14_sk=99.5  p15_pl=100.0  p16_ro=98.0  p17_cr=93.5  p18_ca=99.0  p19_po=86.5  p20_aq=98.5  p21_la=98.0  p22_be=89.0  p23_ca=99.5  p24_be=98.0  p25_pi=99.5  p26_ap=98.5  p27_cu=97.0
cumulative: avg acc 97.29%  storage 11.98 MB

=== [LoRA-r2] TASK 29/50: p28_boy_girl ===
after task 29: p00_cr=98.0  p01_ba=95.5  p02_sk=97.5  p03_ca=98.5  p04_or=99.0  p05_or=98.5  p06_bu=97.5  p07_be=97.5  p08_cl=98.0  p09_bi=96.0  p10_li=99.5  p11_be=98.5  p12_lo=98.0  p13_be=97.5  p14_sk=99.5  p15_pl=100.0  p16_ro=98.0  p17_cr=93.5  p18_ca=99.0  p19_po=86.5  p20_aq=98.5  p21_la=98.0  p22_be=89.0  p23_ca=99.5  p24_be=98.0  p25_pi=99.5  p26_ap=98.5  p27_cu=97.0  p28_bo=66.0
cumulative: avg acc 96.21%  storage 12.16 MB

=== [LoRA-r2] TASK 30/50: p29_cloud_oak_tree ===
after task 30: p00_cr=98.0  p01_ba=95.5  p02_sk=97.5  p03_ca=98.5  p04_or=99.0  p05_or=98.5  p06_bu=97.5  p07_be=97.5  p08_cl=98.0  p09_bi=96.0  p10_li=99.5  p11_be=98.5  p12_lo=98.0  p13_be=97.5  p14_sk=99.5  p15_pl=100.0  p16_ro=98.0  p17_cr=93.5  p18_ca=99.0  p19_po=86.5  p20_aq=98.5  p21_la=98.0  p22_be=89.0  p23_ca=99.5  p24_be=98.0  p25_pi=99.5  p26_ap=98.5  p27_cu=97.0  p28_bo=66.0  p29_cl=99.5
cumulative: avg acc 96.32%  storage 12.35 MB

=== [LoRA-r2] TASK 31/50: p30_bowl_elephant ===
after task 31: p00_cr=98.0  p01_ba=95.5  p02_sk=97.5  p03_ca=98.5  p04_or=99.0  p05_or=98.5  p06_bu=97.5  p07_be=97.5  p08_cl=98.0  p09_bi=96.0  p10_li=99.5  p11_be=98.5  p12_lo=98.0  p13_be=97.5  p14_sk=99.5  p15_pl=100.0  p16_ro=98.0  p17_cr=93.5  p18_ca=99.0  p19_po=86.5  p20_aq=98.5  p21_la=98.0  p22_be=89.0  p23_ca=99.5  p24_be=98.0  p25_pi=99.5  p26_ap=98.5  p27_cu=97.0  p28_bo=66.0  p29_cl=99.5  p30_bo=99.0
cumulative: avg acc 96.40%  storage 12.53 MB

=== [LoRA-r2] TASK 32/50: p31_pear_raccoon ===
after task 32: p00_cr=98.0  p01_ba=95.5  p02_sk=97.5  p03_ca=98.5  p04_or=99.0  p05_or=98.5  p06_bu=97.5  p07_be=97.5  p08_cl=98.0  p09_bi=96.0  p10_li=99.5  p11_be=98.5  p12_lo=98.0  p13_be=97.5  p14_sk=99.5  p15_pl=100.0  p16_ro=98.0  p17_cr=93.5  p18_ca=99.0  p19_po=86.5  p20_aq=98.5  p21_la=98.0  p22_be=89.0  p23_ca=99.5  p24_be=98.0  p25_pi=99.5  p26_ap=98.5  p27_cu=97.0  p28_bo=66.0  p29_cl=99.5  p30_bo=99.0  p31_pe=98.5
cumulative: avg acc 96.47%  storage 12.71 MB

=== [LoRA-r2] TASK 33/50: p32_spider_tank ===
after task 33: p00_cr=98.0  p01_ba=95.5  p02_sk=97.5  p03_ca=98.5  p04_or=99.0  p05_or=98.5  p06_bu=97.5  p07_be=97.5  p08_cl=98.0  p09_bi=96.0  p10_li=99.5  p11_be=98.5  p12_lo=98.0  p13_be=97.5  p14_sk=99.5  p15_pl=100.0  p16_ro=98.0  p17_cr=93.5  p18_ca=99.0  p19_po=86.5  p20_aq=98.5  p21_la=98.0  p22_be=89.0  p23_ca=99.5  p24_be=98.0  p25_pi=99.5  p26_ap=98.5  p27_cu=97.0  p28_bo=66.0  p29_cl=99.5  p30_bo=99.0  p31_pe=98.5  p32_sp=99.0
cumulative: avg acc 96.55%  storage 12.89 MB

=== [LoRA-r2] TASK 34/50: p33_flatfish_table ===
after task 34: p00_cr=98.0  p01_ba=95.5  p02_sk=97.5  p03_ca=98.5  p04_or=99.0  p05_or=98.5  p06_bu=97.5  p07_be=97.5  p08_cl=98.0  p09_bi=96.0  p10_li=99.5  p11_be=98.5  p12_lo=98.0  p13_be=97.5  p14_sk=99.5  p15_pl=100.0  p16_ro=98.0  p17_cr=93.5  p18_ca=99.0  p19_po=86.5  p20_aq=98.5  p21_la=98.0  p22_be=89.0  p23_ca=99.5  p24_be=98.0  p25_pi=99.5  p26_ap=98.5  p27_cu=97.0  p28_bo=66.0  p29_cl=99.5  p30_bo=99.0  p31_pe=98.5  p32_sp=99.0  p33_fl=94.0
cumulative: avg acc 96.47%  storage 13.08 MB

=== [LoRA-r2] TASK 35/50: p34_butterfly_tractor ===
after task 35: p00_cr=98.0  p01_ba=95.5  p02_sk=97.5  p03_ca=98.5  p04_or=99.0  p05_or=98.5  p06_bu=97.5  p07_be=97.5  p08_cl=98.0  p09_bi=96.0  p10_li=99.5  p11_be=98.5  p12_lo=98.0  p13_be=97.5  p14_sk=99.5  p15_pl=100.0  p16_ro=98.0  p17_cr=93.5  p18_ca=99.0  p19_po=86.5  p20_aq=98.5  p21_la=98.0  p22_be=89.0  p23_ca=99.5  p24_be=98.0  p25_pi=99.5  p26_ap=98.5  p27_cu=97.0  p28_bo=66.0  p29_cl=99.5  p30_bo=99.0  p31_pe=98.5  p32_sp=99.0  p33_fl=94.0  p34_bu=96.5
cumulative: avg acc 96.47%  storage 13.26 MB

=== [LoRA-r2] TASK 36/50: p35_cattle_dinosaur ===
after task 36: p00_cr=98.0  p01_ba=95.5  p02_sk=97.5  p03_ca=98.5  p04_or=99.0  p05_or=98.5  p06_bu=97.5  p07_be=97.5  p08_cl=98.0  p09_bi=96.0  p10_li=99.5  p11_be=98.5  p12_lo=98.0  p13_be=97.5  p14_sk=99.5  p15_pl=100.0  p16_ro=98.0  p17_cr=93.5  p18_ca=99.0  p19_po=86.5  p20_aq=98.5  p21_la=98.0  p22_be=89.0  p23_ca=99.5  p24_be=98.0  p25_pi=99.5  p26_ap=98.5  p27_cu=97.0  p28_bo=66.0  p29_cl=99.5  p30_bo=99.0  p31_pe=98.5  p32_sp=99.0  p33_fl=94.0  p34_bu=96.5  p35_ca=92.5
cumulative: avg acc 96.36%  storage 13.44 MB

=== [LoRA-r2] TASK 37/50: p36_mountain_wolf ===
after task 37: p00_cr=98.0  p01_ba=95.5  p02_sk=97.5  p03_ca=98.5  p04_or=99.0  p05_or=98.5  p06_bu=97.5  p07_be=97.5  p08_cl=98.0  p09_bi=96.0  p10_li=99.5  p11_be=98.5  p12_lo=98.0  p13_be=97.5  p14_sk=99.5  p15_pl=100.0  p16_ro=98.0  p17_cr=93.5  p18_ca=99.0  p19_po=86.5  p20_aq=98.5  p21_la=98.0  p22_be=89.0  p23_ca=99.5  p24_be=98.0  p25_pi=99.5  p26_ap=98.5  p27_cu=97.0  p28_bo=66.0  p29_cl=99.5  p30_bo=99.0  p31_pe=98.5  p32_sp=99.0  p33_fl=94.0  p34_bu=96.5  p35_ca=92.5  p36_mo=98.5
cumulative: avg acc 96.42%  storage 13.63 MB

=== [LoRA-r2] TASK 38/50: p37_rocket_woman ===
after task 38: p00_cr=98.0  p01_ba=95.5  p02_sk=97.5  p03_ca=98.5  p04_or=99.0  p05_or=98.5  p06_bu=97.5  p07_be=97.5  p08_cl=98.0  p09_bi=96.0  p10_li=99.5  p11_be=98.5  p12_lo=98.0  p13_be=97.5  p14_sk=99.5  p15_pl=100.0  p16_ro=98.0  p17_cr=93.5  p18_ca=99.0  p19_po=86.5  p20_aq=98.5  p21_la=98.0  p22_be=89.0  p23_ca=99.5  p24_be=98.0  p25_pi=99.5  p26_ap=98.5  p27_cu=97.0  p28_bo=66.0  p29_cl=99.5  p30_bo=99.0  p31_pe=98.5  p32_sp=99.0  p33_fl=94.0  p34_bu=96.5  p35_ca=92.5  p36_mo=98.5  p37_ro=98.0
cumulative: avg acc 96.46%  storage 13.81 MB

=== [LoRA-r2] TASK 39/50: p38_chair_wardrobe ===
after task 39: p00_cr=98.0  p01_ba=95.5  p02_sk=97.5  p03_ca=98.5  p04_or=99.0  p05_or=98.5  p06_bu=97.5  p07_be=97.5  p08_cl=98.0  p09_bi=96.0  p10_li=99.5  p11_be=98.5  p12_lo=98.0  p13_be=97.5  p14_sk=99.5  p15_pl=100.0  p16_ro=98.0  p17_cr=93.5  p18_ca=99.0  p19_po=86.5  p20_aq=98.5  p21_la=98.0  p22_be=89.0  p23_ca=99.5  p24_be=98.0  p25_pi=99.5  p26_ap=98.5  p27_cu=97.0  p28_bo=66.0  p29_cl=99.5  p30_bo=99.0  p31_pe=98.5  p32_sp=99.0  p33_fl=94.0  p34_bu=96.5  p35_ca=92.5  p36_mo=98.5  p37_ro=98.0  p38_ch=97.0
cumulative: avg acc 96.47%  storage 13.99 MB

=== [LoRA-r2] TASK 40/50: p39_seal_snail ===
after task 40: p00_cr=98.0  p01_ba=95.5  p02_sk=97.5  p03_ca=98.5  p04_or=99.0  p05_or=98.5  p06_bu=97.5  p07_be=97.5  p08_cl=98.0  p09_bi=96.0  p10_li=99.5  p11_be=98.5  p12_lo=98.0  p13_be=97.5  p14_sk=99.5  p15_pl=100.0  p16_ro=98.0  p17_cr=93.5  p18_ca=99.0  p19_po=86.5  p20_aq=98.5  p21_la=98.0  p22_be=89.0  p23_ca=99.5  p24_be=98.0  p25_pi=99.5  p26_ap=98.5  p27_cu=97.0  p28_bo=66.0  p29_cl=99.5  p30_bo=99.0  p31_pe=98.5  p32_sp=99.0  p33_fl=94.0  p34_bu=96.5  p35_ca=92.5  p36_mo=98.5  p37_ro=98.0  p38_ch=97.0  p39_se=95.0
cumulative: avg acc 96.44%  storage 14.17 MB

=== [LoRA-r2] TASK 41/50: p40_couch_house ===
after task 41: p00_cr=98.0  p01_ba=95.5  p02_sk=97.5  p03_ca=98.5  p04_or=99.0  p05_or=98.5  p06_bu=97.5  p07_be=97.5  p08_cl=98.0  p09_bi=96.0  p10_li=99.5  p11_be=98.5  p12_lo=98.0  p13_be=97.5  p14_sk=99.5  p15_pl=100.0  p16_ro=98.0  p17_cr=93.5  p18_ca=99.0  p19_po=86.5  p20_aq=98.5  p21_la=98.0  p22_be=89.0  p23_ca=99.5  p24_be=98.0  p25_pi=99.5  p26_ap=98.5  p27_cu=97.0  p28_bo=66.0  p29_cl=99.5  p30_bo=99.0  p31_pe=98.5  p32_sp=99.0  p33_fl=94.0  p34_bu=96.5  p35_ca=92.5  p36_mo=98.5  p37_ro=98.0  p38_ch=97.0  p39_se=95.0  p40_co=93.5
cumulative: avg acc 96.37%  storage 14.36 MB

=== [LoRA-r2] TASK 42/50: p41_man_streetcar ===
after task 42: p00_cr=98.0  p01_ba=95.5  p02_sk=97.5  p03_ca=98.5  p04_or=99.0  p05_or=98.5  p06_bu=97.5  p07_be=97.5  p08_cl=98.0  p09_bi=96.0  p10_li=99.5  p11_be=98.5  p12_lo=98.0  p13_be=97.5  p14_sk=99.5  p15_pl=100.0  p16_ro=98.0  p17_cr=93.5  p18_ca=99.0  p19_po=86.5  p20_aq=98.5  p21_la=98.0  p22_be=89.0  p23_ca=99.5  p24_be=98.0  p25_pi=99.5  p26_ap=98.5  p27_cu=97.0  p28_bo=66.0  p29_cl=99.5  p30_bo=99.0  p31_pe=98.5  p32_sp=99.0  p33_fl=94.0  p34_bu=96.5  p35_ca=92.5  p36_mo=98.5  p37_ro=98.0  p38_ch=97.0  p39_se=95.0  p40_co=93.5  p41_ma=98.5
cumulative: avg acc 96.42%  storage 14.54 MB

=== [LoRA-r2] TASK 43/50: p42_keyboard_rabbit ===
after task 43: p00_cr=98.0  p01_ba=95.5  p02_sk=97.5  p03_ca=98.5  p04_or=99.0  p05_or=98.5  p06_bu=97.5  p07_be=97.5  p08_cl=98.0  p09_bi=96.0  p10_li=99.5  p11_be=98.5  p12_lo=98.0  p13_be=97.5  p14_sk=99.5  p15_pl=100.0  p16_ro=98.0  p17_cr=93.5  p18_ca=99.0  p19_po=86.5  p20_aq=98.5  p21_la=98.0  p22_be=89.0  p23_ca=99.5  p24_be=98.0  p25_pi=99.5  p26_ap=98.5  p27_cu=97.0  p28_bo=66.0  p29_cl=99.5  p30_bo=99.0  p31_pe=98.5  p32_sp=99.0  p33_fl=94.0  p34_bu=96.5  p35_ca=92.5  p36_mo=98.5  p37_ro=98.0  p38_ch=97.0  p39_se=95.0  p40_co=93.5  p41_ma=98.5  p42_ke=99.0
cumulative: avg acc 96.48%  storage 14.72 MB

=== [LoRA-r2] TASK 44/50: p43_bridge_pickup_truck ===
after task 44: p00_cr=98.0  p01_ba=95.5  p02_sk=97.5  p03_ca=98.5  p04_or=99.0  p05_or=98.5  p06_bu=97.5  p07_be=97.5  p08_cl=98.0  p09_bi=96.0  p10_li=99.5  p11_be=98.5  p12_lo=98.0  p13_be=97.5  p14_sk=99.5  p15_pl=100.0  p16_ro=98.0  p17_cr=93.5  p18_ca=99.0  p19_po=86.5  p20_aq=98.5  p21_la=98.0  p22_be=89.0  p23_ca=99.5  p24_be=98.0  p25_pi=99.5  p26_ap=98.5  p27_cu=97.0  p28_bo=66.0  p29_cl=99.5  p30_bo=99.0  p31_pe=98.5  p32_sp=99.0  p33_fl=94.0  p34_bu=96.5  p35_ca=92.5  p36_mo=98.5  p37_ro=98.0  p38_ch=97.0  p39_se=95.0  p40_co=93.5  p41_ma=98.5  p42_ke=99.0  p43_br=94.0
cumulative: avg acc 96.42%  storage 14.91 MB

=== [LoRA-r2] TASK 45/50: p44_rose_tiger ===
after task 45: p00_cr=98.0  p01_ba=95.5  p02_sk=97.5  p03_ca=98.5  p04_or=99.0  p05_or=98.5  p06_bu=97.5  p07_be=97.5  p08_cl=98.0  p09_bi=96.0  p10_li=99.5  p11_be=98.5  p12_lo=98.0  p13_be=97.5  p14_sk=99.5  p15_pl=100.0  p16_ro=98.0  p17_cr=93.5  p18_ca=99.0  p19_po=86.5  p20_aq=98.5  p21_la=98.0  p22_be=89.0  p23_ca=99.5  p24_be=98.0  p25_pi=99.5  p26_ap=98.5  p27_cu=97.0  p28_bo=66.0  p29_cl=99.5  p30_bo=99.0  p31_pe=98.5  p32_sp=99.0  p33_fl=94.0  p34_bu=96.5  p35_ca=92.5  p36_mo=98.5  p37_ro=98.0  p38_ch=97.0  p39_se=95.0  p40_co=93.5  p41_ma=98.5  p42_ke=99.0  p43_br=94.0  p44_ro=99.0
cumulative: avg acc 96.48%  storage 15.09 MB

=== [LoRA-r2] TASK 46/50: p45_hamster_television ===
after task 46: p00_cr=98.0  p01_ba=95.5  p02_sk=97.5  p03_ca=98.5  p04_or=99.0  p05_or=98.5  p06_bu=97.5  p07_be=97.5  p08_cl=98.0  p09_bi=96.0  p10_li=99.5  p11_be=98.5  p12_lo=98.0  p13_be=97.5  p14_sk=99.5  p15_pl=100.0  p16_ro=98.0  p17_cr=93.5  p18_ca=99.0  p19_po=86.5  p20_aq=98.5  p21_la=98.0  p22_be=89.0  p23_ca=99.5  p24_be=98.0  p25_pi=99.5  p26_ap=98.5  p27_cu=97.0  p28_bo=66.0  p29_cl=99.5  p30_bo=99.0  p31_pe=98.5  p32_sp=99.0  p33_fl=94.0  p34_bu=96.5  p35_ca=92.5  p36_mo=98.5  p37_ro=98.0  p38_ch=97.0  p39_se=95.0  p40_co=93.5  p41_ma=98.5  p42_ke=99.0  p43_br=94.0  p44_ro=99.0  p45_ha=97.5
cumulative: avg acc 96.50%  storage 15.27 MB

=== [LoRA-r2] TASK 47/50: p46_chimpanzee_sweet_pepper ===
after task 47: p00_cr=98.0  p01_ba=95.5  p02_sk=97.5  p03_ca=98.5  p04_or=99.0  p05_or=98.5  p06_bu=97.5  p07_be=97.5  p08_cl=98.0  p09_bi=96.0  p10_li=99.5  p11_be=98.5  p12_lo=98.0  p13_be=97.5  p14_sk=99.5  p15_pl=100.0  p16_ro=98.0  p17_cr=93.5  p18_ca=99.0  p19_po=86.5  p20_aq=98.5  p21_la=98.0  p22_be=89.0  p23_ca=99.5  p24_be=98.0  p25_pi=99.5  p26_ap=98.5  p27_cu=97.0  p28_bo=66.0  p29_cl=99.5  p30_bo=99.0  p31_pe=98.5  p32_sp=99.0  p33_fl=94.0  p34_bu=96.5  p35_ca=92.5  p36_mo=98.5  p37_ro=98.0  p38_ch=97.0  p39_se=95.0  p40_co=93.5  p41_ma=98.5  p42_ke=99.0  p43_br=94.0  p44_ro=99.0  p45_ha=97.5  p46_ch=99.0
cumulative: avg acc 96.55%  storage 15.45 MB

=== [LoRA-r2] TASK 48/50: p47_bottle_willow_tree ===
after task 48: p00_cr=98.0  p01_ba=95.5  p02_sk=97.5  p03_ca=98.5  p04_or=99.0  p05_or=98.5  p06_bu=97.5  p07_be=97.5  p08_cl=98.0  p09_bi=96.0  p10_li=99.5  p11_be=98.5  p12_lo=98.0  p13_be=97.5  p14_sk=99.5  p15_pl=100.0  p16_ro=98.0  p17_cr=93.5  p18_ca=99.0  p19_po=86.5  p20_aq=98.5  p21_la=98.0  p22_be=89.0  p23_ca=99.5  p24_be=98.0  p25_pi=99.5  p26_ap=98.5  p27_cu=97.0  p28_bo=66.0  p29_cl=99.5  p30_bo=99.0  p31_pe=98.5  p32_sp=99.0  p33_fl=94.0  p34_bu=96.5  p35_ca=92.5  p36_mo=98.5  p37_ro=98.0  p38_ch=97.0  p39_se=95.0  p40_co=93.5  p41_ma=98.5  p42_ke=99.0  p43_br=94.0  p44_ro=99.0  p45_ha=97.5  p46_ch=99.0  p47_bo=99.5
cumulative: avg acc 96.61%  storage 15.64 MB

=== [LoRA-r2] TASK 49/50: p48_possum_ray ===
after task 49: p00_cr=98.0  p01_ba=95.5  p02_sk=97.5  p03_ca=98.5  p04_or=99.0  p05_or=98.5  p06_bu=97.5  p07_be=97.5  p08_cl=98.0  p09_bi=96.0  p10_li=99.5  p11_be=98.5  p12_lo=98.0  p13_be=97.5  p14_sk=99.5  p15_pl=100.0  p16_ro=98.0  p17_cr=93.5  p18_ca=99.0  p19_po=86.5  p20_aq=98.5  p21_la=98.0  p22_be=89.0  p23_ca=99.5  p24_be=98.0  p25_pi=99.5  p26_ap=98.5  p27_cu=97.0  p28_bo=66.0  p29_cl=99.5  p30_bo=99.0  p31_pe=98.5  p32_sp=99.0  p33_fl=94.0  p34_bu=96.5  p35_ca=92.5  p36_mo=98.5  p37_ro=98.0  p38_ch=97.0  p39_se=95.0  p40_co=93.5  p41_ma=98.5  p42_ke=99.0  p43_br=94.0  p44_ro=99.0  p45_ha=97.5  p46_ch=99.0  p47_bo=99.5  p48_po=90.5
cumulative: avg acc 96.49%  storage 15.82 MB

=== [LoRA-r2] TASK 50/50: p49_lizard_maple_tree ===
after task 50: p00_cr=98.0  p01_ba=95.5  p02_sk=97.5  p03_ca=98.5  p04_or=99.0  p05_or=98.5  p06_bu=97.5  p07_be=97.5  p08_cl=98.0  p09_bi=96.0  p10_li=99.5  p11_be=98.5  p12_lo=98.0  p13_be=97.5  p14_sk=99.5  p15_pl=100.0  p16_ro=98.0  p17_cr=93.5  p18_ca=99.0  p19_po=86.5  p20_aq=98.5  p21_la=98.0  p22_be=89.0  p23_ca=99.5  p24_be=98.0  p25_pi=99.5  p26_ap=98.5  p27_cu=97.0  p28_bo=66.0  p29_cl=99.5  p30_bo=99.0  p31_pe=98.5  p32_sp=99.0  p33_fl=94.0  p34_bu=96.5  p35_ca=92.5  p36_mo=98.5  p37_ro=98.0  p38_ch=97.0  p39_se=95.0  p40_co=93.5  p41_ma=98.5  p42_ke=99.0  p43_br=94.0  p44_ro=99.0  p45_ha=97.5  p46_ch=99.0  p47_bo=99.5  p48_po=90.5  p49_li=99.0
cumulative: avg acc 96.54%  storage 16.00 MB

==========================================================================
Per-task LoRA (rank 2) : per-task accuracy (col = after task N)
==========================================================================
task \ after      1      2      3      4      5      6      7      8      9     10     11     12     13     14     15     16     17     18     19     20     21     22     23     24     25     26     27     28     29     30     31     32     33     34     35     36     37     38     39     40     41     42     43     44     45     46     47     48     49     50
p00_crab_tel   98.0   98.0   98.0   98.0   98.0   98.0   98.0   98.0   98.0   98.0   98.0   98.0   98.0   98.0   98.0   98.0   98.0   98.0   98.0   98.0   98.0   98.0   98.0   98.0   98.0   98.0   98.0   98.0   98.0   98.0   98.0   98.0   98.0   98.0   98.0   98.0   98.0   98.0   98.0   98.0   98.0   98.0   98.0   98.0   98.0   98.0   98.0   98.0   98.0   98.0
p01_baby_ott    -     95.5   95.5   95.5   95.5   95.5   95.5   95.5   95.5   95.5   95.5   95.5   95.5   95.5   95.5   95.5   95.5   95.5   95.5   95.5   95.5   95.5   95.5   95.5   95.5   95.5   95.5   95.5   95.5   95.5   95.5   95.5   95.5   95.5   95.5   95.5   95.5   95.5   95.5   95.5   95.5   95.5   95.5   95.5   95.5   95.5   95.5   95.5   95.5   95.5
p02_skunk_tu    -      -     97.5   97.5   97.5   97.5   97.5   97.5   97.5   97.5   97.5   97.5   97.5   97.5   97.5   97.5   97.5   97.5   97.5   97.5   97.5   97.5   97.5   97.5   97.5   97.5   97.5   97.5   97.5   97.5   97.5   97.5   97.5   97.5   97.5   97.5   97.5   97.5   97.5   97.5   97.5   97.5   97.5   97.5   97.5   97.5   97.5   97.5   97.5   97.5
p03_can_shar    -      -      -     98.5   98.5   98.5   98.5   98.5   98.5   98.5   98.5   98.5   98.5   98.5   98.5   98.5   98.5   98.5   98.5   98.5   98.5   98.5   98.5   98.5   98.5   98.5   98.5   98.5   98.5   98.5   98.5   98.5   98.5   98.5   98.5   98.5   98.5   98.5   98.5   98.5   98.5   98.5   98.5   98.5   98.5   98.5   98.5   98.5   98.5   98.5
p04_orchid_w    -      -      -      -     99.0   99.0   99.0   99.0   99.0   99.0   99.0   99.0   99.0   99.0   99.0   99.0   99.0   99.0   99.0   99.0   99.0   99.0   99.0   99.0   99.0   99.0   99.0   99.0   99.0   99.0   99.0   99.0   99.0   99.0   99.0   99.0   99.0   99.0   99.0   99.0   99.0   99.0   99.0   99.0   99.0   99.0   99.0   99.0   99.0   99.0
p05_orange_t    -      -      -      -      -     98.5   98.5   98.5   98.5   98.5   98.5   98.5   98.5   98.5   98.5   98.5   98.5   98.5   98.5   98.5   98.5   98.5   98.5   98.5   98.5   98.5   98.5   98.5   98.5   98.5   98.5   98.5   98.5   98.5   98.5   98.5   98.5   98.5   98.5   98.5   98.5   98.5   98.5   98.5   98.5   98.5   98.5   98.5   98.5   98.5
p06_bus_snak    -      -      -      -      -      -     97.5   97.5   97.5   97.5   97.5   97.5   97.5   97.5   97.5   97.5   97.5   97.5   97.5   97.5   97.5   97.5   97.5   97.5   97.5   97.5   97.5   97.5   97.5   97.5   97.5   97.5   97.5   97.5   97.5   97.5   97.5   97.5   97.5   97.5   97.5   97.5   97.5   97.5   97.5   97.5   97.5   97.5   97.5   97.5
p07_beetle_d    -      -      -      -      -      -      -     97.5   97.5   97.5   97.5   97.5   97.5   97.5   97.5   97.5   97.5   97.5   97.5   97.5   97.5   97.5   97.5   97.5   97.5   97.5   97.5   97.5   97.5   97.5   97.5   97.5   97.5   97.5   97.5   97.5   97.5   97.5   97.5   97.5   97.5   97.5   97.5   97.5   97.5   97.5   97.5   97.5   97.5   97.5
p08_clock_co    -      -      -      -      -      -      -      -     98.0   98.0   98.0   98.0   98.0   98.0   98.0   98.0   98.0   98.0   98.0   98.0   98.0   98.0   98.0   98.0   98.0   98.0   98.0   98.0   98.0   98.0   98.0   98.0   98.0   98.0   98.0   98.0   98.0   98.0   98.0   98.0   98.0   98.0   98.0   98.0   98.0   98.0   98.0   98.0   98.0   98.0
p09_bicycle_    -      -      -      -      -      -      -      -      -     96.0   96.0   96.0   96.0   96.0   96.0   96.0   96.0   96.0   96.0   96.0   96.0   96.0   96.0   96.0   96.0   96.0   96.0   96.0   96.0   96.0   96.0   96.0   96.0   96.0   96.0   96.0   96.0   96.0   96.0   96.0   96.0   96.0   96.0   96.0   96.0   96.0   96.0   96.0   96.0   96.0
p10_lion_pop    -      -      -      -      -      -      -      -      -      -     99.5   99.5   99.5   99.5   99.5   99.5   99.5   99.5   99.5   99.5   99.5   99.5   99.5   99.5   99.5   99.5   99.5   99.5   99.5   99.5   99.5   99.5   99.5   99.5   99.5   99.5   99.5   99.5   99.5   99.5   99.5   99.5   99.5   99.5   99.5   99.5   99.5   99.5   99.5   99.5
p11_bear_sea    -      -      -      -      -      -      -      -      -      -      -     98.5   98.5   98.5   98.5   98.5   98.5   98.5   98.5   98.5   98.5   98.5   98.5   98.5   98.5   98.5   98.5   98.5   98.5   98.5   98.5   98.5   98.5   98.5   98.5   98.5   98.5   98.5   98.5   98.5   98.5   98.5   98.5   98.5   98.5   98.5   98.5   98.5   98.5   98.5
p12_lobster_    -      -      -      -      -      -      -      -      -      -      -      -     98.0   98.0   98.0   98.0   98.0   98.0   98.0   98.0   98.0   98.0   98.0   98.0   98.0   98.0   98.0   98.0   98.0   98.0   98.0   98.0   98.0   98.0   98.0   98.0   98.0   98.0   98.0   98.0   98.0   98.0   98.0   98.0   98.0   98.0   98.0   98.0   98.0   98.0
p13_bee_worm    -      -      -      -      -      -      -      -      -      -      -      -      -     97.5   97.5   97.5   97.5   97.5   97.5   97.5   97.5   97.5   97.5   97.5   97.5   97.5   97.5   97.5   97.5   97.5   97.5   97.5   97.5   97.5   97.5   97.5   97.5   97.5   97.5   97.5   97.5   97.5   97.5   97.5   97.5   97.5   97.5   97.5   97.5   97.5
p14_skyscrap    -      -      -      -      -      -      -      -      -      -      -      -      -      -     99.5   99.5   99.5   99.5   99.5   99.5   99.5   99.5   99.5   99.5   99.5   99.5   99.5   99.5   99.5   99.5   99.5   99.5   99.5   99.5   99.5   99.5   99.5   99.5   99.5   99.5   99.5   99.5   99.5   99.5   99.5   99.5   99.5   99.5   99.5   99.5
p15_plain_sq    -      -      -      -      -      -      -      -      -      -      -      -      -      -      -    100.0  100.0  100.0  100.0  100.0  100.0  100.0  100.0  100.0  100.0  100.0  100.0  100.0  100.0  100.0  100.0  100.0  100.0  100.0  100.0  100.0  100.0  100.0  100.0  100.0  100.0  100.0  100.0  100.0  100.0  100.0  100.0  100.0  100.0  100.0
p16_road_tra    -      -      -      -      -      -      -      -      -      -      -      -      -      -      -      -     98.0   98.0   98.0   98.0   98.0   98.0   98.0   98.0   98.0   98.0   98.0   98.0   98.0   98.0   98.0   98.0   98.0   98.0   98.0   98.0   98.0   98.0   98.0   98.0   98.0   98.0   98.0   98.0   98.0   98.0   98.0   98.0   98.0   98.0
p17_crocodil    -      -      -      -      -      -      -      -      -      -      -      -      -      -      -      -      -     93.5   93.5   93.5   93.5   93.5   93.5   93.5   93.5   93.5   93.5   93.5   93.5   93.5   93.5   93.5   93.5   93.5   93.5   93.5   93.5   93.5   93.5   93.5   93.5   93.5   93.5   93.5   93.5   93.5   93.5   93.5   93.5   93.5
p18_caterpil    -      -      -      -      -      -      -      -      -      -      -      -      -      -      -      -      -      -     99.0   99.0   99.0   99.0   99.0   99.0   99.0   99.0   99.0   99.0   99.0   99.0   99.0   99.0   99.0   99.0   99.0   99.0   99.0   99.0   99.0   99.0   99.0   99.0   99.0   99.0   99.0   99.0   99.0   99.0   99.0   99.0
p19_porcupin    -      -      -      -      -      -      -      -      -      -      -      -      -      -      -      -      -      -      -     86.5   86.5   86.5   86.5   86.5   86.5   86.5   86.5   86.5   86.5   86.5   86.5   86.5   86.5   86.5   86.5   86.5   86.5   86.5   86.5   86.5   86.5   86.5   86.5   86.5   86.5   86.5   86.5   86.5   86.5   86.5
p20_aquarium    -      -      -      -      -      -      -      -      -      -      -      -      -      -      -      -      -      -      -      -     98.5   98.5   98.5   98.5   98.5   98.5   98.5   98.5   98.5   98.5   98.5   98.5   98.5   98.5   98.5   98.5   98.5   98.5   98.5   98.5   98.5   98.5   98.5   98.5   98.5   98.5   98.5   98.5   98.5   98.5
p21_lawn_mow    -      -      -      -      -      -      -      -      -      -      -      -      -      -      -      -      -      -      -      -      -     98.0   98.0   98.0   98.0   98.0   98.0   98.0   98.0   98.0   98.0   98.0   98.0   98.0   98.0   98.0   98.0   98.0   98.0   98.0   98.0   98.0   98.0   98.0   98.0   98.0   98.0   98.0   98.0   98.0
p22_beaver_c    -      -      -      -      -      -      -      -      -      -      -      -      -      -      -      -      -      -      -      -      -      -     89.0   89.0   89.0   89.0   89.0   89.0   89.0   89.0   89.0   89.0   89.0   89.0   89.0   89.0   89.0   89.0   89.0   89.0   89.0   89.0   89.0   89.0   89.0   89.0   89.0   89.0   89.0   89.0
p23_castle_l    -      -      -      -      -      -      -      -      -      -      -      -      -      -      -      -      -      -      -      -      -      -      -     99.5   99.5   99.5   99.5   99.5   99.5   99.5   99.5   99.5   99.5   99.5   99.5   99.5   99.5   99.5   99.5   99.5   99.5   99.5   99.5   99.5   99.5   99.5   99.5   99.5   99.5   99.5
p24_bed_kang    -      -      -      -      -      -      -      -      -      -      -      -      -      -      -      -      -      -      -      -      -      -      -      -     98.0   98.0   98.0   98.0   98.0   98.0   98.0   98.0   98.0   98.0   98.0   98.0   98.0   98.0   98.0   98.0   98.0   98.0   98.0   98.0   98.0   98.0   98.0   98.0   98.0   98.0
p25_pine_tre    -      -      -      -      -      -      -      -      -      -      -      -      -      -      -      -      -      -      -      -      -      -      -      -      -     99.5   99.5   99.5   99.5   99.5   99.5   99.5   99.5   99.5   99.5   99.5   99.5   99.5   99.5   99.5   99.5   99.5   99.5   99.5   99.5   99.5   99.5   99.5   99.5   99.5
p26_apple_fo    -      -      -      -      -      -      -      -      -      -      -      -      -      -      -      -      -      -      -      -      -      -      -      -      -      -     98.5   98.5   98.5   98.5   98.5   98.5   98.5   98.5   98.5   98.5   98.5   98.5   98.5   98.5   98.5   98.5   98.5   98.5   98.5   98.5   98.5   98.5   98.5   98.5
p27_cup_mous    -      -      -      -      -      -      -      -      -      -      -      -      -      -      -      -      -      -      -      -      -      -      -      -      -      -      -     97.0   97.0   97.0   97.0   97.0   97.0   97.0   97.0   97.0   97.0   97.0   97.0   97.0   97.0   97.0   97.0   97.0   97.0   97.0   97.0   97.0   97.0   97.0
p28_boy_girl    -      -      -      -      -      -      -      -      -      -      -      -      -      -      -      -      -      -      -      -      -      -      -      -      -      -      -      -     66.0   66.0   66.0   66.0   66.0   66.0   66.0   66.0   66.0   66.0   66.0   66.0   66.0   66.0   66.0   66.0   66.0   66.0   66.0   66.0   66.0   66.0
p29_cloud_oa    -      -      -      -      -      -      -      -      -      -      -      -      -      -      -      -      -      -      -      -      -      -      -      -      -      -      -      -      -     99.5   99.5   99.5   99.5   99.5   99.5   99.5   99.5   99.5   99.5   99.5   99.5   99.5   99.5   99.5   99.5   99.5   99.5   99.5   99.5   99.5
p30_bowl_ele    -      -      -      -      -      -      -      -      -      -      -      -      -      -      -      -      -      -      -      -      -      -      -      -      -      -      -      -      -      -     99.0   99.0   99.0   99.0   99.0   99.0   99.0   99.0   99.0   99.0   99.0   99.0   99.0   99.0   99.0   99.0   99.0   99.0   99.0   99.0
p31_pear_rac    -      -      -      -      -      -      -      -      -      -      -      -      -      -      -      -      -      -      -      -      -      -      -      -      -      -      -      -      -      -      -     98.5   98.5   98.5   98.5   98.5   98.5   98.5   98.5   98.5   98.5   98.5   98.5   98.5   98.5   98.5   98.5   98.5   98.5   98.5
p32_spider_t    -      -      -      -      -      -      -      -      -      -      -      -      -      -      -      -      -      -      -      -      -      -      -      -      -      -      -      -      -      -      -      -     99.0   99.0   99.0   99.0   99.0   99.0   99.0   99.0   99.0   99.0   99.0   99.0   99.0   99.0   99.0   99.0   99.0   99.0
p33_flatfish    -      -      -      -      -      -      -      -      -      -      -      -      -      -      -      -      -      -      -      -      -      -      -      -      -      -      -      -      -      -      -      -      -     94.0   94.0   94.0   94.0   94.0   94.0   94.0   94.0   94.0   94.0   94.0   94.0   94.0   94.0   94.0   94.0   94.0
p34_butterfl    -      -      -      -      -      -      -      -      -      -      -      -      -      -      -      -      -      -      -      -      -      -      -      -      -      -      -      -      -      -      -      -      -      -     96.5   96.5   96.5   96.5   96.5   96.5   96.5   96.5   96.5   96.5   96.5   96.5   96.5   96.5   96.5   96.5
p35_cattle_d    -      -      -      -      -      -      -      -      -      -      -      -      -      -      -      -      -      -      -      -      -      -      -      -      -      -      -      -      -      -      -      -      -      -      -     92.5   92.5   92.5   92.5   92.5   92.5   92.5   92.5   92.5   92.5   92.5   92.5   92.5   92.5   92.5
p36_mountain    -      -      -      -      -      -      -      -      -      -      -      -      -      -      -      -      -      -      -      -      -      -      -      -      -      -      -      -      -      -      -      -      -      -      -      -     98.5   98.5   98.5   98.5   98.5   98.5   98.5   98.5   98.5   98.5   98.5   98.5   98.5   98.5
p37_rocket_w    -      -      -      -      -      -      -      -      -      -      -      -      -      -      -      -      -      -      -      -      -      -      -      -      -      -      -      -      -      -      -      -      -      -      -      -      -     98.0   98.0   98.0   98.0   98.0   98.0   98.0   98.0   98.0   98.0   98.0   98.0   98.0
p38_chair_wa    -      -      -      -      -      -      -      -      -      -      -      -      -      -      -      -      -      -      -      -      -      -      -      -      -      -      -      -      -      -      -      -      -      -      -      -      -      -     97.0   97.0   97.0   97.0   97.0   97.0   97.0   97.0   97.0   97.0   97.0   97.0
p39_seal_sna    -      -      -      -      -      -      -      -      -      -      -      -      -      -      -      -      -      -      -      -      -      -      -      -      -      -      -      -      -      -      -      -      -      -      -      -      -      -      -     95.0   95.0   95.0   95.0   95.0   95.0   95.0   95.0   95.0   95.0   95.0
p40_couch_ho    -      -      -      -      -      -      -      -      -      -      -      -      -      -      -      -      -      -      -      -      -      -      -      -      -      -      -      -      -      -      -      -      -      -      -      -      -      -      -      -     93.5   93.5   93.5   93.5   93.5   93.5   93.5   93.5   93.5   93.5
p41_man_stre    -      -      -      -      -      -      -      -      -      -      -      -      -      -      -      -      -      -      -      -      -      -      -      -      -      -      -      -      -      -      -      -      -      -      -      -      -      -      -      -      -     98.5   98.5   98.5   98.5   98.5   98.5   98.5   98.5   98.5
p42_keyboard    -      -      -      -      -      -      -      -      -      -      -      -      -      -      -      -      -      -      -      -      -      -      -      -      -      -      -      -      -      -      -      -      -      -      -      -      -      -      -      -      -      -     99.0   99.0   99.0   99.0   99.0   99.0   99.0   99.0
p43_bridge_p    -      -      -      -      -      -      -      -      -      -      -      -      -      -      -      -      -      -      -      -      -      -      -      -      -      -      -      -      -      -      -      -      -      -      -      -      -      -      -      -      -      -      -     94.0   94.0   94.0   94.0   94.0   94.0   94.0
p44_rose_tig    -      -      -      -      -      -      -      -      -      -      -      -      -      -      -      -      -      -      -      -      -      -      -      -      -      -      -      -      -      -      -      -      -      -      -      -      -      -      -      -      -      -      -      -     99.0   99.0   99.0   99.0   99.0   99.0
p45_hamster_    -      -      -      -      -      -      -      -      -      -      -      -      -      -      -      -      -      -      -      -      -      -      -      -      -      -      -      -      -      -      -      -      -      -      -      -      -      -      -      -      -      -      -      -      -     97.5   97.5   97.5   97.5   97.5
p46_chimpanz    -      -      -      -      -      -      -      -      -      -      -      -      -      -      -      -      -      -      -      -      -      -      -      -      -      -      -      -      -      -      -      -      -      -      -      -      -      -      -      -      -      -      -      -      -      -     99.0   99.0   99.0   99.0
p47_bottle_w    -      -      -      -      -      -      -      -      -      -      -      -      -      -      -      -      -      -      -      -      -      -      -      -      -      -      -      -      -      -      -      -      -      -      -      -      -      -      -      -      -      -      -      -      -      -      -     99.5   99.5   99.5
p48_possum_r    -      -      -      -      -      -      -      -      -      -      -      -      -      -      -      -      -      -      -      -      -      -      -      -      -      -      -      -      -      -      -      -      -      -      -      -      -      -      -      -      -      -      -      -      -      -      -      -     90.5   90.5
p49_lizard_m    -      -      -      -      -      -      -      -      -      -      -      -      -      -      -      -      -      -      -      -      -      -      -      -      -      -      -      -      -      -      -      -      -      -      -      -      -      -      -      -      -      -      -      -      -      -      -      -      -     99.0
--------------------------------------------------------------------------
avg RETAINED accuracy (after all tasks)  : 96.54%
max ACCURACY drift after a task learned  : 0.000%
Backward Transfer (BWT, ~0 = no forget)  : +0.000%
max FROZEN-WEIGHT drift (bit-exact)      : 0.00e+00
max LOGIT drift (function preserved)     : 0.00e+00

inference (LoRA merged): 0.0230 GFLOPs, 1.72M backbone params
per-task adapter cost   : 0.120M params/task (0.18 MB 1bit-store measured), grows linearly with tasks
cAPF = 4203.0 %/GFLOP

wrote cvit_lora_pair50_S_128_r2_1bit_seed1.txt
