pretrained init: loaded 831 tensors (1.75M params, 102% of model, 5 attn-bias interpolated), skipped 19
  skipped by category: {'attn_bias': 5, 'head': 14}

=== [LoRA-r8] TASK 1/50: p00_crab_telephone ===
after task 1: p00_cr=99.0
cumulative: avg acc 99.00%  storage 7.91 MB

=== [LoRA-r8] TASK 2/50: p01_baby_otter ===
after task 2: p00_cr=99.0  p01_ba=97.0
cumulative: avg acc 98.00%  storage 9.08 MB

=== [LoRA-r8] TASK 3/50: p02_skunk_turtle ===
after task 3: p00_cr=99.0  p01_ba=97.0  p02_sk=97.5
cumulative: avg acc 97.83%  storage 10.25 MB

=== [LoRA-r8] TASK 4/50: p03_can_shark ===
after task 4: p00_cr=99.0  p01_ba=97.0  p02_sk=97.5  p03_ca=99.5
cumulative: avg acc 98.25%  storage 11.42 MB

=== [LoRA-r8] TASK 5/50: p04_orchid_whale ===
after task 5: p00_cr=99.0  p01_ba=97.0  p02_sk=97.5  p03_ca=99.5  p04_or=98.0
cumulative: avg acc 98.20%  storage 12.59 MB

=== [LoRA-r8] TASK 6/50: p05_orange_tulip ===
after task 6: p00_cr=99.0  p01_ba=97.0  p02_sk=97.5  p03_ca=99.5  p04_or=98.0  p05_or=98.0
cumulative: avg acc 98.17%  storage 13.76 MB

=== [LoRA-r8] TASK 7/50: p06_bus_snake ===
after task 7: p00_cr=99.0  p01_ba=97.0  p02_sk=97.5  p03_ca=99.5  p04_or=98.0  p05_or=98.0  p06_bu=98.5
cumulative: avg acc 98.21%  storage 14.93 MB

=== [LoRA-r8] TASK 8/50: p07_beetle_dolphin ===
after task 8: p00_cr=99.0  p01_ba=97.0  p02_sk=97.5  p03_ca=99.5  p04_or=98.0  p05_or=98.0  p06_bu=98.5  p07_be=98.5
cumulative: avg acc 98.25%  storage 16.10 MB

=== [LoRA-r8] TASK 9/50: p08_clock_cockroach ===
after task 9: p00_cr=99.0  p01_ba=97.0  p02_sk=97.5  p03_ca=99.5  p04_or=98.0  p05_or=98.0  p06_bu=98.5  p07_be=98.5  p08_cl=98.5
cumulative: avg acc 98.28%  storage 17.27 MB

=== [LoRA-r8] TASK 10/50: p09_bicycle_forest ===
after task 10: p00_cr=99.0  p01_ba=97.0  p02_sk=97.5  p03_ca=99.5  p04_or=98.0  p05_or=98.0  p06_bu=98.5  p07_be=98.5  p08_cl=98.5  p09_bi=97.5
cumulative: avg acc 98.20%  storage 18.44 MB

=== [LoRA-r8] TASK 11/50: p10_lion_poppy ===
after task 11: p00_cr=99.0  p01_ba=97.0  p02_sk=97.5  p03_ca=99.5  p04_or=98.0  p05_or=98.0  p06_bu=98.5  p07_be=98.5  p08_cl=98.5  p09_bi=97.5  p10_li=99.5
cumulative: avg acc 98.32%  storage 19.61 MB

=== [LoRA-r8] TASK 12/50: p11_bear_sea ===
after task 12: p00_cr=99.0  p01_ba=97.0  p02_sk=97.5  p03_ca=99.5  p04_or=98.0  p05_or=98.0  p06_bu=98.5  p07_be=98.5  p08_cl=98.5  p09_bi=97.5  p10_li=99.5  p11_be=97.5
cumulative: avg acc 98.25%  storage 20.78 MB

=== [LoRA-r8] TASK 13/50: p12_lobster_motorcycle ===
after task 13: p00_cr=99.0  p01_ba=97.0  p02_sk=97.5  p03_ca=99.5  p04_or=98.0  p05_or=98.0  p06_bu=98.5  p07_be=98.5  p08_cl=98.5  p09_bi=97.5  p10_li=99.5  p11_be=97.5  p12_lo=98.0
cumulative: avg acc 98.23%  storage 21.95 MB

=== [LoRA-r8] TASK 14/50: p13_bee_worm ===
after task 14: p00_cr=99.0  p01_ba=97.0  p02_sk=97.5  p03_ca=99.5  p04_or=98.0  p05_or=98.0  p06_bu=98.5  p07_be=98.5  p08_cl=98.5  p09_bi=97.5  p10_li=99.5  p11_be=97.5  p12_lo=98.0  p13_be=99.0
cumulative: avg acc 98.29%  storage 23.12 MB

=== [LoRA-r8] TASK 15/50: p14_skyscraper_sunflower ===
after task 15: p00_cr=99.0  p01_ba=97.0  p02_sk=97.5  p03_ca=99.5  p04_or=98.0  p05_or=98.0  p06_bu=98.5  p07_be=98.5  p08_cl=98.5  p09_bi=97.5  p10_li=99.5  p11_be=97.5  p12_lo=98.0  p13_be=99.0  p14_sk=99.5
cumulative: avg acc 98.37%  storage 24.29 MB

=== [LoRA-r8] TASK 16/50: p15_plain_squirrel ===
after task 16: p00_cr=99.0  p01_ba=97.0  p02_sk=97.5  p03_ca=99.5  p04_or=98.0  p05_or=98.0  p06_bu=98.5  p07_be=98.5  p08_cl=98.5  p09_bi=97.5  p10_li=99.5  p11_be=97.5  p12_lo=98.0  p13_be=99.0  p14_sk=99.5  p15_pl=99.5
cumulative: avg acc 98.44%  storage 25.47 MB

=== [LoRA-r8] TASK 17/50: p16_road_train ===
after task 17: p00_cr=99.0  p01_ba=97.0  p02_sk=97.5  p03_ca=99.5  p04_or=98.0  p05_or=98.0  p06_bu=98.5  p07_be=98.5  p08_cl=98.5  p09_bi=97.5  p10_li=99.5  p11_be=97.5  p12_lo=98.0  p13_be=99.0  p14_sk=99.5  p15_pl=99.5  p16_ro=96.0
cumulative: avg acc 98.29%  storage 26.64 MB

=== [LoRA-r8] TASK 18/50: p17_crocodile_mushroom ===
after task 18: p00_cr=99.0  p01_ba=97.0  p02_sk=97.5  p03_ca=99.5  p04_or=98.0  p05_or=98.0  p06_bu=98.5  p07_be=98.5  p08_cl=98.5  p09_bi=97.5  p10_li=99.5  p11_be=97.5  p12_lo=98.0  p13_be=99.0  p14_sk=99.5  p15_pl=99.5  p16_ro=96.0  p17_cr=95.5
cumulative: avg acc 98.14%  storage 27.81 MB

=== [LoRA-r8] TASK 19/50: p18_caterpillar_palm_tree ===
after task 19: p00_cr=99.0  p01_ba=97.0  p02_sk=97.5  p03_ca=99.5  p04_or=98.0  p05_or=98.0  p06_bu=98.5  p07_be=98.5  p08_cl=98.5  p09_bi=97.5  p10_li=99.5  p11_be=97.5  p12_lo=98.0  p13_be=99.0  p14_sk=99.5  p15_pl=99.5  p16_ro=96.0  p17_cr=95.5  p18_ca=97.0
cumulative: avg acc 98.08%  storage 28.98 MB

=== [LoRA-r8] TASK 20/50: p19_porcupine_shrew ===
after task 20: p00_cr=99.0  p01_ba=97.0  p02_sk=97.5  p03_ca=99.5  p04_or=98.0  p05_or=98.0  p06_bu=98.5  p07_be=98.5  p08_cl=98.5  p09_bi=97.5  p10_li=99.5  p11_be=97.5  p12_lo=98.0  p13_be=99.0  p14_sk=99.5  p15_pl=99.5  p16_ro=96.0  p17_cr=95.5  p18_ca=97.0  p19_po=82.5
cumulative: avg acc 97.30%  storage 30.15 MB

=== [LoRA-r8] TASK 21/50: p20_aquarium_fish_plate ===
after task 21: p00_cr=99.0  p01_ba=97.0  p02_sk=97.5  p03_ca=99.5  p04_or=98.0  p05_or=98.0  p06_bu=98.5  p07_be=98.5  p08_cl=98.5  p09_bi=97.5  p10_li=99.5  p11_be=97.5  p12_lo=98.0  p13_be=99.0  p14_sk=99.5  p15_pl=99.5  p16_ro=96.0  p17_cr=95.5  p18_ca=97.0  p19_po=82.5  p20_aq=99.5
cumulative: avg acc 97.40%  storage 31.32 MB

=== [LoRA-r8] TASK 22/50: p21_lawn_mower_leopard ===
after task 22: p00_cr=99.0  p01_ba=97.0  p02_sk=97.5  p03_ca=99.5  p04_or=98.0  p05_or=98.0  p06_bu=98.5  p07_be=98.5  p08_cl=98.5  p09_bi=97.5  p10_li=99.5  p11_be=97.5  p12_lo=98.0  p13_be=99.0  p14_sk=99.5  p15_pl=99.5  p16_ro=96.0  p17_cr=95.5  p18_ca=97.0  p19_po=82.5  p20_aq=99.5  p21_la=99.5
cumulative: avg acc 97.50%  storage 32.49 MB

=== [LoRA-r8] TASK 23/50: p22_beaver_camel ===
after task 23: p00_cr=99.0  p01_ba=97.0  p02_sk=97.5  p03_ca=99.5  p04_or=98.0  p05_or=98.0  p06_bu=98.5  p07_be=98.5  p08_cl=98.5  p09_bi=97.5  p10_li=99.5  p11_be=97.5  p12_lo=98.0  p13_be=99.0  p14_sk=99.5  p15_pl=99.5  p16_ro=96.0  p17_cr=95.5  p18_ca=97.0  p19_po=82.5  p20_aq=99.5  p21_la=99.5  p22_be=96.0
cumulative: avg acc 97.43%  storage 33.66 MB

=== [LoRA-r8] TASK 24/50: p23_castle_lamp ===
after task 24: p00_cr=99.0  p01_ba=97.0  p02_sk=97.5  p03_ca=99.5  p04_or=98.0  p05_or=98.0  p06_bu=98.5  p07_be=98.5  p08_cl=98.5  p09_bi=97.5  p10_li=99.5  p11_be=97.5  p12_lo=98.0  p13_be=99.0  p14_sk=99.5  p15_pl=99.5  p16_ro=96.0  p17_cr=95.5  p18_ca=97.0  p19_po=82.5  p20_aq=99.5  p21_la=99.5  p22_be=96.0  p23_ca=99.0
cumulative: avg acc 97.50%  storage 34.83 MB

=== [LoRA-r8] TASK 25/50: p24_bed_kangaroo ===
after task 25: p00_cr=99.0  p01_ba=97.0  p02_sk=97.5  p03_ca=99.5  p04_or=98.0  p05_or=98.0  p06_bu=98.5  p07_be=98.5  p08_cl=98.5  p09_bi=97.5  p10_li=99.5  p11_be=97.5  p12_lo=98.0  p13_be=99.0  p14_sk=99.5  p15_pl=99.5  p16_ro=96.0  p17_cr=95.5  p18_ca=97.0  p19_po=82.5  p20_aq=99.5  p21_la=99.5  p22_be=96.0  p23_ca=99.0  p24_be=99.5
cumulative: avg acc 97.58%  storage 36.00 MB

=== [LoRA-r8] TASK 26/50: p25_pine_tree_trout ===
after task 26: p00_cr=99.0  p01_ba=97.0  p02_sk=97.5  p03_ca=99.5  p04_or=98.0  p05_or=98.0  p06_bu=98.5  p07_be=98.5  p08_cl=98.5  p09_bi=97.5  p10_li=99.5  p11_be=97.5  p12_lo=98.0  p13_be=99.0  p14_sk=99.5  p15_pl=99.5  p16_ro=96.0  p17_cr=95.5  p18_ca=97.0  p19_po=82.5  p20_aq=99.5  p21_la=99.5  p22_be=96.0  p23_ca=99.0  p24_be=99.5  p25_pi=99.0
cumulative: avg acc 97.63%  storage 37.17 MB

=== [LoRA-r8] TASK 27/50: p26_apple_fox ===
after task 27: p00_cr=99.0  p01_ba=97.0  p02_sk=97.5  p03_ca=99.5  p04_or=98.0  p05_or=98.0  p06_bu=98.5  p07_be=98.5  p08_cl=98.5  p09_bi=97.5  p10_li=99.5  p11_be=97.5  p12_lo=98.0  p13_be=99.0  p14_sk=99.5  p15_pl=99.5  p16_ro=96.0  p17_cr=95.5  p18_ca=97.0  p19_po=82.5  p20_aq=99.5  p21_la=99.5  p22_be=96.0  p23_ca=99.0  p24_be=99.5  p25_pi=99.0  p26_ap=100.0
cumulative: avg acc 97.72%  storage 38.34 MB

=== [LoRA-r8] TASK 28/50: p27_cup_mouse ===
after task 28: p00_cr=99.0  p01_ba=97.0  p02_sk=97.5  p03_ca=99.5  p04_or=98.0  p05_or=98.0  p06_bu=98.5  p07_be=98.5  p08_cl=98.5  p09_bi=97.5  p10_li=99.5  p11_be=97.5  p12_lo=98.0  p13_be=99.0  p14_sk=99.5  p15_pl=99.5  p16_ro=96.0  p17_cr=95.5  p18_ca=97.0  p19_po=82.5  p20_aq=99.5  p21_la=99.5  p22_be=96.0  p23_ca=99.0  p24_be=99.5  p25_pi=99.0  p26_ap=100.0  p27_cu=98.5
cumulative: avg acc 97.75%  storage 39.51 MB

=== [LoRA-r8] TASK 29/50: p28_boy_girl ===
after task 29: p00_cr=99.0  p01_ba=97.0  p02_sk=97.5  p03_ca=99.5  p04_or=98.0  p05_or=98.0  p06_bu=98.5  p07_be=98.5  p08_cl=98.5  p09_bi=97.5  p10_li=99.5  p11_be=97.5  p12_lo=98.0  p13_be=99.0  p14_sk=99.5  p15_pl=99.5  p16_ro=96.0  p17_cr=95.5  p18_ca=97.0  p19_po=82.5  p20_aq=99.5  p21_la=99.5  p22_be=96.0  p23_ca=99.0  p24_be=99.5  p25_pi=99.0  p26_ap=100.0  p27_cu=98.5  p28_bo=67.5
cumulative: avg acc 96.71%  storage 40.68 MB

=== [LoRA-r8] TASK 30/50: p29_cloud_oak_tree ===
after task 30: p00_cr=99.0  p01_ba=97.0  p02_sk=97.5  p03_ca=99.5  p04_or=98.0  p05_or=98.0  p06_bu=98.5  p07_be=98.5  p08_cl=98.5  p09_bi=97.5  p10_li=99.5  p11_be=97.5  p12_lo=98.0  p13_be=99.0  p14_sk=99.5  p15_pl=99.5  p16_ro=96.0  p17_cr=95.5  p18_ca=97.0  p19_po=82.5  p20_aq=99.5  p21_la=99.5  p22_be=96.0  p23_ca=99.0  p24_be=99.5  p25_pi=99.0  p26_ap=100.0  p27_cu=98.5  p28_bo=67.5  p29_cl=99.5
cumulative: avg acc 96.80%  storage 41.86 MB

=== [LoRA-r8] TASK 31/50: p30_bowl_elephant ===
after task 31: p00_cr=99.0  p01_ba=97.0  p02_sk=97.5  p03_ca=99.5  p04_or=98.0  p05_or=98.0  p06_bu=98.5  p07_be=98.5  p08_cl=98.5  p09_bi=97.5  p10_li=99.5  p11_be=97.5  p12_lo=98.0  p13_be=99.0  p14_sk=99.5  p15_pl=99.5  p16_ro=96.0  p17_cr=95.5  p18_ca=97.0  p19_po=82.5  p20_aq=99.5  p21_la=99.5  p22_be=96.0  p23_ca=99.0  p24_be=99.5  p25_pi=99.0  p26_ap=100.0  p27_cu=98.5  p28_bo=67.5  p29_cl=99.5  p30_bo=98.5
cumulative: avg acc 96.85%  storage 43.03 MB

=== [LoRA-r8] TASK 32/50: p31_pear_raccoon ===
after task 32: p00_cr=99.0  p01_ba=97.0  p02_sk=97.5  p03_ca=99.5  p04_or=98.0  p05_or=98.0  p06_bu=98.5  p07_be=98.5  p08_cl=98.5  p09_bi=97.5  p10_li=99.5  p11_be=97.5  p12_lo=98.0  p13_be=99.0  p14_sk=99.5  p15_pl=99.5  p16_ro=96.0  p17_cr=95.5  p18_ca=97.0  p19_po=82.5  p20_aq=99.5  p21_la=99.5  p22_be=96.0  p23_ca=99.0  p24_be=99.5  p25_pi=99.0  p26_ap=100.0  p27_cu=98.5  p28_bo=67.5  p29_cl=99.5  p30_bo=98.5  p31_pe=98.0
cumulative: avg acc 96.89%  storage 44.20 MB

=== [LoRA-r8] TASK 33/50: p32_spider_tank ===
after task 33: p00_cr=99.0  p01_ba=97.0  p02_sk=97.5  p03_ca=99.5  p04_or=98.0  p05_or=98.0  p06_bu=98.5  p07_be=98.5  p08_cl=98.5  p09_bi=97.5  p10_li=99.5  p11_be=97.5  p12_lo=98.0  p13_be=99.0  p14_sk=99.5  p15_pl=99.5  p16_ro=96.0  p17_cr=95.5  p18_ca=97.0  p19_po=82.5  p20_aq=99.5  p21_la=99.5  p22_be=96.0  p23_ca=99.0  p24_be=99.5  p25_pi=99.0  p26_ap=100.0  p27_cu=98.5  p28_bo=67.5  p29_cl=99.5  p30_bo=98.5  p31_pe=98.0  p32_sp=98.0
cumulative: avg acc 96.92%  storage 45.37 MB

=== [LoRA-r8] TASK 34/50: p33_flatfish_table ===
after task 34: p00_cr=99.0  p01_ba=97.0  p02_sk=97.5  p03_ca=99.5  p04_or=98.0  p05_or=98.0  p06_bu=98.5  p07_be=98.5  p08_cl=98.5  p09_bi=97.5  p10_li=99.5  p11_be=97.5  p12_lo=98.0  p13_be=99.0  p14_sk=99.5  p15_pl=99.5  p16_ro=96.0  p17_cr=95.5  p18_ca=97.0  p19_po=82.5  p20_aq=99.5  p21_la=99.5  p22_be=96.0  p23_ca=99.0  p24_be=99.5  p25_pi=99.0  p26_ap=100.0  p27_cu=98.5  p28_bo=67.5  p29_cl=99.5  p30_bo=98.5  p31_pe=98.0  p32_sp=98.0  p33_fl=95.0
cumulative: avg acc 96.87%  storage 46.54 MB

=== [LoRA-r8] TASK 35/50: p34_butterfly_tractor ===
after task 35: p00_cr=99.0  p01_ba=97.0  p02_sk=97.5  p03_ca=99.5  p04_or=98.0  p05_or=98.0  p06_bu=98.5  p07_be=98.5  p08_cl=98.5  p09_bi=97.5  p10_li=99.5  p11_be=97.5  p12_lo=98.0  p13_be=99.0  p14_sk=99.5  p15_pl=99.5  p16_ro=96.0  p17_cr=95.5  p18_ca=97.0  p19_po=82.5  p20_aq=99.5  p21_la=99.5  p22_be=96.0  p23_ca=99.0  p24_be=99.5  p25_pi=99.0  p26_ap=100.0  p27_cu=98.5  p28_bo=67.5  p29_cl=99.5  p30_bo=98.5  p31_pe=98.0  p32_sp=98.0  p33_fl=95.0  p34_bu=97.5
cumulative: avg acc 96.89%  storage 47.71 MB

=== [LoRA-r8] TASK 36/50: p35_cattle_dinosaur ===
after task 36: p00_cr=99.0  p01_ba=97.0  p02_sk=97.5  p03_ca=99.5  p04_or=98.0  p05_or=98.0  p06_bu=98.5  p07_be=98.5  p08_cl=98.5  p09_bi=97.5  p10_li=99.5  p11_be=97.5  p12_lo=98.0  p13_be=99.0  p14_sk=99.5  p15_pl=99.5  p16_ro=96.0  p17_cr=95.5  p18_ca=97.0  p19_po=82.5  p20_aq=99.5  p21_la=99.5  p22_be=96.0  p23_ca=99.0  p24_be=99.5  p25_pi=99.0  p26_ap=100.0  p27_cu=98.5  p28_bo=67.5  p29_cl=99.5  p30_bo=98.5  p31_pe=98.0  p32_sp=98.0  p33_fl=95.0  p34_bu=97.5  p35_ca=92.0
cumulative: avg acc 96.75%  storage 48.88 MB

=== [LoRA-r8] TASK 37/50: p36_mountain_wolf ===
after task 37: p00_cr=99.0  p01_ba=97.0  p02_sk=97.5  p03_ca=99.5  p04_or=98.0  p05_or=98.0  p06_bu=98.5  p07_be=98.5  p08_cl=98.5  p09_bi=97.5  p10_li=99.5  p11_be=97.5  p12_lo=98.0  p13_be=99.0  p14_sk=99.5  p15_pl=99.5  p16_ro=96.0  p17_cr=95.5  p18_ca=97.0  p19_po=82.5  p20_aq=99.5  p21_la=99.5  p22_be=96.0  p23_ca=99.0  p24_be=99.5  p25_pi=99.0  p26_ap=100.0  p27_cu=98.5  p28_bo=67.5  p29_cl=99.5  p30_bo=98.5  p31_pe=98.0  p32_sp=98.0  p33_fl=95.0  p34_bu=97.5  p35_ca=92.0  p36_mo=99.5
cumulative: avg acc 96.82%  storage 50.05 MB

=== [LoRA-r8] TASK 38/50: p37_rocket_woman ===
after task 38: p00_cr=99.0  p01_ba=97.0  p02_sk=97.5  p03_ca=99.5  p04_or=98.0  p05_or=98.0  p06_bu=98.5  p07_be=98.5  p08_cl=98.5  p09_bi=97.5  p10_li=99.5  p11_be=97.5  p12_lo=98.0  p13_be=99.0  p14_sk=99.5  p15_pl=99.5  p16_ro=96.0  p17_cr=95.5  p18_ca=97.0  p19_po=82.5  p20_aq=99.5  p21_la=99.5  p22_be=96.0  p23_ca=99.0  p24_be=99.5  p25_pi=99.0  p26_ap=100.0  p27_cu=98.5  p28_bo=67.5  p29_cl=99.5  p30_bo=98.5  p31_pe=98.0  p32_sp=98.0  p33_fl=95.0  p34_bu=97.5  p35_ca=92.0  p36_mo=99.5  p37_ro=99.0
cumulative: avg acc 96.88%  storage 51.22 MB

=== [LoRA-r8] TASK 39/50: p38_chair_wardrobe ===
after task 39: p00_cr=99.0  p01_ba=97.0  p02_sk=97.5  p03_ca=99.5  p04_or=98.0  p05_or=98.0  p06_bu=98.5  p07_be=98.5  p08_cl=98.5  p09_bi=97.5  p10_li=99.5  p11_be=97.5  p12_lo=98.0  p13_be=99.0  p14_sk=99.5  p15_pl=99.5  p16_ro=96.0  p17_cr=95.5  p18_ca=97.0  p19_po=82.5  p20_aq=99.5  p21_la=99.5  p22_be=96.0  p23_ca=99.0  p24_be=99.5  p25_pi=99.0  p26_ap=100.0  p27_cu=98.5  p28_bo=67.5  p29_cl=99.5  p30_bo=98.5  p31_pe=98.0  p32_sp=98.0  p33_fl=95.0  p34_bu=97.5  p35_ca=92.0  p36_mo=99.5  p37_ro=99.0  p38_ch=98.5
cumulative: avg acc 96.92%  storage 52.39 MB

=== [LoRA-r8] TASK 40/50: p39_seal_snail ===
after task 40: p00_cr=99.0  p01_ba=97.0  p02_sk=97.5  p03_ca=99.5  p04_or=98.0  p05_or=98.0  p06_bu=98.5  p07_be=98.5  p08_cl=98.5  p09_bi=97.5  p10_li=99.5  p11_be=97.5  p12_lo=98.0  p13_be=99.0  p14_sk=99.5  p15_pl=99.5  p16_ro=96.0  p17_cr=95.5  p18_ca=97.0  p19_po=82.5  p20_aq=99.5  p21_la=99.5  p22_be=96.0  p23_ca=99.0  p24_be=99.5  p25_pi=99.0  p26_ap=100.0  p27_cu=98.5  p28_bo=67.5  p29_cl=99.5  p30_bo=98.5  p31_pe=98.0  p32_sp=98.0  p33_fl=95.0  p34_bu=97.5  p35_ca=92.0  p36_mo=99.5  p37_ro=99.0  p38_ch=98.5  p39_se=93.0
cumulative: avg acc 96.83%  storage 53.56 MB

=== [LoRA-r8] TASK 41/50: p40_couch_house ===
after task 41: p00_cr=99.0  p01_ba=97.0  p02_sk=97.5  p03_ca=99.5  p04_or=98.0  p05_or=98.0  p06_bu=98.5  p07_be=98.5  p08_cl=98.5  p09_bi=97.5  p10_li=99.5  p11_be=97.5  p12_lo=98.0  p13_be=99.0  p14_sk=99.5  p15_pl=99.5  p16_ro=96.0  p17_cr=95.5  p18_ca=97.0  p19_po=82.5  p20_aq=99.5  p21_la=99.5  p22_be=96.0  p23_ca=99.0  p24_be=99.5  p25_pi=99.0  p26_ap=100.0  p27_cu=98.5  p28_bo=67.5  p29_cl=99.5  p30_bo=98.5  p31_pe=98.0  p32_sp=98.0  p33_fl=95.0  p34_bu=97.5  p35_ca=92.0  p36_mo=99.5  p37_ro=99.0  p38_ch=98.5  p39_se=93.0  p40_co=93.5
cumulative: avg acc 96.74%  storage 54.73 MB

=== [LoRA-r8] TASK 42/50: p41_man_streetcar ===
after task 42: p00_cr=99.0  p01_ba=97.0  p02_sk=97.5  p03_ca=99.5  p04_or=98.0  p05_or=98.0  p06_bu=98.5  p07_be=98.5  p08_cl=98.5  p09_bi=97.5  p10_li=99.5  p11_be=97.5  p12_lo=98.0  p13_be=99.0  p14_sk=99.5  p15_pl=99.5  p16_ro=96.0  p17_cr=95.5  p18_ca=97.0  p19_po=82.5  p20_aq=99.5  p21_la=99.5  p22_be=96.0  p23_ca=99.0  p24_be=99.5  p25_pi=99.0  p26_ap=100.0  p27_cu=98.5  p28_bo=67.5  p29_cl=99.5  p30_bo=98.5  p31_pe=98.0  p32_sp=98.0  p33_fl=95.0  p34_bu=97.5  p35_ca=92.0  p36_mo=99.5  p37_ro=99.0  p38_ch=98.5  p39_se=93.0  p40_co=93.5  p41_ma=98.5
cumulative: avg acc 96.79%  storage 55.90 MB

=== [LoRA-r8] TASK 43/50: p42_keyboard_rabbit ===
after task 43: p00_cr=99.0  p01_ba=97.0  p02_sk=97.5  p03_ca=99.5  p04_or=98.0  p05_or=98.0  p06_bu=98.5  p07_be=98.5  p08_cl=98.5  p09_bi=97.5  p10_li=99.5  p11_be=97.5  p12_lo=98.0  p13_be=99.0  p14_sk=99.5  p15_pl=99.5  p16_ro=96.0  p17_cr=95.5  p18_ca=97.0  p19_po=82.5  p20_aq=99.5  p21_la=99.5  p22_be=96.0  p23_ca=99.0  p24_be=99.5  p25_pi=99.0  p26_ap=100.0  p27_cu=98.5  p28_bo=67.5  p29_cl=99.5  p30_bo=98.5  p31_pe=98.0  p32_sp=98.0  p33_fl=95.0  p34_bu=97.5  p35_ca=92.0  p36_mo=99.5  p37_ro=99.0  p38_ch=98.5  p39_se=93.0  p40_co=93.5  p41_ma=98.5  p42_ke=98.0
cumulative: avg acc 96.81%  storage 57.07 MB

=== [LoRA-r8] TASK 44/50: p43_bridge_pickup_truck ===
after task 44: p00_cr=99.0  p01_ba=97.0  p02_sk=97.5  p03_ca=99.5  p04_or=98.0  p05_or=98.0  p06_bu=98.5  p07_be=98.5  p08_cl=98.5  p09_bi=97.5  p10_li=99.5  p11_be=97.5  p12_lo=98.0  p13_be=99.0  p14_sk=99.5  p15_pl=99.5  p16_ro=96.0  p17_cr=95.5  p18_ca=97.0  p19_po=82.5  p20_aq=99.5  p21_la=99.5  p22_be=96.0  p23_ca=99.0  p24_be=99.5  p25_pi=99.0  p26_ap=100.0  p27_cu=98.5  p28_bo=67.5  p29_cl=99.5  p30_bo=98.5  p31_pe=98.0  p32_sp=98.0  p33_fl=95.0  p34_bu=97.5  p35_ca=92.0  p36_mo=99.5  p37_ro=99.0  p38_ch=98.5  p39_se=93.0  p40_co=93.5  p41_ma=98.5  p42_ke=98.0  p43_br=98.0
cumulative: avg acc 96.84%  storage 58.24 MB

=== [LoRA-r8] TASK 45/50: p44_rose_tiger ===
after task 45: p00_cr=99.0  p01_ba=97.0  p02_sk=97.5  p03_ca=99.5  p04_or=98.0  p05_or=98.0  p06_bu=98.5  p07_be=98.5  p08_cl=98.5  p09_bi=97.5  p10_li=99.5  p11_be=97.5  p12_lo=98.0  p13_be=99.0  p14_sk=99.5  p15_pl=99.5  p16_ro=96.0  p17_cr=95.5  p18_ca=97.0  p19_po=82.5  p20_aq=99.5  p21_la=99.5  p22_be=96.0  p23_ca=99.0  p24_be=99.5  p25_pi=99.0  p26_ap=100.0  p27_cu=98.5  p28_bo=67.5  p29_cl=99.5  p30_bo=98.5  p31_pe=98.0  p32_sp=98.0  p33_fl=95.0  p34_bu=97.5  p35_ca=92.0  p36_mo=99.5  p37_ro=99.0  p38_ch=98.5  p39_se=93.0  p40_co=93.5  p41_ma=98.5  p42_ke=98.0  p43_br=98.0  p44_ro=99.0
cumulative: avg acc 96.89%  storage 59.42 MB

=== [LoRA-r8] TASK 46/50: p45_hamster_television ===
after task 46: p00_cr=99.0  p01_ba=97.0  p02_sk=97.5  p03_ca=99.5  p04_or=98.0  p05_or=98.0  p06_bu=98.5  p07_be=98.5  p08_cl=98.5  p09_bi=97.5  p10_li=99.5  p11_be=97.5  p12_lo=98.0  p13_be=99.0  p14_sk=99.5  p15_pl=99.5  p16_ro=96.0  p17_cr=95.5  p18_ca=97.0  p19_po=82.5  p20_aq=99.5  p21_la=99.5  p22_be=96.0  p23_ca=99.0  p24_be=99.5  p25_pi=99.0  p26_ap=100.0  p27_cu=98.5  p28_bo=67.5  p29_cl=99.5  p30_bo=98.5  p31_pe=98.0  p32_sp=98.0  p33_fl=95.0  p34_bu=97.5  p35_ca=92.0  p36_mo=99.5  p37_ro=99.0  p38_ch=98.5  p39_se=93.0  p40_co=93.5  p41_ma=98.5  p42_ke=98.0  p43_br=98.0  p44_ro=99.0  p45_ha=97.0
cumulative: avg acc 96.89%  storage 60.59 MB

=== [LoRA-r8] TASK 47/50: p46_chimpanzee_sweet_pepper ===
after task 47: p00_cr=99.0  p01_ba=97.0  p02_sk=97.5  p03_ca=99.5  p04_or=98.0  p05_or=98.0  p06_bu=98.5  p07_be=98.5  p08_cl=98.5  p09_bi=97.5  p10_li=99.5  p11_be=97.5  p12_lo=98.0  p13_be=99.0  p14_sk=99.5  p15_pl=99.5  p16_ro=96.0  p17_cr=95.5  p18_ca=97.0  p19_po=82.5  p20_aq=99.5  p21_la=99.5  p22_be=96.0  p23_ca=99.0  p24_be=99.5  p25_pi=99.0  p26_ap=100.0  p27_cu=98.5  p28_bo=67.5  p29_cl=99.5  p30_bo=98.5  p31_pe=98.0  p32_sp=98.0  p33_fl=95.0  p34_bu=97.5  p35_ca=92.0  p36_mo=99.5  p37_ro=99.0  p38_ch=98.5  p39_se=93.0  p40_co=93.5  p41_ma=98.5  p42_ke=98.0  p43_br=98.0  p44_ro=99.0  p45_ha=97.0  p46_ch=100.0
cumulative: avg acc 96.96%  storage 61.76 MB

=== [LoRA-r8] TASK 48/50: p47_bottle_willow_tree ===
after task 48: p00_cr=99.0  p01_ba=97.0  p02_sk=97.5  p03_ca=99.5  p04_or=98.0  p05_or=98.0  p06_bu=98.5  p07_be=98.5  p08_cl=98.5  p09_bi=97.5  p10_li=99.5  p11_be=97.5  p12_lo=98.0  p13_be=99.0  p14_sk=99.5  p15_pl=99.5  p16_ro=96.0  p17_cr=95.5  p18_ca=97.0  p19_po=82.5  p20_aq=99.5  p21_la=99.5  p22_be=96.0  p23_ca=99.0  p24_be=99.5  p25_pi=99.0  p26_ap=100.0  p27_cu=98.5  p28_bo=67.5  p29_cl=99.5  p30_bo=98.5  p31_pe=98.0  p32_sp=98.0  p33_fl=95.0  p34_bu=97.5  p35_ca=92.0  p36_mo=99.5  p37_ro=99.0  p38_ch=98.5  p39_se=93.0  p40_co=93.5  p41_ma=98.5  p42_ke=98.0  p43_br=98.0  p44_ro=99.0  p45_ha=97.0  p46_ch=100.0  p47_bo=98.5
cumulative: avg acc 96.99%  storage 62.93 MB

=== [LoRA-r8] TASK 49/50: p48_possum_ray ===
after task 49: p00_cr=99.0  p01_ba=97.0  p02_sk=97.5  p03_ca=99.5  p04_or=98.0  p05_or=98.0  p06_bu=98.5  p07_be=98.5  p08_cl=98.5  p09_bi=97.5  p10_li=99.5  p11_be=97.5  p12_lo=98.0  p13_be=99.0  p14_sk=99.5  p15_pl=99.5  p16_ro=96.0  p17_cr=95.5  p18_ca=97.0  p19_po=82.5  p20_aq=99.5  p21_la=99.5  p22_be=96.0  p23_ca=99.0  p24_be=99.5  p25_pi=99.0  p26_ap=100.0  p27_cu=98.5  p28_bo=67.5  p29_cl=99.5  p30_bo=98.5  p31_pe=98.0  p32_sp=98.0  p33_fl=95.0  p34_bu=97.5  p35_ca=92.0  p36_mo=99.5  p37_ro=99.0  p38_ch=98.5  p39_se=93.0  p40_co=93.5  p41_ma=98.5  p42_ke=98.0  p43_br=98.0  p44_ro=99.0  p45_ha=97.0  p46_ch=100.0  p47_bo=98.5  p48_po=94.0
cumulative: avg acc 96.93%  storage 64.10 MB

=== [LoRA-r8] TASK 50/50: p49_lizard_maple_tree ===
after task 50: p00_cr=99.0  p01_ba=97.0  p02_sk=97.5  p03_ca=99.5  p04_or=98.0  p05_or=98.0  p06_bu=98.5  p07_be=98.5  p08_cl=98.5  p09_bi=97.5  p10_li=99.5  p11_be=97.5  p12_lo=98.0  p13_be=99.0  p14_sk=99.5  p15_pl=99.5  p16_ro=96.0  p17_cr=95.5  p18_ca=97.0  p19_po=82.5  p20_aq=99.5  p21_la=99.5  p22_be=96.0  p23_ca=99.0  p24_be=99.5  p25_pi=99.0  p26_ap=100.0  p27_cu=98.5  p28_bo=67.5  p29_cl=99.5  p30_bo=98.5  p31_pe=98.0  p32_sp=98.0  p33_fl=95.0  p34_bu=97.5  p35_ca=92.0  p36_mo=99.5  p37_ro=99.0  p38_ch=98.5  p39_se=93.0  p40_co=93.5  p41_ma=98.5  p42_ke=98.0  p43_br=98.0  p44_ro=99.0  p45_ha=97.0  p46_ch=100.0  p47_bo=98.5  p48_po=94.0  p49_li=100.0
cumulative: avg acc 96.99%  storage 65.27 MB

==========================================================================
Per-task LoRA (rank 8) : per-task accuracy (col = after task N)
==========================================================================
task \ after      1      2      3      4      5      6      7      8      9     10     11     12     13     14     15     16     17     18     19     20     21     22     23     24     25     26     27     28     29     30     31     32     33     34     35     36     37     38     39     40     41     42     43     44     45     46     47     48     49     50
p00_crab_tel   99.0   99.0   99.0   99.0   99.0   99.0   99.0   99.0   99.0   99.0   99.0   99.0   99.0   99.0   99.0   99.0   99.0   99.0   99.0   99.0   99.0   99.0   99.0   99.0   99.0   99.0   99.0   99.0   99.0   99.0   99.0   99.0   99.0   99.0   99.0   99.0   99.0   99.0   99.0   99.0   99.0   99.0   99.0   99.0   99.0   99.0   99.0   99.0   99.0   99.0
p01_baby_ott    -     97.0   97.0   97.0   97.0   97.0   97.0   97.0   97.0   97.0   97.0   97.0   97.0   97.0   97.0   97.0   97.0   97.0   97.0   97.0   97.0   97.0   97.0   97.0   97.0   97.0   97.0   97.0   97.0   97.0   97.0   97.0   97.0   97.0   97.0   97.0   97.0   97.0   97.0   97.0   97.0   97.0   97.0   97.0   97.0   97.0   97.0   97.0   97.0   97.0
p02_skunk_tu    -      -     97.5   97.5   97.5   97.5   97.5   97.5   97.5   97.5   97.5   97.5   97.5   97.5   97.5   97.5   97.5   97.5   97.5   97.5   97.5   97.5   97.5   97.5   97.5   97.5   97.5   97.5   97.5   97.5   97.5   97.5   97.5   97.5   97.5   97.5   97.5   97.5   97.5   97.5   97.5   97.5   97.5   97.5   97.5   97.5   97.5   97.5   97.5   97.5
p03_can_shar    -      -      -     99.5   99.5   99.5   99.5   99.5   99.5   99.5   99.5   99.5   99.5   99.5   99.5   99.5   99.5   99.5   99.5   99.5   99.5   99.5   99.5   99.5   99.5   99.5   99.5   99.5   99.5   99.5   99.5   99.5   99.5   99.5   99.5   99.5   99.5   99.5   99.5   99.5   99.5   99.5   99.5   99.5   99.5   99.5   99.5   99.5   99.5   99.5
p04_orchid_w    -      -      -      -     98.0   98.0   98.0   98.0   98.0   98.0   98.0   98.0   98.0   98.0   98.0   98.0   98.0   98.0   98.0   98.0   98.0   98.0   98.0   98.0   98.0   98.0   98.0   98.0   98.0   98.0   98.0   98.0   98.0   98.0   98.0   98.0   98.0   98.0   98.0   98.0   98.0   98.0   98.0   98.0   98.0   98.0   98.0   98.0   98.0   98.0
p05_orange_t    -      -      -      -      -     98.0   98.0   98.0   98.0   98.0   98.0   98.0   98.0   98.0   98.0   98.0   98.0   98.0   98.0   98.0   98.0   98.0   98.0   98.0   98.0   98.0   98.0   98.0   98.0   98.0   98.0   98.0   98.0   98.0   98.0   98.0   98.0   98.0   98.0   98.0   98.0   98.0   98.0   98.0   98.0   98.0   98.0   98.0   98.0   98.0
p06_bus_snak    -      -      -      -      -      -     98.5   98.5   98.5   98.5   98.5   98.5   98.5   98.5   98.5   98.5   98.5   98.5   98.5   98.5   98.5   98.5   98.5   98.5   98.5   98.5   98.5   98.5   98.5   98.5   98.5   98.5   98.5   98.5   98.5   98.5   98.5   98.5   98.5   98.5   98.5   98.5   98.5   98.5   98.5   98.5   98.5   98.5   98.5   98.5
p07_beetle_d    -      -      -      -      -      -      -     98.5   98.5   98.5   98.5   98.5   98.5   98.5   98.5   98.5   98.5   98.5   98.5   98.5   98.5   98.5   98.5   98.5   98.5   98.5   98.5   98.5   98.5   98.5   98.5   98.5   98.5   98.5   98.5   98.5   98.5   98.5   98.5   98.5   98.5   98.5   98.5   98.5   98.5   98.5   98.5   98.5   98.5   98.5
p08_clock_co    -      -      -      -      -      -      -      -     98.5   98.5   98.5   98.5   98.5   98.5   98.5   98.5   98.5   98.5   98.5   98.5   98.5   98.5   98.5   98.5   98.5   98.5   98.5   98.5   98.5   98.5   98.5   98.5   98.5   98.5   98.5   98.5   98.5   98.5   98.5   98.5   98.5   98.5   98.5   98.5   98.5   98.5   98.5   98.5   98.5   98.5
p09_bicycle_    -      -      -      -      -      -      -      -      -     97.5   97.5   97.5   97.5   97.5   97.5   97.5   97.5   97.5   97.5   97.5   97.5   97.5   97.5   97.5   97.5   97.5   97.5   97.5   97.5   97.5   97.5   97.5   97.5   97.5   97.5   97.5   97.5   97.5   97.5   97.5   97.5   97.5   97.5   97.5   97.5   97.5   97.5   97.5   97.5   97.5
p10_lion_pop    -      -      -      -      -      -      -      -      -      -     99.5   99.5   99.5   99.5   99.5   99.5   99.5   99.5   99.5   99.5   99.5   99.5   99.5   99.5   99.5   99.5   99.5   99.5   99.5   99.5   99.5   99.5   99.5   99.5   99.5   99.5   99.5   99.5   99.5   99.5   99.5   99.5   99.5   99.5   99.5   99.5   99.5   99.5   99.5   99.5
p11_bear_sea    -      -      -      -      -      -      -      -      -      -      -     97.5   97.5   97.5   97.5   97.5   97.5   97.5   97.5   97.5   97.5   97.5   97.5   97.5   97.5   97.5   97.5   97.5   97.5   97.5   97.5   97.5   97.5   97.5   97.5   97.5   97.5   97.5   97.5   97.5   97.5   97.5   97.5   97.5   97.5   97.5   97.5   97.5   97.5   97.5
p12_lobster_    -      -      -      -      -      -      -      -      -      -      -      -     98.0   98.0   98.0   98.0   98.0   98.0   98.0   98.0   98.0   98.0   98.0   98.0   98.0   98.0   98.0   98.0   98.0   98.0   98.0   98.0   98.0   98.0   98.0   98.0   98.0   98.0   98.0   98.0   98.0   98.0   98.0   98.0   98.0   98.0   98.0   98.0   98.0   98.0
p13_bee_worm    -      -      -      -      -      -      -      -      -      -      -      -      -     99.0   99.0   99.0   99.0   99.0   99.0   99.0   99.0   99.0   99.0   99.0   99.0   99.0   99.0   99.0   99.0   99.0   99.0   99.0   99.0   99.0   99.0   99.0   99.0   99.0   99.0   99.0   99.0   99.0   99.0   99.0   99.0   99.0   99.0   99.0   99.0   99.0
p14_skyscrap    -      -      -      -      -      -      -      -      -      -      -      -      -      -     99.5   99.5   99.5   99.5   99.5   99.5   99.5   99.5   99.5   99.5   99.5   99.5   99.5   99.5   99.5   99.5   99.5   99.5   99.5   99.5   99.5   99.5   99.5   99.5   99.5   99.5   99.5   99.5   99.5   99.5   99.5   99.5   99.5   99.5   99.5   99.5
p15_plain_sq    -      -      -      -      -      -      -      -      -      -      -      -      -      -      -     99.5   99.5   99.5   99.5   99.5   99.5   99.5   99.5   99.5   99.5   99.5   99.5   99.5   99.5   99.5   99.5   99.5   99.5   99.5   99.5   99.5   99.5   99.5   99.5   99.5   99.5   99.5   99.5   99.5   99.5   99.5   99.5   99.5   99.5   99.5
p16_road_tra    -      -      -      -      -      -      -      -      -      -      -      -      -      -      -      -     96.0   96.0   96.0   96.0   96.0   96.0   96.0   96.0   96.0   96.0   96.0   96.0   96.0   96.0   96.0   96.0   96.0   96.0   96.0   96.0   96.0   96.0   96.0   96.0   96.0   96.0   96.0   96.0   96.0   96.0   96.0   96.0   96.0   96.0
p17_crocodil    -      -      -      -      -      -      -      -      -      -      -      -      -      -      -      -      -     95.5   95.5   95.5   95.5   95.5   95.5   95.5   95.5   95.5   95.5   95.5   95.5   95.5   95.5   95.5   95.5   95.5   95.5   95.5   95.5   95.5   95.5   95.5   95.5   95.5   95.5   95.5   95.5   95.5   95.5   95.5   95.5   95.5
p18_caterpil    -      -      -      -      -      -      -      -      -      -      -      -      -      -      -      -      -      -     97.0   97.0   97.0   97.0   97.0   97.0   97.0   97.0   97.0   97.0   97.0   97.0   97.0   97.0   97.0   97.0   97.0   97.0   97.0   97.0   97.0   97.0   97.0   97.0   97.0   97.0   97.0   97.0   97.0   97.0   97.0   97.0
p19_porcupin    -      -      -      -      -      -      -      -      -      -      -      -      -      -      -      -      -      -      -     82.5   82.5   82.5   82.5   82.5   82.5   82.5   82.5   82.5   82.5   82.5   82.5   82.5   82.5   82.5   82.5   82.5   82.5   82.5   82.5   82.5   82.5   82.5   82.5   82.5   82.5   82.5   82.5   82.5   82.5   82.5
p20_aquarium    -      -      -      -      -      -      -      -      -      -      -      -      -      -      -      -      -      -      -      -     99.5   99.5   99.5   99.5   99.5   99.5   99.5   99.5   99.5   99.5   99.5   99.5   99.5   99.5   99.5   99.5   99.5   99.5   99.5   99.5   99.5   99.5   99.5   99.5   99.5   99.5   99.5   99.5   99.5   99.5
p21_lawn_mow    -      -      -      -      -      -      -      -      -      -      -      -      -      -      -      -      -      -      -      -      -     99.5   99.5   99.5   99.5   99.5   99.5   99.5   99.5   99.5   99.5   99.5   99.5   99.5   99.5   99.5   99.5   99.5   99.5   99.5   99.5   99.5   99.5   99.5   99.5   99.5   99.5   99.5   99.5   99.5
p22_beaver_c    -      -      -      -      -      -      -      -      -      -      -      -      -      -      -      -      -      -      -      -      -      -     96.0   96.0   96.0   96.0   96.0   96.0   96.0   96.0   96.0   96.0   96.0   96.0   96.0   96.0   96.0   96.0   96.0   96.0   96.0   96.0   96.0   96.0   96.0   96.0   96.0   96.0   96.0   96.0
p23_castle_l    -      -      -      -      -      -      -      -      -      -      -      -      -      -      -      -      -      -      -      -      -      -      -     99.0   99.0   99.0   99.0   99.0   99.0   99.0   99.0   99.0   99.0   99.0   99.0   99.0   99.0   99.0   99.0   99.0   99.0   99.0   99.0   99.0   99.0   99.0   99.0   99.0   99.0   99.0
p24_bed_kang    -      -      -      -      -      -      -      -      -      -      -      -      -      -      -      -      -      -      -      -      -      -      -      -     99.5   99.5   99.5   99.5   99.5   99.5   99.5   99.5   99.5   99.5   99.5   99.5   99.5   99.5   99.5   99.5   99.5   99.5   99.5   99.5   99.5   99.5   99.5   99.5   99.5   99.5
p25_pine_tre    -      -      -      -      -      -      -      -      -      -      -      -      -      -      -      -      -      -      -      -      -      -      -      -      -     99.0   99.0   99.0   99.0   99.0   99.0   99.0   99.0   99.0   99.0   99.0   99.0   99.0   99.0   99.0   99.0   99.0   99.0   99.0   99.0   99.0   99.0   99.0   99.0   99.0
p26_apple_fo    -      -      -      -      -      -      -      -      -      -      -      -      -      -      -      -      -      -      -      -      -      -      -      -      -      -    100.0  100.0  100.0  100.0  100.0  100.0  100.0  100.0  100.0  100.0  100.0  100.0  100.0  100.0  100.0  100.0  100.0  100.0  100.0  100.0  100.0  100.0  100.0  100.0
p27_cup_mous    -      -      -      -      -      -      -      -      -      -      -      -      -      -      -      -      -      -      -      -      -      -      -      -      -      -      -     98.5   98.5   98.5   98.5   98.5   98.5   98.5   98.5   98.5   98.5   98.5   98.5   98.5   98.5   98.5   98.5   98.5   98.5   98.5   98.5   98.5   98.5   98.5
p28_boy_girl    -      -      -      -      -      -      -      -      -      -      -      -      -      -      -      -      -      -      -      -      -      -      -      -      -      -      -      -     67.5   67.5   67.5   67.5   67.5   67.5   67.5   67.5   67.5   67.5   67.5   67.5   67.5   67.5   67.5   67.5   67.5   67.5   67.5   67.5   67.5   67.5
p29_cloud_oa    -      -      -      -      -      -      -      -      -      -      -      -      -      -      -      -      -      -      -      -      -      -      -      -      -      -      -      -      -     99.5   99.5   99.5   99.5   99.5   99.5   99.5   99.5   99.5   99.5   99.5   99.5   99.5   99.5   99.5   99.5   99.5   99.5   99.5   99.5   99.5
p30_bowl_ele    -      -      -      -      -      -      -      -      -      -      -      -      -      -      -      -      -      -      -      -      -      -      -      -      -      -      -      -      -      -     98.5   98.5   98.5   98.5   98.5   98.5   98.5   98.5   98.5   98.5   98.5   98.5   98.5   98.5   98.5   98.5   98.5   98.5   98.5   98.5
p31_pear_rac    -      -      -      -      -      -      -      -      -      -      -      -      -      -      -      -      -      -      -      -      -      -      -      -      -      -      -      -      -      -      -     98.0   98.0   98.0   98.0   98.0   98.0   98.0   98.0   98.0   98.0   98.0   98.0   98.0   98.0   98.0   98.0   98.0   98.0   98.0
p32_spider_t    -      -      -      -      -      -      -      -      -      -      -      -      -      -      -      -      -      -      -      -      -      -      -      -      -      -      -      -      -      -      -      -     98.0   98.0   98.0   98.0   98.0   98.0   98.0   98.0   98.0   98.0   98.0   98.0   98.0   98.0   98.0   98.0   98.0   98.0
p33_flatfish    -      -      -      -      -      -      -      -      -      -      -      -      -      -      -      -      -      -      -      -      -      -      -      -      -      -      -      -      -      -      -      -      -     95.0   95.0   95.0   95.0   95.0   95.0   95.0   95.0   95.0   95.0   95.0   95.0   95.0   95.0   95.0   95.0   95.0
p34_butterfl    -      -      -      -      -      -      -      -      -      -      -      -      -      -      -      -      -      -      -      -      -      -      -      -      -      -      -      -      -      -      -      -      -      -     97.5   97.5   97.5   97.5   97.5   97.5   97.5   97.5   97.5   97.5   97.5   97.5   97.5   97.5   97.5   97.5
p35_cattle_d    -      -      -      -      -      -      -      -      -      -      -      -      -      -      -      -      -      -      -      -      -      -      -      -      -      -      -      -      -      -      -      -      -      -      -     92.0   92.0   92.0   92.0   92.0   92.0   92.0   92.0   92.0   92.0   92.0   92.0   92.0   92.0   92.0
p36_mountain    -      -      -      -      -      -      -      -      -      -      -      -      -      -      -      -      -      -      -      -      -      -      -      -      -      -      -      -      -      -      -      -      -      -      -      -     99.5   99.5   99.5   99.5   99.5   99.5   99.5   99.5   99.5   99.5   99.5   99.5   99.5   99.5
p37_rocket_w    -      -      -      -      -      -      -      -      -      -      -      -      -      -      -      -      -      -      -      -      -      -      -      -      -      -      -      -      -      -      -      -      -      -      -      -      -     99.0   99.0   99.0   99.0   99.0   99.0   99.0   99.0   99.0   99.0   99.0   99.0   99.0
p38_chair_wa    -      -      -      -      -      -      -      -      -      -      -      -      -      -      -      -      -      -      -      -      -      -      -      -      -      -      -      -      -      -      -      -      -      -      -      -      -      -     98.5   98.5   98.5   98.5   98.5   98.5   98.5   98.5   98.5   98.5   98.5   98.5
p39_seal_sna    -      -      -      -      -      -      -      -      -      -      -      -      -      -      -      -      -      -      -      -      -      -      -      -      -      -      -      -      -      -      -      -      -      -      -      -      -      -      -     93.0   93.0   93.0   93.0   93.0   93.0   93.0   93.0   93.0   93.0   93.0
p40_couch_ho    -      -      -      -      -      -      -      -      -      -      -      -      -      -      -      -      -      -      -      -      -      -      -      -      -      -      -      -      -      -      -      -      -      -      -      -      -      -      -      -     93.5   93.5   93.5   93.5   93.5   93.5   93.5   93.5   93.5   93.5
p41_man_stre    -      -      -      -      -      -      -      -      -      -      -      -      -      -      -      -      -      -      -      -      -      -      -      -      -      -      -      -      -      -      -      -      -      -      -      -      -      -      -      -      -     98.5   98.5   98.5   98.5   98.5   98.5   98.5   98.5   98.5
p42_keyboard    -      -      -      -      -      -      -      -      -      -      -      -      -      -      -      -      -      -      -      -      -      -      -      -      -      -      -      -      -      -      -      -      -      -      -      -      -      -      -      -      -      -     98.0   98.0   98.0   98.0   98.0   98.0   98.0   98.0
p43_bridge_p    -      -      -      -      -      -      -      -      -      -      -      -      -      -      -      -      -      -      -      -      -      -      -      -      -      -      -      -      -      -      -      -      -      -      -      -      -      -      -      -      -      -      -     98.0   98.0   98.0   98.0   98.0   98.0   98.0
p44_rose_tig    -      -      -      -      -      -      -      -      -      -      -      -      -      -      -      -      -      -      -      -      -      -      -      -      -      -      -      -      -      -      -      -      -      -      -      -      -      -      -      -      -      -      -      -     99.0   99.0   99.0   99.0   99.0   99.0
p45_hamster_    -      -      -      -      -      -      -      -      -      -      -      -      -      -      -      -      -      -      -      -      -      -      -      -      -      -      -      -      -      -      -      -      -      -      -      -      -      -      -      -      -      -      -      -      -     97.0   97.0   97.0   97.0   97.0
p46_chimpanz    -      -      -      -      -      -      -      -      -      -      -      -      -      -      -      -      -      -      -      -      -      -      -      -      -      -      -      -      -      -      -      -      -      -      -      -      -      -      -      -      -      -      -      -      -      -    100.0  100.0  100.0  100.0
p47_bottle_w    -      -      -      -      -      -      -      -      -      -      -      -      -      -      -      -      -      -      -      -      -      -      -      -      -      -      -      -      -      -      -      -      -      -      -      -      -      -      -      -      -      -      -      -      -      -      -     98.5   98.5   98.5
p48_possum_r    -      -      -      -      -      -      -      -      -      -      -      -      -      -      -      -      -      -      -      -      -      -      -      -      -      -      -      -      -      -      -      -      -      -      -      -      -      -      -      -      -      -      -      -      -      -      -      -     94.0   94.0
p49_lizard_m    -      -      -      -      -      -      -      -      -      -      -      -      -      -      -      -      -      -      -      -      -      -      -      -      -      -      -      -      -      -      -      -      -      -      -      -      -      -      -      -      -      -      -      -      -      -      -      -      -    100.0
--------------------------------------------------------------------------
avg RETAINED accuracy (after all tasks)  : 96.99%
max ACCURACY drift after a task learned  : 0.000%
Backward Transfer (BWT, ~0 = no forget)  : +0.000%
max FROZEN-WEIGHT drift (bit-exact)      : 0.00e+00
max LOGIT drift (function preserved)     : 0.00e+00

inference (LoRA merged): 0.0230 GFLOPs, 1.72M backbone params
per-task adapter cost   : 0.293M params/task (1.17 MB fp32), grows linearly with tasks
cAPF = 4222.6 %/GFLOP

wrote cvit_lora_pair50_S_128_r8_seed1.txt
